[2024-12-03T17:50:21.007+0000] {taskinstance.py:1165} INFO - Dependencies all met for <TaskInstance: practicional_etl.extract_data scheduled__2024-12-02T00:00:00+00:00 [queued]>
[2024-12-03T17:50:21.020+0000] {taskinstance.py:1165} INFO - Dependencies all met for <TaskInstance: practicional_etl.extract_data scheduled__2024-12-02T00:00:00+00:00 [queued]>
[2024-12-03T17:50:21.021+0000] {taskinstance.py:1362} INFO - 
--------------------------------------------------------------------------------
[2024-12-03T17:50:21.021+0000] {taskinstance.py:1363} INFO - Starting attempt 1 of 1
[2024-12-03T17:50:21.021+0000] {taskinstance.py:1364} INFO - 
--------------------------------------------------------------------------------
[2024-12-03T17:50:21.040+0000] {taskinstance.py:1383} INFO - Executing <Task(PythonOperator): extract_data> on 2024-12-02 00:00:00+00:00
[2024-12-03T17:50:21.045+0000] {standard_task_runner.py:55} INFO - Started process 4049 to run task
[2024-12-03T17:50:21.050+0000] {standard_task_runner.py:82} INFO - Running: ['***', 'tasks', 'run', 'practicional_etl', 'extract_data', 'scheduled__2024-12-02T00:00:00+00:00', '--job-id', '17', '--raw', '--subdir', 'DAGS_FOLDER/user_processing.py', '--cfg-path', '/tmp/tmp3e2g__qt']
[2024-12-03T17:50:21.053+0000] {standard_task_runner.py:83} INFO - Job 17: Subtask extract_data
[2024-12-03T17:50:21.139+0000] {task_command.py:376} INFO - Running <TaskInstance: practicional_etl.extract_data scheduled__2024-12-02T00:00:00+00:00 [running]> on host 305bd4985967
[2024-12-03T17:50:21.224+0000] {taskinstance.py:1592} INFO - Exporting the following env vars:
AIRFLOW_CTX_DAG_OWNER=***
AIRFLOW_CTX_DAG_ID=practicional_etl
AIRFLOW_CTX_TASK_ID=extract_data
AIRFLOW_CTX_EXECUTION_DATE=2024-12-02T00:00:00+00:00
AIRFLOW_CTX_TRY_NUMBER=1
AIRFLOW_CTX_DAG_RUN_ID=scheduled__2024-12-02T00:00:00+00:00
[2024-12-03T17:50:22.074+0000] {python.py:177} INFO - Done. Returned value was: None
[2024-12-03T17:50:22.085+0000] {taskinstance.py:1406} INFO - Marking task as SUCCESS. dag_id=practicional_etl, task_id=extract_data, execution_date=20241202T000000, start_date=20241203T175021, end_date=20241203T175022
[2024-12-03T17:50:22.130+0000] {local_task_job.py:164} INFO - Task exited with return code 0
[2024-12-03T17:50:22.170+0000] {local_task_job.py:273} INFO - 1 downstream tasks scheduled from follow-on schedule check
