[2024-12-03T18:25:27.157+0000] {processor.py:154} INFO - Started process (PID=14734) to work on /home/airflow/.local/lib/python3.7/site-packages/airflow/example_dags/example_datasets.py
[2024-12-03T18:25:27.158+0000] {processor.py:756} INFO - Processing file /home/airflow/.local/lib/python3.7/site-packages/airflow/example_dags/example_datasets.py for tasks to queue
[2024-12-03T18:25:27.159+0000] {logging_mixin.py:120} INFO - [2024-12-03T18:25:27.159+0000] {dagbag.py:537} INFO - Filling up the DagBag from /home/airflow/.local/lib/python3.7/site-packages/airflow/example_dags/example_datasets.py
[2024-12-03T18:25:27.183+0000] {processor.py:766} INFO - DAG(s) dict_keys(['dataset_consumes_unknown_never_scheduled', 'dataset_produces_2', 'dataset_produces_1', 'dataset_consumes_1_never_scheduled', 'dataset_consumes_1_and_2', 'dataset_consumes_1']) retrieved from /home/airflow/.local/lib/python3.7/site-packages/airflow/example_dags/example_datasets.py
[2024-12-03T18:25:27.260+0000] {logging_mixin.py:120} INFO - [2024-12-03T18:25:27.260+0000] {dag.py:2585} INFO - Sync 6 DAGs
[2024-12-03T18:25:27.294+0000] {logging_mixin.py:120} INFO - [2024-12-03T18:25:27.293+0000] {dag.py:3340} INFO - Setting next_dagrun for dataset_consumes_1 to None, run_after=None
[2024-12-03T18:25:27.298+0000] {logging_mixin.py:120} INFO - [2024-12-03T18:25:27.298+0000] {dag.py:3340} INFO - Setting next_dagrun for dataset_consumes_1_and_2 to None, run_after=None
[2024-12-03T18:25:27.299+0000] {logging_mixin.py:120} INFO - [2024-12-03T18:25:27.299+0000] {dag.py:3340} INFO - Setting next_dagrun for dataset_consumes_1_never_scheduled to None, run_after=None
[2024-12-03T18:25:27.301+0000] {logging_mixin.py:120} INFO - [2024-12-03T18:25:27.301+0000] {dag.py:3340} INFO - Setting next_dagrun for dataset_consumes_unknown_never_scheduled to None, run_after=None
[2024-12-03T18:25:27.304+0000] {logging_mixin.py:120} INFO - [2024-12-03T18:25:27.304+0000] {dag.py:3340} INFO - Setting next_dagrun for dataset_produces_1 to 2024-12-02T00:00:00+00:00, run_after=2024-12-03T00:00:00+00:00
[2024-12-03T18:25:27.306+0000] {logging_mixin.py:120} INFO - [2024-12-03T18:25:27.306+0000] {dag.py:3340} INFO - Setting next_dagrun for dataset_produces_2 to None, run_after=None
[2024-12-03T18:25:27.334+0000] {processor.py:176} INFO - Processing /home/airflow/.local/lib/python3.7/site-packages/airflow/example_dags/example_datasets.py took 0.181 seconds
[2024-12-03T18:25:57.540+0000] {processor.py:154} INFO - Started process (PID=14789) to work on /home/airflow/.local/lib/python3.7/site-packages/airflow/example_dags/example_datasets.py
[2024-12-03T18:25:57.541+0000] {processor.py:756} INFO - Processing file /home/airflow/.local/lib/python3.7/site-packages/airflow/example_dags/example_datasets.py for tasks to queue
[2024-12-03T18:25:57.542+0000] {logging_mixin.py:120} INFO - [2024-12-03T18:25:57.542+0000] {dagbag.py:537} INFO - Filling up the DagBag from /home/airflow/.local/lib/python3.7/site-packages/airflow/example_dags/example_datasets.py
[2024-12-03T18:25:57.565+0000] {processor.py:766} INFO - DAG(s) dict_keys(['dataset_produces_2', 'dataset_consumes_1_never_scheduled', 'dataset_produces_1', 'dataset_consumes_1_and_2', 'dataset_consumes_unknown_never_scheduled', 'dataset_consumes_1']) retrieved from /home/airflow/.local/lib/python3.7/site-packages/airflow/example_dags/example_datasets.py
[2024-12-03T18:25:57.644+0000] {logging_mixin.py:120} INFO - [2024-12-03T18:25:57.643+0000] {dag.py:2585} INFO - Sync 6 DAGs
[2024-12-03T18:25:57.680+0000] {logging_mixin.py:120} INFO - [2024-12-03T18:25:57.680+0000] {dag.py:3340} INFO - Setting next_dagrun for dataset_consumes_1 to None, run_after=None
[2024-12-03T18:25:57.684+0000] {logging_mixin.py:120} INFO - [2024-12-03T18:25:57.684+0000] {dag.py:3340} INFO - Setting next_dagrun for dataset_consumes_1_and_2 to None, run_after=None
[2024-12-03T18:25:57.686+0000] {logging_mixin.py:120} INFO - [2024-12-03T18:25:57.686+0000] {dag.py:3340} INFO - Setting next_dagrun for dataset_consumes_1_never_scheduled to None, run_after=None
[2024-12-03T18:25:57.688+0000] {logging_mixin.py:120} INFO - [2024-12-03T18:25:57.687+0000] {dag.py:3340} INFO - Setting next_dagrun for dataset_consumes_unknown_never_scheduled to None, run_after=None
[2024-12-03T18:25:57.692+0000] {logging_mixin.py:120} INFO - [2024-12-03T18:25:57.692+0000] {dag.py:3340} INFO - Setting next_dagrun for dataset_produces_1 to 2024-12-02T00:00:00+00:00, run_after=2024-12-03T00:00:00+00:00
[2024-12-03T18:25:57.693+0000] {logging_mixin.py:120} INFO - [2024-12-03T18:25:57.693+0000] {dag.py:3340} INFO - Setting next_dagrun for dataset_produces_2 to None, run_after=None
[2024-12-03T18:25:57.726+0000] {processor.py:176} INFO - Processing /home/airflow/.local/lib/python3.7/site-packages/airflow/example_dags/example_datasets.py took 0.191 seconds
[2024-12-03T18:26:28.759+0000] {processor.py:154} INFO - Started process (PID=14856) to work on /home/airflow/.local/lib/python3.7/site-packages/airflow/example_dags/example_datasets.py
[2024-12-03T18:26:28.760+0000] {processor.py:756} INFO - Processing file /home/airflow/.local/lib/python3.7/site-packages/airflow/example_dags/example_datasets.py for tasks to queue
[2024-12-03T18:26:28.761+0000] {logging_mixin.py:120} INFO - [2024-12-03T18:26:28.761+0000] {dagbag.py:537} INFO - Filling up the DagBag from /home/airflow/.local/lib/python3.7/site-packages/airflow/example_dags/example_datasets.py
[2024-12-03T18:26:28.788+0000] {processor.py:766} INFO - DAG(s) dict_keys(['dataset_produces_2', 'dataset_consumes_1_never_scheduled', 'dataset_consumes_1', 'dataset_consumes_1_and_2', 'dataset_consumes_unknown_never_scheduled', 'dataset_produces_1']) retrieved from /home/airflow/.local/lib/python3.7/site-packages/airflow/example_dags/example_datasets.py
[2024-12-03T18:26:28.867+0000] {logging_mixin.py:120} INFO - [2024-12-03T18:26:28.867+0000] {dag.py:2585} INFO - Sync 6 DAGs
[2024-12-03T18:26:28.903+0000] {logging_mixin.py:120} INFO - [2024-12-03T18:26:28.903+0000] {dag.py:3340} INFO - Setting next_dagrun for dataset_consumes_1 to None, run_after=None
[2024-12-03T18:26:28.908+0000] {logging_mixin.py:120} INFO - [2024-12-03T18:26:28.908+0000] {dag.py:3340} INFO - Setting next_dagrun for dataset_consumes_1_and_2 to None, run_after=None
[2024-12-03T18:26:28.909+0000] {logging_mixin.py:120} INFO - [2024-12-03T18:26:28.909+0000] {dag.py:3340} INFO - Setting next_dagrun for dataset_consumes_1_never_scheduled to None, run_after=None
[2024-12-03T18:26:28.911+0000] {logging_mixin.py:120} INFO - [2024-12-03T18:26:28.911+0000] {dag.py:3340} INFO - Setting next_dagrun for dataset_consumes_unknown_never_scheduled to None, run_after=None
[2024-12-03T18:26:28.915+0000] {logging_mixin.py:120} INFO - [2024-12-03T18:26:28.915+0000] {dag.py:3340} INFO - Setting next_dagrun for dataset_produces_1 to 2024-12-02T00:00:00+00:00, run_after=2024-12-03T00:00:00+00:00
[2024-12-03T18:26:28.917+0000] {logging_mixin.py:120} INFO - [2024-12-03T18:26:28.917+0000] {dag.py:3340} INFO - Setting next_dagrun for dataset_produces_2 to None, run_after=None
[2024-12-03T18:26:28.956+0000] {processor.py:176} INFO - Processing /home/airflow/.local/lib/python3.7/site-packages/airflow/example_dags/example_datasets.py took 0.203 seconds
[2024-12-03T18:26:59.422+0000] {processor.py:154} INFO - Started process (PID=14922) to work on /home/airflow/.local/lib/python3.7/site-packages/airflow/example_dags/example_datasets.py
[2024-12-03T18:26:59.423+0000] {processor.py:756} INFO - Processing file /home/airflow/.local/lib/python3.7/site-packages/airflow/example_dags/example_datasets.py for tasks to queue
[2024-12-03T18:26:59.426+0000] {logging_mixin.py:120} INFO - [2024-12-03T18:26:59.425+0000] {dagbag.py:537} INFO - Filling up the DagBag from /home/airflow/.local/lib/python3.7/site-packages/airflow/example_dags/example_datasets.py
[2024-12-03T18:26:59.455+0000] {processor.py:766} INFO - DAG(s) dict_keys(['dataset_consumes_1_never_scheduled', 'dataset_produces_2', 'dataset_produces_1', 'dataset_consumes_1_and_2', 'dataset_consumes_unknown_never_scheduled', 'dataset_consumes_1']) retrieved from /home/airflow/.local/lib/python3.7/site-packages/airflow/example_dags/example_datasets.py
[2024-12-03T18:26:59.621+0000] {logging_mixin.py:120} INFO - [2024-12-03T18:26:59.621+0000] {dag.py:2585} INFO - Sync 6 DAGs
[2024-12-03T18:26:59.663+0000] {logging_mixin.py:120} INFO - [2024-12-03T18:26:59.663+0000] {dag.py:3340} INFO - Setting next_dagrun for dataset_consumes_1 to None, run_after=None
[2024-12-03T18:26:59.669+0000] {logging_mixin.py:120} INFO - [2024-12-03T18:26:59.668+0000] {dag.py:3340} INFO - Setting next_dagrun for dataset_consumes_1_and_2 to None, run_after=None
[2024-12-03T18:26:59.674+0000] {logging_mixin.py:120} INFO - [2024-12-03T18:26:59.674+0000] {dag.py:3340} INFO - Setting next_dagrun for dataset_consumes_1_never_scheduled to None, run_after=None
[2024-12-03T18:26:59.677+0000] {logging_mixin.py:120} INFO - [2024-12-03T18:26:59.676+0000] {dag.py:3340} INFO - Setting next_dagrun for dataset_consumes_unknown_never_scheduled to None, run_after=None
[2024-12-03T18:26:59.683+0000] {logging_mixin.py:120} INFO - [2024-12-03T18:26:59.683+0000] {dag.py:3340} INFO - Setting next_dagrun for dataset_produces_1 to 2024-12-02T00:00:00+00:00, run_after=2024-12-03T00:00:00+00:00
[2024-12-03T18:26:59.686+0000] {logging_mixin.py:120} INFO - [2024-12-03T18:26:59.686+0000] {dag.py:3340} INFO - Setting next_dagrun for dataset_produces_2 to None, run_after=None
[2024-12-03T18:26:59.727+0000] {processor.py:176} INFO - Processing /home/airflow/.local/lib/python3.7/site-packages/airflow/example_dags/example_datasets.py took 0.313 seconds
[2024-12-03T18:27:29.977+0000] {processor.py:154} INFO - Started process (PID=14978) to work on /home/airflow/.local/lib/python3.7/site-packages/airflow/example_dags/example_datasets.py
[2024-12-03T18:27:29.978+0000] {processor.py:756} INFO - Processing file /home/airflow/.local/lib/python3.7/site-packages/airflow/example_dags/example_datasets.py for tasks to queue
[2024-12-03T18:27:29.982+0000] {logging_mixin.py:120} INFO - [2024-12-03T18:27:29.982+0000] {dagbag.py:537} INFO - Filling up the DagBag from /home/airflow/.local/lib/python3.7/site-packages/airflow/example_dags/example_datasets.py
[2024-12-03T18:27:30.005+0000] {processor.py:766} INFO - DAG(s) dict_keys(['dataset_produces_2', 'dataset_consumes_1_and_2', 'dataset_produces_1', 'dataset_consumes_unknown_never_scheduled', 'dataset_consumes_1_never_scheduled', 'dataset_consumes_1']) retrieved from /home/airflow/.local/lib/python3.7/site-packages/airflow/example_dags/example_datasets.py
[2024-12-03T18:27:30.088+0000] {logging_mixin.py:120} INFO - [2024-12-03T18:27:30.087+0000] {dag.py:2585} INFO - Sync 6 DAGs
[2024-12-03T18:27:30.130+0000] {logging_mixin.py:120} INFO - [2024-12-03T18:27:30.130+0000] {dag.py:3340} INFO - Setting next_dagrun for dataset_consumes_1 to None, run_after=None
[2024-12-03T18:27:30.136+0000] {logging_mixin.py:120} INFO - [2024-12-03T18:27:30.135+0000] {dag.py:3340} INFO - Setting next_dagrun for dataset_consumes_1_and_2 to None, run_after=None
[2024-12-03T18:27:30.138+0000] {logging_mixin.py:120} INFO - [2024-12-03T18:27:30.137+0000] {dag.py:3340} INFO - Setting next_dagrun for dataset_consumes_1_never_scheduled to None, run_after=None
[2024-12-03T18:27:30.142+0000] {logging_mixin.py:120} INFO - [2024-12-03T18:27:30.142+0000] {dag.py:3340} INFO - Setting next_dagrun for dataset_consumes_unknown_never_scheduled to None, run_after=None
[2024-12-03T18:27:30.146+0000] {logging_mixin.py:120} INFO - [2024-12-03T18:27:30.146+0000] {dag.py:3340} INFO - Setting next_dagrun for dataset_produces_1 to 2024-12-02T00:00:00+00:00, run_after=2024-12-03T00:00:00+00:00
[2024-12-03T18:27:30.148+0000] {logging_mixin.py:120} INFO - [2024-12-03T18:27:30.148+0000] {dag.py:3340} INFO - Setting next_dagrun for dataset_produces_2 to None, run_after=None
[2024-12-03T18:27:30.189+0000] {processor.py:176} INFO - Processing /home/airflow/.local/lib/python3.7/site-packages/airflow/example_dags/example_datasets.py took 0.217 seconds
[2024-12-03T18:28:00.396+0000] {processor.py:154} INFO - Started process (PID=15043) to work on /home/airflow/.local/lib/python3.7/site-packages/airflow/example_dags/example_datasets.py
[2024-12-03T18:28:00.398+0000] {processor.py:756} INFO - Processing file /home/airflow/.local/lib/python3.7/site-packages/airflow/example_dags/example_datasets.py for tasks to queue
[2024-12-03T18:28:00.399+0000] {logging_mixin.py:120} INFO - [2024-12-03T18:28:00.398+0000] {dagbag.py:537} INFO - Filling up the DagBag from /home/airflow/.local/lib/python3.7/site-packages/airflow/example_dags/example_datasets.py
[2024-12-03T18:28:00.423+0000] {processor.py:766} INFO - DAG(s) dict_keys(['dataset_consumes_1_never_scheduled', 'dataset_consumes_1_and_2', 'dataset_consumes_unknown_never_scheduled', 'dataset_consumes_1', 'dataset_produces_2', 'dataset_produces_1']) retrieved from /home/airflow/.local/lib/python3.7/site-packages/airflow/example_dags/example_datasets.py
[2024-12-03T18:28:00.506+0000] {logging_mixin.py:120} INFO - [2024-12-03T18:28:00.506+0000] {dag.py:2585} INFO - Sync 6 DAGs
[2024-12-03T18:28:00.546+0000] {logging_mixin.py:120} INFO - [2024-12-03T18:28:00.546+0000] {dag.py:3340} INFO - Setting next_dagrun for dataset_consumes_1 to None, run_after=None
[2024-12-03T18:28:00.551+0000] {logging_mixin.py:120} INFO - [2024-12-03T18:28:00.551+0000] {dag.py:3340} INFO - Setting next_dagrun for dataset_consumes_1_and_2 to None, run_after=None
[2024-12-03T18:28:00.553+0000] {logging_mixin.py:120} INFO - [2024-12-03T18:28:00.553+0000] {dag.py:3340} INFO - Setting next_dagrun for dataset_consumes_1_never_scheduled to None, run_after=None
[2024-12-03T18:28:00.555+0000] {logging_mixin.py:120} INFO - [2024-12-03T18:28:00.555+0000] {dag.py:3340} INFO - Setting next_dagrun for dataset_consumes_unknown_never_scheduled to None, run_after=None
[2024-12-03T18:28:00.559+0000] {logging_mixin.py:120} INFO - [2024-12-03T18:28:00.559+0000] {dag.py:3340} INFO - Setting next_dagrun for dataset_produces_1 to 2024-12-02T00:00:00+00:00, run_after=2024-12-03T00:00:00+00:00
[2024-12-03T18:28:00.561+0000] {logging_mixin.py:120} INFO - [2024-12-03T18:28:00.561+0000] {dag.py:3340} INFO - Setting next_dagrun for dataset_produces_2 to None, run_after=None
[2024-12-03T18:28:00.603+0000] {processor.py:176} INFO - Processing /home/airflow/.local/lib/python3.7/site-packages/airflow/example_dags/example_datasets.py took 0.211 seconds
[2024-12-03T18:28:30.918+0000] {processor.py:154} INFO - Started process (PID=15108) to work on /home/airflow/.local/lib/python3.7/site-packages/airflow/example_dags/example_datasets.py
[2024-12-03T18:28:30.920+0000] {processor.py:756} INFO - Processing file /home/airflow/.local/lib/python3.7/site-packages/airflow/example_dags/example_datasets.py for tasks to queue
[2024-12-03T18:28:30.921+0000] {logging_mixin.py:120} INFO - [2024-12-03T18:28:30.921+0000] {dagbag.py:537} INFO - Filling up the DagBag from /home/airflow/.local/lib/python3.7/site-packages/airflow/example_dags/example_datasets.py
[2024-12-03T18:28:30.963+0000] {processor.py:766} INFO - DAG(s) dict_keys(['dataset_consumes_unknown_never_scheduled', 'dataset_consumes_1_never_scheduled', 'dataset_produces_2', 'dataset_produces_1', 'dataset_consumes_1', 'dataset_consumes_1_and_2']) retrieved from /home/airflow/.local/lib/python3.7/site-packages/airflow/example_dags/example_datasets.py
[2024-12-03T18:28:31.049+0000] {logging_mixin.py:120} INFO - [2024-12-03T18:28:31.048+0000] {dag.py:2585} INFO - Sync 6 DAGs
[2024-12-03T18:28:31.090+0000] {logging_mixin.py:120} INFO - [2024-12-03T18:28:31.090+0000] {dag.py:3340} INFO - Setting next_dagrun for dataset_consumes_1 to None, run_after=None
[2024-12-03T18:28:31.097+0000] {logging_mixin.py:120} INFO - [2024-12-03T18:28:31.096+0000] {dag.py:3340} INFO - Setting next_dagrun for dataset_consumes_1_and_2 to None, run_after=None
[2024-12-03T18:28:31.099+0000] {logging_mixin.py:120} INFO - [2024-12-03T18:28:31.098+0000] {dag.py:3340} INFO - Setting next_dagrun for dataset_consumes_1_never_scheduled to None, run_after=None
[2024-12-03T18:28:31.100+0000] {logging_mixin.py:120} INFO - [2024-12-03T18:28:31.100+0000] {dag.py:3340} INFO - Setting next_dagrun for dataset_consumes_unknown_never_scheduled to None, run_after=None
[2024-12-03T18:28:31.108+0000] {logging_mixin.py:120} INFO - [2024-12-03T18:28:31.107+0000] {dag.py:3340} INFO - Setting next_dagrun for dataset_produces_1 to 2024-12-02T00:00:00+00:00, run_after=2024-12-03T00:00:00+00:00
[2024-12-03T18:28:31.109+0000] {logging_mixin.py:120} INFO - [2024-12-03T18:28:31.109+0000] {dag.py:3340} INFO - Setting next_dagrun for dataset_produces_2 to None, run_after=None
[2024-12-03T18:28:31.154+0000] {processor.py:176} INFO - Processing /home/airflow/.local/lib/python3.7/site-packages/airflow/example_dags/example_datasets.py took 0.243 seconds
[2024-12-03T18:29:01.736+0000] {processor.py:154} INFO - Started process (PID=15164) to work on /home/airflow/.local/lib/python3.7/site-packages/airflow/example_dags/example_datasets.py
[2024-12-03T18:29:01.738+0000] {processor.py:756} INFO - Processing file /home/airflow/.local/lib/python3.7/site-packages/airflow/example_dags/example_datasets.py for tasks to queue
[2024-12-03T18:29:01.739+0000] {logging_mixin.py:120} INFO - [2024-12-03T18:29:01.739+0000] {dagbag.py:537} INFO - Filling up the DagBag from /home/airflow/.local/lib/python3.7/site-packages/airflow/example_dags/example_datasets.py
[2024-12-03T18:29:01.764+0000] {processor.py:766} INFO - DAG(s) dict_keys(['dataset_consumes_unknown_never_scheduled', 'dataset_produces_2', 'dataset_produces_1', 'dataset_consumes_1', 'dataset_consumes_1_never_scheduled', 'dataset_consumes_1_and_2']) retrieved from /home/airflow/.local/lib/python3.7/site-packages/airflow/example_dags/example_datasets.py
[2024-12-03T18:29:01.842+0000] {logging_mixin.py:120} INFO - [2024-12-03T18:29:01.842+0000] {dag.py:2585} INFO - Sync 6 DAGs
[2024-12-03T18:29:01.880+0000] {logging_mixin.py:120} INFO - [2024-12-03T18:29:01.880+0000] {dag.py:3340} INFO - Setting next_dagrun for dataset_consumes_1 to None, run_after=None
[2024-12-03T18:29:01.885+0000] {logging_mixin.py:120} INFO - [2024-12-03T18:29:01.885+0000] {dag.py:3340} INFO - Setting next_dagrun for dataset_consumes_1_and_2 to None, run_after=None
[2024-12-03T18:29:01.889+0000] {logging_mixin.py:120} INFO - [2024-12-03T18:29:01.889+0000] {dag.py:3340} INFO - Setting next_dagrun for dataset_consumes_1_never_scheduled to None, run_after=None
[2024-12-03T18:29:01.891+0000] {logging_mixin.py:120} INFO - [2024-12-03T18:29:01.891+0000] {dag.py:3340} INFO - Setting next_dagrun for dataset_consumes_unknown_never_scheduled to None, run_after=None
[2024-12-03T18:29:01.894+0000] {logging_mixin.py:120} INFO - [2024-12-03T18:29:01.894+0000] {dag.py:3340} INFO - Setting next_dagrun for dataset_produces_1 to 2024-12-02T00:00:00+00:00, run_after=2024-12-03T00:00:00+00:00
[2024-12-03T18:29:01.896+0000] {logging_mixin.py:120} INFO - [2024-12-03T18:29:01.896+0000] {dag.py:3340} INFO - Setting next_dagrun for dataset_produces_2 to None, run_after=None
[2024-12-03T18:29:01.937+0000] {processor.py:176} INFO - Processing /home/airflow/.local/lib/python3.7/site-packages/airflow/example_dags/example_datasets.py took 0.205 seconds
[2024-12-03T18:29:32.561+0000] {processor.py:154} INFO - Started process (PID=15228) to work on /home/airflow/.local/lib/python3.7/site-packages/airflow/example_dags/example_datasets.py
[2024-12-03T18:29:32.562+0000] {processor.py:756} INFO - Processing file /home/airflow/.local/lib/python3.7/site-packages/airflow/example_dags/example_datasets.py for tasks to queue
[2024-12-03T18:29:32.563+0000] {logging_mixin.py:120} INFO - [2024-12-03T18:29:32.563+0000] {dagbag.py:537} INFO - Filling up the DagBag from /home/airflow/.local/lib/python3.7/site-packages/airflow/example_dags/example_datasets.py
[2024-12-03T18:29:32.592+0000] {processor.py:766} INFO - DAG(s) dict_keys(['dataset_consumes_unknown_never_scheduled', 'dataset_consumes_1_never_scheduled', 'dataset_consumes_1_and_2', 'dataset_produces_1', 'dataset_consumes_1', 'dataset_produces_2']) retrieved from /home/airflow/.local/lib/python3.7/site-packages/airflow/example_dags/example_datasets.py
[2024-12-03T18:29:32.670+0000] {logging_mixin.py:120} INFO - [2024-12-03T18:29:32.670+0000] {dag.py:2585} INFO - Sync 6 DAGs
[2024-12-03T18:29:32.709+0000] {logging_mixin.py:120} INFO - [2024-12-03T18:29:32.709+0000] {dag.py:3340} INFO - Setting next_dagrun for dataset_consumes_1 to None, run_after=None
[2024-12-03T18:29:32.714+0000] {logging_mixin.py:120} INFO - [2024-12-03T18:29:32.714+0000] {dag.py:3340} INFO - Setting next_dagrun for dataset_consumes_1_and_2 to None, run_after=None
[2024-12-03T18:29:32.716+0000] {logging_mixin.py:120} INFO - [2024-12-03T18:29:32.716+0000] {dag.py:3340} INFO - Setting next_dagrun for dataset_consumes_1_never_scheduled to None, run_after=None
[2024-12-03T18:29:32.718+0000] {logging_mixin.py:120} INFO - [2024-12-03T18:29:32.718+0000] {dag.py:3340} INFO - Setting next_dagrun for dataset_consumes_unknown_never_scheduled to None, run_after=None
[2024-12-03T18:29:32.722+0000] {logging_mixin.py:120} INFO - [2024-12-03T18:29:32.722+0000] {dag.py:3340} INFO - Setting next_dagrun for dataset_produces_1 to 2024-12-02T00:00:00+00:00, run_after=2024-12-03T00:00:00+00:00
[2024-12-03T18:29:32.724+0000] {logging_mixin.py:120} INFO - [2024-12-03T18:29:32.724+0000] {dag.py:3340} INFO - Setting next_dagrun for dataset_produces_2 to None, run_after=None
[2024-12-03T18:29:32.765+0000] {processor.py:176} INFO - Processing /home/airflow/.local/lib/python3.7/site-packages/airflow/example_dags/example_datasets.py took 0.210 seconds
[2024-12-03T18:30:03.263+0000] {processor.py:154} INFO - Started process (PID=15291) to work on /home/airflow/.local/lib/python3.7/site-packages/airflow/example_dags/example_datasets.py
[2024-12-03T18:30:03.264+0000] {processor.py:756} INFO - Processing file /home/airflow/.local/lib/python3.7/site-packages/airflow/example_dags/example_datasets.py for tasks to queue
[2024-12-03T18:30:03.265+0000] {logging_mixin.py:120} INFO - [2024-12-03T18:30:03.265+0000] {dagbag.py:537} INFO - Filling up the DagBag from /home/airflow/.local/lib/python3.7/site-packages/airflow/example_dags/example_datasets.py
[2024-12-03T18:30:03.292+0000] {processor.py:766} INFO - DAG(s) dict_keys(['dataset_produces_1', 'dataset_consumes_unknown_never_scheduled', 'dataset_consumes_1', 'dataset_produces_2', 'dataset_consumes_1_and_2', 'dataset_consumes_1_never_scheduled']) retrieved from /home/airflow/.local/lib/python3.7/site-packages/airflow/example_dags/example_datasets.py
[2024-12-03T18:30:03.379+0000] {logging_mixin.py:120} INFO - [2024-12-03T18:30:03.379+0000] {dag.py:2585} INFO - Sync 6 DAGs
[2024-12-03T18:30:03.419+0000] {logging_mixin.py:120} INFO - [2024-12-03T18:30:03.419+0000] {dag.py:3340} INFO - Setting next_dagrun for dataset_consumes_1 to None, run_after=None
[2024-12-03T18:30:03.424+0000] {logging_mixin.py:120} INFO - [2024-12-03T18:30:03.423+0000] {dag.py:3340} INFO - Setting next_dagrun for dataset_consumes_1_and_2 to None, run_after=None
[2024-12-03T18:30:03.425+0000] {logging_mixin.py:120} INFO - [2024-12-03T18:30:03.425+0000] {dag.py:3340} INFO - Setting next_dagrun for dataset_consumes_1_never_scheduled to None, run_after=None
[2024-12-03T18:30:03.427+0000] {logging_mixin.py:120} INFO - [2024-12-03T18:30:03.427+0000] {dag.py:3340} INFO - Setting next_dagrun for dataset_consumes_unknown_never_scheduled to None, run_after=None
[2024-12-03T18:30:03.431+0000] {logging_mixin.py:120} INFO - [2024-12-03T18:30:03.431+0000] {dag.py:3340} INFO - Setting next_dagrun for dataset_produces_1 to 2024-12-02T00:00:00+00:00, run_after=2024-12-03T00:00:00+00:00
[2024-12-03T18:30:03.433+0000] {logging_mixin.py:120} INFO - [2024-12-03T18:30:03.433+0000] {dag.py:3340} INFO - Setting next_dagrun for dataset_produces_2 to None, run_after=None
[2024-12-03T18:30:03.481+0000] {processor.py:176} INFO - Processing /home/airflow/.local/lib/python3.7/site-packages/airflow/example_dags/example_datasets.py took 0.224 seconds
