[2024-12-03T18:25:24.607+0000] {processor.py:154} INFO - Started process (PID=14719) to work on /home/airflow/.local/lib/python3.7/site-packages/airflow/example_dags/example_sla_dag.py
[2024-12-03T18:25:24.608+0000] {processor.py:756} INFO - Processing file /home/airflow/.local/lib/python3.7/site-packages/airflow/example_dags/example_sla_dag.py for tasks to queue
[2024-12-03T18:25:24.609+0000] {logging_mixin.py:120} INFO - [2024-12-03T18:25:24.609+0000] {dagbag.py:537} INFO - Filling up the DagBag from /home/airflow/.local/lib/python3.7/site-packages/airflow/example_dags/example_sla_dag.py
[2024-12-03T18:25:24.640+0000] {processor.py:766} INFO - DAG(s) dict_keys(['example_sla_dag']) retrieved from /home/airflow/.local/lib/python3.7/site-packages/airflow/example_dags/example_sla_dag.py
[2024-12-03T18:25:24.690+0000] {logging_mixin.py:120} INFO - [2024-12-03T18:25:24.689+0000] {dag.py:2585} INFO - Sync 1 DAGs
[2024-12-03T18:25:24.721+0000] {logging_mixin.py:120} INFO - [2024-12-03T18:25:24.721+0000] {dag.py:3340} INFO - Setting next_dagrun for example_sla_dag to 2024-12-03T18:22:00+00:00, run_after=2024-12-03T18:24:00+00:00
[2024-12-03T18:25:24.740+0000] {processor.py:176} INFO - Processing /home/airflow/.local/lib/python3.7/site-packages/airflow/example_dags/example_sla_dag.py took 0.138 seconds
[2024-12-03T18:25:55.015+0000] {processor.py:154} INFO - Started process (PID=14783) to work on /home/airflow/.local/lib/python3.7/site-packages/airflow/example_dags/example_sla_dag.py
[2024-12-03T18:25:55.016+0000] {processor.py:756} INFO - Processing file /home/airflow/.local/lib/python3.7/site-packages/airflow/example_dags/example_sla_dag.py for tasks to queue
[2024-12-03T18:25:55.017+0000] {logging_mixin.py:120} INFO - [2024-12-03T18:25:55.017+0000] {dagbag.py:537} INFO - Filling up the DagBag from /home/airflow/.local/lib/python3.7/site-packages/airflow/example_dags/example_sla_dag.py
[2024-12-03T18:25:55.048+0000] {processor.py:766} INFO - DAG(s) dict_keys(['example_sla_dag']) retrieved from /home/airflow/.local/lib/python3.7/site-packages/airflow/example_dags/example_sla_dag.py
[2024-12-03T18:25:55.103+0000] {logging_mixin.py:120} INFO - [2024-12-03T18:25:55.102+0000] {dag.py:2585} INFO - Sync 1 DAGs
[2024-12-03T18:25:55.139+0000] {logging_mixin.py:120} INFO - [2024-12-03T18:25:55.139+0000] {dag.py:3340} INFO - Setting next_dagrun for example_sla_dag to 2024-12-03T18:22:00+00:00, run_after=2024-12-03T18:24:00+00:00
[2024-12-03T18:25:55.162+0000] {processor.py:176} INFO - Processing /home/airflow/.local/lib/python3.7/site-packages/airflow/example_dags/example_sla_dag.py took 0.152 seconds
[2024-12-03T18:26:25.808+0000] {processor.py:154} INFO - Started process (PID=14849) to work on /home/airflow/.local/lib/python3.7/site-packages/airflow/example_dags/example_sla_dag.py
[2024-12-03T18:26:25.809+0000] {processor.py:756} INFO - Processing file /home/airflow/.local/lib/python3.7/site-packages/airflow/example_dags/example_sla_dag.py for tasks to queue
[2024-12-03T18:26:25.810+0000] {logging_mixin.py:120} INFO - [2024-12-03T18:26:25.810+0000] {dagbag.py:537} INFO - Filling up the DagBag from /home/airflow/.local/lib/python3.7/site-packages/airflow/example_dags/example_sla_dag.py
[2024-12-03T18:26:25.844+0000] {processor.py:766} INFO - DAG(s) dict_keys(['example_sla_dag']) retrieved from /home/airflow/.local/lib/python3.7/site-packages/airflow/example_dags/example_sla_dag.py
[2024-12-03T18:26:25.903+0000] {logging_mixin.py:120} INFO - [2024-12-03T18:26:25.903+0000] {dag.py:2585} INFO - Sync 1 DAGs
[2024-12-03T18:26:25.946+0000] {logging_mixin.py:120} INFO - [2024-12-03T18:26:25.946+0000] {dag.py:3340} INFO - Setting next_dagrun for example_sla_dag to 2024-12-03T18:24:00+00:00, run_after=2024-12-03T18:26:00+00:00
[2024-12-03T18:26:25.972+0000] {processor.py:176} INFO - Processing /home/airflow/.local/lib/python3.7/site-packages/airflow/example_dags/example_sla_dag.py took 0.169 seconds
[2024-12-03T18:26:56.087+0000] {processor.py:154} INFO - Started process (PID=14905) to work on /home/airflow/.local/lib/python3.7/site-packages/airflow/example_dags/example_sla_dag.py
[2024-12-03T18:26:56.089+0000] {processor.py:756} INFO - Processing file /home/airflow/.local/lib/python3.7/site-packages/airflow/example_dags/example_sla_dag.py for tasks to queue
[2024-12-03T18:26:56.090+0000] {logging_mixin.py:120} INFO - [2024-12-03T18:26:56.090+0000] {dagbag.py:537} INFO - Filling up the DagBag from /home/airflow/.local/lib/python3.7/site-packages/airflow/example_dags/example_sla_dag.py
[2024-12-03T18:26:56.120+0000] {processor.py:766} INFO - DAG(s) dict_keys(['example_sla_dag']) retrieved from /home/airflow/.local/lib/python3.7/site-packages/airflow/example_dags/example_sla_dag.py
[2024-12-03T18:26:56.174+0000] {logging_mixin.py:120} INFO - [2024-12-03T18:26:56.174+0000] {dag.py:2585} INFO - Sync 1 DAGs
[2024-12-03T18:26:56.211+0000] {logging_mixin.py:120} INFO - [2024-12-03T18:26:56.211+0000] {dag.py:3340} INFO - Setting next_dagrun for example_sla_dag to 2024-12-03T18:24:00+00:00, run_after=2024-12-03T18:26:00+00:00
[2024-12-03T18:26:56.232+0000] {processor.py:176} INFO - Processing /home/airflow/.local/lib/python3.7/site-packages/airflow/example_dags/example_sla_dag.py took 0.149 seconds
[2024-12-03T18:27:26.735+0000] {processor.py:154} INFO - Started process (PID=14970) to work on /home/airflow/.local/lib/python3.7/site-packages/airflow/example_dags/example_sla_dag.py
[2024-12-03T18:27:26.736+0000] {processor.py:756} INFO - Processing file /home/airflow/.local/lib/python3.7/site-packages/airflow/example_dags/example_sla_dag.py for tasks to queue
[2024-12-03T18:27:26.737+0000] {logging_mixin.py:120} INFO - [2024-12-03T18:27:26.737+0000] {dagbag.py:537} INFO - Filling up the DagBag from /home/airflow/.local/lib/python3.7/site-packages/airflow/example_dags/example_sla_dag.py
[2024-12-03T18:27:26.768+0000] {processor.py:766} INFO - DAG(s) dict_keys(['example_sla_dag']) retrieved from /home/airflow/.local/lib/python3.7/site-packages/airflow/example_dags/example_sla_dag.py
[2024-12-03T18:27:26.822+0000] {logging_mixin.py:120} INFO - [2024-12-03T18:27:26.822+0000] {dag.py:2585} INFO - Sync 1 DAGs
[2024-12-03T18:27:26.866+0000] {logging_mixin.py:120} INFO - [2024-12-03T18:27:26.866+0000] {dag.py:3340} INFO - Setting next_dagrun for example_sla_dag to 2024-12-03T18:24:00+00:00, run_after=2024-12-03T18:26:00+00:00
[2024-12-03T18:27:26.893+0000] {processor.py:176} INFO - Processing /home/airflow/.local/lib/python3.7/site-packages/airflow/example_dags/example_sla_dag.py took 0.163 seconds
[2024-12-03T18:27:57.223+0000] {processor.py:154} INFO - Started process (PID=15035) to work on /home/airflow/.local/lib/python3.7/site-packages/airflow/example_dags/example_sla_dag.py
[2024-12-03T18:27:57.224+0000] {processor.py:756} INFO - Processing file /home/airflow/.local/lib/python3.7/site-packages/airflow/example_dags/example_sla_dag.py for tasks to queue
[2024-12-03T18:27:57.225+0000] {logging_mixin.py:120} INFO - [2024-12-03T18:27:57.225+0000] {dagbag.py:537} INFO - Filling up the DagBag from /home/airflow/.local/lib/python3.7/site-packages/airflow/example_dags/example_sla_dag.py
[2024-12-03T18:27:57.266+0000] {processor.py:766} INFO - DAG(s) dict_keys(['example_sla_dag']) retrieved from /home/airflow/.local/lib/python3.7/site-packages/airflow/example_dags/example_sla_dag.py
[2024-12-03T18:27:57.334+0000] {logging_mixin.py:120} INFO - [2024-12-03T18:27:57.333+0000] {dag.py:2585} INFO - Sync 1 DAGs
[2024-12-03T18:27:57.383+0000] {logging_mixin.py:120} INFO - [2024-12-03T18:27:57.383+0000] {dag.py:3340} INFO - Setting next_dagrun for example_sla_dag to 2024-12-03T18:24:00+00:00, run_after=2024-12-03T18:26:00+00:00
[2024-12-03T18:27:57.423+0000] {processor.py:176} INFO - Processing /home/airflow/.local/lib/python3.7/site-packages/airflow/example_dags/example_sla_dag.py took 0.207 seconds
[2024-12-03T18:28:27.819+0000] {processor.py:154} INFO - Started process (PID=15091) to work on /home/airflow/.local/lib/python3.7/site-packages/airflow/example_dags/example_sla_dag.py
[2024-12-03T18:28:27.820+0000] {processor.py:756} INFO - Processing file /home/airflow/.local/lib/python3.7/site-packages/airflow/example_dags/example_sla_dag.py for tasks to queue
[2024-12-03T18:28:27.821+0000] {logging_mixin.py:120} INFO - [2024-12-03T18:28:27.821+0000] {dagbag.py:537} INFO - Filling up the DagBag from /home/airflow/.local/lib/python3.7/site-packages/airflow/example_dags/example_sla_dag.py
[2024-12-03T18:28:27.853+0000] {processor.py:766} INFO - DAG(s) dict_keys(['example_sla_dag']) retrieved from /home/airflow/.local/lib/python3.7/site-packages/airflow/example_dags/example_sla_dag.py
[2024-12-03T18:28:27.907+0000] {logging_mixin.py:120} INFO - [2024-12-03T18:28:27.907+0000] {dag.py:2585} INFO - Sync 1 DAGs
[2024-12-03T18:28:27.947+0000] {logging_mixin.py:120} INFO - [2024-12-03T18:28:27.947+0000] {dag.py:3340} INFO - Setting next_dagrun for example_sla_dag to 2024-12-03T18:26:00+00:00, run_after=2024-12-03T18:28:00+00:00
[2024-12-03T18:28:27.973+0000] {processor.py:176} INFO - Processing /home/airflow/.local/lib/python3.7/site-packages/airflow/example_dags/example_sla_dag.py took 0.159 seconds
[2024-12-03T18:28:58.008+0000] {processor.py:154} INFO - Started process (PID=15156) to work on /home/airflow/.local/lib/python3.7/site-packages/airflow/example_dags/example_sla_dag.py
[2024-12-03T18:28:58.009+0000] {processor.py:756} INFO - Processing file /home/airflow/.local/lib/python3.7/site-packages/airflow/example_dags/example_sla_dag.py for tasks to queue
[2024-12-03T18:28:58.010+0000] {logging_mixin.py:120} INFO - [2024-12-03T18:28:58.010+0000] {dagbag.py:537} INFO - Filling up the DagBag from /home/airflow/.local/lib/python3.7/site-packages/airflow/example_dags/example_sla_dag.py
[2024-12-03T18:28:58.041+0000] {processor.py:766} INFO - DAG(s) dict_keys(['example_sla_dag']) retrieved from /home/airflow/.local/lib/python3.7/site-packages/airflow/example_dags/example_sla_dag.py
[2024-12-03T18:28:58.093+0000] {logging_mixin.py:120} INFO - [2024-12-03T18:28:58.093+0000] {dag.py:2585} INFO - Sync 1 DAGs
[2024-12-03T18:28:58.129+0000] {logging_mixin.py:120} INFO - [2024-12-03T18:28:58.129+0000] {dag.py:3340} INFO - Setting next_dagrun for example_sla_dag to 2024-12-03T18:26:00+00:00, run_after=2024-12-03T18:28:00+00:00
[2024-12-03T18:28:58.146+0000] {processor.py:176} INFO - Processing /home/airflow/.local/lib/python3.7/site-packages/airflow/example_dags/example_sla_dag.py took 0.143 seconds
[2024-12-03T18:29:28.537+0000] {processor.py:154} INFO - Started process (PID=15217) to work on /home/airflow/.local/lib/python3.7/site-packages/airflow/example_dags/example_sla_dag.py
[2024-12-03T18:29:28.539+0000] {processor.py:756} INFO - Processing file /home/airflow/.local/lib/python3.7/site-packages/airflow/example_dags/example_sla_dag.py for tasks to queue
[2024-12-03T18:29:28.540+0000] {logging_mixin.py:120} INFO - [2024-12-03T18:29:28.539+0000] {dagbag.py:537} INFO - Filling up the DagBag from /home/airflow/.local/lib/python3.7/site-packages/airflow/example_dags/example_sla_dag.py
[2024-12-03T18:29:28.574+0000] {processor.py:766} INFO - DAG(s) dict_keys(['example_sla_dag']) retrieved from /home/airflow/.local/lib/python3.7/site-packages/airflow/example_dags/example_sla_dag.py
[2024-12-03T18:29:28.636+0000] {logging_mixin.py:120} INFO - [2024-12-03T18:29:28.635+0000] {dag.py:2585} INFO - Sync 1 DAGs
[2024-12-03T18:29:28.750+0000] {logging_mixin.py:120} INFO - [2024-12-03T18:29:28.750+0000] {dag.py:3340} INFO - Setting next_dagrun for example_sla_dag to 2024-12-03T18:26:00+00:00, run_after=2024-12-03T18:28:00+00:00
[2024-12-03T18:29:28.777+0000] {processor.py:176} INFO - Processing /home/airflow/.local/lib/python3.7/site-packages/airflow/example_dags/example_sla_dag.py took 0.244 seconds
[2024-12-03T18:29:59.187+0000] {processor.py:154} INFO - Started process (PID=15274) to work on /home/airflow/.local/lib/python3.7/site-packages/airflow/example_dags/example_sla_dag.py
[2024-12-03T18:29:59.187+0000] {processor.py:756} INFO - Processing file /home/airflow/.local/lib/python3.7/site-packages/airflow/example_dags/example_sla_dag.py for tasks to queue
[2024-12-03T18:29:59.188+0000] {logging_mixin.py:120} INFO - [2024-12-03T18:29:59.188+0000] {dagbag.py:537} INFO - Filling up the DagBag from /home/airflow/.local/lib/python3.7/site-packages/airflow/example_dags/example_sla_dag.py
[2024-12-03T18:29:59.213+0000] {processor.py:766} INFO - DAG(s) dict_keys(['example_sla_dag']) retrieved from /home/airflow/.local/lib/python3.7/site-packages/airflow/example_dags/example_sla_dag.py
[2024-12-03T18:29:59.254+0000] {logging_mixin.py:120} INFO - [2024-12-03T18:29:59.254+0000] {dag.py:2585} INFO - Sync 1 DAGs
[2024-12-03T18:29:59.285+0000] {logging_mixin.py:120} INFO - [2024-12-03T18:29:59.284+0000] {dag.py:3340} INFO - Setting next_dagrun for example_sla_dag to 2024-12-03T18:26:00+00:00, run_after=2024-12-03T18:28:00+00:00
[2024-12-03T18:29:59.305+0000] {processor.py:176} INFO - Processing /home/airflow/.local/lib/python3.7/site-packages/airflow/example_dags/example_sla_dag.py took 0.122 seconds
