[2024-12-03T18:25:25.958+0000] {processor.py:154} INFO - Started process (PID=14731) to work on /home/airflow/.local/lib/python3.7/site-packages/airflow/example_dags/example_external_task_marker_dag.py
[2024-12-03T18:25:25.960+0000] {processor.py:756} INFO - Processing file /home/airflow/.local/lib/python3.7/site-packages/airflow/example_dags/example_external_task_marker_dag.py for tasks to queue
[2024-12-03T18:25:25.961+0000] {logging_mixin.py:120} INFO - [2024-12-03T18:25:25.961+0000] {dagbag.py:537} INFO - Filling up the DagBag from /home/airflow/.local/lib/python3.7/site-packages/airflow/example_dags/example_external_task_marker_dag.py
[2024-12-03T18:25:25.980+0000] {processor.py:766} INFO - DAG(s) dict_keys(['example_external_task_marker_parent', 'example_external_task_marker_child']) retrieved from /home/airflow/.local/lib/python3.7/site-packages/airflow/example_dags/example_external_task_marker_dag.py
[2024-12-03T18:25:26.236+0000] {logging_mixin.py:120} INFO - [2024-12-03T18:25:26.236+0000] {dag.py:2585} INFO - Sync 2 DAGs
[2024-12-03T18:25:26.270+0000] {logging_mixin.py:120} INFO - [2024-12-03T18:25:26.270+0000] {dag.py:3340} INFO - Setting next_dagrun for example_external_task_marker_child to None, run_after=None
[2024-12-03T18:25:26.276+0000] {logging_mixin.py:120} INFO - [2024-12-03T18:25:26.276+0000] {dag.py:3340} INFO - Setting next_dagrun for example_external_task_marker_parent to None, run_after=None
[2024-12-03T18:25:26.301+0000] {processor.py:176} INFO - Processing /home/airflow/.local/lib/python3.7/site-packages/airflow/example_dags/example_external_task_marker_dag.py took 0.347 seconds
[2024-12-03T18:25:56.345+0000] {processor.py:154} INFO - Started process (PID=14786) to work on /home/airflow/.local/lib/python3.7/site-packages/airflow/example_dags/example_external_task_marker_dag.py
[2024-12-03T18:25:56.346+0000] {processor.py:756} INFO - Processing file /home/airflow/.local/lib/python3.7/site-packages/airflow/example_dags/example_external_task_marker_dag.py for tasks to queue
[2024-12-03T18:25:56.347+0000] {logging_mixin.py:120} INFO - [2024-12-03T18:25:56.347+0000] {dagbag.py:537} INFO - Filling up the DagBag from /home/airflow/.local/lib/python3.7/site-packages/airflow/example_dags/example_external_task_marker_dag.py
[2024-12-03T18:25:56.365+0000] {processor.py:766} INFO - DAG(s) dict_keys(['example_external_task_marker_child', 'example_external_task_marker_parent']) retrieved from /home/airflow/.local/lib/python3.7/site-packages/airflow/example_dags/example_external_task_marker_dag.py
[2024-12-03T18:25:56.600+0000] {logging_mixin.py:120} INFO - [2024-12-03T18:25:56.600+0000] {dag.py:2585} INFO - Sync 2 DAGs
[2024-12-03T18:25:56.624+0000] {logging_mixin.py:120} INFO - [2024-12-03T18:25:56.624+0000] {dag.py:3340} INFO - Setting next_dagrun for example_external_task_marker_child to None, run_after=None
[2024-12-03T18:25:56.628+0000] {logging_mixin.py:120} INFO - [2024-12-03T18:25:56.628+0000] {dag.py:3340} INFO - Setting next_dagrun for example_external_task_marker_parent to None, run_after=None
[2024-12-03T18:25:56.647+0000] {processor.py:176} INFO - Processing /home/airflow/.local/lib/python3.7/site-packages/airflow/example_dags/example_external_task_marker_dag.py took 0.308 seconds
[2024-12-03T18:26:26.959+0000] {processor.py:154} INFO - Started process (PID=14850) to work on /home/airflow/.local/lib/python3.7/site-packages/airflow/example_dags/example_external_task_marker_dag.py
[2024-12-03T18:26:26.960+0000] {processor.py:756} INFO - Processing file /home/airflow/.local/lib/python3.7/site-packages/airflow/example_dags/example_external_task_marker_dag.py for tasks to queue
[2024-12-03T18:26:26.961+0000] {logging_mixin.py:120} INFO - [2024-12-03T18:26:26.961+0000] {dagbag.py:537} INFO - Filling up the DagBag from /home/airflow/.local/lib/python3.7/site-packages/airflow/example_dags/example_external_task_marker_dag.py
[2024-12-03T18:26:26.982+0000] {processor.py:766} INFO - DAG(s) dict_keys(['example_external_task_marker_child', 'example_external_task_marker_parent']) retrieved from /home/airflow/.local/lib/python3.7/site-packages/airflow/example_dags/example_external_task_marker_dag.py
[2024-12-03T18:26:27.324+0000] {logging_mixin.py:120} INFO - [2024-12-03T18:26:27.324+0000] {dag.py:2585} INFO - Sync 2 DAGs
[2024-12-03T18:26:27.360+0000] {logging_mixin.py:120} INFO - [2024-12-03T18:26:27.359+0000] {dag.py:3340} INFO - Setting next_dagrun for example_external_task_marker_child to None, run_after=None
[2024-12-03T18:26:27.364+0000] {logging_mixin.py:120} INFO - [2024-12-03T18:26:27.364+0000] {dag.py:3340} INFO - Setting next_dagrun for example_external_task_marker_parent to None, run_after=None
[2024-12-03T18:26:27.389+0000] {processor.py:176} INFO - Processing /home/airflow/.local/lib/python3.7/site-packages/airflow/example_dags/example_external_task_marker_dag.py took 0.435 seconds
[2024-12-03T18:26:57.540+0000] {processor.py:154} INFO - Started process (PID=14908) to work on /home/airflow/.local/lib/python3.7/site-packages/airflow/example_dags/example_external_task_marker_dag.py
[2024-12-03T18:26:57.542+0000] {processor.py:756} INFO - Processing file /home/airflow/.local/lib/python3.7/site-packages/airflow/example_dags/example_external_task_marker_dag.py for tasks to queue
[2024-12-03T18:26:57.542+0000] {logging_mixin.py:120} INFO - [2024-12-03T18:26:57.542+0000] {dagbag.py:537} INFO - Filling up the DagBag from /home/airflow/.local/lib/python3.7/site-packages/airflow/example_dags/example_external_task_marker_dag.py
[2024-12-03T18:26:57.561+0000] {processor.py:766} INFO - DAG(s) dict_keys(['example_external_task_marker_child', 'example_external_task_marker_parent']) retrieved from /home/airflow/.local/lib/python3.7/site-packages/airflow/example_dags/example_external_task_marker_dag.py
[2024-12-03T18:26:57.810+0000] {logging_mixin.py:120} INFO - [2024-12-03T18:26:57.810+0000] {dag.py:2585} INFO - Sync 2 DAGs
[2024-12-03T18:26:57.837+0000] {logging_mixin.py:120} INFO - [2024-12-03T18:26:57.836+0000] {dag.py:3340} INFO - Setting next_dagrun for example_external_task_marker_child to None, run_after=None
[2024-12-03T18:26:57.840+0000] {logging_mixin.py:120} INFO - [2024-12-03T18:26:57.840+0000] {dag.py:3340} INFO - Setting next_dagrun for example_external_task_marker_parent to None, run_after=None
[2024-12-03T18:26:57.859+0000] {processor.py:176} INFO - Processing /home/airflow/.local/lib/python3.7/site-packages/airflow/example_dags/example_external_task_marker_dag.py took 0.323 seconds
[2024-12-03T18:27:28.058+0000] {processor.py:154} INFO - Started process (PID=14973) to work on /home/airflow/.local/lib/python3.7/site-packages/airflow/example_dags/example_external_task_marker_dag.py
[2024-12-03T18:27:28.059+0000] {processor.py:756} INFO - Processing file /home/airflow/.local/lib/python3.7/site-packages/airflow/example_dags/example_external_task_marker_dag.py for tasks to queue
[2024-12-03T18:27:28.061+0000] {logging_mixin.py:120} INFO - [2024-12-03T18:27:28.060+0000] {dagbag.py:537} INFO - Filling up the DagBag from /home/airflow/.local/lib/python3.7/site-packages/airflow/example_dags/example_external_task_marker_dag.py
[2024-12-03T18:27:28.079+0000] {processor.py:766} INFO - DAG(s) dict_keys(['example_external_task_marker_child', 'example_external_task_marker_parent']) retrieved from /home/airflow/.local/lib/python3.7/site-packages/airflow/example_dags/example_external_task_marker_dag.py
[2024-12-03T18:27:28.326+0000] {logging_mixin.py:120} INFO - [2024-12-03T18:27:28.325+0000] {dag.py:2585} INFO - Sync 2 DAGs
[2024-12-03T18:27:28.349+0000] {logging_mixin.py:120} INFO - [2024-12-03T18:27:28.349+0000] {dag.py:3340} INFO - Setting next_dagrun for example_external_task_marker_child to None, run_after=None
[2024-12-03T18:27:28.352+0000] {logging_mixin.py:120} INFO - [2024-12-03T18:27:28.352+0000] {dag.py:3340} INFO - Setting next_dagrun for example_external_task_marker_parent to None, run_after=None
[2024-12-03T18:27:28.370+0000] {processor.py:176} INFO - Processing /home/airflow/.local/lib/python3.7/site-packages/airflow/example_dags/example_external_task_marker_dag.py took 0.317 seconds
[2024-12-03T18:27:58.420+0000] {processor.py:154} INFO - Started process (PID=15038) to work on /home/airflow/.local/lib/python3.7/site-packages/airflow/example_dags/example_external_task_marker_dag.py
[2024-12-03T18:27:58.422+0000] {processor.py:756} INFO - Processing file /home/airflow/.local/lib/python3.7/site-packages/airflow/example_dags/example_external_task_marker_dag.py for tasks to queue
[2024-12-03T18:27:58.423+0000] {logging_mixin.py:120} INFO - [2024-12-03T18:27:58.423+0000] {dagbag.py:537} INFO - Filling up the DagBag from /home/airflow/.local/lib/python3.7/site-packages/airflow/example_dags/example_external_task_marker_dag.py
[2024-12-03T18:27:58.444+0000] {processor.py:766} INFO - DAG(s) dict_keys(['example_external_task_marker_parent', 'example_external_task_marker_child']) retrieved from /home/airflow/.local/lib/python3.7/site-packages/airflow/example_dags/example_external_task_marker_dag.py
[2024-12-03T18:27:58.736+0000] {logging_mixin.py:120} INFO - [2024-12-03T18:27:58.736+0000] {dag.py:2585} INFO - Sync 2 DAGs
[2024-12-03T18:27:58.768+0000] {logging_mixin.py:120} INFO - [2024-12-03T18:27:58.767+0000] {dag.py:3340} INFO - Setting next_dagrun for example_external_task_marker_child to None, run_after=None
[2024-12-03T18:27:58.772+0000] {logging_mixin.py:120} INFO - [2024-12-03T18:27:58.772+0000] {dag.py:3340} INFO - Setting next_dagrun for example_external_task_marker_parent to None, run_after=None
[2024-12-03T18:27:58.797+0000] {processor.py:176} INFO - Processing /home/airflow/.local/lib/python3.7/site-packages/airflow/example_dags/example_external_task_marker_dag.py took 0.382 seconds
[2024-12-03T18:28:28.992+0000] {processor.py:154} INFO - Started process (PID=15092) to work on /home/airflow/.local/lib/python3.7/site-packages/airflow/example_dags/example_external_task_marker_dag.py
[2024-12-03T18:28:29.004+0000] {processor.py:756} INFO - Processing file /home/airflow/.local/lib/python3.7/site-packages/airflow/example_dags/example_external_task_marker_dag.py for tasks to queue
[2024-12-03T18:28:29.006+0000] {logging_mixin.py:120} INFO - [2024-12-03T18:28:29.006+0000] {dagbag.py:537} INFO - Filling up the DagBag from /home/airflow/.local/lib/python3.7/site-packages/airflow/example_dags/example_external_task_marker_dag.py
[2024-12-03T18:28:29.026+0000] {processor.py:766} INFO - DAG(s) dict_keys(['example_external_task_marker_child', 'example_external_task_marker_parent']) retrieved from /home/airflow/.local/lib/python3.7/site-packages/airflow/example_dags/example_external_task_marker_dag.py
[2024-12-03T18:28:29.278+0000] {logging_mixin.py:120} INFO - [2024-12-03T18:28:29.278+0000] {dag.py:2585} INFO - Sync 2 DAGs
[2024-12-03T18:28:29.313+0000] {logging_mixin.py:120} INFO - [2024-12-03T18:28:29.313+0000] {dag.py:3340} INFO - Setting next_dagrun for example_external_task_marker_child to None, run_after=None
[2024-12-03T18:28:29.318+0000] {logging_mixin.py:120} INFO - [2024-12-03T18:28:29.317+0000] {dag.py:3340} INFO - Setting next_dagrun for example_external_task_marker_parent to None, run_after=None
[2024-12-03T18:28:29.340+0000] {processor.py:176} INFO - Processing /home/airflow/.local/lib/python3.7/site-packages/airflow/example_dags/example_external_task_marker_dag.py took 0.354 seconds
[2024-12-03T18:29:00.025+0000] {processor.py:154} INFO - Started process (PID=15157) to work on /home/airflow/.local/lib/python3.7/site-packages/airflow/example_dags/example_external_task_marker_dag.py
[2024-12-03T18:29:00.026+0000] {processor.py:756} INFO - Processing file /home/airflow/.local/lib/python3.7/site-packages/airflow/example_dags/example_external_task_marker_dag.py for tasks to queue
[2024-12-03T18:29:00.027+0000] {logging_mixin.py:120} INFO - [2024-12-03T18:29:00.027+0000] {dagbag.py:537} INFO - Filling up the DagBag from /home/airflow/.local/lib/python3.7/site-packages/airflow/example_dags/example_external_task_marker_dag.py
[2024-12-03T18:29:00.048+0000] {processor.py:766} INFO - DAG(s) dict_keys(['example_external_task_marker_child', 'example_external_task_marker_parent']) retrieved from /home/airflow/.local/lib/python3.7/site-packages/airflow/example_dags/example_external_task_marker_dag.py
[2024-12-03T18:29:00.301+0000] {logging_mixin.py:120} INFO - [2024-12-03T18:29:00.301+0000] {dag.py:2585} INFO - Sync 2 DAGs
[2024-12-03T18:29:00.338+0000] {logging_mixin.py:120} INFO - [2024-12-03T18:29:00.338+0000] {dag.py:3340} INFO - Setting next_dagrun for example_external_task_marker_child to None, run_after=None
[2024-12-03T18:29:00.342+0000] {logging_mixin.py:120} INFO - [2024-12-03T18:29:00.342+0000] {dag.py:3340} INFO - Setting next_dagrun for example_external_task_marker_parent to None, run_after=None
[2024-12-03T18:29:00.363+0000] {processor.py:176} INFO - Processing /home/airflow/.local/lib/python3.7/site-packages/airflow/example_dags/example_external_task_marker_dag.py took 0.343 seconds
[2024-12-03T18:29:30.410+0000] {processor.py:154} INFO - Started process (PID=15221) to work on /home/airflow/.local/lib/python3.7/site-packages/airflow/example_dags/example_external_task_marker_dag.py
[2024-12-03T18:29:30.412+0000] {processor.py:756} INFO - Processing file /home/airflow/.local/lib/python3.7/site-packages/airflow/example_dags/example_external_task_marker_dag.py for tasks to queue
[2024-12-03T18:29:30.413+0000] {logging_mixin.py:120} INFO - [2024-12-03T18:29:30.413+0000] {dagbag.py:537} INFO - Filling up the DagBag from /home/airflow/.local/lib/python3.7/site-packages/airflow/example_dags/example_external_task_marker_dag.py
[2024-12-03T18:29:30.431+0000] {processor.py:766} INFO - DAG(s) dict_keys(['example_external_task_marker_parent', 'example_external_task_marker_child']) retrieved from /home/airflow/.local/lib/python3.7/site-packages/airflow/example_dags/example_external_task_marker_dag.py
[2024-12-03T18:29:30.713+0000] {logging_mixin.py:120} INFO - [2024-12-03T18:29:30.713+0000] {dag.py:2585} INFO - Sync 2 DAGs
[2024-12-03T18:29:30.745+0000] {logging_mixin.py:120} INFO - [2024-12-03T18:29:30.745+0000] {dag.py:3340} INFO - Setting next_dagrun for example_external_task_marker_child to None, run_after=None
[2024-12-03T18:29:30.750+0000] {logging_mixin.py:120} INFO - [2024-12-03T18:29:30.750+0000] {dag.py:3340} INFO - Setting next_dagrun for example_external_task_marker_parent to None, run_after=None
[2024-12-03T18:29:30.772+0000] {processor.py:176} INFO - Processing /home/airflow/.local/lib/python3.7/site-packages/airflow/example_dags/example_external_task_marker_dag.py took 0.366 seconds
[2024-12-03T18:30:01.221+0000] {processor.py:154} INFO - Started process (PID=15277) to work on /home/airflow/.local/lib/python3.7/site-packages/airflow/example_dags/example_external_task_marker_dag.py
[2024-12-03T18:30:01.223+0000] {processor.py:756} INFO - Processing file /home/airflow/.local/lib/python3.7/site-packages/airflow/example_dags/example_external_task_marker_dag.py for tasks to queue
[2024-12-03T18:30:01.225+0000] {logging_mixin.py:120} INFO - [2024-12-03T18:30:01.225+0000] {dagbag.py:537} INFO - Filling up the DagBag from /home/airflow/.local/lib/python3.7/site-packages/airflow/example_dags/example_external_task_marker_dag.py
[2024-12-03T18:30:01.250+0000] {processor.py:766} INFO - DAG(s) dict_keys(['example_external_task_marker_child', 'example_external_task_marker_parent']) retrieved from /home/airflow/.local/lib/python3.7/site-packages/airflow/example_dags/example_external_task_marker_dag.py
[2024-12-03T18:30:01.636+0000] {logging_mixin.py:120} INFO - [2024-12-03T18:30:01.636+0000] {dag.py:2585} INFO - Sync 2 DAGs
[2024-12-03T18:30:01.671+0000] {logging_mixin.py:120} INFO - [2024-12-03T18:30:01.671+0000] {dag.py:3340} INFO - Setting next_dagrun for example_external_task_marker_child to None, run_after=None
[2024-12-03T18:30:01.675+0000] {logging_mixin.py:120} INFO - [2024-12-03T18:30:01.675+0000] {dag.py:3340} INFO - Setting next_dagrun for example_external_task_marker_parent to None, run_after=None
[2024-12-03T18:30:01.700+0000] {processor.py:176} INFO - Processing /home/airflow/.local/lib/python3.7/site-packages/airflow/example_dags/example_external_task_marker_dag.py took 0.486 seconds
