[2024-12-03T18:25:27.361+0000] {processor.py:154} INFO - Started process (PID=14735) to work on /home/airflow/.local/lib/python3.7/site-packages/airflow/example_dags/example_subdag_operator.py
[2024-12-03T18:25:27.362+0000] {processor.py:756} INFO - Processing file /home/airflow/.local/lib/python3.7/site-packages/airflow/example_dags/example_subdag_operator.py for tasks to queue
[2024-12-03T18:25:27.363+0000] {logging_mixin.py:120} INFO - [2024-12-03T18:25:27.363+0000] {dagbag.py:537} INFO - Filling up the DagBag from /home/airflow/.local/lib/python3.7/site-packages/airflow/example_dags/example_subdag_operator.py
[2024-12-03T18:25:27.410+0000] {processor.py:766} INFO - DAG(s) dict_keys(['example_subdag_operator.section-1', 'example_subdag_operator.section-2', 'example_subdag_operator']) retrieved from /home/airflow/.local/lib/python3.7/site-packages/airflow/example_dags/example_subdag_operator.py
[2024-12-03T18:25:27.623+0000] {logging_mixin.py:120} INFO - [2024-12-03T18:25:27.623+0000] {dag.py:2585} INFO - Sync 3 DAGs
[2024-12-03T18:25:27.646+0000] {logging_mixin.py:120} INFO - [2024-12-03T18:25:27.646+0000] {dag.py:3340} INFO - Setting next_dagrun for example_subdag_operator to 2022-01-01T00:00:00+00:00, run_after=2022-01-01T00:00:00+00:00
[2024-12-03T18:25:27.649+0000] {logging_mixin.py:120} INFO - [2024-12-03T18:25:27.649+0000] {dag.py:3340} INFO - Setting next_dagrun for example_subdag_operator.section-1 to None, run_after=None
[2024-12-03T18:25:27.651+0000] {logging_mixin.py:120} INFO - [2024-12-03T18:25:27.651+0000] {dag.py:3340} INFO - Setting next_dagrun for example_subdag_operator.section-2 to None, run_after=None
[2024-12-03T18:25:27.658+0000] {logging_mixin.py:120} INFO - [2024-12-03T18:25:27.658+0000] {dag.py:2585} INFO - Sync 2 DAGs
[2024-12-03T18:25:27.663+0000] {logging_mixin.py:120} INFO - [2024-12-03T18:25:27.663+0000] {dag.py:3340} INFO - Setting next_dagrun for example_subdag_operator.section-1 to None, run_after=None
[2024-12-03T18:25:27.663+0000] {logging_mixin.py:120} INFO - [2024-12-03T18:25:27.663+0000] {dag.py:3340} INFO - Setting next_dagrun for example_subdag_operator.section-2 to None, run_after=None
[2024-12-03T18:25:27.675+0000] {processor.py:176} INFO - Processing /home/airflow/.local/lib/python3.7/site-packages/airflow/example_dags/example_subdag_operator.py took 0.319 seconds
[2024-12-03T18:25:57.753+0000] {processor.py:154} INFO - Started process (PID=14790) to work on /home/airflow/.local/lib/python3.7/site-packages/airflow/example_dags/example_subdag_operator.py
[2024-12-03T18:25:57.754+0000] {processor.py:756} INFO - Processing file /home/airflow/.local/lib/python3.7/site-packages/airflow/example_dags/example_subdag_operator.py for tasks to queue
[2024-12-03T18:25:57.755+0000] {logging_mixin.py:120} INFO - [2024-12-03T18:25:57.755+0000] {dagbag.py:537} INFO - Filling up the DagBag from /home/airflow/.local/lib/python3.7/site-packages/airflow/example_dags/example_subdag_operator.py
[2024-12-03T18:25:57.802+0000] {processor.py:766} INFO - DAG(s) dict_keys(['example_subdag_operator.section-1', 'example_subdag_operator.section-2', 'example_subdag_operator']) retrieved from /home/airflow/.local/lib/python3.7/site-packages/airflow/example_dags/example_subdag_operator.py
[2024-12-03T18:25:58.019+0000] {logging_mixin.py:120} INFO - [2024-12-03T18:25:58.019+0000] {dag.py:2585} INFO - Sync 3 DAGs
[2024-12-03T18:25:58.051+0000] {logging_mixin.py:120} INFO - [2024-12-03T18:25:58.051+0000] {dag.py:3340} INFO - Setting next_dagrun for example_subdag_operator to 2022-01-01T00:00:00+00:00, run_after=2022-01-01T00:00:00+00:00
[2024-12-03T18:25:58.056+0000] {logging_mixin.py:120} INFO - [2024-12-03T18:25:58.056+0000] {dag.py:3340} INFO - Setting next_dagrun for example_subdag_operator.section-1 to None, run_after=None
[2024-12-03T18:25:58.058+0000] {logging_mixin.py:120} INFO - [2024-12-03T18:25:58.058+0000] {dag.py:3340} INFO - Setting next_dagrun for example_subdag_operator.section-2 to None, run_after=None
[2024-12-03T18:25:58.069+0000] {logging_mixin.py:120} INFO - [2024-12-03T18:25:58.069+0000] {dag.py:2585} INFO - Sync 2 DAGs
[2024-12-03T18:25:58.076+0000] {logging_mixin.py:120} INFO - [2024-12-03T18:25:58.076+0000] {dag.py:3340} INFO - Setting next_dagrun for example_subdag_operator.section-1 to None, run_after=None
[2024-12-03T18:25:58.077+0000] {logging_mixin.py:120} INFO - [2024-12-03T18:25:58.077+0000] {dag.py:3340} INFO - Setting next_dagrun for example_subdag_operator.section-2 to None, run_after=None
[2024-12-03T18:25:58.093+0000] {processor.py:176} INFO - Processing /home/airflow/.local/lib/python3.7/site-packages/airflow/example_dags/example_subdag_operator.py took 0.345 seconds
[2024-12-03T18:26:28.371+0000] {processor.py:154} INFO - Started process (PID=14853) to work on /home/airflow/.local/lib/python3.7/site-packages/airflow/example_dags/example_subdag_operator.py
[2024-12-03T18:26:28.372+0000] {processor.py:756} INFO - Processing file /home/airflow/.local/lib/python3.7/site-packages/airflow/example_dags/example_subdag_operator.py for tasks to queue
[2024-12-03T18:26:28.373+0000] {logging_mixin.py:120} INFO - [2024-12-03T18:26:28.373+0000] {dagbag.py:537} INFO - Filling up the DagBag from /home/airflow/.local/lib/python3.7/site-packages/airflow/example_dags/example_subdag_operator.py
[2024-12-03T18:26:28.424+0000] {processor.py:766} INFO - DAG(s) dict_keys(['example_subdag_operator.section-1', 'example_subdag_operator.section-2', 'example_subdag_operator']) retrieved from /home/airflow/.local/lib/python3.7/site-packages/airflow/example_dags/example_subdag_operator.py
[2024-12-03T18:26:28.705+0000] {logging_mixin.py:120} INFO - [2024-12-03T18:26:28.705+0000] {dag.py:2585} INFO - Sync 3 DAGs
[2024-12-03T18:26:28.743+0000] {logging_mixin.py:120} INFO - [2024-12-03T18:26:28.742+0000] {dag.py:3340} INFO - Setting next_dagrun for example_subdag_operator to 2022-01-01T00:00:00+00:00, run_after=2022-01-01T00:00:00+00:00
[2024-12-03T18:26:28.756+0000] {logging_mixin.py:120} INFO - [2024-12-03T18:26:28.756+0000] {dag.py:3340} INFO - Setting next_dagrun for example_subdag_operator.section-1 to None, run_after=None
[2024-12-03T18:26:28.758+0000] {logging_mixin.py:120} INFO - [2024-12-03T18:26:28.758+0000] {dag.py:3340} INFO - Setting next_dagrun for example_subdag_operator.section-2 to None, run_after=None
[2024-12-03T18:26:28.768+0000] {logging_mixin.py:120} INFO - [2024-12-03T18:26:28.768+0000] {dag.py:2585} INFO - Sync 2 DAGs
[2024-12-03T18:26:28.776+0000] {logging_mixin.py:120} INFO - [2024-12-03T18:26:28.776+0000] {dag.py:3340} INFO - Setting next_dagrun for example_subdag_operator.section-1 to None, run_after=None
[2024-12-03T18:26:28.776+0000] {logging_mixin.py:120} INFO - [2024-12-03T18:26:28.776+0000] {dag.py:3340} INFO - Setting next_dagrun for example_subdag_operator.section-2 to None, run_after=None
[2024-12-03T18:26:28.793+0000] {processor.py:176} INFO - Processing /home/airflow/.local/lib/python3.7/site-packages/airflow/example_dags/example_subdag_operator.py took 0.428 seconds
[2024-12-03T18:26:58.893+0000] {processor.py:154} INFO - Started process (PID=14918) to work on /home/airflow/.local/lib/python3.7/site-packages/airflow/example_dags/example_subdag_operator.py
[2024-12-03T18:26:58.894+0000] {processor.py:756} INFO - Processing file /home/airflow/.local/lib/python3.7/site-packages/airflow/example_dags/example_subdag_operator.py for tasks to queue
[2024-12-03T18:26:58.896+0000] {logging_mixin.py:120} INFO - [2024-12-03T18:26:58.896+0000] {dagbag.py:537} INFO - Filling up the DagBag from /home/airflow/.local/lib/python3.7/site-packages/airflow/example_dags/example_subdag_operator.py
[2024-12-03T18:26:58.953+0000] {processor.py:766} INFO - DAG(s) dict_keys(['example_subdag_operator.section-1', 'example_subdag_operator.section-2', 'example_subdag_operator']) retrieved from /home/airflow/.local/lib/python3.7/site-packages/airflow/example_dags/example_subdag_operator.py
[2024-12-03T18:26:59.306+0000] {logging_mixin.py:120} INFO - [2024-12-03T18:26:59.305+0000] {dag.py:2585} INFO - Sync 3 DAGs
[2024-12-03T18:26:59.344+0000] {logging_mixin.py:120} INFO - [2024-12-03T18:26:59.344+0000] {dag.py:3340} INFO - Setting next_dagrun for example_subdag_operator to 2022-01-01T00:00:00+00:00, run_after=2022-01-01T00:00:00+00:00
[2024-12-03T18:26:59.349+0000] {logging_mixin.py:120} INFO - [2024-12-03T18:26:59.349+0000] {dag.py:3340} INFO - Setting next_dagrun for example_subdag_operator.section-1 to None, run_after=None
[2024-12-03T18:26:59.351+0000] {logging_mixin.py:120} INFO - [2024-12-03T18:26:59.351+0000] {dag.py:3340} INFO - Setting next_dagrun for example_subdag_operator.section-2 to None, run_after=None
[2024-12-03T18:26:59.361+0000] {logging_mixin.py:120} INFO - [2024-12-03T18:26:59.361+0000] {dag.py:2585} INFO - Sync 2 DAGs
[2024-12-03T18:26:59.369+0000] {logging_mixin.py:120} INFO - [2024-12-03T18:26:59.369+0000] {dag.py:3340} INFO - Setting next_dagrun for example_subdag_operator.section-1 to None, run_after=None
[2024-12-03T18:26:59.370+0000] {logging_mixin.py:120} INFO - [2024-12-03T18:26:59.370+0000] {dag.py:3340} INFO - Setting next_dagrun for example_subdag_operator.section-2 to None, run_after=None
[2024-12-03T18:26:59.387+0000] {processor.py:176} INFO - Processing /home/airflow/.local/lib/python3.7/site-packages/airflow/example_dags/example_subdag_operator.py took 0.499 seconds
[2024-12-03T18:27:29.610+0000] {processor.py:154} INFO - Started process (PID=14976) to work on /home/airflow/.local/lib/python3.7/site-packages/airflow/example_dags/example_subdag_operator.py
[2024-12-03T18:27:29.611+0000] {processor.py:756} INFO - Processing file /home/airflow/.local/lib/python3.7/site-packages/airflow/example_dags/example_subdag_operator.py for tasks to queue
[2024-12-03T18:27:29.612+0000] {logging_mixin.py:120} INFO - [2024-12-03T18:27:29.612+0000] {dagbag.py:537} INFO - Filling up the DagBag from /home/airflow/.local/lib/python3.7/site-packages/airflow/example_dags/example_subdag_operator.py
[2024-12-03T18:27:29.660+0000] {processor.py:766} INFO - DAG(s) dict_keys(['example_subdag_operator.section-1', 'example_subdag_operator.section-2', 'example_subdag_operator']) retrieved from /home/airflow/.local/lib/python3.7/site-packages/airflow/example_dags/example_subdag_operator.py
[2024-12-03T18:27:29.893+0000] {logging_mixin.py:120} INFO - [2024-12-03T18:27:29.893+0000] {dag.py:2585} INFO - Sync 3 DAGs
[2024-12-03T18:27:29.917+0000] {logging_mixin.py:120} INFO - [2024-12-03T18:27:29.917+0000] {dag.py:3340} INFO - Setting next_dagrun for example_subdag_operator to 2022-01-01T00:00:00+00:00, run_after=2022-01-01T00:00:00+00:00
[2024-12-03T18:27:29.920+0000] {logging_mixin.py:120} INFO - [2024-12-03T18:27:29.920+0000] {dag.py:3340} INFO - Setting next_dagrun for example_subdag_operator.section-1 to None, run_after=None
[2024-12-03T18:27:29.922+0000] {logging_mixin.py:120} INFO - [2024-12-03T18:27:29.921+0000] {dag.py:3340} INFO - Setting next_dagrun for example_subdag_operator.section-2 to None, run_after=None
[2024-12-03T18:27:29.928+0000] {logging_mixin.py:120} INFO - [2024-12-03T18:27:29.928+0000] {dag.py:2585} INFO - Sync 2 DAGs
[2024-12-03T18:27:29.933+0000] {logging_mixin.py:120} INFO - [2024-12-03T18:27:29.933+0000] {dag.py:3340} INFO - Setting next_dagrun for example_subdag_operator.section-1 to None, run_after=None
[2024-12-03T18:27:29.934+0000] {logging_mixin.py:120} INFO - [2024-12-03T18:27:29.934+0000] {dag.py:3340} INFO - Setting next_dagrun for example_subdag_operator.section-2 to None, run_after=None
[2024-12-03T18:27:29.945+0000] {processor.py:176} INFO - Processing /home/airflow/.local/lib/python3.7/site-packages/airflow/example_dags/example_subdag_operator.py took 0.341 seconds
[2024-12-03T18:28:00.018+0000] {processor.py:154} INFO - Started process (PID=15041) to work on /home/airflow/.local/lib/python3.7/site-packages/airflow/example_dags/example_subdag_operator.py
[2024-12-03T18:28:00.019+0000] {processor.py:756} INFO - Processing file /home/airflow/.local/lib/python3.7/site-packages/airflow/example_dags/example_subdag_operator.py for tasks to queue
[2024-12-03T18:28:00.020+0000] {logging_mixin.py:120} INFO - [2024-12-03T18:28:00.020+0000] {dagbag.py:537} INFO - Filling up the DagBag from /home/airflow/.local/lib/python3.7/site-packages/airflow/example_dags/example_subdag_operator.py
[2024-12-03T18:28:00.066+0000] {processor.py:766} INFO - DAG(s) dict_keys(['example_subdag_operator.section-1', 'example_subdag_operator.section-2', 'example_subdag_operator']) retrieved from /home/airflow/.local/lib/python3.7/site-packages/airflow/example_dags/example_subdag_operator.py
[2024-12-03T18:28:00.282+0000] {logging_mixin.py:120} INFO - [2024-12-03T18:28:00.282+0000] {dag.py:2585} INFO - Sync 3 DAGs
[2024-12-03T18:28:00.316+0000] {logging_mixin.py:120} INFO - [2024-12-03T18:28:00.315+0000] {dag.py:3340} INFO - Setting next_dagrun for example_subdag_operator to 2022-01-01T00:00:00+00:00, run_after=2022-01-01T00:00:00+00:00
[2024-12-03T18:28:00.321+0000] {logging_mixin.py:120} INFO - [2024-12-03T18:28:00.320+0000] {dag.py:3340} INFO - Setting next_dagrun for example_subdag_operator.section-1 to None, run_after=None
[2024-12-03T18:28:00.322+0000] {logging_mixin.py:120} INFO - [2024-12-03T18:28:00.322+0000] {dag.py:3340} INFO - Setting next_dagrun for example_subdag_operator.section-2 to None, run_after=None
[2024-12-03T18:28:00.336+0000] {logging_mixin.py:120} INFO - [2024-12-03T18:28:00.335+0000] {dag.py:2585} INFO - Sync 2 DAGs
[2024-12-03T18:28:00.346+0000] {logging_mixin.py:120} INFO - [2024-12-03T18:28:00.345+0000] {dag.py:3340} INFO - Setting next_dagrun for example_subdag_operator.section-1 to None, run_after=None
[2024-12-03T18:28:00.347+0000] {logging_mixin.py:120} INFO - [2024-12-03T18:28:00.347+0000] {dag.py:3340} INFO - Setting next_dagrun for example_subdag_operator.section-2 to None, run_after=None
[2024-12-03T18:28:00.363+0000] {processor.py:176} INFO - Processing /home/airflow/.local/lib/python3.7/site-packages/airflow/example_dags/example_subdag_operator.py took 0.350 seconds
[2024-12-03T18:28:30.558+0000] {processor.py:154} INFO - Started process (PID=15104) to work on /home/airflow/.local/lib/python3.7/site-packages/airflow/example_dags/example_subdag_operator.py
[2024-12-03T18:28:30.560+0000] {processor.py:756} INFO - Processing file /home/airflow/.local/lib/python3.7/site-packages/airflow/example_dags/example_subdag_operator.py for tasks to queue
[2024-12-03T18:28:30.561+0000] {logging_mixin.py:120} INFO - [2024-12-03T18:28:30.561+0000] {dagbag.py:537} INFO - Filling up the DagBag from /home/airflow/.local/lib/python3.7/site-packages/airflow/example_dags/example_subdag_operator.py
[2024-12-03T18:28:30.599+0000] {processor.py:766} INFO - DAG(s) dict_keys(['example_subdag_operator.section-1', 'example_subdag_operator.section-2', 'example_subdag_operator']) retrieved from /home/airflow/.local/lib/python3.7/site-packages/airflow/example_dags/example_subdag_operator.py
[2024-12-03T18:28:30.818+0000] {logging_mixin.py:120} INFO - [2024-12-03T18:28:30.818+0000] {dag.py:2585} INFO - Sync 3 DAGs
[2024-12-03T18:28:30.845+0000] {logging_mixin.py:120} INFO - [2024-12-03T18:28:30.845+0000] {dag.py:3340} INFO - Setting next_dagrun for example_subdag_operator to 2022-01-01T00:00:00+00:00, run_after=2022-01-01T00:00:00+00:00
[2024-12-03T18:28:30.848+0000] {logging_mixin.py:120} INFO - [2024-12-03T18:28:30.848+0000] {dag.py:3340} INFO - Setting next_dagrun for example_subdag_operator.section-1 to None, run_after=None
[2024-12-03T18:28:30.850+0000] {logging_mixin.py:120} INFO - [2024-12-03T18:28:30.849+0000] {dag.py:3340} INFO - Setting next_dagrun for example_subdag_operator.section-2 to None, run_after=None
[2024-12-03T18:28:30.857+0000] {logging_mixin.py:120} INFO - [2024-12-03T18:28:30.857+0000] {dag.py:2585} INFO - Sync 2 DAGs
[2024-12-03T18:28:30.863+0000] {logging_mixin.py:120} INFO - [2024-12-03T18:28:30.863+0000] {dag.py:3340} INFO - Setting next_dagrun for example_subdag_operator.section-1 to None, run_after=None
[2024-12-03T18:28:30.864+0000] {logging_mixin.py:120} INFO - [2024-12-03T18:28:30.864+0000] {dag.py:3340} INFO - Setting next_dagrun for example_subdag_operator.section-2 to None, run_after=None
[2024-12-03T18:28:30.880+0000] {processor.py:176} INFO - Processing /home/airflow/.local/lib/python3.7/site-packages/airflow/example_dags/example_subdag_operator.py took 0.326 seconds
[2024-12-03T18:29:01.348+0000] {processor.py:154} INFO - Started process (PID=15160) to work on /home/airflow/.local/lib/python3.7/site-packages/airflow/example_dags/example_subdag_operator.py
[2024-12-03T18:29:01.349+0000] {processor.py:756} INFO - Processing file /home/airflow/.local/lib/python3.7/site-packages/airflow/example_dags/example_subdag_operator.py for tasks to queue
[2024-12-03T18:29:01.350+0000] {logging_mixin.py:120} INFO - [2024-12-03T18:29:01.350+0000] {dagbag.py:537} INFO - Filling up the DagBag from /home/airflow/.local/lib/python3.7/site-packages/airflow/example_dags/example_subdag_operator.py
[2024-12-03T18:29:01.396+0000] {processor.py:766} INFO - DAG(s) dict_keys(['example_subdag_operator.section-1', 'example_subdag_operator.section-2', 'example_subdag_operator']) retrieved from /home/airflow/.local/lib/python3.7/site-packages/airflow/example_dags/example_subdag_operator.py
[2024-12-03T18:29:01.630+0000] {logging_mixin.py:120} INFO - [2024-12-03T18:29:01.630+0000] {dag.py:2585} INFO - Sync 3 DAGs
[2024-12-03T18:29:01.661+0000] {logging_mixin.py:120} INFO - [2024-12-03T18:29:01.660+0000] {dag.py:3340} INFO - Setting next_dagrun for example_subdag_operator to 2022-01-01T00:00:00+00:00, run_after=2022-01-01T00:00:00+00:00
[2024-12-03T18:29:01.665+0000] {logging_mixin.py:120} INFO - [2024-12-03T18:29:01.665+0000] {dag.py:3340} INFO - Setting next_dagrun for example_subdag_operator.section-1 to None, run_after=None
[2024-12-03T18:29:01.667+0000] {logging_mixin.py:120} INFO - [2024-12-03T18:29:01.667+0000] {dag.py:3340} INFO - Setting next_dagrun for example_subdag_operator.section-2 to None, run_after=None
[2024-12-03T18:29:01.678+0000] {logging_mixin.py:120} INFO - [2024-12-03T18:29:01.678+0000] {dag.py:2585} INFO - Sync 2 DAGs
[2024-12-03T18:29:01.687+0000] {logging_mixin.py:120} INFO - [2024-12-03T18:29:01.687+0000] {dag.py:3340} INFO - Setting next_dagrun for example_subdag_operator.section-1 to None, run_after=None
[2024-12-03T18:29:01.689+0000] {logging_mixin.py:120} INFO - [2024-12-03T18:29:01.689+0000] {dag.py:3340} INFO - Setting next_dagrun for example_subdag_operator.section-2 to None, run_after=None
[2024-12-03T18:29:01.704+0000] {processor.py:176} INFO - Processing /home/airflow/.local/lib/python3.7/site-packages/airflow/example_dags/example_subdag_operator.py took 0.361 seconds
[2024-12-03T18:29:31.789+0000] {processor.py:154} INFO - Started process (PID=15224) to work on /home/airflow/.local/lib/python3.7/site-packages/airflow/example_dags/example_subdag_operator.py
[2024-12-03T18:29:31.805+0000] {processor.py:756} INFO - Processing file /home/airflow/.local/lib/python3.7/site-packages/airflow/example_dags/example_subdag_operator.py for tasks to queue
[2024-12-03T18:29:31.807+0000] {logging_mixin.py:120} INFO - [2024-12-03T18:29:31.807+0000] {dagbag.py:537} INFO - Filling up the DagBag from /home/airflow/.local/lib/python3.7/site-packages/airflow/example_dags/example_subdag_operator.py
[2024-12-03T18:29:31.955+0000] {processor.py:766} INFO - DAG(s) dict_keys(['example_subdag_operator.section-1', 'example_subdag_operator.section-2', 'example_subdag_operator']) retrieved from /home/airflow/.local/lib/python3.7/site-packages/airflow/example_dags/example_subdag_operator.py
[2024-12-03T18:29:32.307+0000] {logging_mixin.py:120} INFO - [2024-12-03T18:29:32.306+0000] {dag.py:2585} INFO - Sync 3 DAGs
[2024-12-03T18:29:32.353+0000] {logging_mixin.py:120} INFO - [2024-12-03T18:29:32.353+0000] {dag.py:3340} INFO - Setting next_dagrun for example_subdag_operator to 2022-01-01T00:00:00+00:00, run_after=2022-01-01T00:00:00+00:00
[2024-12-03T18:29:32.361+0000] {logging_mixin.py:120} INFO - [2024-12-03T18:29:32.361+0000] {dag.py:3340} INFO - Setting next_dagrun for example_subdag_operator.section-1 to None, run_after=None
[2024-12-03T18:29:32.364+0000] {logging_mixin.py:120} INFO - [2024-12-03T18:29:32.364+0000] {dag.py:3340} INFO - Setting next_dagrun for example_subdag_operator.section-2 to None, run_after=None
[2024-12-03T18:29:32.384+0000] {logging_mixin.py:120} INFO - [2024-12-03T18:29:32.383+0000] {dag.py:2585} INFO - Sync 2 DAGs
[2024-12-03T18:29:32.398+0000] {logging_mixin.py:120} INFO - [2024-12-03T18:29:32.397+0000] {dag.py:3340} INFO - Setting next_dagrun for example_subdag_operator.section-1 to None, run_after=None
[2024-12-03T18:29:32.399+0000] {logging_mixin.py:120} INFO - [2024-12-03T18:29:32.398+0000] {dag.py:3340} INFO - Setting next_dagrun for example_subdag_operator.section-2 to None, run_after=None
[2024-12-03T18:29:32.513+0000] {processor.py:176} INFO - Processing /home/airflow/.local/lib/python3.7/site-packages/airflow/example_dags/example_subdag_operator.py took 0.729 seconds
[2024-12-03T18:30:02.737+0000] {processor.py:154} INFO - Started process (PID=15280) to work on /home/airflow/.local/lib/python3.7/site-packages/airflow/example_dags/example_subdag_operator.py
[2024-12-03T18:30:02.738+0000] {processor.py:756} INFO - Processing file /home/airflow/.local/lib/python3.7/site-packages/airflow/example_dags/example_subdag_operator.py for tasks to queue
[2024-12-03T18:30:02.739+0000] {logging_mixin.py:120} INFO - [2024-12-03T18:30:02.739+0000] {dagbag.py:537} INFO - Filling up the DagBag from /home/airflow/.local/lib/python3.7/site-packages/airflow/example_dags/example_subdag_operator.py
[2024-12-03T18:30:02.792+0000] {processor.py:766} INFO - DAG(s) dict_keys(['example_subdag_operator.section-1', 'example_subdag_operator.section-2', 'example_subdag_operator']) retrieved from /home/airflow/.local/lib/python3.7/site-packages/airflow/example_dags/example_subdag_operator.py
[2024-12-03T18:30:03.064+0000] {logging_mixin.py:120} INFO - [2024-12-03T18:30:03.063+0000] {dag.py:2585} INFO - Sync 3 DAGs
[2024-12-03T18:30:03.104+0000] {logging_mixin.py:120} INFO - [2024-12-03T18:30:03.104+0000] {dag.py:3340} INFO - Setting next_dagrun for example_subdag_operator to 2022-01-01T00:00:00+00:00, run_after=2022-01-01T00:00:00+00:00
[2024-12-03T18:30:03.136+0000] {logging_mixin.py:120} INFO - [2024-12-03T18:30:03.136+0000] {dag.py:3340} INFO - Setting next_dagrun for example_subdag_operator.section-1 to None, run_after=None
[2024-12-03T18:30:03.155+0000] {logging_mixin.py:120} INFO - [2024-12-03T18:30:03.155+0000] {dag.py:3340} INFO - Setting next_dagrun for example_subdag_operator.section-2 to None, run_after=None
[2024-12-03T18:30:03.196+0000] {logging_mixin.py:120} INFO - [2024-12-03T18:30:03.196+0000] {dag.py:2585} INFO - Sync 2 DAGs
[2024-12-03T18:30:03.208+0000] {logging_mixin.py:120} INFO - [2024-12-03T18:30:03.208+0000] {dag.py:3340} INFO - Setting next_dagrun for example_subdag_operator.section-1 to None, run_after=None
[2024-12-03T18:30:03.209+0000] {logging_mixin.py:120} INFO - [2024-12-03T18:30:03.209+0000] {dag.py:3340} INFO - Setting next_dagrun for example_subdag_operator.section-2 to None, run_after=None
[2024-12-03T18:30:03.228+0000] {processor.py:176} INFO - Processing /home/airflow/.local/lib/python3.7/site-packages/airflow/example_dags/example_subdag_operator.py took 0.497 seconds
