[2024-12-03T18:25:23.364+0000] {processor.py:154} INFO - Started process (PID=14717) to work on /home/airflow/.local/lib/python3.7/site-packages/airflow/example_dags/example_trigger_controller_dag.py
[2024-12-03T18:25:23.365+0000] {processor.py:756} INFO - Processing file /home/airflow/.local/lib/python3.7/site-packages/airflow/example_dags/example_trigger_controller_dag.py for tasks to queue
[2024-12-03T18:25:23.367+0000] {logging_mixin.py:120} INFO - [2024-12-03T18:25:23.367+0000] {dagbag.py:537} INFO - Filling up the DagBag from /home/airflow/.local/lib/python3.7/site-packages/airflow/example_dags/example_trigger_controller_dag.py
[2024-12-03T18:25:23.386+0000] {processor.py:766} INFO - DAG(s) dict_keys(['example_trigger_controller_dag']) retrieved from /home/airflow/.local/lib/python3.7/site-packages/airflow/example_dags/example_trigger_controller_dag.py
[2024-12-03T18:25:23.456+0000] {logging_mixin.py:120} INFO - [2024-12-03T18:25:23.456+0000] {dag.py:2585} INFO - Sync 1 DAGs
[2024-12-03T18:25:23.495+0000] {logging_mixin.py:120} INFO - [2024-12-03T18:25:23.495+0000] {dag.py:3340} INFO - Setting next_dagrun for example_trigger_controller_dag to 2021-01-01T00:00:00+00:00, run_after=2021-01-01T00:00:00+00:00
[2024-12-03T18:25:23.525+0000] {processor.py:176} INFO - Processing /home/airflow/.local/lib/python3.7/site-packages/airflow/example_dags/example_trigger_controller_dag.py took 0.166 seconds
[2024-12-03T18:25:53.805+0000] {processor.py:154} INFO - Started process (PID=14781) to work on /home/airflow/.local/lib/python3.7/site-packages/airflow/example_dags/example_trigger_controller_dag.py
[2024-12-03T18:25:53.806+0000] {processor.py:756} INFO - Processing file /home/airflow/.local/lib/python3.7/site-packages/airflow/example_dags/example_trigger_controller_dag.py for tasks to queue
[2024-12-03T18:25:53.807+0000] {logging_mixin.py:120} INFO - [2024-12-03T18:25:53.807+0000] {dagbag.py:537} INFO - Filling up the DagBag from /home/airflow/.local/lib/python3.7/site-packages/airflow/example_dags/example_trigger_controller_dag.py
[2024-12-03T18:25:53.824+0000] {processor.py:766} INFO - DAG(s) dict_keys(['example_trigger_controller_dag']) retrieved from /home/airflow/.local/lib/python3.7/site-packages/airflow/example_dags/example_trigger_controller_dag.py
[2024-12-03T18:25:53.890+0000] {logging_mixin.py:120} INFO - [2024-12-03T18:25:53.890+0000] {dag.py:2585} INFO - Sync 1 DAGs
[2024-12-03T18:25:53.928+0000] {logging_mixin.py:120} INFO - [2024-12-03T18:25:53.928+0000] {dag.py:3340} INFO - Setting next_dagrun for example_trigger_controller_dag to 2021-01-01T00:00:00+00:00, run_after=2021-01-01T00:00:00+00:00
[2024-12-03T18:25:53.955+0000] {processor.py:176} INFO - Processing /home/airflow/.local/lib/python3.7/site-packages/airflow/example_dags/example_trigger_controller_dag.py took 0.155 seconds
[2024-12-03T18:26:24.560+0000] {processor.py:154} INFO - Started process (PID=14847) to work on /home/airflow/.local/lib/python3.7/site-packages/airflow/example_dags/example_trigger_controller_dag.py
[2024-12-03T18:26:24.567+0000] {processor.py:756} INFO - Processing file /home/airflow/.local/lib/python3.7/site-packages/airflow/example_dags/example_trigger_controller_dag.py for tasks to queue
[2024-12-03T18:26:24.568+0000] {logging_mixin.py:120} INFO - [2024-12-03T18:26:24.568+0000] {dagbag.py:537} INFO - Filling up the DagBag from /home/airflow/.local/lib/python3.7/site-packages/airflow/example_dags/example_trigger_controller_dag.py
[2024-12-03T18:26:24.586+0000] {processor.py:766} INFO - DAG(s) dict_keys(['example_trigger_controller_dag']) retrieved from /home/airflow/.local/lib/python3.7/site-packages/airflow/example_dags/example_trigger_controller_dag.py
[2024-12-03T18:26:24.647+0000] {logging_mixin.py:120} INFO - [2024-12-03T18:26:24.647+0000] {dag.py:2585} INFO - Sync 1 DAGs
[2024-12-03T18:26:24.692+0000] {logging_mixin.py:120} INFO - [2024-12-03T18:26:24.692+0000] {dag.py:3340} INFO - Setting next_dagrun for example_trigger_controller_dag to 2021-01-01T00:00:00+00:00, run_after=2021-01-01T00:00:00+00:00
[2024-12-03T18:26:24.728+0000] {processor.py:176} INFO - Processing /home/airflow/.local/lib/python3.7/site-packages/airflow/example_dags/example_trigger_controller_dag.py took 0.173 seconds
[2024-12-03T18:26:54.894+0000] {processor.py:154} INFO - Started process (PID=14903) to work on /home/airflow/.local/lib/python3.7/site-packages/airflow/example_dags/example_trigger_controller_dag.py
[2024-12-03T18:26:54.895+0000] {processor.py:756} INFO - Processing file /home/airflow/.local/lib/python3.7/site-packages/airflow/example_dags/example_trigger_controller_dag.py for tasks to queue
[2024-12-03T18:26:54.896+0000] {logging_mixin.py:120} INFO - [2024-12-03T18:26:54.896+0000] {dagbag.py:537} INFO - Filling up the DagBag from /home/airflow/.local/lib/python3.7/site-packages/airflow/example_dags/example_trigger_controller_dag.py
[2024-12-03T18:26:54.912+0000] {processor.py:766} INFO - DAG(s) dict_keys(['example_trigger_controller_dag']) retrieved from /home/airflow/.local/lib/python3.7/site-packages/airflow/example_dags/example_trigger_controller_dag.py
[2024-12-03T18:26:54.968+0000] {logging_mixin.py:120} INFO - [2024-12-03T18:26:54.968+0000] {dag.py:2585} INFO - Sync 1 DAGs
[2024-12-03T18:26:55.003+0000] {logging_mixin.py:120} INFO - [2024-12-03T18:26:55.003+0000] {dag.py:3340} INFO - Setting next_dagrun for example_trigger_controller_dag to 2021-01-01T00:00:00+00:00, run_after=2021-01-01T00:00:00+00:00
[2024-12-03T18:26:55.028+0000] {processor.py:176} INFO - Processing /home/airflow/.local/lib/python3.7/site-packages/airflow/example_dags/example_trigger_controller_dag.py took 0.137 seconds
[2024-12-03T18:27:25.529+0000] {processor.py:154} INFO - Started process (PID=14968) to work on /home/airflow/.local/lib/python3.7/site-packages/airflow/example_dags/example_trigger_controller_dag.py
[2024-12-03T18:27:25.530+0000] {processor.py:756} INFO - Processing file /home/airflow/.local/lib/python3.7/site-packages/airflow/example_dags/example_trigger_controller_dag.py for tasks to queue
[2024-12-03T18:27:25.533+0000] {logging_mixin.py:120} INFO - [2024-12-03T18:27:25.533+0000] {dagbag.py:537} INFO - Filling up the DagBag from /home/airflow/.local/lib/python3.7/site-packages/airflow/example_dags/example_trigger_controller_dag.py
[2024-12-03T18:27:25.549+0000] {processor.py:766} INFO - DAG(s) dict_keys(['example_trigger_controller_dag']) retrieved from /home/airflow/.local/lib/python3.7/site-packages/airflow/example_dags/example_trigger_controller_dag.py
[2024-12-03T18:27:25.605+0000] {logging_mixin.py:120} INFO - [2024-12-03T18:27:25.605+0000] {dag.py:2585} INFO - Sync 1 DAGs
[2024-12-03T18:27:25.640+0000] {logging_mixin.py:120} INFO - [2024-12-03T18:27:25.640+0000] {dag.py:3340} INFO - Setting next_dagrun for example_trigger_controller_dag to 2021-01-01T00:00:00+00:00, run_after=2021-01-01T00:00:00+00:00
[2024-12-03T18:27:25.665+0000] {processor.py:176} INFO - Processing /home/airflow/.local/lib/python3.7/site-packages/airflow/example_dags/example_trigger_controller_dag.py took 0.140 seconds
[2024-12-03T18:27:55.973+0000] {processor.py:154} INFO - Started process (PID=15033) to work on /home/airflow/.local/lib/python3.7/site-packages/airflow/example_dags/example_trigger_controller_dag.py
[2024-12-03T18:27:55.975+0000] {processor.py:756} INFO - Processing file /home/airflow/.local/lib/python3.7/site-packages/airflow/example_dags/example_trigger_controller_dag.py for tasks to queue
[2024-12-03T18:27:55.976+0000] {logging_mixin.py:120} INFO - [2024-12-03T18:27:55.976+0000] {dagbag.py:537} INFO - Filling up the DagBag from /home/airflow/.local/lib/python3.7/site-packages/airflow/example_dags/example_trigger_controller_dag.py
[2024-12-03T18:27:55.992+0000] {processor.py:766} INFO - DAG(s) dict_keys(['example_trigger_controller_dag']) retrieved from /home/airflow/.local/lib/python3.7/site-packages/airflow/example_dags/example_trigger_controller_dag.py
[2024-12-03T18:27:56.056+0000] {logging_mixin.py:120} INFO - [2024-12-03T18:27:56.056+0000] {dag.py:2585} INFO - Sync 1 DAGs
[2024-12-03T18:27:56.117+0000] {logging_mixin.py:120} INFO - [2024-12-03T18:27:56.117+0000] {dag.py:3340} INFO - Setting next_dagrun for example_trigger_controller_dag to 2021-01-01T00:00:00+00:00, run_after=2021-01-01T00:00:00+00:00
[2024-12-03T18:27:56.154+0000] {processor.py:176} INFO - Processing /home/airflow/.local/lib/python3.7/site-packages/airflow/example_dags/example_trigger_controller_dag.py took 0.186 seconds
[2024-12-03T18:28:26.208+0000] {processor.py:154} INFO - Started process (PID=15087) to work on /home/airflow/.local/lib/python3.7/site-packages/airflow/example_dags/example_trigger_controller_dag.py
[2024-12-03T18:28:26.210+0000] {processor.py:756} INFO - Processing file /home/airflow/.local/lib/python3.7/site-packages/airflow/example_dags/example_trigger_controller_dag.py for tasks to queue
[2024-12-03T18:28:26.211+0000] {logging_mixin.py:120} INFO - [2024-12-03T18:28:26.210+0000] {dagbag.py:537} INFO - Filling up the DagBag from /home/airflow/.local/lib/python3.7/site-packages/airflow/example_dags/example_trigger_controller_dag.py
[2024-12-03T18:28:26.226+0000] {processor.py:766} INFO - DAG(s) dict_keys(['example_trigger_controller_dag']) retrieved from /home/airflow/.local/lib/python3.7/site-packages/airflow/example_dags/example_trigger_controller_dag.py
[2024-12-03T18:28:26.279+0000] {logging_mixin.py:120} INFO - [2024-12-03T18:28:26.279+0000] {dag.py:2585} INFO - Sync 1 DAGs
[2024-12-03T18:28:26.313+0000] {logging_mixin.py:120} INFO - [2024-12-03T18:28:26.313+0000] {dag.py:3340} INFO - Setting next_dagrun for example_trigger_controller_dag to 2021-01-01T00:00:00+00:00, run_after=2021-01-01T00:00:00+00:00
[2024-12-03T18:28:26.342+0000] {processor.py:176} INFO - Processing /home/airflow/.local/lib/python3.7/site-packages/airflow/example_dags/example_trigger_controller_dag.py took 0.138 seconds
[2024-12-03T18:28:56.486+0000] {processor.py:154} INFO - Started process (PID=15151) to work on /home/airflow/.local/lib/python3.7/site-packages/airflow/example_dags/example_trigger_controller_dag.py
[2024-12-03T18:28:56.487+0000] {processor.py:756} INFO - Processing file /home/airflow/.local/lib/python3.7/site-packages/airflow/example_dags/example_trigger_controller_dag.py for tasks to queue
[2024-12-03T18:28:56.488+0000] {logging_mixin.py:120} INFO - [2024-12-03T18:28:56.488+0000] {dagbag.py:537} INFO - Filling up the DagBag from /home/airflow/.local/lib/python3.7/site-packages/airflow/example_dags/example_trigger_controller_dag.py
[2024-12-03T18:28:56.503+0000] {processor.py:766} INFO - DAG(s) dict_keys(['example_trigger_controller_dag']) retrieved from /home/airflow/.local/lib/python3.7/site-packages/airflow/example_dags/example_trigger_controller_dag.py
[2024-12-03T18:28:56.557+0000] {logging_mixin.py:120} INFO - [2024-12-03T18:28:56.557+0000] {dag.py:2585} INFO - Sync 1 DAGs
[2024-12-03T18:28:56.590+0000] {logging_mixin.py:120} INFO - [2024-12-03T18:28:56.590+0000] {dag.py:3340} INFO - Setting next_dagrun for example_trigger_controller_dag to 2021-01-01T00:00:00+00:00, run_after=2021-01-01T00:00:00+00:00
[2024-12-03T18:28:56.614+0000] {processor.py:176} INFO - Processing /home/airflow/.local/lib/python3.7/site-packages/airflow/example_dags/example_trigger_controller_dag.py took 0.131 seconds
[2024-12-03T18:29:27.331+0000] {processor.py:154} INFO - Started process (PID=15208) to work on /home/airflow/.local/lib/python3.7/site-packages/airflow/example_dags/example_trigger_controller_dag.py
[2024-12-03T18:29:27.332+0000] {processor.py:756} INFO - Processing file /home/airflow/.local/lib/python3.7/site-packages/airflow/example_dags/example_trigger_controller_dag.py for tasks to queue
[2024-12-03T18:29:27.333+0000] {logging_mixin.py:120} INFO - [2024-12-03T18:29:27.333+0000] {dagbag.py:537} INFO - Filling up the DagBag from /home/airflow/.local/lib/python3.7/site-packages/airflow/example_dags/example_trigger_controller_dag.py
[2024-12-03T18:29:27.349+0000] {processor.py:766} INFO - DAG(s) dict_keys(['example_trigger_controller_dag']) retrieved from /home/airflow/.local/lib/python3.7/site-packages/airflow/example_dags/example_trigger_controller_dag.py
[2024-12-03T18:29:27.405+0000] {logging_mixin.py:120} INFO - [2024-12-03T18:29:27.404+0000] {dag.py:2585} INFO - Sync 1 DAGs
[2024-12-03T18:29:27.441+0000] {logging_mixin.py:120} INFO - [2024-12-03T18:29:27.441+0000] {dag.py:3340} INFO - Setting next_dagrun for example_trigger_controller_dag to 2021-01-01T00:00:00+00:00, run_after=2021-01-01T00:00:00+00:00
[2024-12-03T18:29:27.470+0000] {processor.py:176} INFO - Processing /home/airflow/.local/lib/python3.7/site-packages/airflow/example_dags/example_trigger_controller_dag.py took 0.144 seconds
[2024-12-03T18:29:57.997+0000] {processor.py:154} INFO - Started process (PID=15272) to work on /home/airflow/.local/lib/python3.7/site-packages/airflow/example_dags/example_trigger_controller_dag.py
[2024-12-03T18:29:57.998+0000] {processor.py:756} INFO - Processing file /home/airflow/.local/lib/python3.7/site-packages/airflow/example_dags/example_trigger_controller_dag.py for tasks to queue
[2024-12-03T18:29:57.999+0000] {logging_mixin.py:120} INFO - [2024-12-03T18:29:57.999+0000] {dagbag.py:537} INFO - Filling up the DagBag from /home/airflow/.local/lib/python3.7/site-packages/airflow/example_dags/example_trigger_controller_dag.py
[2024-12-03T18:29:58.015+0000] {processor.py:766} INFO - DAG(s) dict_keys(['example_trigger_controller_dag']) retrieved from /home/airflow/.local/lib/python3.7/site-packages/airflow/example_dags/example_trigger_controller_dag.py
[2024-12-03T18:29:58.077+0000] {logging_mixin.py:120} INFO - [2024-12-03T18:29:58.076+0000] {dag.py:2585} INFO - Sync 1 DAGs
[2024-12-03T18:29:58.110+0000] {logging_mixin.py:120} INFO - [2024-12-03T18:29:58.110+0000] {dag.py:3340} INFO - Setting next_dagrun for example_trigger_controller_dag to 2021-01-01T00:00:00+00:00, run_after=2021-01-01T00:00:00+00:00
[2024-12-03T18:29:58.139+0000] {processor.py:176} INFO - Processing /home/airflow/.local/lib/python3.7/site-packages/airflow/example_dags/example_trigger_controller_dag.py took 0.147 seconds
