[2024-12-03T18:25:25.769+0000] {processor.py:154} INFO - Started process (PID=14730) to work on /home/airflow/.local/lib/python3.7/site-packages/airflow/example_dags/example_task_group.py
[2024-12-03T18:25:25.770+0000] {processor.py:756} INFO - Processing file /home/airflow/.local/lib/python3.7/site-packages/airflow/example_dags/example_task_group.py for tasks to queue
[2024-12-03T18:25:25.771+0000] {logging_mixin.py:120} INFO - [2024-12-03T18:25:25.771+0000] {dagbag.py:537} INFO - Filling up the DagBag from /home/airflow/.local/lib/python3.7/site-packages/airflow/example_dags/example_task_group.py
[2024-12-03T18:25:25.796+0000] {processor.py:766} INFO - DAG(s) dict_keys(['example_task_group']) retrieved from /home/airflow/.local/lib/python3.7/site-packages/airflow/example_dags/example_task_group.py
[2024-12-03T18:25:25.860+0000] {logging_mixin.py:120} INFO - [2024-12-03T18:25:25.860+0000] {dag.py:2585} INFO - Sync 1 DAGs
[2024-12-03T18:25:25.895+0000] {logging_mixin.py:120} INFO - [2024-12-03T18:25:25.895+0000] {dag.py:3340} INFO - Setting next_dagrun for example_task_group to 2024-12-02T18:25:25.895290+00:00, run_after=2024-12-03T18:25:25.895290+00:00
[2024-12-03T18:25:25.924+0000] {processor.py:176} INFO - Processing /home/airflow/.local/lib/python3.7/site-packages/airflow/example_dags/example_task_group.py took 0.160 seconds
[2024-12-03T18:25:56.161+0000] {processor.py:154} INFO - Started process (PID=14785) to work on /home/airflow/.local/lib/python3.7/site-packages/airflow/example_dags/example_task_group.py
[2024-12-03T18:25:56.162+0000] {processor.py:756} INFO - Processing file /home/airflow/.local/lib/python3.7/site-packages/airflow/example_dags/example_task_group.py for tasks to queue
[2024-12-03T18:25:56.163+0000] {logging_mixin.py:120} INFO - [2024-12-03T18:25:56.163+0000] {dagbag.py:537} INFO - Filling up the DagBag from /home/airflow/.local/lib/python3.7/site-packages/airflow/example_dags/example_task_group.py
[2024-12-03T18:25:56.187+0000] {processor.py:766} INFO - DAG(s) dict_keys(['example_task_group']) retrieved from /home/airflow/.local/lib/python3.7/site-packages/airflow/example_dags/example_task_group.py
[2024-12-03T18:25:56.254+0000] {logging_mixin.py:120} INFO - [2024-12-03T18:25:56.254+0000] {dag.py:2585} INFO - Sync 1 DAGs
[2024-12-03T18:25:56.299+0000] {logging_mixin.py:120} INFO - [2024-12-03T18:25:56.299+0000] {dag.py:3340} INFO - Setting next_dagrun for example_task_group to 2024-12-02T18:25:56.299324+00:00, run_after=2024-12-03T18:25:56.299324+00:00
[2024-12-03T18:25:56.325+0000] {processor.py:176} INFO - Processing /home/airflow/.local/lib/python3.7/site-packages/airflow/example_dags/example_task_group.py took 0.169 seconds
[2024-12-03T18:26:27.139+0000] {processor.py:154} INFO - Started process (PID=14852) to work on /home/airflow/.local/lib/python3.7/site-packages/airflow/example_dags/example_task_group.py
[2024-12-03T18:26:27.140+0000] {processor.py:756} INFO - Processing file /home/airflow/.local/lib/python3.7/site-packages/airflow/example_dags/example_task_group.py for tasks to queue
[2024-12-03T18:26:27.142+0000] {logging_mixin.py:120} INFO - [2024-12-03T18:26:27.141+0000] {dagbag.py:537} INFO - Filling up the DagBag from /home/airflow/.local/lib/python3.7/site-packages/airflow/example_dags/example_task_group.py
[2024-12-03T18:26:27.223+0000] {processor.py:766} INFO - DAG(s) dict_keys(['example_task_group']) retrieved from /home/airflow/.local/lib/python3.7/site-packages/airflow/example_dags/example_task_group.py
[2024-12-03T18:26:27.279+0000] {logging_mixin.py:120} INFO - [2024-12-03T18:26:27.279+0000] {dag.py:2585} INFO - Sync 1 DAGs
[2024-12-03T18:26:27.311+0000] {logging_mixin.py:120} INFO - [2024-12-03T18:26:27.310+0000] {dag.py:3340} INFO - Setting next_dagrun for example_task_group to 2024-12-02T18:26:27.310647+00:00, run_after=2024-12-03T18:26:27.310647+00:00
[2024-12-03T18:26:27.334+0000] {processor.py:176} INFO - Processing /home/airflow/.local/lib/python3.7/site-packages/airflow/example_dags/example_task_group.py took 0.200 seconds
[2024-12-03T18:26:57.384+0000] {processor.py:154} INFO - Started process (PID=14907) to work on /home/airflow/.local/lib/python3.7/site-packages/airflow/example_dags/example_task_group.py
[2024-12-03T18:26:57.385+0000] {processor.py:756} INFO - Processing file /home/airflow/.local/lib/python3.7/site-packages/airflow/example_dags/example_task_group.py for tasks to queue
[2024-12-03T18:26:57.386+0000] {logging_mixin.py:120} INFO - [2024-12-03T18:26:57.386+0000] {dagbag.py:537} INFO - Filling up the DagBag from /home/airflow/.local/lib/python3.7/site-packages/airflow/example_dags/example_task_group.py
[2024-12-03T18:26:57.408+0000] {processor.py:766} INFO - DAG(s) dict_keys(['example_task_group']) retrieved from /home/airflow/.local/lib/python3.7/site-packages/airflow/example_dags/example_task_group.py
[2024-12-03T18:26:57.459+0000] {logging_mixin.py:120} INFO - [2024-12-03T18:26:57.459+0000] {dag.py:2585} INFO - Sync 1 DAGs
[2024-12-03T18:26:57.493+0000] {logging_mixin.py:120} INFO - [2024-12-03T18:26:57.493+0000] {dag.py:3340} INFO - Setting next_dagrun for example_task_group to 2024-12-02T18:26:57.492839+00:00, run_after=2024-12-03T18:26:57.492839+00:00
[2024-12-03T18:26:57.514+0000] {processor.py:176} INFO - Processing /home/airflow/.local/lib/python3.7/site-packages/airflow/example_dags/example_task_group.py took 0.135 seconds
[2024-12-03T18:27:27.883+0000] {processor.py:154} INFO - Started process (PID=14972) to work on /home/airflow/.local/lib/python3.7/site-packages/airflow/example_dags/example_task_group.py
[2024-12-03T18:27:27.884+0000] {processor.py:756} INFO - Processing file /home/airflow/.local/lib/python3.7/site-packages/airflow/example_dags/example_task_group.py for tasks to queue
[2024-12-03T18:27:27.888+0000] {logging_mixin.py:120} INFO - [2024-12-03T18:27:27.888+0000] {dagbag.py:537} INFO - Filling up the DagBag from /home/airflow/.local/lib/python3.7/site-packages/airflow/example_dags/example_task_group.py
[2024-12-03T18:27:27.911+0000] {processor.py:766} INFO - DAG(s) dict_keys(['example_task_group']) retrieved from /home/airflow/.local/lib/python3.7/site-packages/airflow/example_dags/example_task_group.py
[2024-12-03T18:27:27.967+0000] {logging_mixin.py:120} INFO - [2024-12-03T18:27:27.967+0000] {dag.py:2585} INFO - Sync 1 DAGs
[2024-12-03T18:27:28.002+0000] {logging_mixin.py:120} INFO - [2024-12-03T18:27:28.001+0000] {dag.py:3340} INFO - Setting next_dagrun for example_task_group to 2024-12-02T18:27:28.001504+00:00, run_after=2024-12-03T18:27:28.001504+00:00
[2024-12-03T18:27:28.030+0000] {processor.py:176} INFO - Processing /home/airflow/.local/lib/python3.7/site-packages/airflow/example_dags/example_task_group.py took 0.151 seconds
[2024-12-03T18:27:58.233+0000] {processor.py:154} INFO - Started process (PID=15037) to work on /home/airflow/.local/lib/python3.7/site-packages/airflow/example_dags/example_task_group.py
[2024-12-03T18:27:58.235+0000] {processor.py:756} INFO - Processing file /home/airflow/.local/lib/python3.7/site-packages/airflow/example_dags/example_task_group.py for tasks to queue
[2024-12-03T18:27:58.238+0000] {logging_mixin.py:120} INFO - [2024-12-03T18:27:58.238+0000] {dagbag.py:537} INFO - Filling up the DagBag from /home/airflow/.local/lib/python3.7/site-packages/airflow/example_dags/example_task_group.py
[2024-12-03T18:27:58.263+0000] {processor.py:766} INFO - DAG(s) dict_keys(['example_task_group']) retrieved from /home/airflow/.local/lib/python3.7/site-packages/airflow/example_dags/example_task_group.py
[2024-12-03T18:27:58.329+0000] {logging_mixin.py:120} INFO - [2024-12-03T18:27:58.329+0000] {dag.py:2585} INFO - Sync 1 DAGs
[2024-12-03T18:27:58.364+0000] {logging_mixin.py:120} INFO - [2024-12-03T18:27:58.364+0000] {dag.py:3340} INFO - Setting next_dagrun for example_task_group to 2024-12-02T18:27:58.363837+00:00, run_after=2024-12-03T18:27:58.363837+00:00
[2024-12-03T18:27:58.393+0000] {processor.py:176} INFO - Processing /home/airflow/.local/lib/python3.7/site-packages/airflow/example_dags/example_task_group.py took 0.164 seconds
[2024-12-03T18:28:29.179+0000] {processor.py:154} INFO - Started process (PID=15094) to work on /home/airflow/.local/lib/python3.7/site-packages/airflow/example_dags/example_task_group.py
[2024-12-03T18:28:29.180+0000] {processor.py:756} INFO - Processing file /home/airflow/.local/lib/python3.7/site-packages/airflow/example_dags/example_task_group.py for tasks to queue
[2024-12-03T18:28:29.181+0000] {logging_mixin.py:120} INFO - [2024-12-03T18:28:29.181+0000] {dagbag.py:537} INFO - Filling up the DagBag from /home/airflow/.local/lib/python3.7/site-packages/airflow/example_dags/example_task_group.py
[2024-12-03T18:28:29.202+0000] {processor.py:766} INFO - DAG(s) dict_keys(['example_task_group']) retrieved from /home/airflow/.local/lib/python3.7/site-packages/airflow/example_dags/example_task_group.py
[2024-12-03T18:28:29.244+0000] {logging_mixin.py:120} INFO - [2024-12-03T18:28:29.244+0000] {dag.py:2585} INFO - Sync 1 DAGs
[2024-12-03T18:28:29.270+0000] {logging_mixin.py:120} INFO - [2024-12-03T18:28:29.270+0000] {dag.py:3340} INFO - Setting next_dagrun for example_task_group to 2024-12-02T18:28:29.270311+00:00, run_after=2024-12-03T18:28:29.270311+00:00
[2024-12-03T18:28:29.294+0000] {processor.py:176} INFO - Processing /home/airflow/.local/lib/python3.7/site-packages/airflow/example_dags/example_task_group.py took 0.121 seconds
[2024-12-03T18:29:00.194+0000] {processor.py:154} INFO - Started process (PID=15159) to work on /home/airflow/.local/lib/python3.7/site-packages/airflow/example_dags/example_task_group.py
[2024-12-03T18:29:00.195+0000] {processor.py:756} INFO - Processing file /home/airflow/.local/lib/python3.7/site-packages/airflow/example_dags/example_task_group.py for tasks to queue
[2024-12-03T18:29:00.196+0000] {logging_mixin.py:120} INFO - [2024-12-03T18:29:00.196+0000] {dagbag.py:537} INFO - Filling up the DagBag from /home/airflow/.local/lib/python3.7/site-packages/airflow/example_dags/example_task_group.py
[2024-12-03T18:29:00.217+0000] {processor.py:766} INFO - DAG(s) dict_keys(['example_task_group']) retrieved from /home/airflow/.local/lib/python3.7/site-packages/airflow/example_dags/example_task_group.py
[2024-12-03T18:29:00.260+0000] {logging_mixin.py:120} INFO - [2024-12-03T18:29:00.260+0000] {dag.py:2585} INFO - Sync 1 DAGs
[2024-12-03T18:29:00.287+0000] {logging_mixin.py:120} INFO - [2024-12-03T18:29:00.287+0000] {dag.py:3340} INFO - Setting next_dagrun for example_task_group to 2024-12-02T18:29:00.287317+00:00, run_after=2024-12-03T18:29:00.287317+00:00
[2024-12-03T18:29:00.312+0000] {processor.py:176} INFO - Processing /home/airflow/.local/lib/python3.7/site-packages/airflow/example_dags/example_task_group.py took 0.124 seconds
[2024-12-03T18:29:30.609+0000] {processor.py:154} INFO - Started process (PID=15223) to work on /home/airflow/.local/lib/python3.7/site-packages/airflow/example_dags/example_task_group.py
[2024-12-03T18:29:30.610+0000] {processor.py:756} INFO - Processing file /home/airflow/.local/lib/python3.7/site-packages/airflow/example_dags/example_task_group.py for tasks to queue
[2024-12-03T18:29:30.611+0000] {logging_mixin.py:120} INFO - [2024-12-03T18:29:30.611+0000] {dagbag.py:537} INFO - Filling up the DagBag from /home/airflow/.local/lib/python3.7/site-packages/airflow/example_dags/example_task_group.py
[2024-12-03T18:29:30.633+0000] {processor.py:766} INFO - DAG(s) dict_keys(['example_task_group']) retrieved from /home/airflow/.local/lib/python3.7/site-packages/airflow/example_dags/example_task_group.py
[2024-12-03T18:29:30.680+0000] {logging_mixin.py:120} INFO - [2024-12-03T18:29:30.680+0000] {dag.py:2585} INFO - Sync 1 DAGs
[2024-12-03T18:29:30.708+0000] {logging_mixin.py:120} INFO - [2024-12-03T18:29:30.708+0000] {dag.py:3340} INFO - Setting next_dagrun for example_task_group to 2024-12-02T18:29:30.707892+00:00, run_after=2024-12-03T18:29:30.707892+00:00
[2024-12-03T18:29:30.739+0000] {processor.py:176} INFO - Processing /home/airflow/.local/lib/python3.7/site-packages/airflow/example_dags/example_task_group.py took 0.134 seconds
[2024-12-03T18:30:01.601+0000] {processor.py:154} INFO - Started process (PID=15279) to work on /home/airflow/.local/lib/python3.7/site-packages/airflow/example_dags/example_task_group.py
[2024-12-03T18:30:01.602+0000] {processor.py:756} INFO - Processing file /home/airflow/.local/lib/python3.7/site-packages/airflow/example_dags/example_task_group.py for tasks to queue
[2024-12-03T18:30:01.603+0000] {logging_mixin.py:120} INFO - [2024-12-03T18:30:01.603+0000] {dagbag.py:537} INFO - Filling up the DagBag from /home/airflow/.local/lib/python3.7/site-packages/airflow/example_dags/example_task_group.py
[2024-12-03T18:30:01.626+0000] {processor.py:766} INFO - DAG(s) dict_keys(['example_task_group']) retrieved from /home/airflow/.local/lib/python3.7/site-packages/airflow/example_dags/example_task_group.py
[2024-12-03T18:30:01.682+0000] {logging_mixin.py:120} INFO - [2024-12-03T18:30:01.682+0000] {dag.py:2585} INFO - Sync 1 DAGs
[2024-12-03T18:30:01.718+0000] {logging_mixin.py:120} INFO - [2024-12-03T18:30:01.718+0000] {dag.py:3340} INFO - Setting next_dagrun for example_task_group to 2024-12-02T18:30:01.718146+00:00, run_after=2024-12-03T18:30:01.718146+00:00
[2024-12-03T18:30:01.744+0000] {processor.py:176} INFO - Processing /home/airflow/.local/lib/python3.7/site-packages/airflow/example_dags/example_task_group.py took 0.147 seconds
