[2024-12-03T18:25:34.960+0000] {processor.py:154} INFO - Started process (PID=14752) to work on /home/airflow/.local/lib/python3.7/site-packages/airflow/example_dags/example_dag_decorator.py
[2024-12-03T18:25:34.961+0000] {processor.py:756} INFO - Processing file /home/airflow/.local/lib/python3.7/site-packages/airflow/example_dags/example_dag_decorator.py for tasks to queue
[2024-12-03T18:25:34.962+0000] {logging_mixin.py:120} INFO - [2024-12-03T18:25:34.962+0000] {dagbag.py:537} INFO - Filling up the DagBag from /home/airflow/.local/lib/python3.7/site-packages/airflow/example_dags/example_dag_decorator.py
[2024-12-03T18:25:34.983+0000] {logging_mixin.py:120} INFO - [2024-12-03T18:25:34.983+0000] {taskmixin.py:205} WARNING - Dependency <Task(_PythonDecoratedOperator): prepare_email>, send_email already registered for DAG: example_dag_decorator
[2024-12-03T18:25:34.984+0000] {logging_mixin.py:120} INFO - [2024-12-03T18:25:34.984+0000] {taskmixin.py:205} WARNING - Dependency <Task(EmailOperator): send_email>, prepare_email already registered for DAG: example_dag_decorator
[2024-12-03T18:25:35.001+0000] {processor.py:766} INFO - DAG(s) dict_keys(['example_dag_decorator']) retrieved from /home/airflow/.local/lib/python3.7/site-packages/airflow/example_dags/example_dag_decorator.py
[2024-12-03T18:25:35.115+0000] {logging_mixin.py:120} INFO - [2024-12-03T18:25:35.115+0000] {dag.py:2585} INFO - Sync 1 DAGs
[2024-12-03T18:25:35.147+0000] {logging_mixin.py:120} INFO - [2024-12-03T18:25:35.147+0000] {dag.py:3340} INFO - Setting next_dagrun for example_dag_decorator to None, run_after=None
[2024-12-03T18:25:35.175+0000] {processor.py:176} INFO - Processing /home/airflow/.local/lib/python3.7/site-packages/airflow/example_dags/example_dag_decorator.py took 0.219 seconds
[2024-12-03T18:26:06.158+0000] {processor.py:154} INFO - Started process (PID=14816) to work on /home/airflow/.local/lib/python3.7/site-packages/airflow/example_dags/example_dag_decorator.py
[2024-12-03T18:26:06.159+0000] {processor.py:756} INFO - Processing file /home/airflow/.local/lib/python3.7/site-packages/airflow/example_dags/example_dag_decorator.py for tasks to queue
[2024-12-03T18:26:06.160+0000] {logging_mixin.py:120} INFO - [2024-12-03T18:26:06.160+0000] {dagbag.py:537} INFO - Filling up the DagBag from /home/airflow/.local/lib/python3.7/site-packages/airflow/example_dags/example_dag_decorator.py
[2024-12-03T18:26:06.180+0000] {logging_mixin.py:120} INFO - [2024-12-03T18:26:06.180+0000] {taskmixin.py:205} WARNING - Dependency <Task(_PythonDecoratedOperator): prepare_email>, send_email already registered for DAG: example_dag_decorator
[2024-12-03T18:26:06.181+0000] {logging_mixin.py:120} INFO - [2024-12-03T18:26:06.181+0000] {taskmixin.py:205} WARNING - Dependency <Task(EmailOperator): send_email>, prepare_email already registered for DAG: example_dag_decorator
[2024-12-03T18:26:06.198+0000] {processor.py:766} INFO - DAG(s) dict_keys(['example_dag_decorator']) retrieved from /home/airflow/.local/lib/python3.7/site-packages/airflow/example_dags/example_dag_decorator.py
[2024-12-03T18:26:06.296+0000] {logging_mixin.py:120} INFO - [2024-12-03T18:26:06.296+0000] {dag.py:2585} INFO - Sync 1 DAGs
[2024-12-03T18:26:06.319+0000] {logging_mixin.py:120} INFO - [2024-12-03T18:26:06.319+0000] {dag.py:3340} INFO - Setting next_dagrun for example_dag_decorator to None, run_after=None
[2024-12-03T18:26:06.338+0000] {processor.py:176} INFO - Processing /home/airflow/.local/lib/python3.7/site-packages/airflow/example_dags/example_dag_decorator.py took 0.185 seconds
[2024-12-03T18:26:36.758+0000] {processor.py:154} INFO - Started process (PID=14882) to work on /home/airflow/.local/lib/python3.7/site-packages/airflow/example_dags/example_dag_decorator.py
[2024-12-03T18:26:36.759+0000] {processor.py:756} INFO - Processing file /home/airflow/.local/lib/python3.7/site-packages/airflow/example_dags/example_dag_decorator.py for tasks to queue
[2024-12-03T18:26:36.760+0000] {logging_mixin.py:120} INFO - [2024-12-03T18:26:36.759+0000] {dagbag.py:537} INFO - Filling up the DagBag from /home/airflow/.local/lib/python3.7/site-packages/airflow/example_dags/example_dag_decorator.py
[2024-12-03T18:26:36.784+0000] {logging_mixin.py:120} INFO - [2024-12-03T18:26:36.784+0000] {taskmixin.py:205} WARNING - Dependency <Task(_PythonDecoratedOperator): prepare_email>, send_email already registered for DAG: example_dag_decorator
[2024-12-03T18:26:36.785+0000] {logging_mixin.py:120} INFO - [2024-12-03T18:26:36.785+0000] {taskmixin.py:205} WARNING - Dependency <Task(EmailOperator): send_email>, prepare_email already registered for DAG: example_dag_decorator
[2024-12-03T18:26:36.803+0000] {processor.py:766} INFO - DAG(s) dict_keys(['example_dag_decorator']) retrieved from /home/airflow/.local/lib/python3.7/site-packages/airflow/example_dags/example_dag_decorator.py
[2024-12-03T18:26:36.916+0000] {logging_mixin.py:120} INFO - [2024-12-03T18:26:36.916+0000] {dag.py:2585} INFO - Sync 1 DAGs
[2024-12-03T18:26:36.948+0000] {logging_mixin.py:120} INFO - [2024-12-03T18:26:36.947+0000] {dag.py:3340} INFO - Setting next_dagrun for example_dag_decorator to None, run_after=None
[2024-12-03T18:26:36.975+0000] {processor.py:176} INFO - Processing /home/airflow/.local/lib/python3.7/site-packages/airflow/example_dags/example_dag_decorator.py took 0.222 seconds
[2024-12-03T18:27:07.082+0000] {processor.py:154} INFO - Started process (PID=14938) to work on /home/airflow/.local/lib/python3.7/site-packages/airflow/example_dags/example_dag_decorator.py
[2024-12-03T18:27:07.083+0000] {processor.py:756} INFO - Processing file /home/airflow/.local/lib/python3.7/site-packages/airflow/example_dags/example_dag_decorator.py for tasks to queue
[2024-12-03T18:27:07.084+0000] {logging_mixin.py:120} INFO - [2024-12-03T18:27:07.084+0000] {dagbag.py:537} INFO - Filling up the DagBag from /home/airflow/.local/lib/python3.7/site-packages/airflow/example_dags/example_dag_decorator.py
[2024-12-03T18:27:07.101+0000] {logging_mixin.py:120} INFO - [2024-12-03T18:27:07.101+0000] {taskmixin.py:205} WARNING - Dependency <Task(_PythonDecoratedOperator): prepare_email>, send_email already registered for DAG: example_dag_decorator
[2024-12-03T18:27:07.101+0000] {logging_mixin.py:120} INFO - [2024-12-03T18:27:07.101+0000] {taskmixin.py:205} WARNING - Dependency <Task(EmailOperator): send_email>, prepare_email already registered for DAG: example_dag_decorator
[2024-12-03T18:27:07.115+0000] {processor.py:766} INFO - DAG(s) dict_keys(['example_dag_decorator']) retrieved from /home/airflow/.local/lib/python3.7/site-packages/airflow/example_dags/example_dag_decorator.py
[2024-12-03T18:27:07.204+0000] {logging_mixin.py:120} INFO - [2024-12-03T18:27:07.204+0000] {dag.py:2585} INFO - Sync 1 DAGs
[2024-12-03T18:27:07.230+0000] {logging_mixin.py:120} INFO - [2024-12-03T18:27:07.229+0000] {dag.py:3340} INFO - Setting next_dagrun for example_dag_decorator to None, run_after=None
[2024-12-03T18:27:07.251+0000] {processor.py:176} INFO - Processing /home/airflow/.local/lib/python3.7/site-packages/airflow/example_dags/example_dag_decorator.py took 0.172 seconds
[2024-12-03T18:27:37.779+0000] {processor.py:154} INFO - Started process (PID=15003) to work on /home/airflow/.local/lib/python3.7/site-packages/airflow/example_dags/example_dag_decorator.py
[2024-12-03T18:27:37.780+0000] {processor.py:756} INFO - Processing file /home/airflow/.local/lib/python3.7/site-packages/airflow/example_dags/example_dag_decorator.py for tasks to queue
[2024-12-03T18:27:37.781+0000] {logging_mixin.py:120} INFO - [2024-12-03T18:27:37.781+0000] {dagbag.py:537} INFO - Filling up the DagBag from /home/airflow/.local/lib/python3.7/site-packages/airflow/example_dags/example_dag_decorator.py
[2024-12-03T18:27:37.803+0000] {logging_mixin.py:120} INFO - [2024-12-03T18:27:37.803+0000] {taskmixin.py:205} WARNING - Dependency <Task(_PythonDecoratedOperator): prepare_email>, send_email already registered for DAG: example_dag_decorator
[2024-12-03T18:27:37.803+0000] {logging_mixin.py:120} INFO - [2024-12-03T18:27:37.803+0000] {taskmixin.py:205} WARNING - Dependency <Task(EmailOperator): send_email>, prepare_email already registered for DAG: example_dag_decorator
[2024-12-03T18:27:37.822+0000] {processor.py:766} INFO - DAG(s) dict_keys(['example_dag_decorator']) retrieved from /home/airflow/.local/lib/python3.7/site-packages/airflow/example_dags/example_dag_decorator.py
[2024-12-03T18:27:37.942+0000] {logging_mixin.py:120} INFO - [2024-12-03T18:27:37.942+0000] {dag.py:2585} INFO - Sync 1 DAGs
[2024-12-03T18:27:37.979+0000] {logging_mixin.py:120} INFO - [2024-12-03T18:27:37.979+0000] {dag.py:3340} INFO - Setting next_dagrun for example_dag_decorator to None, run_after=None
[2024-12-03T18:27:38.006+0000] {processor.py:176} INFO - Processing /home/airflow/.local/lib/python3.7/site-packages/airflow/example_dags/example_dag_decorator.py took 0.232 seconds
[2024-12-03T18:28:08.276+0000] {processor.py:154} INFO - Started process (PID=15069) to work on /home/airflow/.local/lib/python3.7/site-packages/airflow/example_dags/example_dag_decorator.py
[2024-12-03T18:28:08.277+0000] {processor.py:756} INFO - Processing file /home/airflow/.local/lib/python3.7/site-packages/airflow/example_dags/example_dag_decorator.py for tasks to queue
[2024-12-03T18:28:08.278+0000] {logging_mixin.py:120} INFO - [2024-12-03T18:28:08.278+0000] {dagbag.py:537} INFO - Filling up the DagBag from /home/airflow/.local/lib/python3.7/site-packages/airflow/example_dags/example_dag_decorator.py
[2024-12-03T18:28:08.300+0000] {logging_mixin.py:120} INFO - [2024-12-03T18:28:08.299+0000] {taskmixin.py:205} WARNING - Dependency <Task(_PythonDecoratedOperator): prepare_email>, send_email already registered for DAG: example_dag_decorator
[2024-12-03T18:28:08.300+0000] {logging_mixin.py:120} INFO - [2024-12-03T18:28:08.300+0000] {taskmixin.py:205} WARNING - Dependency <Task(EmailOperator): send_email>, prepare_email already registered for DAG: example_dag_decorator
[2024-12-03T18:28:08.319+0000] {processor.py:766} INFO - DAG(s) dict_keys(['example_dag_decorator']) retrieved from /home/airflow/.local/lib/python3.7/site-packages/airflow/example_dags/example_dag_decorator.py
[2024-12-03T18:28:08.411+0000] {logging_mixin.py:120} INFO - [2024-12-03T18:28:08.410+0000] {dag.py:2585} INFO - Sync 1 DAGs
[2024-12-03T18:28:08.441+0000] {logging_mixin.py:120} INFO - [2024-12-03T18:28:08.441+0000] {dag.py:3340} INFO - Setting next_dagrun for example_dag_decorator to None, run_after=None
[2024-12-03T18:28:08.466+0000] {processor.py:176} INFO - Processing /home/airflow/.local/lib/python3.7/site-packages/airflow/example_dags/example_dag_decorator.py took 0.195 seconds
[2024-12-03T18:28:38.570+0000] {processor.py:154} INFO - Started process (PID=15124) to work on /home/airflow/.local/lib/python3.7/site-packages/airflow/example_dags/example_dag_decorator.py
[2024-12-03T18:28:38.571+0000] {processor.py:756} INFO - Processing file /home/airflow/.local/lib/python3.7/site-packages/airflow/example_dags/example_dag_decorator.py for tasks to queue
[2024-12-03T18:28:38.572+0000] {logging_mixin.py:120} INFO - [2024-12-03T18:28:38.572+0000] {dagbag.py:537} INFO - Filling up the DagBag from /home/airflow/.local/lib/python3.7/site-packages/airflow/example_dags/example_dag_decorator.py
[2024-12-03T18:28:38.593+0000] {logging_mixin.py:120} INFO - [2024-12-03T18:28:38.593+0000] {taskmixin.py:205} WARNING - Dependency <Task(_PythonDecoratedOperator): prepare_email>, send_email already registered for DAG: example_dag_decorator
[2024-12-03T18:28:38.594+0000] {logging_mixin.py:120} INFO - [2024-12-03T18:28:38.594+0000] {taskmixin.py:205} WARNING - Dependency <Task(EmailOperator): send_email>, prepare_email already registered for DAG: example_dag_decorator
[2024-12-03T18:28:38.612+0000] {processor.py:766} INFO - DAG(s) dict_keys(['example_dag_decorator']) retrieved from /home/airflow/.local/lib/python3.7/site-packages/airflow/example_dags/example_dag_decorator.py
[2024-12-03T18:28:38.733+0000] {logging_mixin.py:120} INFO - [2024-12-03T18:28:38.733+0000] {dag.py:2585} INFO - Sync 1 DAGs
[2024-12-03T18:28:38.770+0000] {logging_mixin.py:120} INFO - [2024-12-03T18:28:38.769+0000] {dag.py:3340} INFO - Setting next_dagrun for example_dag_decorator to None, run_after=None
[2024-12-03T18:28:38.797+0000] {processor.py:176} INFO - Processing /home/airflow/.local/lib/python3.7/site-packages/airflow/example_dags/example_dag_decorator.py took 0.232 seconds
[2024-12-03T18:29:09.469+0000] {processor.py:154} INFO - Started process (PID=15189) to work on /home/airflow/.local/lib/python3.7/site-packages/airflow/example_dags/example_dag_decorator.py
[2024-12-03T18:29:09.471+0000] {processor.py:756} INFO - Processing file /home/airflow/.local/lib/python3.7/site-packages/airflow/example_dags/example_dag_decorator.py for tasks to queue
[2024-12-03T18:29:09.472+0000] {logging_mixin.py:120} INFO - [2024-12-03T18:29:09.471+0000] {dagbag.py:537} INFO - Filling up the DagBag from /home/airflow/.local/lib/python3.7/site-packages/airflow/example_dags/example_dag_decorator.py
[2024-12-03T18:29:09.492+0000] {logging_mixin.py:120} INFO - [2024-12-03T18:29:09.492+0000] {taskmixin.py:205} WARNING - Dependency <Task(_PythonDecoratedOperator): prepare_email>, send_email already registered for DAG: example_dag_decorator
[2024-12-03T18:29:09.493+0000] {logging_mixin.py:120} INFO - [2024-12-03T18:29:09.493+0000] {taskmixin.py:205} WARNING - Dependency <Task(EmailOperator): send_email>, prepare_email already registered for DAG: example_dag_decorator
[2024-12-03T18:29:09.511+0000] {processor.py:766} INFO - DAG(s) dict_keys(['example_dag_decorator']) retrieved from /home/airflow/.local/lib/python3.7/site-packages/airflow/example_dags/example_dag_decorator.py
[2024-12-03T18:29:09.623+0000] {logging_mixin.py:120} INFO - [2024-12-03T18:29:09.623+0000] {dag.py:2585} INFO - Sync 1 DAGs
[2024-12-03T18:29:09.653+0000] {logging_mixin.py:120} INFO - [2024-12-03T18:29:09.652+0000] {dag.py:3340} INFO - Setting next_dagrun for example_dag_decorator to None, run_after=None
[2024-12-03T18:29:09.680+0000] {processor.py:176} INFO - Processing /home/airflow/.local/lib/python3.7/site-packages/airflow/example_dags/example_dag_decorator.py took 0.216 seconds
[2024-12-03T18:29:40.209+0000] {processor.py:154} INFO - Started process (PID=15253) to work on /home/airflow/.local/lib/python3.7/site-packages/airflow/example_dags/example_dag_decorator.py
[2024-12-03T18:29:40.211+0000] {processor.py:756} INFO - Processing file /home/airflow/.local/lib/python3.7/site-packages/airflow/example_dags/example_dag_decorator.py for tasks to queue
[2024-12-03T18:29:40.214+0000] {logging_mixin.py:120} INFO - [2024-12-03T18:29:40.214+0000] {dagbag.py:537} INFO - Filling up the DagBag from /home/airflow/.local/lib/python3.7/site-packages/airflow/example_dags/example_dag_decorator.py
[2024-12-03T18:29:40.237+0000] {logging_mixin.py:120} INFO - [2024-12-03T18:29:40.237+0000] {taskmixin.py:205} WARNING - Dependency <Task(_PythonDecoratedOperator): prepare_email>, send_email already registered for DAG: example_dag_decorator
[2024-12-03T18:29:40.237+0000] {logging_mixin.py:120} INFO - [2024-12-03T18:29:40.237+0000] {taskmixin.py:205} WARNING - Dependency <Task(EmailOperator): send_email>, prepare_email already registered for DAG: example_dag_decorator
[2024-12-03T18:29:40.255+0000] {processor.py:766} INFO - DAG(s) dict_keys(['example_dag_decorator']) retrieved from /home/airflow/.local/lib/python3.7/site-packages/airflow/example_dags/example_dag_decorator.py
[2024-12-03T18:29:40.361+0000] {logging_mixin.py:120} INFO - [2024-12-03T18:29:40.361+0000] {dag.py:2585} INFO - Sync 1 DAGs
[2024-12-03T18:29:40.386+0000] {logging_mixin.py:120} INFO - [2024-12-03T18:29:40.386+0000] {dag.py:3340} INFO - Setting next_dagrun for example_dag_decorator to None, run_after=None
[2024-12-03T18:29:40.407+0000] {processor.py:176} INFO - Processing /home/airflow/.local/lib/python3.7/site-packages/airflow/example_dags/example_dag_decorator.py took 0.202 seconds
