[2024-12-03T18:25:32.710+0000] {processor.py:154} INFO - Started process (PID=14748) to work on /home/airflow/.local/lib/python3.7/site-packages/airflow/example_dags/example_latest_only_with_trigger.py
[2024-12-03T18:25:32.711+0000] {processor.py:756} INFO - Processing file /home/airflow/.local/lib/python3.7/site-packages/airflow/example_dags/example_latest_only_with_trigger.py for tasks to queue
[2024-12-03T18:25:32.712+0000] {logging_mixin.py:120} INFO - [2024-12-03T18:25:32.712+0000] {dagbag.py:537} INFO - Filling up the DagBag from /home/airflow/.local/lib/python3.7/site-packages/airflow/example_dags/example_latest_only_with_trigger.py
[2024-12-03T18:25:32.732+0000] {processor.py:766} INFO - DAG(s) dict_keys(['latest_only_with_trigger']) retrieved from /home/airflow/.local/lib/python3.7/site-packages/airflow/example_dags/example_latest_only_with_trigger.py
[2024-12-03T18:25:32.791+0000] {logging_mixin.py:120} INFO - [2024-12-03T18:25:32.791+0000] {dag.py:2585} INFO - Sync 1 DAGs
[2024-12-03T18:25:32.828+0000] {logging_mixin.py:120} INFO - [2024-12-03T18:25:32.827+0000] {dag.py:3340} INFO - Setting next_dagrun for latest_only_with_trigger to 2024-12-03T14:25:32.827451+00:00, run_after=2024-12-03T18:25:32.827451+00:00
[2024-12-03T18:25:32.860+0000] {processor.py:176} INFO - Processing /home/airflow/.local/lib/python3.7/site-packages/airflow/example_dags/example_latest_only_with_trigger.py took 0.155 seconds
[2024-12-03T18:26:02.901+0000] {processor.py:154} INFO - Started process (PID=14812) to work on /home/airflow/.local/lib/python3.7/site-packages/airflow/example_dags/example_latest_only_with_trigger.py
[2024-12-03T18:26:02.902+0000] {processor.py:756} INFO - Processing file /home/airflow/.local/lib/python3.7/site-packages/airflow/example_dags/example_latest_only_with_trigger.py for tasks to queue
[2024-12-03T18:26:02.903+0000] {logging_mixin.py:120} INFO - [2024-12-03T18:26:02.903+0000] {dagbag.py:537} INFO - Filling up the DagBag from /home/airflow/.local/lib/python3.7/site-packages/airflow/example_dags/example_latest_only_with_trigger.py
[2024-12-03T18:26:02.923+0000] {processor.py:766} INFO - DAG(s) dict_keys(['latest_only_with_trigger']) retrieved from /home/airflow/.local/lib/python3.7/site-packages/airflow/example_dags/example_latest_only_with_trigger.py
[2024-12-03T18:26:02.978+0000] {logging_mixin.py:120} INFO - [2024-12-03T18:26:02.978+0000] {dag.py:2585} INFO - Sync 1 DAGs
[2024-12-03T18:26:03.012+0000] {logging_mixin.py:120} INFO - [2024-12-03T18:26:03.012+0000] {dag.py:3340} INFO - Setting next_dagrun for latest_only_with_trigger to 2024-12-03T14:26:03.011974+00:00, run_after=2024-12-03T18:26:03.011974+00:00
[2024-12-03T18:26:03.044+0000] {processor.py:176} INFO - Processing /home/airflow/.local/lib/python3.7/site-packages/airflow/example_dags/example_latest_only_with_trigger.py took 0.148 seconds
[2024-12-03T18:26:33.288+0000] {processor.py:154} INFO - Started process (PID=14869) to work on /home/airflow/.local/lib/python3.7/site-packages/airflow/example_dags/example_latest_only_with_trigger.py
[2024-12-03T18:26:33.289+0000] {processor.py:756} INFO - Processing file /home/airflow/.local/lib/python3.7/site-packages/airflow/example_dags/example_latest_only_with_trigger.py for tasks to queue
[2024-12-03T18:26:33.293+0000] {logging_mixin.py:120} INFO - [2024-12-03T18:26:33.292+0000] {dagbag.py:537} INFO - Filling up the DagBag from /home/airflow/.local/lib/python3.7/site-packages/airflow/example_dags/example_latest_only_with_trigger.py
[2024-12-03T18:26:33.315+0000] {processor.py:766} INFO - DAG(s) dict_keys(['latest_only_with_trigger']) retrieved from /home/airflow/.local/lib/python3.7/site-packages/airflow/example_dags/example_latest_only_with_trigger.py
[2024-12-03T18:26:33.378+0000] {logging_mixin.py:120} INFO - [2024-12-03T18:26:33.377+0000] {dag.py:2585} INFO - Sync 1 DAGs
[2024-12-03T18:26:33.415+0000] {logging_mixin.py:120} INFO - [2024-12-03T18:26:33.415+0000] {dag.py:3340} INFO - Setting next_dagrun for latest_only_with_trigger to 2024-12-03T14:26:33.415472+00:00, run_after=2024-12-03T18:26:33.415472+00:00
[2024-12-03T18:26:33.444+0000] {processor.py:176} INFO - Processing /home/airflow/.local/lib/python3.7/site-packages/airflow/example_dags/example_latest_only_with_trigger.py took 0.161 seconds
[2024-12-03T18:27:03.750+0000] {processor.py:154} INFO - Started process (PID=14934) to work on /home/airflow/.local/lib/python3.7/site-packages/airflow/example_dags/example_latest_only_with_trigger.py
[2024-12-03T18:27:03.751+0000] {processor.py:756} INFO - Processing file /home/airflow/.local/lib/python3.7/site-packages/airflow/example_dags/example_latest_only_with_trigger.py for tasks to queue
[2024-12-03T18:27:03.752+0000] {logging_mixin.py:120} INFO - [2024-12-03T18:27:03.752+0000] {dagbag.py:537} INFO - Filling up the DagBag from /home/airflow/.local/lib/python3.7/site-packages/airflow/example_dags/example_latest_only_with_trigger.py
[2024-12-03T18:27:03.774+0000] {processor.py:766} INFO - DAG(s) dict_keys(['latest_only_with_trigger']) retrieved from /home/airflow/.local/lib/python3.7/site-packages/airflow/example_dags/example_latest_only_with_trigger.py
[2024-12-03T18:27:03.839+0000] {logging_mixin.py:120} INFO - [2024-12-03T18:27:03.839+0000] {dag.py:2585} INFO - Sync 1 DAGs
[2024-12-03T18:27:03.884+0000] {logging_mixin.py:120} INFO - [2024-12-03T18:27:03.883+0000] {dag.py:3340} INFO - Setting next_dagrun for latest_only_with_trigger to 2024-12-03T14:27:03.883518+00:00, run_after=2024-12-03T18:27:03.883518+00:00
[2024-12-03T18:27:03.910+0000] {processor.py:176} INFO - Processing /home/airflow/.local/lib/python3.7/site-packages/airflow/example_dags/example_latest_only_with_trigger.py took 0.165 seconds
[2024-12-03T18:27:34.409+0000] {processor.py:154} INFO - Started process (PID=14999) to work on /home/airflow/.local/lib/python3.7/site-packages/airflow/example_dags/example_latest_only_with_trigger.py
[2024-12-03T18:27:34.411+0000] {processor.py:756} INFO - Processing file /home/airflow/.local/lib/python3.7/site-packages/airflow/example_dags/example_latest_only_with_trigger.py for tasks to queue
[2024-12-03T18:27:34.412+0000] {logging_mixin.py:120} INFO - [2024-12-03T18:27:34.412+0000] {dagbag.py:537} INFO - Filling up the DagBag from /home/airflow/.local/lib/python3.7/site-packages/airflow/example_dags/example_latest_only_with_trigger.py
[2024-12-03T18:27:34.434+0000] {processor.py:766} INFO - DAG(s) dict_keys(['latest_only_with_trigger']) retrieved from /home/airflow/.local/lib/python3.7/site-packages/airflow/example_dags/example_latest_only_with_trigger.py
[2024-12-03T18:27:34.494+0000] {logging_mixin.py:120} INFO - [2024-12-03T18:27:34.494+0000] {dag.py:2585} INFO - Sync 1 DAGs
[2024-12-03T18:27:34.532+0000] {logging_mixin.py:120} INFO - [2024-12-03T18:27:34.532+0000] {dag.py:3340} INFO - Setting next_dagrun for latest_only_with_trigger to 2024-12-03T14:27:34.532154+00:00, run_after=2024-12-03T18:27:34.532154+00:00
[2024-12-03T18:27:34.561+0000] {processor.py:176} INFO - Processing /home/airflow/.local/lib/python3.7/site-packages/airflow/example_dags/example_latest_only_with_trigger.py took 0.158 seconds
[2024-12-03T18:28:05.012+0000] {processor.py:154} INFO - Started process (PID=15055) to work on /home/airflow/.local/lib/python3.7/site-packages/airflow/example_dags/example_latest_only_with_trigger.py
[2024-12-03T18:28:05.013+0000] {processor.py:756} INFO - Processing file /home/airflow/.local/lib/python3.7/site-packages/airflow/example_dags/example_latest_only_with_trigger.py for tasks to queue
[2024-12-03T18:28:05.014+0000] {logging_mixin.py:120} INFO - [2024-12-03T18:28:05.014+0000] {dagbag.py:537} INFO - Filling up the DagBag from /home/airflow/.local/lib/python3.7/site-packages/airflow/example_dags/example_latest_only_with_trigger.py
[2024-12-03T18:28:05.035+0000] {processor.py:766} INFO - DAG(s) dict_keys(['latest_only_with_trigger']) retrieved from /home/airflow/.local/lib/python3.7/site-packages/airflow/example_dags/example_latest_only_with_trigger.py
[2024-12-03T18:28:05.093+0000] {logging_mixin.py:120} INFO - [2024-12-03T18:28:05.093+0000] {dag.py:2585} INFO - Sync 1 DAGs
[2024-12-03T18:28:05.131+0000] {logging_mixin.py:120} INFO - [2024-12-03T18:28:05.130+0000] {dag.py:3340} INFO - Setting next_dagrun for latest_only_with_trigger to 2024-12-03T14:28:05.130525+00:00, run_after=2024-12-03T18:28:05.130525+00:00
[2024-12-03T18:28:05.160+0000] {processor.py:176} INFO - Processing /home/airflow/.local/lib/python3.7/site-packages/airflow/example_dags/example_latest_only_with_trigger.py took 0.153 seconds
[2024-12-03T18:28:35.316+0000] {processor.py:154} INFO - Started process (PID=15120) to work on /home/airflow/.local/lib/python3.7/site-packages/airflow/example_dags/example_latest_only_with_trigger.py
[2024-12-03T18:28:35.317+0000] {processor.py:756} INFO - Processing file /home/airflow/.local/lib/python3.7/site-packages/airflow/example_dags/example_latest_only_with_trigger.py for tasks to queue
[2024-12-03T18:28:35.318+0000] {logging_mixin.py:120} INFO - [2024-12-03T18:28:35.318+0000] {dagbag.py:537} INFO - Filling up the DagBag from /home/airflow/.local/lib/python3.7/site-packages/airflow/example_dags/example_latest_only_with_trigger.py
[2024-12-03T18:28:35.339+0000] {processor.py:766} INFO - DAG(s) dict_keys(['latest_only_with_trigger']) retrieved from /home/airflow/.local/lib/python3.7/site-packages/airflow/example_dags/example_latest_only_with_trigger.py
[2024-12-03T18:28:35.394+0000] {logging_mixin.py:120} INFO - [2024-12-03T18:28:35.393+0000] {dag.py:2585} INFO - Sync 1 DAGs
[2024-12-03T18:28:35.426+0000] {logging_mixin.py:120} INFO - [2024-12-03T18:28:35.426+0000] {dag.py:3340} INFO - Setting next_dagrun for latest_only_with_trigger to 2024-12-03T14:28:35.426035+00:00, run_after=2024-12-03T18:28:35.426035+00:00
[2024-12-03T18:28:35.455+0000] {processor.py:176} INFO - Processing /home/airflow/.local/lib/python3.7/site-packages/airflow/example_dags/example_latest_only_with_trigger.py took 0.144 seconds
[2024-12-03T18:29:06.016+0000] {processor.py:154} INFO - Started process (PID=15185) to work on /home/airflow/.local/lib/python3.7/site-packages/airflow/example_dags/example_latest_only_with_trigger.py
[2024-12-03T18:29:06.018+0000] {processor.py:756} INFO - Processing file /home/airflow/.local/lib/python3.7/site-packages/airflow/example_dags/example_latest_only_with_trigger.py for tasks to queue
[2024-12-03T18:29:06.019+0000] {logging_mixin.py:120} INFO - [2024-12-03T18:29:06.019+0000] {dagbag.py:537} INFO - Filling up the DagBag from /home/airflow/.local/lib/python3.7/site-packages/airflow/example_dags/example_latest_only_with_trigger.py
[2024-12-03T18:29:06.042+0000] {processor.py:766} INFO - DAG(s) dict_keys(['latest_only_with_trigger']) retrieved from /home/airflow/.local/lib/python3.7/site-packages/airflow/example_dags/example_latest_only_with_trigger.py
[2024-12-03T18:29:06.104+0000] {logging_mixin.py:120} INFO - [2024-12-03T18:29:06.104+0000] {dag.py:2585} INFO - Sync 1 DAGs
[2024-12-03T18:29:06.150+0000] {logging_mixin.py:120} INFO - [2024-12-03T18:29:06.150+0000] {dag.py:3340} INFO - Setting next_dagrun for latest_only_with_trigger to 2024-12-03T14:29:06.150359+00:00, run_after=2024-12-03T18:29:06.150359+00:00
[2024-12-03T18:29:06.184+0000] {processor.py:176} INFO - Processing /home/airflow/.local/lib/python3.7/site-packages/airflow/example_dags/example_latest_only_with_trigger.py took 0.173 seconds
[2024-12-03T18:29:36.868+0000] {processor.py:154} INFO - Started process (PID=15240) to work on /home/airflow/.local/lib/python3.7/site-packages/airflow/example_dags/example_latest_only_with_trigger.py
[2024-12-03T18:29:36.869+0000] {processor.py:756} INFO - Processing file /home/airflow/.local/lib/python3.7/site-packages/airflow/example_dags/example_latest_only_with_trigger.py for tasks to queue
[2024-12-03T18:29:36.870+0000] {logging_mixin.py:120} INFO - [2024-12-03T18:29:36.870+0000] {dagbag.py:537} INFO - Filling up the DagBag from /home/airflow/.local/lib/python3.7/site-packages/airflow/example_dags/example_latest_only_with_trigger.py
[2024-12-03T18:29:36.891+0000] {processor.py:766} INFO - DAG(s) dict_keys(['latest_only_with_trigger']) retrieved from /home/airflow/.local/lib/python3.7/site-packages/airflow/example_dags/example_latest_only_with_trigger.py
[2024-12-03T18:29:36.947+0000] {logging_mixin.py:120} INFO - [2024-12-03T18:29:36.947+0000] {dag.py:2585} INFO - Sync 1 DAGs
[2024-12-03T18:29:36.981+0000] {logging_mixin.py:120} INFO - [2024-12-03T18:29:36.981+0000] {dag.py:3340} INFO - Setting next_dagrun for latest_only_with_trigger to 2024-12-03T14:29:36.981140+00:00, run_after=2024-12-03T18:29:36.981140+00:00
[2024-12-03T18:29:37.007+0000] {processor.py:176} INFO - Processing /home/airflow/.local/lib/python3.7/site-packages/airflow/example_dags/example_latest_only_with_trigger.py took 0.144 seconds
