[2024-12-03T18:25:32.123+0000] {processor.py:154} INFO - Started process (PID=14744) to work on /home/airflow/.local/lib/python3.7/site-packages/airflow/example_dags/example_task_group_decorator.py
[2024-12-03T18:25:32.125+0000] {processor.py:756} INFO - Processing file /home/airflow/.local/lib/python3.7/site-packages/airflow/example_dags/example_task_group_decorator.py for tasks to queue
[2024-12-03T18:25:32.126+0000] {logging_mixin.py:120} INFO - [2024-12-03T18:25:32.126+0000] {dagbag.py:537} INFO - Filling up the DagBag from /home/airflow/.local/lib/python3.7/site-packages/airflow/example_dags/example_task_group_decorator.py
[2024-12-03T18:25:32.169+0000] {processor.py:766} INFO - DAG(s) dict_keys(['example_task_group_decorator']) retrieved from /home/airflow/.local/lib/python3.7/site-packages/airflow/example_dags/example_task_group_decorator.py
[2024-12-03T18:25:32.232+0000] {logging_mixin.py:120} INFO - [2024-12-03T18:25:32.231+0000] {dag.py:2585} INFO - Sync 1 DAGs
[2024-12-03T18:25:32.269+0000] {logging_mixin.py:120} INFO - [2024-12-03T18:25:32.269+0000] {dag.py:3340} INFO - Setting next_dagrun for example_task_group_decorator to 2024-12-02T18:25:32.268904+00:00, run_after=2024-12-03T18:25:32.268904+00:00
[2024-12-03T18:25:32.296+0000] {processor.py:176} INFO - Processing /home/airflow/.local/lib/python3.7/site-packages/airflow/example_dags/example_task_group_decorator.py took 0.178 seconds
[2024-12-03T18:26:02.363+0000] {processor.py:154} INFO - Started process (PID=14808) to work on /home/airflow/.local/lib/python3.7/site-packages/airflow/example_dags/example_task_group_decorator.py
[2024-12-03T18:26:02.364+0000] {processor.py:756} INFO - Processing file /home/airflow/.local/lib/python3.7/site-packages/airflow/example_dags/example_task_group_decorator.py for tasks to queue
[2024-12-03T18:26:02.365+0000] {logging_mixin.py:120} INFO - [2024-12-03T18:26:02.365+0000] {dagbag.py:537} INFO - Filling up the DagBag from /home/airflow/.local/lib/python3.7/site-packages/airflow/example_dags/example_task_group_decorator.py
[2024-12-03T18:26:02.406+0000] {processor.py:766} INFO - DAG(s) dict_keys(['example_task_group_decorator']) retrieved from /home/airflow/.local/lib/python3.7/site-packages/airflow/example_dags/example_task_group_decorator.py
[2024-12-03T18:26:02.466+0000] {logging_mixin.py:120} INFO - [2024-12-03T18:26:02.466+0000] {dag.py:2585} INFO - Sync 1 DAGs
[2024-12-03T18:26:02.503+0000] {logging_mixin.py:120} INFO - [2024-12-03T18:26:02.503+0000] {dag.py:3340} INFO - Setting next_dagrun for example_task_group_decorator to 2024-12-02T18:26:02.503154+00:00, run_after=2024-12-03T18:26:02.503154+00:00
[2024-12-03T18:26:02.533+0000] {processor.py:176} INFO - Processing /home/airflow/.local/lib/python3.7/site-packages/airflow/example_dags/example_task_group_decorator.py took 0.175 seconds
[2024-12-03T18:26:32.839+0000] {processor.py:154} INFO - Started process (PID=14865) to work on /home/airflow/.local/lib/python3.7/site-packages/airflow/example_dags/example_task_group_decorator.py
[2024-12-03T18:26:32.852+0000] {processor.py:756} INFO - Processing file /home/airflow/.local/lib/python3.7/site-packages/airflow/example_dags/example_task_group_decorator.py for tasks to queue
[2024-12-03T18:26:32.853+0000] {logging_mixin.py:120} INFO - [2024-12-03T18:26:32.853+0000] {dagbag.py:537} INFO - Filling up the DagBag from /home/airflow/.local/lib/python3.7/site-packages/airflow/example_dags/example_task_group_decorator.py
[2024-12-03T18:26:32.894+0000] {processor.py:766} INFO - DAG(s) dict_keys(['example_task_group_decorator']) retrieved from /home/airflow/.local/lib/python3.7/site-packages/airflow/example_dags/example_task_group_decorator.py
[2024-12-03T18:26:32.952+0000] {logging_mixin.py:120} INFO - [2024-12-03T18:26:32.952+0000] {dag.py:2585} INFO - Sync 1 DAGs
[2024-12-03T18:26:32.990+0000] {logging_mixin.py:120} INFO - [2024-12-03T18:26:32.990+0000] {dag.py:3340} INFO - Setting next_dagrun for example_task_group_decorator to 2024-12-02T18:26:32.990068+00:00, run_after=2024-12-03T18:26:32.990068+00:00
[2024-12-03T18:26:33.020+0000] {processor.py:176} INFO - Processing /home/airflow/.local/lib/python3.7/site-packages/airflow/example_dags/example_task_group_decorator.py took 0.185 seconds
[2024-12-03T18:27:03.339+0000] {processor.py:154} INFO - Started process (PID=14930) to work on /home/airflow/.local/lib/python3.7/site-packages/airflow/example_dags/example_task_group_decorator.py
[2024-12-03T18:27:03.340+0000] {processor.py:756} INFO - Processing file /home/airflow/.local/lib/python3.7/site-packages/airflow/example_dags/example_task_group_decorator.py for tasks to queue
[2024-12-03T18:27:03.341+0000] {logging_mixin.py:120} INFO - [2024-12-03T18:27:03.341+0000] {dagbag.py:537} INFO - Filling up the DagBag from /home/airflow/.local/lib/python3.7/site-packages/airflow/example_dags/example_task_group_decorator.py
[2024-12-03T18:27:03.383+0000] {processor.py:766} INFO - DAG(s) dict_keys(['example_task_group_decorator']) retrieved from /home/airflow/.local/lib/python3.7/site-packages/airflow/example_dags/example_task_group_decorator.py
[2024-12-03T18:27:03.452+0000] {logging_mixin.py:120} INFO - [2024-12-03T18:27:03.452+0000] {dag.py:2585} INFO - Sync 1 DAGs
[2024-12-03T18:27:03.493+0000] {logging_mixin.py:120} INFO - [2024-12-03T18:27:03.493+0000] {dag.py:3340} INFO - Setting next_dagrun for example_task_group_decorator to 2024-12-02T18:27:03.493294+00:00, run_after=2024-12-03T18:27:03.493294+00:00
[2024-12-03T18:27:03.526+0000] {processor.py:176} INFO - Processing /home/airflow/.local/lib/python3.7/site-packages/airflow/example_dags/example_task_group_decorator.py took 0.192 seconds
[2024-12-03T18:27:33.963+0000] {processor.py:154} INFO - Started process (PID=14995) to work on /home/airflow/.local/lib/python3.7/site-packages/airflow/example_dags/example_task_group_decorator.py
[2024-12-03T18:27:33.965+0000] {processor.py:756} INFO - Processing file /home/airflow/.local/lib/python3.7/site-packages/airflow/example_dags/example_task_group_decorator.py for tasks to queue
[2024-12-03T18:27:33.966+0000] {logging_mixin.py:120} INFO - [2024-12-03T18:27:33.966+0000] {dagbag.py:537} INFO - Filling up the DagBag from /home/airflow/.local/lib/python3.7/site-packages/airflow/example_dags/example_task_group_decorator.py
[2024-12-03T18:27:34.008+0000] {processor.py:766} INFO - DAG(s) dict_keys(['example_task_group_decorator']) retrieved from /home/airflow/.local/lib/python3.7/site-packages/airflow/example_dags/example_task_group_decorator.py
[2024-12-03T18:27:34.079+0000] {logging_mixin.py:120} INFO - [2024-12-03T18:27:34.079+0000] {dag.py:2585} INFO - Sync 1 DAGs
[2024-12-03T18:27:34.120+0000] {logging_mixin.py:120} INFO - [2024-12-03T18:27:34.120+0000] {dag.py:3340} INFO - Setting next_dagrun for example_task_group_decorator to 2024-12-02T18:27:34.120004+00:00, run_after=2024-12-03T18:27:34.120004+00:00
[2024-12-03T18:27:34.151+0000] {processor.py:176} INFO - Processing /home/airflow/.local/lib/python3.7/site-packages/airflow/example_dags/example_task_group_decorator.py took 0.193 seconds
[2024-12-03T18:28:04.361+0000] {processor.py:154} INFO - Started process (PID=15051) to work on /home/airflow/.local/lib/python3.7/site-packages/airflow/example_dags/example_task_group_decorator.py
[2024-12-03T18:28:04.362+0000] {processor.py:756} INFO - Processing file /home/airflow/.local/lib/python3.7/site-packages/airflow/example_dags/example_task_group_decorator.py for tasks to queue
[2024-12-03T18:28:04.363+0000] {logging_mixin.py:120} INFO - [2024-12-03T18:28:04.363+0000] {dagbag.py:537} INFO - Filling up the DagBag from /home/airflow/.local/lib/python3.7/site-packages/airflow/example_dags/example_task_group_decorator.py
[2024-12-03T18:28:04.405+0000] {processor.py:766} INFO - DAG(s) dict_keys(['example_task_group_decorator']) retrieved from /home/airflow/.local/lib/python3.7/site-packages/airflow/example_dags/example_task_group_decorator.py
[2024-12-03T18:28:04.471+0000] {logging_mixin.py:120} INFO - [2024-12-03T18:28:04.471+0000] {dag.py:2585} INFO - Sync 1 DAGs
[2024-12-03T18:28:04.508+0000] {logging_mixin.py:120} INFO - [2024-12-03T18:28:04.508+0000] {dag.py:3340} INFO - Setting next_dagrun for example_task_group_decorator to 2024-12-02T18:28:04.508038+00:00, run_after=2024-12-03T18:28:04.508038+00:00
[2024-12-03T18:28:04.538+0000] {processor.py:176} INFO - Processing /home/airflow/.local/lib/python3.7/site-packages/airflow/example_dags/example_task_group_decorator.py took 0.182 seconds
[2024-12-03T18:28:34.770+0000] {processor.py:154} INFO - Started process (PID=15116) to work on /home/airflow/.local/lib/python3.7/site-packages/airflow/example_dags/example_task_group_decorator.py
[2024-12-03T18:28:34.771+0000] {processor.py:756} INFO - Processing file /home/airflow/.local/lib/python3.7/site-packages/airflow/example_dags/example_task_group_decorator.py for tasks to queue
[2024-12-03T18:28:34.772+0000] {logging_mixin.py:120} INFO - [2024-12-03T18:28:34.772+0000] {dagbag.py:537} INFO - Filling up the DagBag from /home/airflow/.local/lib/python3.7/site-packages/airflow/example_dags/example_task_group_decorator.py
[2024-12-03T18:28:34.812+0000] {processor.py:766} INFO - DAG(s) dict_keys(['example_task_group_decorator']) retrieved from /home/airflow/.local/lib/python3.7/site-packages/airflow/example_dags/example_task_group_decorator.py
[2024-12-03T18:28:34.871+0000] {logging_mixin.py:120} INFO - [2024-12-03T18:28:34.871+0000] {dag.py:2585} INFO - Sync 1 DAGs
[2024-12-03T18:28:34.906+0000] {logging_mixin.py:120} INFO - [2024-12-03T18:28:34.905+0000] {dag.py:3340} INFO - Setting next_dagrun for example_task_group_decorator to 2024-12-02T18:28:34.905647+00:00, run_after=2024-12-03T18:28:34.905647+00:00
[2024-12-03T18:28:34.932+0000] {processor.py:176} INFO - Processing /home/airflow/.local/lib/python3.7/site-packages/airflow/example_dags/example_task_group_decorator.py took 0.167 seconds
[2024-12-03T18:29:05.589+0000] {processor.py:154} INFO - Started process (PID=15179) to work on /home/airflow/.local/lib/python3.7/site-packages/airflow/example_dags/example_task_group_decorator.py
[2024-12-03T18:29:05.590+0000] {processor.py:756} INFO - Processing file /home/airflow/.local/lib/python3.7/site-packages/airflow/example_dags/example_task_group_decorator.py for tasks to queue
[2024-12-03T18:29:05.591+0000] {logging_mixin.py:120} INFO - [2024-12-03T18:29:05.591+0000] {dagbag.py:537} INFO - Filling up the DagBag from /home/airflow/.local/lib/python3.7/site-packages/airflow/example_dags/example_task_group_decorator.py
[2024-12-03T18:29:05.635+0000] {processor.py:766} INFO - DAG(s) dict_keys(['example_task_group_decorator']) retrieved from /home/airflow/.local/lib/python3.7/site-packages/airflow/example_dags/example_task_group_decorator.py
[2024-12-03T18:29:05.706+0000] {logging_mixin.py:120} INFO - [2024-12-03T18:29:05.705+0000] {dag.py:2585} INFO - Sync 1 DAGs
[2024-12-03T18:29:05.744+0000] {logging_mixin.py:120} INFO - [2024-12-03T18:29:05.744+0000] {dag.py:3340} INFO - Setting next_dagrun for example_task_group_decorator to 2024-12-02T18:29:05.743864+00:00, run_after=2024-12-03T18:29:05.743864+00:00
[2024-12-03T18:29:05.777+0000] {processor.py:176} INFO - Processing /home/airflow/.local/lib/python3.7/site-packages/airflow/example_dags/example_task_group_decorator.py took 0.194 seconds
[2024-12-03T18:29:36.481+0000] {processor.py:154} INFO - Started process (PID=15236) to work on /home/airflow/.local/lib/python3.7/site-packages/airflow/example_dags/example_task_group_decorator.py
[2024-12-03T18:29:36.483+0000] {processor.py:756} INFO - Processing file /home/airflow/.local/lib/python3.7/site-packages/airflow/example_dags/example_task_group_decorator.py for tasks to queue
[2024-12-03T18:29:36.485+0000] {logging_mixin.py:120} INFO - [2024-12-03T18:29:36.485+0000] {dagbag.py:537} INFO - Filling up the DagBag from /home/airflow/.local/lib/python3.7/site-packages/airflow/example_dags/example_task_group_decorator.py
[2024-12-03T18:29:36.526+0000] {processor.py:766} INFO - DAG(s) dict_keys(['example_task_group_decorator']) retrieved from /home/airflow/.local/lib/python3.7/site-packages/airflow/example_dags/example_task_group_decorator.py
[2024-12-03T18:29:36.586+0000] {logging_mixin.py:120} INFO - [2024-12-03T18:29:36.586+0000] {dag.py:2585} INFO - Sync 1 DAGs
[2024-12-03T18:29:36.622+0000] {logging_mixin.py:120} INFO - [2024-12-03T18:29:36.622+0000] {dag.py:3340} INFO - Setting next_dagrun for example_task_group_decorator to 2024-12-02T18:29:36.622191+00:00, run_after=2024-12-03T18:29:36.622191+00:00
[2024-12-03T18:29:36.650+0000] {processor.py:176} INFO - Processing /home/airflow/.local/lib/python3.7/site-packages/airflow/example_dags/example_task_group_decorator.py took 0.177 seconds
