[2024-12-03T18:25:23.560+0000] {processor.py:154} INFO - Started process (PID=14718) to work on /home/airflow/.local/lib/python3.7/site-packages/airflow/example_dags/example_branch_labels.py
[2024-12-03T18:25:23.561+0000] {processor.py:756} INFO - Processing file /home/airflow/.local/lib/python3.7/site-packages/airflow/example_dags/example_branch_labels.py for tasks to queue
[2024-12-03T18:25:23.562+0000] {logging_mixin.py:120} INFO - [2024-12-03T18:25:23.562+0000] {dagbag.py:537} INFO - Filling up the DagBag from /home/airflow/.local/lib/python3.7/site-packages/airflow/example_dags/example_branch_labels.py
[2024-12-03T18:25:23.585+0000] {processor.py:766} INFO - DAG(s) dict_keys(['example_branch_labels']) retrieved from /home/airflow/.local/lib/python3.7/site-packages/airflow/example_dags/example_branch_labels.py
[2024-12-03T18:25:23.648+0000] {logging_mixin.py:120} INFO - [2024-12-03T18:25:23.647+0000] {dag.py:2585} INFO - Sync 1 DAGs
[2024-12-03T18:25:23.696+0000] {logging_mixin.py:120} INFO - [2024-12-03T18:25:23.696+0000] {dag.py:3340} INFO - Setting next_dagrun for example_branch_labels to 2024-12-02T00:00:00+00:00, run_after=2024-12-03T00:00:00+00:00
[2024-12-03T18:25:23.723+0000] {processor.py:176} INFO - Processing /home/airflow/.local/lib/python3.7/site-packages/airflow/example_dags/example_branch_labels.py took 0.169 seconds
[2024-12-03T18:25:53.981+0000] {processor.py:154} INFO - Started process (PID=14782) to work on /home/airflow/.local/lib/python3.7/site-packages/airflow/example_dags/example_branch_labels.py
[2024-12-03T18:25:53.982+0000] {processor.py:756} INFO - Processing file /home/airflow/.local/lib/python3.7/site-packages/airflow/example_dags/example_branch_labels.py for tasks to queue
[2024-12-03T18:25:53.983+0000] {logging_mixin.py:120} INFO - [2024-12-03T18:25:53.983+0000] {dagbag.py:537} INFO - Filling up the DagBag from /home/airflow/.local/lib/python3.7/site-packages/airflow/example_dags/example_branch_labels.py
[2024-12-03T18:25:54.004+0000] {processor.py:766} INFO - DAG(s) dict_keys(['example_branch_labels']) retrieved from /home/airflow/.local/lib/python3.7/site-packages/airflow/example_dags/example_branch_labels.py
[2024-12-03T18:25:54.058+0000] {logging_mixin.py:120} INFO - [2024-12-03T18:25:54.058+0000] {dag.py:2585} INFO - Sync 1 DAGs
[2024-12-03T18:25:54.093+0000] {logging_mixin.py:120} INFO - [2024-12-03T18:25:54.093+0000] {dag.py:3340} INFO - Setting next_dagrun for example_branch_labels to 2024-12-02T00:00:00+00:00, run_after=2024-12-03T00:00:00+00:00
[2024-12-03T18:25:54.118+0000] {processor.py:176} INFO - Processing /home/airflow/.local/lib/python3.7/site-packages/airflow/example_dags/example_branch_labels.py took 0.142 seconds
[2024-12-03T18:26:24.760+0000] {processor.py:154} INFO - Started process (PID=14848) to work on /home/airflow/.local/lib/python3.7/site-packages/airflow/example_dags/example_branch_labels.py
[2024-12-03T18:26:24.761+0000] {processor.py:756} INFO - Processing file /home/airflow/.local/lib/python3.7/site-packages/airflow/example_dags/example_branch_labels.py for tasks to queue
[2024-12-03T18:26:24.762+0000] {logging_mixin.py:120} INFO - [2024-12-03T18:26:24.762+0000] {dagbag.py:537} INFO - Filling up the DagBag from /home/airflow/.local/lib/python3.7/site-packages/airflow/example_dags/example_branch_labels.py
[2024-12-03T18:26:24.786+0000] {processor.py:766} INFO - DAG(s) dict_keys(['example_branch_labels']) retrieved from /home/airflow/.local/lib/python3.7/site-packages/airflow/example_dags/example_branch_labels.py
[2024-12-03T18:26:24.843+0000] {logging_mixin.py:120} INFO - [2024-12-03T18:26:24.843+0000] {dag.py:2585} INFO - Sync 1 DAGs
[2024-12-03T18:26:24.882+0000] {logging_mixin.py:120} INFO - [2024-12-03T18:26:24.882+0000] {dag.py:3340} INFO - Setting next_dagrun for example_branch_labels to 2024-12-02T00:00:00+00:00, run_after=2024-12-03T00:00:00+00:00
[2024-12-03T18:26:24.908+0000] {processor.py:176} INFO - Processing /home/airflow/.local/lib/python3.7/site-packages/airflow/example_dags/example_branch_labels.py took 0.153 seconds
[2024-12-03T18:26:55.053+0000] {processor.py:154} INFO - Started process (PID=14904) to work on /home/airflow/.local/lib/python3.7/site-packages/airflow/example_dags/example_branch_labels.py
[2024-12-03T18:26:55.054+0000] {processor.py:756} INFO - Processing file /home/airflow/.local/lib/python3.7/site-packages/airflow/example_dags/example_branch_labels.py for tasks to queue
[2024-12-03T18:26:55.055+0000] {logging_mixin.py:120} INFO - [2024-12-03T18:26:55.055+0000] {dagbag.py:537} INFO - Filling up the DagBag from /home/airflow/.local/lib/python3.7/site-packages/airflow/example_dags/example_branch_labels.py
[2024-12-03T18:26:55.076+0000] {processor.py:766} INFO - DAG(s) dict_keys(['example_branch_labels']) retrieved from /home/airflow/.local/lib/python3.7/site-packages/airflow/example_dags/example_branch_labels.py
[2024-12-03T18:26:55.130+0000] {logging_mixin.py:120} INFO - [2024-12-03T18:26:55.130+0000] {dag.py:2585} INFO - Sync 1 DAGs
[2024-12-03T18:26:55.166+0000] {logging_mixin.py:120} INFO - [2024-12-03T18:26:55.165+0000] {dag.py:3340} INFO - Setting next_dagrun for example_branch_labels to 2024-12-02T00:00:00+00:00, run_after=2024-12-03T00:00:00+00:00
[2024-12-03T18:26:55.185+0000] {processor.py:176} INFO - Processing /home/airflow/.local/lib/python3.7/site-packages/airflow/example_dags/example_branch_labels.py took 0.137 seconds
[2024-12-03T18:27:25.708+0000] {processor.py:154} INFO - Started process (PID=14969) to work on /home/airflow/.local/lib/python3.7/site-packages/airflow/example_dags/example_branch_labels.py
[2024-12-03T18:27:25.710+0000] {processor.py:756} INFO - Processing file /home/airflow/.local/lib/python3.7/site-packages/airflow/example_dags/example_branch_labels.py for tasks to queue
[2024-12-03T18:27:25.711+0000] {logging_mixin.py:120} INFO - [2024-12-03T18:27:25.710+0000] {dagbag.py:537} INFO - Filling up the DagBag from /home/airflow/.local/lib/python3.7/site-packages/airflow/example_dags/example_branch_labels.py
[2024-12-03T18:27:25.731+0000] {processor.py:766} INFO - DAG(s) dict_keys(['example_branch_labels']) retrieved from /home/airflow/.local/lib/python3.7/site-packages/airflow/example_dags/example_branch_labels.py
[2024-12-03T18:27:25.784+0000] {logging_mixin.py:120} INFO - [2024-12-03T18:27:25.784+0000] {dag.py:2585} INFO - Sync 1 DAGs
[2024-12-03T18:27:25.817+0000] {logging_mixin.py:120} INFO - [2024-12-03T18:27:25.817+0000] {dag.py:3340} INFO - Setting next_dagrun for example_branch_labels to 2024-12-02T00:00:00+00:00, run_after=2024-12-03T00:00:00+00:00
[2024-12-03T18:27:25.837+0000] {processor.py:176} INFO - Processing /home/airflow/.local/lib/python3.7/site-packages/airflow/example_dags/example_branch_labels.py took 0.133 seconds
[2024-12-03T18:27:56.189+0000] {processor.py:154} INFO - Started process (PID=15034) to work on /home/airflow/.local/lib/python3.7/site-packages/airflow/example_dags/example_branch_labels.py
[2024-12-03T18:27:56.190+0000] {processor.py:756} INFO - Processing file /home/airflow/.local/lib/python3.7/site-packages/airflow/example_dags/example_branch_labels.py for tasks to queue
[2024-12-03T18:27:56.191+0000] {logging_mixin.py:120} INFO - [2024-12-03T18:27:56.191+0000] {dagbag.py:537} INFO - Filling up the DagBag from /home/airflow/.local/lib/python3.7/site-packages/airflow/example_dags/example_branch_labels.py
[2024-12-03T18:27:56.215+0000] {processor.py:766} INFO - DAG(s) dict_keys(['example_branch_labels']) retrieved from /home/airflow/.local/lib/python3.7/site-packages/airflow/example_dags/example_branch_labels.py
[2024-12-03T18:27:56.310+0000] {logging_mixin.py:120} INFO - [2024-12-03T18:27:56.309+0000] {dag.py:2585} INFO - Sync 1 DAGs
[2024-12-03T18:27:56.379+0000] {logging_mixin.py:120} INFO - [2024-12-03T18:27:56.378+0000] {dag.py:3340} INFO - Setting next_dagrun for example_branch_labels to 2024-12-02T00:00:00+00:00, run_after=2024-12-03T00:00:00+00:00
[2024-12-03T18:27:56.437+0000] {processor.py:176} INFO - Processing /home/airflow/.local/lib/python3.7/site-packages/airflow/example_dags/example_branch_labels.py took 0.255 seconds
[2024-12-03T18:28:26.612+0000] {processor.py:154} INFO - Started process (PID=15090) to work on /home/airflow/.local/lib/python3.7/site-packages/airflow/example_dags/example_branch_labels.py
[2024-12-03T18:28:26.647+0000] {processor.py:756} INFO - Processing file /home/airflow/.local/lib/python3.7/site-packages/airflow/example_dags/example_branch_labels.py for tasks to queue
[2024-12-03T18:28:26.648+0000] {logging_mixin.py:120} INFO - [2024-12-03T18:28:26.648+0000] {dagbag.py:537} INFO - Filling up the DagBag from /home/airflow/.local/lib/python3.7/site-packages/airflow/example_dags/example_branch_labels.py
[2024-12-03T18:28:26.668+0000] {processor.py:766} INFO - DAG(s) dict_keys(['example_branch_labels']) retrieved from /home/airflow/.local/lib/python3.7/site-packages/airflow/example_dags/example_branch_labels.py
[2024-12-03T18:28:26.725+0000] {logging_mixin.py:120} INFO - [2024-12-03T18:28:26.725+0000] {dag.py:2585} INFO - Sync 1 DAGs
[2024-12-03T18:28:26.758+0000] {logging_mixin.py:120} INFO - [2024-12-03T18:28:26.758+0000] {dag.py:3340} INFO - Setting next_dagrun for example_branch_labels to 2024-12-02T00:00:00+00:00, run_after=2024-12-03T00:00:00+00:00
[2024-12-03T18:28:26.783+0000] {processor.py:176} INFO - Processing /home/airflow/.local/lib/python3.7/site-packages/airflow/example_dags/example_branch_labels.py took 0.176 seconds
[2024-12-03T18:28:56.820+0000] {processor.py:154} INFO - Started process (PID=15153) to work on /home/airflow/.local/lib/python3.7/site-packages/airflow/example_dags/example_branch_labels.py
[2024-12-03T18:28:56.821+0000] {processor.py:756} INFO - Processing file /home/airflow/.local/lib/python3.7/site-packages/airflow/example_dags/example_branch_labels.py for tasks to queue
[2024-12-03T18:28:56.822+0000] {logging_mixin.py:120} INFO - [2024-12-03T18:28:56.822+0000] {dagbag.py:537} INFO - Filling up the DagBag from /home/airflow/.local/lib/python3.7/site-packages/airflow/example_dags/example_branch_labels.py
[2024-12-03T18:28:56.844+0000] {processor.py:766} INFO - DAG(s) dict_keys(['example_branch_labels']) retrieved from /home/airflow/.local/lib/python3.7/site-packages/airflow/example_dags/example_branch_labels.py
[2024-12-03T18:28:56.904+0000] {logging_mixin.py:120} INFO - [2024-12-03T18:28:56.903+0000] {dag.py:2585} INFO - Sync 1 DAGs
[2024-12-03T18:28:56.945+0000] {logging_mixin.py:120} INFO - [2024-12-03T18:28:56.945+0000] {dag.py:3340} INFO - Setting next_dagrun for example_branch_labels to 2024-12-02T00:00:00+00:00, run_after=2024-12-03T00:00:00+00:00
[2024-12-03T18:28:56.970+0000] {processor.py:176} INFO - Processing /home/airflow/.local/lib/python3.7/site-packages/airflow/example_dags/example_branch_labels.py took 0.155 seconds
[2024-12-03T18:29:27.509+0000] {processor.py:154} INFO - Started process (PID=15209) to work on /home/airflow/.local/lib/python3.7/site-packages/airflow/example_dags/example_branch_labels.py
[2024-12-03T18:29:27.510+0000] {processor.py:756} INFO - Processing file /home/airflow/.local/lib/python3.7/site-packages/airflow/example_dags/example_branch_labels.py for tasks to queue
[2024-12-03T18:29:27.511+0000] {logging_mixin.py:120} INFO - [2024-12-03T18:29:27.511+0000] {dagbag.py:537} INFO - Filling up the DagBag from /home/airflow/.local/lib/python3.7/site-packages/airflow/example_dags/example_branch_labels.py
[2024-12-03T18:29:27.532+0000] {processor.py:766} INFO - DAG(s) dict_keys(['example_branch_labels']) retrieved from /home/airflow/.local/lib/python3.7/site-packages/airflow/example_dags/example_branch_labels.py
[2024-12-03T18:29:27.587+0000] {logging_mixin.py:120} INFO - [2024-12-03T18:29:27.587+0000] {dag.py:2585} INFO - Sync 1 DAGs
[2024-12-03T18:29:27.621+0000] {logging_mixin.py:120} INFO - [2024-12-03T18:29:27.621+0000] {dag.py:3340} INFO - Setting next_dagrun for example_branch_labels to 2024-12-02T00:00:00+00:00, run_after=2024-12-03T00:00:00+00:00
[2024-12-03T18:29:27.643+0000] {processor.py:176} INFO - Processing /home/airflow/.local/lib/python3.7/site-packages/airflow/example_dags/example_branch_labels.py took 0.138 seconds
[2024-12-03T18:29:58.164+0000] {processor.py:154} INFO - Started process (PID=15273) to work on /home/airflow/.local/lib/python3.7/site-packages/airflow/example_dags/example_branch_labels.py
[2024-12-03T18:29:58.165+0000] {processor.py:756} INFO - Processing file /home/airflow/.local/lib/python3.7/site-packages/airflow/example_dags/example_branch_labels.py for tasks to queue
[2024-12-03T18:29:58.166+0000] {logging_mixin.py:120} INFO - [2024-12-03T18:29:58.166+0000] {dagbag.py:537} INFO - Filling up the DagBag from /home/airflow/.local/lib/python3.7/site-packages/airflow/example_dags/example_branch_labels.py
[2024-12-03T18:29:58.187+0000] {processor.py:766} INFO - DAG(s) dict_keys(['example_branch_labels']) retrieved from /home/airflow/.local/lib/python3.7/site-packages/airflow/example_dags/example_branch_labels.py
[2024-12-03T18:29:58.252+0000] {logging_mixin.py:120} INFO - [2024-12-03T18:29:58.252+0000] {dag.py:2585} INFO - Sync 1 DAGs
[2024-12-03T18:29:58.287+0000] {logging_mixin.py:120} INFO - [2024-12-03T18:29:58.287+0000] {dag.py:3340} INFO - Setting next_dagrun for example_branch_labels to 2024-12-02T00:00:00+00:00, run_after=2024-12-03T00:00:00+00:00
[2024-12-03T18:29:58.311+0000] {processor.py:176} INFO - Processing /home/airflow/.local/lib/python3.7/site-packages/airflow/example_dags/example_branch_labels.py took 0.152 seconds
