[2024-12-03T18:25:25.763+0000] {processor.py:154} INFO - Started process (PID=14729) to work on /home/airflow/.local/lib/python3.7/site-packages/airflow/example_dags/example_trigger_target_dag.py
[2024-12-03T18:25:25.765+0000] {processor.py:756} INFO - Processing file /home/airflow/.local/lib/python3.7/site-packages/airflow/example_dags/example_trigger_target_dag.py for tasks to queue
[2024-12-03T18:25:25.767+0000] {logging_mixin.py:120} INFO - [2024-12-03T18:25:25.767+0000] {dagbag.py:537} INFO - Filling up the DagBag from /home/airflow/.local/lib/python3.7/site-packages/airflow/example_dags/example_trigger_target_dag.py
[2024-12-03T18:25:25.801+0000] {processor.py:766} INFO - DAG(s) dict_keys(['example_trigger_target_dag']) retrieved from /home/airflow/.local/lib/python3.7/site-packages/airflow/example_dags/example_trigger_target_dag.py
[2024-12-03T18:25:25.866+0000] {logging_mixin.py:120} INFO - [2024-12-03T18:25:25.866+0000] {dag.py:2585} INFO - Sync 1 DAGs
[2024-12-03T18:25:25.901+0000] {logging_mixin.py:120} INFO - [2024-12-03T18:25:25.901+0000] {dag.py:3340} INFO - Setting next_dagrun for example_trigger_target_dag to None, run_after=None
[2024-12-03T18:25:25.930+0000] {processor.py:176} INFO - Processing /home/airflow/.local/lib/python3.7/site-packages/airflow/example_dags/example_trigger_target_dag.py took 0.172 seconds
[2024-12-03T18:25:56.156+0000] {processor.py:154} INFO - Started process (PID=14784) to work on /home/airflow/.local/lib/python3.7/site-packages/airflow/example_dags/example_trigger_target_dag.py
[2024-12-03T18:25:56.157+0000] {processor.py:756} INFO - Processing file /home/airflow/.local/lib/python3.7/site-packages/airflow/example_dags/example_trigger_target_dag.py for tasks to queue
[2024-12-03T18:25:56.158+0000] {logging_mixin.py:120} INFO - [2024-12-03T18:25:56.158+0000] {dagbag.py:537} INFO - Filling up the DagBag from /home/airflow/.local/lib/python3.7/site-packages/airflow/example_dags/example_trigger_target_dag.py
[2024-12-03T18:25:56.189+0000] {processor.py:766} INFO - DAG(s) dict_keys(['example_trigger_target_dag']) retrieved from /home/airflow/.local/lib/python3.7/site-packages/airflow/example_dags/example_trigger_target_dag.py
[2024-12-03T18:25:56.253+0000] {logging_mixin.py:120} INFO - [2024-12-03T18:25:56.253+0000] {dag.py:2585} INFO - Sync 1 DAGs
[2024-12-03T18:25:56.290+0000] {logging_mixin.py:120} INFO - [2024-12-03T18:25:56.290+0000] {dag.py:3340} INFO - Setting next_dagrun for example_trigger_target_dag to None, run_after=None
[2024-12-03T18:25:56.318+0000] {processor.py:176} INFO - Processing /home/airflow/.local/lib/python3.7/site-packages/airflow/example_dags/example_trigger_target_dag.py took 0.167 seconds
[2024-12-03T18:26:26.961+0000] {processor.py:154} INFO - Started process (PID=14851) to work on /home/airflow/.local/lib/python3.7/site-packages/airflow/example_dags/example_trigger_target_dag.py
[2024-12-03T18:26:26.963+0000] {processor.py:756} INFO - Processing file /home/airflow/.local/lib/python3.7/site-packages/airflow/example_dags/example_trigger_target_dag.py for tasks to queue
[2024-12-03T18:26:26.963+0000] {logging_mixin.py:120} INFO - [2024-12-03T18:26:26.963+0000] {dagbag.py:537} INFO - Filling up the DagBag from /home/airflow/.local/lib/python3.7/site-packages/airflow/example_dags/example_trigger_target_dag.py
[2024-12-03T18:26:26.994+0000] {processor.py:766} INFO - DAG(s) dict_keys(['example_trigger_target_dag']) retrieved from /home/airflow/.local/lib/python3.7/site-packages/airflow/example_dags/example_trigger_target_dag.py
[2024-12-03T18:26:27.052+0000] {logging_mixin.py:120} INFO - [2024-12-03T18:26:27.052+0000] {dag.py:2585} INFO - Sync 1 DAGs
[2024-12-03T18:26:27.088+0000] {logging_mixin.py:120} INFO - [2024-12-03T18:26:27.088+0000] {dag.py:3340} INFO - Setting next_dagrun for example_trigger_target_dag to None, run_after=None
[2024-12-03T18:26:27.113+0000] {processor.py:176} INFO - Processing /home/airflow/.local/lib/python3.7/site-packages/airflow/example_dags/example_trigger_target_dag.py took 0.156 seconds
[2024-12-03T18:26:57.222+0000] {processor.py:154} INFO - Started process (PID=14906) to work on /home/airflow/.local/lib/python3.7/site-packages/airflow/example_dags/example_trigger_target_dag.py
[2024-12-03T18:26:57.223+0000] {processor.py:756} INFO - Processing file /home/airflow/.local/lib/python3.7/site-packages/airflow/example_dags/example_trigger_target_dag.py for tasks to queue
[2024-12-03T18:26:57.224+0000] {logging_mixin.py:120} INFO - [2024-12-03T18:26:57.224+0000] {dagbag.py:537} INFO - Filling up the DagBag from /home/airflow/.local/lib/python3.7/site-packages/airflow/example_dags/example_trigger_target_dag.py
[2024-12-03T18:26:57.252+0000] {processor.py:766} INFO - DAG(s) dict_keys(['example_trigger_target_dag']) retrieved from /home/airflow/.local/lib/python3.7/site-packages/airflow/example_dags/example_trigger_target_dag.py
[2024-12-03T18:26:57.305+0000] {logging_mixin.py:120} INFO - [2024-12-03T18:26:57.305+0000] {dag.py:2585} INFO - Sync 1 DAGs
[2024-12-03T18:26:57.338+0000] {logging_mixin.py:120} INFO - [2024-12-03T18:26:57.338+0000] {dag.py:3340} INFO - Setting next_dagrun for example_trigger_target_dag to None, run_after=None
[2024-12-03T18:26:57.358+0000] {processor.py:176} INFO - Processing /home/airflow/.local/lib/python3.7/site-packages/airflow/example_dags/example_trigger_target_dag.py took 0.141 seconds
[2024-12-03T18:27:27.877+0000] {processor.py:154} INFO - Started process (PID=14971) to work on /home/airflow/.local/lib/python3.7/site-packages/airflow/example_dags/example_trigger_target_dag.py
[2024-12-03T18:27:27.878+0000] {processor.py:756} INFO - Processing file /home/airflow/.local/lib/python3.7/site-packages/airflow/example_dags/example_trigger_target_dag.py for tasks to queue
[2024-12-03T18:27:27.879+0000] {logging_mixin.py:120} INFO - [2024-12-03T18:27:27.879+0000] {dagbag.py:537} INFO - Filling up the DagBag from /home/airflow/.local/lib/python3.7/site-packages/airflow/example_dags/example_trigger_target_dag.py
[2024-12-03T18:27:27.908+0000] {processor.py:766} INFO - DAG(s) dict_keys(['example_trigger_target_dag']) retrieved from /home/airflow/.local/lib/python3.7/site-packages/airflow/example_dags/example_trigger_target_dag.py
[2024-12-03T18:27:27.965+0000] {logging_mixin.py:120} INFO - [2024-12-03T18:27:27.965+0000] {dag.py:2585} INFO - Sync 1 DAGs
[2024-12-03T18:27:28.000+0000] {logging_mixin.py:120} INFO - [2024-12-03T18:27:28.000+0000] {dag.py:3340} INFO - Setting next_dagrun for example_trigger_target_dag to None, run_after=None
[2024-12-03T18:27:28.029+0000] {processor.py:176} INFO - Processing /home/airflow/.local/lib/python3.7/site-packages/airflow/example_dags/example_trigger_target_dag.py took 0.157 seconds
[2024-12-03T18:27:58.228+0000] {processor.py:154} INFO - Started process (PID=15036) to work on /home/airflow/.local/lib/python3.7/site-packages/airflow/example_dags/example_trigger_target_dag.py
[2024-12-03T18:27:58.229+0000] {processor.py:756} INFO - Processing file /home/airflow/.local/lib/python3.7/site-packages/airflow/example_dags/example_trigger_target_dag.py for tasks to queue
[2024-12-03T18:27:58.230+0000] {logging_mixin.py:120} INFO - [2024-12-03T18:27:58.230+0000] {dagbag.py:537} INFO - Filling up the DagBag from /home/airflow/.local/lib/python3.7/site-packages/airflow/example_dags/example_trigger_target_dag.py
[2024-12-03T18:27:58.263+0000] {processor.py:766} INFO - DAG(s) dict_keys(['example_trigger_target_dag']) retrieved from /home/airflow/.local/lib/python3.7/site-packages/airflow/example_dags/example_trigger_target_dag.py
[2024-12-03T18:27:58.326+0000] {logging_mixin.py:120} INFO - [2024-12-03T18:27:58.326+0000] {dag.py:2585} INFO - Sync 1 DAGs
[2024-12-03T18:27:58.361+0000] {logging_mixin.py:120} INFO - [2024-12-03T18:27:58.361+0000] {dag.py:3340} INFO - Setting next_dagrun for example_trigger_target_dag to None, run_after=None
[2024-12-03T18:27:58.392+0000] {processor.py:176} INFO - Processing /home/airflow/.local/lib/python3.7/site-packages/airflow/example_dags/example_trigger_target_dag.py took 0.169 seconds
[2024-12-03T18:28:29.011+0000] {processor.py:154} INFO - Started process (PID=15093) to work on /home/airflow/.local/lib/python3.7/site-packages/airflow/example_dags/example_trigger_target_dag.py
[2024-12-03T18:28:29.013+0000] {processor.py:756} INFO - Processing file /home/airflow/.local/lib/python3.7/site-packages/airflow/example_dags/example_trigger_target_dag.py for tasks to queue
[2024-12-03T18:28:29.014+0000] {logging_mixin.py:120} INFO - [2024-12-03T18:28:29.014+0000] {dagbag.py:537} INFO - Filling up the DagBag from /home/airflow/.local/lib/python3.7/site-packages/airflow/example_dags/example_trigger_target_dag.py
[2024-12-03T18:28:29.042+0000] {processor.py:766} INFO - DAG(s) dict_keys(['example_trigger_target_dag']) retrieved from /home/airflow/.local/lib/python3.7/site-packages/airflow/example_dags/example_trigger_target_dag.py
[2024-12-03T18:28:29.105+0000] {logging_mixin.py:120} INFO - [2024-12-03T18:28:29.105+0000] {dag.py:2585} INFO - Sync 1 DAGs
[2024-12-03T18:28:29.134+0000] {logging_mixin.py:120} INFO - [2024-12-03T18:28:29.134+0000] {dag.py:3340} INFO - Setting next_dagrun for example_trigger_target_dag to None, run_after=None
[2024-12-03T18:28:29.153+0000] {processor.py:176} INFO - Processing /home/airflow/.local/lib/python3.7/site-packages/airflow/example_dags/example_trigger_target_dag.py took 0.147 seconds
[2024-12-03T18:29:00.030+0000] {processor.py:154} INFO - Started process (PID=15158) to work on /home/airflow/.local/lib/python3.7/site-packages/airflow/example_dags/example_trigger_target_dag.py
[2024-12-03T18:29:00.031+0000] {processor.py:756} INFO - Processing file /home/airflow/.local/lib/python3.7/site-packages/airflow/example_dags/example_trigger_target_dag.py for tasks to queue
[2024-12-03T18:29:00.035+0000] {logging_mixin.py:120} INFO - [2024-12-03T18:29:00.035+0000] {dagbag.py:537} INFO - Filling up the DagBag from /home/airflow/.local/lib/python3.7/site-packages/airflow/example_dags/example_trigger_target_dag.py
[2024-12-03T18:29:00.063+0000] {processor.py:766} INFO - DAG(s) dict_keys(['example_trigger_target_dag']) retrieved from /home/airflow/.local/lib/python3.7/site-packages/airflow/example_dags/example_trigger_target_dag.py
[2024-12-03T18:29:00.120+0000] {logging_mixin.py:120} INFO - [2024-12-03T18:29:00.119+0000] {dag.py:2585} INFO - Sync 1 DAGs
[2024-12-03T18:29:00.150+0000] {logging_mixin.py:120} INFO - [2024-12-03T18:29:00.150+0000] {dag.py:3340} INFO - Setting next_dagrun for example_trigger_target_dag to None, run_after=None
[2024-12-03T18:29:00.170+0000] {processor.py:176} INFO - Processing /home/airflow/.local/lib/python3.7/site-packages/airflow/example_dags/example_trigger_target_dag.py took 0.145 seconds
[2024-12-03T18:29:30.417+0000] {processor.py:154} INFO - Started process (PID=15222) to work on /home/airflow/.local/lib/python3.7/site-packages/airflow/example_dags/example_trigger_target_dag.py
[2024-12-03T18:29:30.418+0000] {processor.py:756} INFO - Processing file /home/airflow/.local/lib/python3.7/site-packages/airflow/example_dags/example_trigger_target_dag.py for tasks to queue
[2024-12-03T18:29:30.419+0000] {logging_mixin.py:120} INFO - [2024-12-03T18:29:30.419+0000] {dagbag.py:537} INFO - Filling up the DagBag from /home/airflow/.local/lib/python3.7/site-packages/airflow/example_dags/example_trigger_target_dag.py
[2024-12-03T18:29:30.447+0000] {processor.py:766} INFO - DAG(s) dict_keys(['example_trigger_target_dag']) retrieved from /home/airflow/.local/lib/python3.7/site-packages/airflow/example_dags/example_trigger_target_dag.py
[2024-12-03T18:29:30.514+0000] {logging_mixin.py:120} INFO - [2024-12-03T18:29:30.513+0000] {dag.py:2585} INFO - Sync 1 DAGs
[2024-12-03T18:29:30.551+0000] {logging_mixin.py:120} INFO - [2024-12-03T18:29:30.550+0000] {dag.py:3340} INFO - Setting next_dagrun for example_trigger_target_dag to None, run_after=None
[2024-12-03T18:29:30.578+0000] {processor.py:176} INFO - Processing /home/airflow/.local/lib/python3.7/site-packages/airflow/example_dags/example_trigger_target_dag.py took 0.166 seconds
[2024-12-03T18:30:01.410+0000] {processor.py:154} INFO - Started process (PID=15278) to work on /home/airflow/.local/lib/python3.7/site-packages/airflow/example_dags/example_trigger_target_dag.py
[2024-12-03T18:30:01.411+0000] {processor.py:756} INFO - Processing file /home/airflow/.local/lib/python3.7/site-packages/airflow/example_dags/example_trigger_target_dag.py for tasks to queue
[2024-12-03T18:30:01.412+0000] {logging_mixin.py:120} INFO - [2024-12-03T18:30:01.412+0000] {dagbag.py:537} INFO - Filling up the DagBag from /home/airflow/.local/lib/python3.7/site-packages/airflow/example_dags/example_trigger_target_dag.py
[2024-12-03T18:30:01.443+0000] {processor.py:766} INFO - DAG(s) dict_keys(['example_trigger_target_dag']) retrieved from /home/airflow/.local/lib/python3.7/site-packages/airflow/example_dags/example_trigger_target_dag.py
[2024-12-03T18:30:01.503+0000] {logging_mixin.py:120} INFO - [2024-12-03T18:30:01.503+0000] {dag.py:2585} INFO - Sync 1 DAGs
[2024-12-03T18:30:01.552+0000] {logging_mixin.py:120} INFO - [2024-12-03T18:30:01.552+0000] {dag.py:3340} INFO - Setting next_dagrun for example_trigger_target_dag to None, run_after=None
[2024-12-03T18:30:01.576+0000] {processor.py:176} INFO - Processing /home/airflow/.local/lib/python3.7/site-packages/airflow/example_dags/example_trigger_target_dag.py took 0.170 seconds
