[2024-12-03T18:25:26.968+0000] {processor.py:154} INFO - Started process (PID=14732) to work on /home/airflow/.local/lib/python3.7/site-packages/airflow/example_dags/example_nested_branch_dag.py
[2024-12-03T18:25:26.970+0000] {processor.py:756} INFO - Processing file /home/airflow/.local/lib/python3.7/site-packages/airflow/example_dags/example_nested_branch_dag.py for tasks to queue
[2024-12-03T18:25:26.971+0000] {logging_mixin.py:120} INFO - [2024-12-03T18:25:26.971+0000] {dagbag.py:537} INFO - Filling up the DagBag from /home/airflow/.local/lib/python3.7/site-packages/airflow/example_dags/example_nested_branch_dag.py
[2024-12-03T18:25:27.006+0000] {processor.py:766} INFO - DAG(s) dict_keys(['example_nested_branch_dag']) retrieved from /home/airflow/.local/lib/python3.7/site-packages/airflow/example_dags/example_nested_branch_dag.py
[2024-12-03T18:25:27.071+0000] {logging_mixin.py:120} INFO - [2024-12-03T18:25:27.071+0000] {dag.py:2585} INFO - Sync 1 DAGs
[2024-12-03T18:25:27.108+0000] {logging_mixin.py:120} INFO - [2024-12-03T18:25:27.108+0000] {dag.py:3340} INFO - Setting next_dagrun for example_nested_branch_dag to 2024-12-02T00:00:00+00:00, run_after=2024-12-03T00:00:00+00:00
[2024-12-03T18:25:27.137+0000] {processor.py:176} INFO - Processing /home/airflow/.local/lib/python3.7/site-packages/airflow/example_dags/example_nested_branch_dag.py took 0.173 seconds
[2024-12-03T18:25:57.357+0000] {processor.py:154} INFO - Started process (PID=14787) to work on /home/airflow/.local/lib/python3.7/site-packages/airflow/example_dags/example_nested_branch_dag.py
[2024-12-03T18:25:57.359+0000] {processor.py:756} INFO - Processing file /home/airflow/.local/lib/python3.7/site-packages/airflow/example_dags/example_nested_branch_dag.py for tasks to queue
[2024-12-03T18:25:57.360+0000] {logging_mixin.py:120} INFO - [2024-12-03T18:25:57.360+0000] {dagbag.py:537} INFO - Filling up the DagBag from /home/airflow/.local/lib/python3.7/site-packages/airflow/example_dags/example_nested_branch_dag.py
[2024-12-03T18:25:57.393+0000] {processor.py:766} INFO - DAG(s) dict_keys(['example_nested_branch_dag']) retrieved from /home/airflow/.local/lib/python3.7/site-packages/airflow/example_dags/example_nested_branch_dag.py
[2024-12-03T18:25:57.449+0000] {logging_mixin.py:120} INFO - [2024-12-03T18:25:57.448+0000] {dag.py:2585} INFO - Sync 1 DAGs
[2024-12-03T18:25:57.485+0000] {logging_mixin.py:120} INFO - [2024-12-03T18:25:57.485+0000] {dag.py:3340} INFO - Setting next_dagrun for example_nested_branch_dag to 2024-12-02T00:00:00+00:00, run_after=2024-12-03T00:00:00+00:00
[2024-12-03T18:25:57.513+0000] {processor.py:176} INFO - Processing /home/airflow/.local/lib/python3.7/site-packages/airflow/example_dags/example_nested_branch_dag.py took 0.161 seconds
[2024-12-03T18:26:28.376+0000] {processor.py:154} INFO - Started process (PID=14854) to work on /home/airflow/.local/lib/python3.7/site-packages/airflow/example_dags/example_nested_branch_dag.py
[2024-12-03T18:26:28.377+0000] {processor.py:756} INFO - Processing file /home/airflow/.local/lib/python3.7/site-packages/airflow/example_dags/example_nested_branch_dag.py for tasks to queue
[2024-12-03T18:26:28.378+0000] {logging_mixin.py:120} INFO - [2024-12-03T18:26:28.378+0000] {dagbag.py:537} INFO - Filling up the DagBag from /home/airflow/.local/lib/python3.7/site-packages/airflow/example_dags/example_nested_branch_dag.py
[2024-12-03T18:26:28.416+0000] {processor.py:766} INFO - DAG(s) dict_keys(['example_nested_branch_dag']) retrieved from /home/airflow/.local/lib/python3.7/site-packages/airflow/example_dags/example_nested_branch_dag.py
[2024-12-03T18:26:28.476+0000] {logging_mixin.py:120} INFO - [2024-12-03T18:26:28.476+0000] {dag.py:2585} INFO - Sync 1 DAGs
[2024-12-03T18:26:28.514+0000] {logging_mixin.py:120} INFO - [2024-12-03T18:26:28.513+0000] {dag.py:3340} INFO - Setting next_dagrun for example_nested_branch_dag to 2024-12-02T00:00:00+00:00, run_after=2024-12-03T00:00:00+00:00
[2024-12-03T18:26:28.540+0000] {processor.py:176} INFO - Processing /home/airflow/.local/lib/python3.7/site-packages/airflow/example_dags/example_nested_branch_dag.py took 0.169 seconds
[2024-12-03T18:26:58.899+0000] {processor.py:154} INFO - Started process (PID=14919) to work on /home/airflow/.local/lib/python3.7/site-packages/airflow/example_dags/example_nested_branch_dag.py
[2024-12-03T18:26:58.900+0000] {processor.py:756} INFO - Processing file /home/airflow/.local/lib/python3.7/site-packages/airflow/example_dags/example_nested_branch_dag.py for tasks to queue
[2024-12-03T18:26:58.902+0000] {logging_mixin.py:120} INFO - [2024-12-03T18:26:58.901+0000] {dagbag.py:537} INFO - Filling up the DagBag from /home/airflow/.local/lib/python3.7/site-packages/airflow/example_dags/example_nested_branch_dag.py
[2024-12-03T18:26:58.941+0000] {processor.py:766} INFO - DAG(s) dict_keys(['example_nested_branch_dag']) retrieved from /home/airflow/.local/lib/python3.7/site-packages/airflow/example_dags/example_nested_branch_dag.py
[2024-12-03T18:26:59.008+0000] {logging_mixin.py:120} INFO - [2024-12-03T18:26:59.008+0000] {dag.py:2585} INFO - Sync 1 DAGs
[2024-12-03T18:26:59.055+0000] {logging_mixin.py:120} INFO - [2024-12-03T18:26:59.055+0000] {dag.py:3340} INFO - Setting next_dagrun for example_nested_branch_dag to 2024-12-02T00:00:00+00:00, run_after=2024-12-03T00:00:00+00:00
[2024-12-03T18:26:59.091+0000] {processor.py:176} INFO - Processing /home/airflow/.local/lib/python3.7/site-packages/airflow/example_dags/example_nested_branch_dag.py took 0.198 seconds
[2024-12-03T18:27:29.409+0000] {processor.py:154} INFO - Started process (PID=14974) to work on /home/airflow/.local/lib/python3.7/site-packages/airflow/example_dags/example_nested_branch_dag.py
[2024-12-03T18:27:29.410+0000] {processor.py:756} INFO - Processing file /home/airflow/.local/lib/python3.7/site-packages/airflow/example_dags/example_nested_branch_dag.py for tasks to queue
[2024-12-03T18:27:29.411+0000] {logging_mixin.py:120} INFO - [2024-12-03T18:27:29.411+0000] {dagbag.py:537} INFO - Filling up the DagBag from /home/airflow/.local/lib/python3.7/site-packages/airflow/example_dags/example_nested_branch_dag.py
[2024-12-03T18:27:29.445+0000] {processor.py:766} INFO - DAG(s) dict_keys(['example_nested_branch_dag']) retrieved from /home/airflow/.local/lib/python3.7/site-packages/airflow/example_dags/example_nested_branch_dag.py
[2024-12-03T18:27:29.501+0000] {logging_mixin.py:120} INFO - [2024-12-03T18:27:29.501+0000] {dag.py:2585} INFO - Sync 1 DAGs
[2024-12-03T18:27:29.538+0000] {logging_mixin.py:120} INFO - [2024-12-03T18:27:29.537+0000] {dag.py:3340} INFO - Setting next_dagrun for example_nested_branch_dag to 2024-12-02T00:00:00+00:00, run_after=2024-12-03T00:00:00+00:00
[2024-12-03T18:27:29.566+0000] {processor.py:176} INFO - Processing /home/airflow/.local/lib/python3.7/site-packages/airflow/example_dags/example_nested_branch_dag.py took 0.162 seconds
[2024-12-03T18:27:59.832+0000] {processor.py:154} INFO - Started process (PID=15039) to work on /home/airflow/.local/lib/python3.7/site-packages/airflow/example_dags/example_nested_branch_dag.py
[2024-12-03T18:27:59.833+0000] {processor.py:756} INFO - Processing file /home/airflow/.local/lib/python3.7/site-packages/airflow/example_dags/example_nested_branch_dag.py for tasks to queue
[2024-12-03T18:27:59.834+0000] {logging_mixin.py:120} INFO - [2024-12-03T18:27:59.834+0000] {dagbag.py:537} INFO - Filling up the DagBag from /home/airflow/.local/lib/python3.7/site-packages/airflow/example_dags/example_nested_branch_dag.py
[2024-12-03T18:27:59.870+0000] {processor.py:766} INFO - DAG(s) dict_keys(['example_nested_branch_dag']) retrieved from /home/airflow/.local/lib/python3.7/site-packages/airflow/example_dags/example_nested_branch_dag.py
[2024-12-03T18:27:59.927+0000] {logging_mixin.py:120} INFO - [2024-12-03T18:27:59.927+0000] {dag.py:2585} INFO - Sync 1 DAGs
[2024-12-03T18:27:59.963+0000] {logging_mixin.py:120} INFO - [2024-12-03T18:27:59.963+0000] {dag.py:3340} INFO - Setting next_dagrun for example_nested_branch_dag to 2024-12-02T00:00:00+00:00, run_after=2024-12-03T00:00:00+00:00
[2024-12-03T18:27:59.998+0000] {processor.py:176} INFO - Processing /home/airflow/.local/lib/python3.7/site-packages/airflow/example_dags/example_nested_branch_dag.py took 0.171 seconds
[2024-12-03T18:28:30.330+0000] {processor.py:154} INFO - Started process (PID=15095) to work on /home/airflow/.local/lib/python3.7/site-packages/airflow/example_dags/example_nested_branch_dag.py
[2024-12-03T18:28:30.332+0000] {processor.py:756} INFO - Processing file /home/airflow/.local/lib/python3.7/site-packages/airflow/example_dags/example_nested_branch_dag.py for tasks to queue
[2024-12-03T18:28:30.333+0000] {logging_mixin.py:120} INFO - [2024-12-03T18:28:30.332+0000] {dagbag.py:537} INFO - Filling up the DagBag from /home/airflow/.local/lib/python3.7/site-packages/airflow/example_dags/example_nested_branch_dag.py
[2024-12-03T18:28:30.366+0000] {processor.py:766} INFO - DAG(s) dict_keys(['example_nested_branch_dag']) retrieved from /home/airflow/.local/lib/python3.7/site-packages/airflow/example_dags/example_nested_branch_dag.py
[2024-12-03T18:28:30.435+0000] {logging_mixin.py:120} INFO - [2024-12-03T18:28:30.435+0000] {dag.py:2585} INFO - Sync 1 DAGs
[2024-12-03T18:28:30.481+0000] {logging_mixin.py:120} INFO - [2024-12-03T18:28:30.481+0000] {dag.py:3340} INFO - Setting next_dagrun for example_nested_branch_dag to 2024-12-02T00:00:00+00:00, run_after=2024-12-03T00:00:00+00:00
[2024-12-03T18:28:30.517+0000] {processor.py:176} INFO - Processing /home/airflow/.local/lib/python3.7/site-packages/airflow/example_dags/example_nested_branch_dag.py took 0.192 seconds
[2024-12-03T18:29:01.353+0000] {processor.py:154} INFO - Started process (PID=15161) to work on /home/airflow/.local/lib/python3.7/site-packages/airflow/example_dags/example_nested_branch_dag.py
[2024-12-03T18:29:01.355+0000] {processor.py:756} INFO - Processing file /home/airflow/.local/lib/python3.7/site-packages/airflow/example_dags/example_nested_branch_dag.py for tasks to queue
[2024-12-03T18:29:01.355+0000] {logging_mixin.py:120} INFO - [2024-12-03T18:29:01.355+0000] {dagbag.py:537} INFO - Filling up the DagBag from /home/airflow/.local/lib/python3.7/site-packages/airflow/example_dags/example_nested_branch_dag.py
[2024-12-03T18:29:01.389+0000] {processor.py:766} INFO - DAG(s) dict_keys(['example_nested_branch_dag']) retrieved from /home/airflow/.local/lib/python3.7/site-packages/airflow/example_dags/example_nested_branch_dag.py
[2024-12-03T18:29:01.446+0000] {logging_mixin.py:120} INFO - [2024-12-03T18:29:01.446+0000] {dag.py:2585} INFO - Sync 1 DAGs
[2024-12-03T18:29:01.482+0000] {logging_mixin.py:120} INFO - [2024-12-03T18:29:01.482+0000] {dag.py:3340} INFO - Setting next_dagrun for example_nested_branch_dag to 2024-12-02T00:00:00+00:00, run_after=2024-12-03T00:00:00+00:00
[2024-12-03T18:29:01.501+0000] {processor.py:176} INFO - Processing /home/airflow/.local/lib/python3.7/site-packages/airflow/example_dags/example_nested_branch_dag.py took 0.152 seconds
[2024-12-03T18:29:31.813+0000] {processor.py:154} INFO - Started process (PID=15225) to work on /home/airflow/.local/lib/python3.7/site-packages/airflow/example_dags/example_nested_branch_dag.py
[2024-12-03T18:29:31.814+0000] {processor.py:756} INFO - Processing file /home/airflow/.local/lib/python3.7/site-packages/airflow/example_dags/example_nested_branch_dag.py for tasks to queue
[2024-12-03T18:29:31.816+0000] {logging_mixin.py:120} INFO - [2024-12-03T18:29:31.816+0000] {dagbag.py:537} INFO - Filling up the DagBag from /home/airflow/.local/lib/python3.7/site-packages/airflow/example_dags/example_nested_branch_dag.py
[2024-12-03T18:29:31.943+0000] {processor.py:766} INFO - DAG(s) dict_keys(['example_nested_branch_dag']) retrieved from /home/airflow/.local/lib/python3.7/site-packages/airflow/example_dags/example_nested_branch_dag.py
[2024-12-03T18:29:32.086+0000] {logging_mixin.py:120} INFO - [2024-12-03T18:29:32.085+0000] {dag.py:2585} INFO - Sync 1 DAGs
[2024-12-03T18:29:32.143+0000] {logging_mixin.py:120} INFO - [2024-12-03T18:29:32.142+0000] {dag.py:3340} INFO - Setting next_dagrun for example_nested_branch_dag to 2024-12-02T00:00:00+00:00, run_after=2024-12-03T00:00:00+00:00
[2024-12-03T18:29:32.172+0000] {processor.py:176} INFO - Processing /home/airflow/.local/lib/python3.7/site-packages/airflow/example_dags/example_nested_branch_dag.py took 0.365 seconds
[2024-12-03T18:30:02.744+0000] {processor.py:154} INFO - Started process (PID=15281) to work on /home/airflow/.local/lib/python3.7/site-packages/airflow/example_dags/example_nested_branch_dag.py
[2024-12-03T18:30:02.745+0000] {processor.py:756} INFO - Processing file /home/airflow/.local/lib/python3.7/site-packages/airflow/example_dags/example_nested_branch_dag.py for tasks to queue
[2024-12-03T18:30:02.746+0000] {logging_mixin.py:120} INFO - [2024-12-03T18:30:02.746+0000] {dagbag.py:537} INFO - Filling up the DagBag from /home/airflow/.local/lib/python3.7/site-packages/airflow/example_dags/example_nested_branch_dag.py
[2024-12-03T18:30:02.786+0000] {processor.py:766} INFO - DAG(s) dict_keys(['example_nested_branch_dag']) retrieved from /home/airflow/.local/lib/python3.7/site-packages/airflow/example_dags/example_nested_branch_dag.py
[2024-12-03T18:30:02.847+0000] {logging_mixin.py:120} INFO - [2024-12-03T18:30:02.846+0000] {dag.py:2585} INFO - Sync 1 DAGs
[2024-12-03T18:30:02.884+0000] {logging_mixin.py:120} INFO - [2024-12-03T18:30:02.884+0000] {dag.py:3340} INFO - Setting next_dagrun for example_nested_branch_dag to 2024-12-02T00:00:00+00:00, run_after=2024-12-03T00:00:00+00:00
[2024-12-03T18:30:02.909+0000] {processor.py:176} INFO - Processing /home/airflow/.local/lib/python3.7/site-packages/airflow/example_dags/example_nested_branch_dag.py took 0.170 seconds
