[2024-12-03T18:25:30.731+0000] {processor.py:154} INFO - Started process (PID=14740) to work on /home/airflow/.local/lib/python3.7/site-packages/airflow/example_dags/example_kubernetes_executor.py
[2024-12-03T18:25:30.732+0000] {processor.py:756} INFO - Processing file /home/airflow/.local/lib/python3.7/site-packages/airflow/example_dags/example_kubernetes_executor.py for tasks to queue
[2024-12-03T18:25:30.733+0000] {logging_mixin.py:120} INFO - [2024-12-03T18:25:30.733+0000] {dagbag.py:537} INFO - Filling up the DagBag from /home/airflow/.local/lib/python3.7/site-packages/airflow/example_dags/example_kubernetes_executor.py
[2024-12-03T18:25:30.780+0000] {processor.py:766} INFO - DAG(s) dict_keys(['example_kubernetes_executor']) retrieved from /home/airflow/.local/lib/python3.7/site-packages/airflow/example_dags/example_kubernetes_executor.py
[2024-12-03T18:25:30.847+0000] {logging_mixin.py:120} INFO - [2024-12-03T18:25:30.847+0000] {dag.py:2585} INFO - Sync 1 DAGs
[2024-12-03T18:25:30.881+0000] {logging_mixin.py:120} INFO - [2024-12-03T18:25:30.881+0000] {dag.py:3340} INFO - Setting next_dagrun for example_kubernetes_executor to None, run_after=None
[2024-12-03T18:25:30.908+0000] {processor.py:176} INFO - Processing /home/airflow/.local/lib/python3.7/site-packages/airflow/example_dags/example_kubernetes_executor.py took 0.184 seconds
[2024-12-03T18:26:00.962+0000] {processor.py:154} INFO - Started process (PID=14804) to work on /home/airflow/.local/lib/python3.7/site-packages/airflow/example_dags/example_kubernetes_executor.py
[2024-12-03T18:26:00.963+0000] {processor.py:756} INFO - Processing file /home/airflow/.local/lib/python3.7/site-packages/airflow/example_dags/example_kubernetes_executor.py for tasks to queue
[2024-12-03T18:26:00.964+0000] {logging_mixin.py:120} INFO - [2024-12-03T18:26:00.964+0000] {dagbag.py:537} INFO - Filling up the DagBag from /home/airflow/.local/lib/python3.7/site-packages/airflow/example_dags/example_kubernetes_executor.py
[2024-12-03T18:26:01.009+0000] {processor.py:766} INFO - DAG(s) dict_keys(['example_kubernetes_executor']) retrieved from /home/airflow/.local/lib/python3.7/site-packages/airflow/example_dags/example_kubernetes_executor.py
[2024-12-03T18:26:01.073+0000] {logging_mixin.py:120} INFO - [2024-12-03T18:26:01.073+0000] {dag.py:2585} INFO - Sync 1 DAGs
[2024-12-03T18:26:01.111+0000] {logging_mixin.py:120} INFO - [2024-12-03T18:26:01.110+0000] {dag.py:3340} INFO - Setting next_dagrun for example_kubernetes_executor to None, run_after=None
[2024-12-03T18:26:01.141+0000] {processor.py:176} INFO - Processing /home/airflow/.local/lib/python3.7/site-packages/airflow/example_dags/example_kubernetes_executor.py took 0.184 seconds
[2024-12-03T18:26:31.216+0000] {processor.py:154} INFO - Started process (PID=14861) to work on /home/airflow/.local/lib/python3.7/site-packages/airflow/example_dags/example_kubernetes_executor.py
[2024-12-03T18:26:31.217+0000] {processor.py:756} INFO - Processing file /home/airflow/.local/lib/python3.7/site-packages/airflow/example_dags/example_kubernetes_executor.py for tasks to queue
[2024-12-03T18:26:31.218+0000] {logging_mixin.py:120} INFO - [2024-12-03T18:26:31.218+0000] {dagbag.py:537} INFO - Filling up the DagBag from /home/airflow/.local/lib/python3.7/site-packages/airflow/example_dags/example_kubernetes_executor.py
[2024-12-03T18:26:31.267+0000] {processor.py:766} INFO - DAG(s) dict_keys(['example_kubernetes_executor']) retrieved from /home/airflow/.local/lib/python3.7/site-packages/airflow/example_dags/example_kubernetes_executor.py
[2024-12-03T18:26:31.338+0000] {logging_mixin.py:120} INFO - [2024-12-03T18:26:31.337+0000] {dag.py:2585} INFO - Sync 1 DAGs
[2024-12-03T18:26:31.385+0000] {logging_mixin.py:120} INFO - [2024-12-03T18:26:31.385+0000] {dag.py:3340} INFO - Setting next_dagrun for example_kubernetes_executor to None, run_after=None
[2024-12-03T18:26:31.418+0000] {processor.py:176} INFO - Processing /home/airflow/.local/lib/python3.7/site-packages/airflow/example_dags/example_kubernetes_executor.py took 0.208 seconds
[2024-12-03T18:27:01.832+0000] {processor.py:154} INFO - Started process (PID=14926) to work on /home/airflow/.local/lib/python3.7/site-packages/airflow/example_dags/example_kubernetes_executor.py
[2024-12-03T18:27:01.835+0000] {processor.py:756} INFO - Processing file /home/airflow/.local/lib/python3.7/site-packages/airflow/example_dags/example_kubernetes_executor.py for tasks to queue
[2024-12-03T18:27:01.836+0000] {logging_mixin.py:120} INFO - [2024-12-03T18:27:01.836+0000] {dagbag.py:537} INFO - Filling up the DagBag from /home/airflow/.local/lib/python3.7/site-packages/airflow/example_dags/example_kubernetes_executor.py
[2024-12-03T18:27:01.874+0000] {processor.py:766} INFO - DAG(s) dict_keys(['example_kubernetes_executor']) retrieved from /home/airflow/.local/lib/python3.7/site-packages/airflow/example_dags/example_kubernetes_executor.py
[2024-12-03T18:27:01.931+0000] {logging_mixin.py:120} INFO - [2024-12-03T18:27:01.931+0000] {dag.py:2585} INFO - Sync 1 DAGs
[2024-12-03T18:27:01.964+0000] {logging_mixin.py:120} INFO - [2024-12-03T18:27:01.964+0000] {dag.py:3340} INFO - Setting next_dagrun for example_kubernetes_executor to None, run_after=None
[2024-12-03T18:27:01.990+0000] {processor.py:176} INFO - Processing /home/airflow/.local/lib/python3.7/site-packages/airflow/example_dags/example_kubernetes_executor.py took 0.162 seconds
[2024-12-03T18:27:32.362+0000] {processor.py:154} INFO - Started process (PID=14989) to work on /home/airflow/.local/lib/python3.7/site-packages/airflow/example_dags/example_kubernetes_executor.py
[2024-12-03T18:27:32.364+0000] {processor.py:756} INFO - Processing file /home/airflow/.local/lib/python3.7/site-packages/airflow/example_dags/example_kubernetes_executor.py for tasks to queue
[2024-12-03T18:27:32.365+0000] {logging_mixin.py:120} INFO - [2024-12-03T18:27:32.365+0000] {dagbag.py:537} INFO - Filling up the DagBag from /home/airflow/.local/lib/python3.7/site-packages/airflow/example_dags/example_kubernetes_executor.py
[2024-12-03T18:27:32.412+0000] {processor.py:766} INFO - DAG(s) dict_keys(['example_kubernetes_executor']) retrieved from /home/airflow/.local/lib/python3.7/site-packages/airflow/example_dags/example_kubernetes_executor.py
[2024-12-03T18:27:32.477+0000] {logging_mixin.py:120} INFO - [2024-12-03T18:27:32.477+0000] {dag.py:2585} INFO - Sync 1 DAGs
[2024-12-03T18:27:32.515+0000] {logging_mixin.py:120} INFO - [2024-12-03T18:27:32.515+0000] {dag.py:3340} INFO - Setting next_dagrun for example_kubernetes_executor to None, run_after=None
[2024-12-03T18:27:32.548+0000] {processor.py:176} INFO - Processing /home/airflow/.local/lib/python3.7/site-packages/airflow/example_dags/example_kubernetes_executor.py took 0.191 seconds
[2024-12-03T18:28:02.783+0000] {processor.py:154} INFO - Started process (PID=15047) to work on /home/airflow/.local/lib/python3.7/site-packages/airflow/example_dags/example_kubernetes_executor.py
[2024-12-03T18:28:02.784+0000] {processor.py:756} INFO - Processing file /home/airflow/.local/lib/python3.7/site-packages/airflow/example_dags/example_kubernetes_executor.py for tasks to queue
[2024-12-03T18:28:02.785+0000] {logging_mixin.py:120} INFO - [2024-12-03T18:28:02.785+0000] {dagbag.py:537} INFO - Filling up the DagBag from /home/airflow/.local/lib/python3.7/site-packages/airflow/example_dags/example_kubernetes_executor.py
[2024-12-03T18:28:02.825+0000] {processor.py:766} INFO - DAG(s) dict_keys(['example_kubernetes_executor']) retrieved from /home/airflow/.local/lib/python3.7/site-packages/airflow/example_dags/example_kubernetes_executor.py
[2024-12-03T18:28:02.885+0000] {logging_mixin.py:120} INFO - [2024-12-03T18:28:02.885+0000] {dag.py:2585} INFO - Sync 1 DAGs
[2024-12-03T18:28:02.928+0000] {logging_mixin.py:120} INFO - [2024-12-03T18:28:02.928+0000] {dag.py:3340} INFO - Setting next_dagrun for example_kubernetes_executor to None, run_after=None
[2024-12-03T18:28:02.959+0000] {processor.py:176} INFO - Processing /home/airflow/.local/lib/python3.7/site-packages/airflow/example_dags/example_kubernetes_executor.py took 0.181 seconds
[2024-12-03T18:28:33.363+0000] {processor.py:154} INFO - Started process (PID=15112) to work on /home/airflow/.local/lib/python3.7/site-packages/airflow/example_dags/example_kubernetes_executor.py
[2024-12-03T18:28:33.364+0000] {processor.py:756} INFO - Processing file /home/airflow/.local/lib/python3.7/site-packages/airflow/example_dags/example_kubernetes_executor.py for tasks to queue
[2024-12-03T18:28:33.365+0000] {logging_mixin.py:120} INFO - [2024-12-03T18:28:33.365+0000] {dagbag.py:537} INFO - Filling up the DagBag from /home/airflow/.local/lib/python3.7/site-packages/airflow/example_dags/example_kubernetes_executor.py
[2024-12-03T18:28:33.405+0000] {processor.py:766} INFO - DAG(s) dict_keys(['example_kubernetes_executor']) retrieved from /home/airflow/.local/lib/python3.7/site-packages/airflow/example_dags/example_kubernetes_executor.py
[2024-12-03T18:28:33.470+0000] {logging_mixin.py:120} INFO - [2024-12-03T18:28:33.470+0000] {dag.py:2585} INFO - Sync 1 DAGs
[2024-12-03T18:28:33.511+0000] {logging_mixin.py:120} INFO - [2024-12-03T18:28:33.511+0000] {dag.py:3340} INFO - Setting next_dagrun for example_kubernetes_executor to None, run_after=None
[2024-12-03T18:28:33.544+0000] {processor.py:176} INFO - Processing /home/airflow/.local/lib/python3.7/site-packages/airflow/example_dags/example_kubernetes_executor.py took 0.185 seconds
[2024-12-03T18:29:04.044+0000] {processor.py:154} INFO - Started process (PID=15168) to work on /home/airflow/.local/lib/python3.7/site-packages/airflow/example_dags/example_kubernetes_executor.py
[2024-12-03T18:29:04.046+0000] {processor.py:756} INFO - Processing file /home/airflow/.local/lib/python3.7/site-packages/airflow/example_dags/example_kubernetes_executor.py for tasks to queue
[2024-12-03T18:29:04.046+0000] {logging_mixin.py:120} INFO - [2024-12-03T18:29:04.046+0000] {dagbag.py:537} INFO - Filling up the DagBag from /home/airflow/.local/lib/python3.7/site-packages/airflow/example_dags/example_kubernetes_executor.py
[2024-12-03T18:29:04.086+0000] {processor.py:766} INFO - DAG(s) dict_keys(['example_kubernetes_executor']) retrieved from /home/airflow/.local/lib/python3.7/site-packages/airflow/example_dags/example_kubernetes_executor.py
[2024-12-03T18:29:04.143+0000] {logging_mixin.py:120} INFO - [2024-12-03T18:29:04.143+0000] {dag.py:2585} INFO - Sync 1 DAGs
[2024-12-03T18:29:04.177+0000] {logging_mixin.py:120} INFO - [2024-12-03T18:29:04.176+0000] {dag.py:3340} INFO - Setting next_dagrun for example_kubernetes_executor to None, run_after=None
[2024-12-03T18:29:04.207+0000] {processor.py:176} INFO - Processing /home/airflow/.local/lib/python3.7/site-packages/airflow/example_dags/example_kubernetes_executor.py took 0.167 seconds
[2024-12-03T18:29:34.912+0000] {processor.py:154} INFO - Started process (PID=15232) to work on /home/airflow/.local/lib/python3.7/site-packages/airflow/example_dags/example_kubernetes_executor.py
[2024-12-03T18:29:34.913+0000] {processor.py:756} INFO - Processing file /home/airflow/.local/lib/python3.7/site-packages/airflow/example_dags/example_kubernetes_executor.py for tasks to queue
[2024-12-03T18:29:34.914+0000] {logging_mixin.py:120} INFO - [2024-12-03T18:29:34.914+0000] {dagbag.py:537} INFO - Filling up the DagBag from /home/airflow/.local/lib/python3.7/site-packages/airflow/example_dags/example_kubernetes_executor.py
[2024-12-03T18:29:34.954+0000] {processor.py:766} INFO - DAG(s) dict_keys(['example_kubernetes_executor']) retrieved from /home/airflow/.local/lib/python3.7/site-packages/airflow/example_dags/example_kubernetes_executor.py
[2024-12-03T18:29:35.013+0000] {logging_mixin.py:120} INFO - [2024-12-03T18:29:35.013+0000] {dag.py:2585} INFO - Sync 1 DAGs
[2024-12-03T18:29:35.048+0000] {logging_mixin.py:120} INFO - [2024-12-03T18:29:35.048+0000] {dag.py:3340} INFO - Setting next_dagrun for example_kubernetes_executor to None, run_after=None
[2024-12-03T18:29:35.078+0000] {processor.py:176} INFO - Processing /home/airflow/.local/lib/python3.7/site-packages/airflow/example_dags/example_kubernetes_executor.py took 0.171 seconds
[2024-12-03T18:30:05.650+0000] {processor.py:154} INFO - Started process (PID=15297) to work on /home/airflow/.local/lib/python3.7/site-packages/airflow/example_dags/example_kubernetes_executor.py
[2024-12-03T18:30:05.651+0000] {processor.py:756} INFO - Processing file /home/airflow/.local/lib/python3.7/site-packages/airflow/example_dags/example_kubernetes_executor.py for tasks to queue
[2024-12-03T18:30:05.652+0000] {logging_mixin.py:120} INFO - [2024-12-03T18:30:05.652+0000] {dagbag.py:537} INFO - Filling up the DagBag from /home/airflow/.local/lib/python3.7/site-packages/airflow/example_dags/example_kubernetes_executor.py
[2024-12-03T18:30:05.691+0000] {processor.py:766} INFO - DAG(s) dict_keys(['example_kubernetes_executor']) retrieved from /home/airflow/.local/lib/python3.7/site-packages/airflow/example_dags/example_kubernetes_executor.py
[2024-12-03T18:30:05.762+0000] {logging_mixin.py:120} INFO - [2024-12-03T18:30:05.761+0000] {dag.py:2585} INFO - Sync 1 DAGs
[2024-12-03T18:30:05.798+0000] {logging_mixin.py:120} INFO - [2024-12-03T18:30:05.798+0000] {dag.py:3340} INFO - Setting next_dagrun for example_kubernetes_executor to None, run_after=None
[2024-12-03T18:30:05.826+0000] {processor.py:176} INFO - Processing /home/airflow/.local/lib/python3.7/site-packages/airflow/example_dags/example_kubernetes_executor.py took 0.180 seconds
