[2024-12-03T18:25:32.521+0000] {processor.py:154} INFO - Started process (PID=14747) to work on /home/airflow/.local/lib/python3.7/site-packages/airflow/example_dags/example_branch_day_of_week_operator.py
[2024-12-03T18:25:32.523+0000] {processor.py:756} INFO - Processing file /home/airflow/.local/lib/python3.7/site-packages/airflow/example_dags/example_branch_day_of_week_operator.py for tasks to queue
[2024-12-03T18:25:32.524+0000] {logging_mixin.py:120} INFO - [2024-12-03T18:25:32.523+0000] {dagbag.py:537} INFO - Filling up the DagBag from /home/airflow/.local/lib/python3.7/site-packages/airflow/example_dags/example_branch_day_of_week_operator.py
[2024-12-03T18:25:32.546+0000] {processor.py:766} INFO - DAG(s) dict_keys(['example_weekday_branch_operator']) retrieved from /home/airflow/.local/lib/python3.7/site-packages/airflow/example_dags/example_branch_day_of_week_operator.py
[2024-12-03T18:25:32.605+0000] {logging_mixin.py:120} INFO - [2024-12-03T18:25:32.605+0000] {dag.py:2585} INFO - Sync 1 DAGs
[2024-12-03T18:25:32.642+0000] {logging_mixin.py:120} INFO - [2024-12-03T18:25:32.642+0000] {dag.py:3340} INFO - Setting next_dagrun for example_weekday_branch_operator to 2024-12-02T00:00:00+00:00, run_after=2024-12-03T00:00:00+00:00
[2024-12-03T18:25:32.667+0000] {processor.py:176} INFO - Processing /home/airflow/.local/lib/python3.7/site-packages/airflow/example_dags/example_branch_day_of_week_operator.py took 0.152 seconds
[2024-12-03T18:26:02.741+0000] {processor.py:154} INFO - Started process (PID=14811) to work on /home/airflow/.local/lib/python3.7/site-packages/airflow/example_dags/example_branch_day_of_week_operator.py
[2024-12-03T18:26:02.743+0000] {processor.py:756} INFO - Processing file /home/airflow/.local/lib/python3.7/site-packages/airflow/example_dags/example_branch_day_of_week_operator.py for tasks to queue
[2024-12-03T18:26:02.744+0000] {logging_mixin.py:120} INFO - [2024-12-03T18:26:02.743+0000] {dagbag.py:537} INFO - Filling up the DagBag from /home/airflow/.local/lib/python3.7/site-packages/airflow/example_dags/example_branch_day_of_week_operator.py
[2024-12-03T18:26:02.766+0000] {processor.py:766} INFO - DAG(s) dict_keys(['example_weekday_branch_operator']) retrieved from /home/airflow/.local/lib/python3.7/site-packages/airflow/example_dags/example_branch_day_of_week_operator.py
[2024-12-03T18:26:02.818+0000] {logging_mixin.py:120} INFO - [2024-12-03T18:26:02.818+0000] {dag.py:2585} INFO - Sync 1 DAGs
[2024-12-03T18:26:02.852+0000] {logging_mixin.py:120} INFO - [2024-12-03T18:26:02.852+0000] {dag.py:3340} INFO - Setting next_dagrun for example_weekday_branch_operator to 2024-12-02T00:00:00+00:00, run_after=2024-12-03T00:00:00+00:00
[2024-12-03T18:26:02.876+0000] {processor.py:176} INFO - Processing /home/airflow/.local/lib/python3.7/site-packages/airflow/example_dags/example_branch_day_of_week_operator.py took 0.139 seconds
[2024-12-03T18:26:33.282+0000] {processor.py:154} INFO - Started process (PID=14868) to work on /home/airflow/.local/lib/python3.7/site-packages/airflow/example_dags/example_branch_day_of_week_operator.py
[2024-12-03T18:26:33.283+0000] {processor.py:756} INFO - Processing file /home/airflow/.local/lib/python3.7/site-packages/airflow/example_dags/example_branch_day_of_week_operator.py for tasks to queue
[2024-12-03T18:26:33.284+0000] {logging_mixin.py:120} INFO - [2024-12-03T18:26:33.284+0000] {dagbag.py:537} INFO - Filling up the DagBag from /home/airflow/.local/lib/python3.7/site-packages/airflow/example_dags/example_branch_day_of_week_operator.py
[2024-12-03T18:26:33.310+0000] {processor.py:766} INFO - DAG(s) dict_keys(['example_weekday_branch_operator']) retrieved from /home/airflow/.local/lib/python3.7/site-packages/airflow/example_dags/example_branch_day_of_week_operator.py
[2024-12-03T18:26:33.371+0000] {logging_mixin.py:120} INFO - [2024-12-03T18:26:33.371+0000] {dag.py:2585} INFO - Sync 1 DAGs
[2024-12-03T18:26:33.412+0000] {logging_mixin.py:120} INFO - [2024-12-03T18:26:33.412+0000] {dag.py:3340} INFO - Setting next_dagrun for example_weekday_branch_operator to 2024-12-02T00:00:00+00:00, run_after=2024-12-03T00:00:00+00:00
[2024-12-03T18:26:33.443+0000] {processor.py:176} INFO - Processing /home/airflow/.local/lib/python3.7/site-packages/airflow/example_dags/example_branch_day_of_week_operator.py took 0.167 seconds
[2024-12-03T18:27:03.568+0000] {processor.py:154} INFO - Started process (PID=14933) to work on /home/airflow/.local/lib/python3.7/site-packages/airflow/example_dags/example_branch_day_of_week_operator.py
[2024-12-03T18:27:03.569+0000] {processor.py:756} INFO - Processing file /home/airflow/.local/lib/python3.7/site-packages/airflow/example_dags/example_branch_day_of_week_operator.py for tasks to queue
[2024-12-03T18:27:03.571+0000] {logging_mixin.py:120} INFO - [2024-12-03T18:27:03.570+0000] {dagbag.py:537} INFO - Filling up the DagBag from /home/airflow/.local/lib/python3.7/site-packages/airflow/example_dags/example_branch_day_of_week_operator.py
[2024-12-03T18:27:03.594+0000] {processor.py:766} INFO - DAG(s) dict_keys(['example_weekday_branch_operator']) retrieved from /home/airflow/.local/lib/python3.7/site-packages/airflow/example_dags/example_branch_day_of_week_operator.py
[2024-12-03T18:27:03.653+0000] {logging_mixin.py:120} INFO - [2024-12-03T18:27:03.653+0000] {dag.py:2585} INFO - Sync 1 DAGs
[2024-12-03T18:27:03.692+0000] {logging_mixin.py:120} INFO - [2024-12-03T18:27:03.692+0000] {dag.py:3340} INFO - Setting next_dagrun for example_weekday_branch_operator to 2024-12-02T00:00:00+00:00, run_after=2024-12-03T00:00:00+00:00
[2024-12-03T18:27:03.727+0000] {processor.py:176} INFO - Processing /home/airflow/.local/lib/python3.7/site-packages/airflow/example_dags/example_branch_day_of_week_operator.py took 0.163 seconds
[2024-12-03T18:27:34.209+0000] {processor.py:154} INFO - Started process (PID=14998) to work on /home/airflow/.local/lib/python3.7/site-packages/airflow/example_dags/example_branch_day_of_week_operator.py
[2024-12-03T18:27:34.211+0000] {processor.py:756} INFO - Processing file /home/airflow/.local/lib/python3.7/site-packages/airflow/example_dags/example_branch_day_of_week_operator.py for tasks to queue
[2024-12-03T18:27:34.213+0000] {logging_mixin.py:120} INFO - [2024-12-03T18:27:34.212+0000] {dagbag.py:537} INFO - Filling up the DagBag from /home/airflow/.local/lib/python3.7/site-packages/airflow/example_dags/example_branch_day_of_week_operator.py
[2024-12-03T18:27:34.243+0000] {processor.py:766} INFO - DAG(s) dict_keys(['example_weekday_branch_operator']) retrieved from /home/airflow/.local/lib/python3.7/site-packages/airflow/example_dags/example_branch_day_of_week_operator.py
[2024-12-03T18:27:34.306+0000] {logging_mixin.py:120} INFO - [2024-12-03T18:27:34.306+0000] {dag.py:2585} INFO - Sync 1 DAGs
[2024-12-03T18:27:34.347+0000] {logging_mixin.py:120} INFO - [2024-12-03T18:27:34.347+0000] {dag.py:3340} INFO - Setting next_dagrun for example_weekday_branch_operator to 2024-12-02T00:00:00+00:00, run_after=2024-12-03T00:00:00+00:00
[2024-12-03T18:27:34.381+0000] {processor.py:176} INFO - Processing /home/airflow/.local/lib/python3.7/site-packages/airflow/example_dags/example_branch_day_of_week_operator.py took 0.177 seconds
[2024-12-03T18:28:04.842+0000] {processor.py:154} INFO - Started process (PID=15054) to work on /home/airflow/.local/lib/python3.7/site-packages/airflow/example_dags/example_branch_day_of_week_operator.py
[2024-12-03T18:28:04.843+0000] {processor.py:756} INFO - Processing file /home/airflow/.local/lib/python3.7/site-packages/airflow/example_dags/example_branch_day_of_week_operator.py for tasks to queue
[2024-12-03T18:28:04.844+0000] {logging_mixin.py:120} INFO - [2024-12-03T18:28:04.844+0000] {dagbag.py:537} INFO - Filling up the DagBag from /home/airflow/.local/lib/python3.7/site-packages/airflow/example_dags/example_branch_day_of_week_operator.py
[2024-12-03T18:28:04.867+0000] {processor.py:766} INFO - DAG(s) dict_keys(['example_weekday_branch_operator']) retrieved from /home/airflow/.local/lib/python3.7/site-packages/airflow/example_dags/example_branch_day_of_week_operator.py
[2024-12-03T18:28:04.926+0000] {logging_mixin.py:120} INFO - [2024-12-03T18:28:04.926+0000] {dag.py:2585} INFO - Sync 1 DAGs
[2024-12-03T18:28:04.961+0000] {logging_mixin.py:120} INFO - [2024-12-03T18:28:04.960+0000] {dag.py:3340} INFO - Setting next_dagrun for example_weekday_branch_operator to 2024-12-02T00:00:00+00:00, run_after=2024-12-03T00:00:00+00:00
[2024-12-03T18:28:04.985+0000] {processor.py:176} INFO - Processing /home/airflow/.local/lib/python3.7/site-packages/airflow/example_dags/example_branch_day_of_week_operator.py took 0.148 seconds
[2024-12-03T18:28:35.159+0000] {processor.py:154} INFO - Started process (PID=15119) to work on /home/airflow/.local/lib/python3.7/site-packages/airflow/example_dags/example_branch_day_of_week_operator.py
[2024-12-03T18:28:35.161+0000] {processor.py:756} INFO - Processing file /home/airflow/.local/lib/python3.7/site-packages/airflow/example_dags/example_branch_day_of_week_operator.py for tasks to queue
[2024-12-03T18:28:35.162+0000] {logging_mixin.py:120} INFO - [2024-12-03T18:28:35.162+0000] {dagbag.py:537} INFO - Filling up the DagBag from /home/airflow/.local/lib/python3.7/site-packages/airflow/example_dags/example_branch_day_of_week_operator.py
[2024-12-03T18:28:35.184+0000] {processor.py:766} INFO - DAG(s) dict_keys(['example_weekday_branch_operator']) retrieved from /home/airflow/.local/lib/python3.7/site-packages/airflow/example_dags/example_branch_day_of_week_operator.py
[2024-12-03T18:28:35.236+0000] {logging_mixin.py:120} INFO - [2024-12-03T18:28:35.235+0000] {dag.py:2585} INFO - Sync 1 DAGs
[2024-12-03T18:28:35.267+0000] {logging_mixin.py:120} INFO - [2024-12-03T18:28:35.267+0000] {dag.py:3340} INFO - Setting next_dagrun for example_weekday_branch_operator to 2024-12-02T00:00:00+00:00, run_after=2024-12-03T00:00:00+00:00
[2024-12-03T18:28:35.289+0000] {processor.py:176} INFO - Processing /home/airflow/.local/lib/python3.7/site-packages/airflow/example_dags/example_branch_day_of_week_operator.py took 0.134 seconds
[2024-12-03T18:29:06.011+0000] {processor.py:154} INFO - Started process (PID=15184) to work on /home/airflow/.local/lib/python3.7/site-packages/airflow/example_dags/example_branch_day_of_week_operator.py
[2024-12-03T18:29:06.013+0000] {processor.py:756} INFO - Processing file /home/airflow/.local/lib/python3.7/site-packages/airflow/example_dags/example_branch_day_of_week_operator.py for tasks to queue
[2024-12-03T18:29:06.014+0000] {logging_mixin.py:120} INFO - [2024-12-03T18:29:06.013+0000] {dagbag.py:537} INFO - Filling up the DagBag from /home/airflow/.local/lib/python3.7/site-packages/airflow/example_dags/example_branch_day_of_week_operator.py
[2024-12-03T18:29:06.038+0000] {processor.py:766} INFO - DAG(s) dict_keys(['example_weekday_branch_operator']) retrieved from /home/airflow/.local/lib/python3.7/site-packages/airflow/example_dags/example_branch_day_of_week_operator.py
[2024-12-03T18:29:06.101+0000] {logging_mixin.py:120} INFO - [2024-12-03T18:29:06.100+0000] {dag.py:2585} INFO - Sync 1 DAGs
[2024-12-03T18:29:06.149+0000] {logging_mixin.py:120} INFO - [2024-12-03T18:29:06.149+0000] {dag.py:3340} INFO - Setting next_dagrun for example_weekday_branch_operator to 2024-12-02T00:00:00+00:00, run_after=2024-12-03T00:00:00+00:00
[2024-12-03T18:29:06.178+0000] {processor.py:176} INFO - Processing /home/airflow/.local/lib/python3.7/site-packages/airflow/example_dags/example_branch_day_of_week_operator.py took 0.172 seconds
[2024-12-03T18:29:36.691+0000] {processor.py:154} INFO - Started process (PID=15239) to work on /home/airflow/.local/lib/python3.7/site-packages/airflow/example_dags/example_branch_day_of_week_operator.py
[2024-12-03T18:29:36.693+0000] {processor.py:756} INFO - Processing file /home/airflow/.local/lib/python3.7/site-packages/airflow/example_dags/example_branch_day_of_week_operator.py for tasks to queue
[2024-12-03T18:29:36.694+0000] {logging_mixin.py:120} INFO - [2024-12-03T18:29:36.693+0000] {dagbag.py:537} INFO - Filling up the DagBag from /home/airflow/.local/lib/python3.7/site-packages/airflow/example_dags/example_branch_day_of_week_operator.py
[2024-12-03T18:29:36.716+0000] {processor.py:766} INFO - DAG(s) dict_keys(['example_weekday_branch_operator']) retrieved from /home/airflow/.local/lib/python3.7/site-packages/airflow/example_dags/example_branch_day_of_week_operator.py
[2024-12-03T18:29:36.778+0000] {logging_mixin.py:120} INFO - [2024-12-03T18:29:36.778+0000] {dag.py:2585} INFO - Sync 1 DAGs
[2024-12-03T18:29:36.814+0000] {logging_mixin.py:120} INFO - [2024-12-03T18:29:36.814+0000] {dag.py:3340} INFO - Setting next_dagrun for example_weekday_branch_operator to 2024-12-02T00:00:00+00:00, run_after=2024-12-03T00:00:00+00:00
[2024-12-03T18:29:36.842+0000] {processor.py:176} INFO - Processing /home/airflow/.local/lib/python3.7/site-packages/airflow/example_dags/example_branch_day_of_week_operator.py took 0.156 seconds
