[2024-12-03T18:25:44.261+0000] {processor.py:154} INFO - Started process (PID=14764) to work on /home/airflow/.local/lib/python3.7/site-packages/airflow/example_dags/example_xcom.py
[2024-12-03T18:25:44.263+0000] {processor.py:756} INFO - Processing file /home/airflow/.local/lib/python3.7/site-packages/airflow/example_dags/example_xcom.py for tasks to queue
[2024-12-03T18:25:44.264+0000] {logging_mixin.py:120} INFO - [2024-12-03T18:25:44.263+0000] {dagbag.py:537} INFO - Filling up the DagBag from /home/airflow/.local/lib/python3.7/site-packages/airflow/example_dags/example_xcom.py
[2024-12-03T18:25:44.319+0000] {processor.py:766} INFO - DAG(s) dict_keys(['example_xcom']) retrieved from /home/airflow/.local/lib/python3.7/site-packages/airflow/example_dags/example_xcom.py
[2024-12-03T18:25:44.405+0000] {logging_mixin.py:120} INFO - [2024-12-03T18:25:44.405+0000] {dag.py:2585} INFO - Sync 1 DAGs
[2024-12-03T18:25:44.445+0000] {logging_mixin.py:120} INFO - [2024-12-03T18:25:44.445+0000] {dag.py:3340} INFO - Setting next_dagrun for example_xcom to 2021-01-01T00:00:00+00:00, run_after=2021-01-01T00:00:00+00:00
[2024-12-03T18:25:44.480+0000] {processor.py:176} INFO - Processing /home/airflow/.local/lib/python3.7/site-packages/airflow/example_dags/example_xcom.py took 0.223 seconds
[2024-12-03T18:26:14.611+0000] {processor.py:154} INFO - Started process (PID=14829) to work on /home/airflow/.local/lib/python3.7/site-packages/airflow/example_dags/example_xcom.py
[2024-12-03T18:26:14.612+0000] {processor.py:756} INFO - Processing file /home/airflow/.local/lib/python3.7/site-packages/airflow/example_dags/example_xcom.py for tasks to queue
[2024-12-03T18:26:14.613+0000] {logging_mixin.py:120} INFO - [2024-12-03T18:26:14.613+0000] {dagbag.py:537} INFO - Filling up the DagBag from /home/airflow/.local/lib/python3.7/site-packages/airflow/example_dags/example_xcom.py
[2024-12-03T18:26:14.648+0000] {processor.py:766} INFO - DAG(s) dict_keys(['example_xcom']) retrieved from /home/airflow/.local/lib/python3.7/site-packages/airflow/example_dags/example_xcom.py
[2024-12-03T18:26:14.705+0000] {logging_mixin.py:120} INFO - [2024-12-03T18:26:14.704+0000] {dag.py:2585} INFO - Sync 1 DAGs
[2024-12-03T18:26:14.739+0000] {logging_mixin.py:120} INFO - [2024-12-03T18:26:14.739+0000] {dag.py:3340} INFO - Setting next_dagrun for example_xcom to 2021-01-01T00:00:00+00:00, run_after=2021-01-01T00:00:00+00:00
[2024-12-03T18:26:14.772+0000] {processor.py:176} INFO - Processing /home/airflow/.local/lib/python3.7/site-packages/airflow/example_dags/example_xcom.py took 0.166 seconds
[2024-12-03T18:26:45.008+0000] {processor.py:154} INFO - Started process (PID=14885) to work on /home/airflow/.local/lib/python3.7/site-packages/airflow/example_dags/example_xcom.py
[2024-12-03T18:26:45.009+0000] {processor.py:756} INFO - Processing file /home/airflow/.local/lib/python3.7/site-packages/airflow/example_dags/example_xcom.py for tasks to queue
[2024-12-03T18:26:45.010+0000] {logging_mixin.py:120} INFO - [2024-12-03T18:26:45.010+0000] {dagbag.py:537} INFO - Filling up the DagBag from /home/airflow/.local/lib/python3.7/site-packages/airflow/example_dags/example_xcom.py
[2024-12-03T18:26:45.043+0000] {processor.py:766} INFO - DAG(s) dict_keys(['example_xcom']) retrieved from /home/airflow/.local/lib/python3.7/site-packages/airflow/example_dags/example_xcom.py
[2024-12-03T18:26:45.101+0000] {logging_mixin.py:120} INFO - [2024-12-03T18:26:45.101+0000] {dag.py:2585} INFO - Sync 1 DAGs
[2024-12-03T18:26:45.139+0000] {logging_mixin.py:120} INFO - [2024-12-03T18:26:45.139+0000] {dag.py:3340} INFO - Setting next_dagrun for example_xcom to 2021-01-01T00:00:00+00:00, run_after=2021-01-01T00:00:00+00:00
[2024-12-03T18:26:45.167+0000] {processor.py:176} INFO - Processing /home/airflow/.local/lib/python3.7/site-packages/airflow/example_dags/example_xcom.py took 0.164 seconds
[2024-12-03T18:27:15.358+0000] {processor.py:154} INFO - Started process (PID=14950) to work on /home/airflow/.local/lib/python3.7/site-packages/airflow/example_dags/example_xcom.py
[2024-12-03T18:27:15.359+0000] {processor.py:756} INFO - Processing file /home/airflow/.local/lib/python3.7/site-packages/airflow/example_dags/example_xcom.py for tasks to queue
[2024-12-03T18:27:15.361+0000] {logging_mixin.py:120} INFO - [2024-12-03T18:27:15.361+0000] {dagbag.py:537} INFO - Filling up the DagBag from /home/airflow/.local/lib/python3.7/site-packages/airflow/example_dags/example_xcom.py
[2024-12-03T18:27:15.393+0000] {processor.py:766} INFO - DAG(s) dict_keys(['example_xcom']) retrieved from /home/airflow/.local/lib/python3.7/site-packages/airflow/example_dags/example_xcom.py
[2024-12-03T18:27:15.450+0000] {logging_mixin.py:120} INFO - [2024-12-03T18:27:15.450+0000] {dag.py:2585} INFO - Sync 1 DAGs
[2024-12-03T18:27:15.483+0000] {logging_mixin.py:120} INFO - [2024-12-03T18:27:15.483+0000] {dag.py:3340} INFO - Setting next_dagrun for example_xcom to 2021-01-01T00:00:00+00:00, run_after=2021-01-01T00:00:00+00:00
[2024-12-03T18:27:15.508+0000] {processor.py:176} INFO - Processing /home/airflow/.local/lib/python3.7/site-packages/airflow/example_dags/example_xcom.py took 0.155 seconds
[2024-12-03T18:27:46.159+0000] {processor.py:154} INFO - Started process (PID=15015) to work on /home/airflow/.local/lib/python3.7/site-packages/airflow/example_dags/example_xcom.py
[2024-12-03T18:27:46.160+0000] {processor.py:756} INFO - Processing file /home/airflow/.local/lib/python3.7/site-packages/airflow/example_dags/example_xcom.py for tasks to queue
[2024-12-03T18:27:46.161+0000] {logging_mixin.py:120} INFO - [2024-12-03T18:27:46.161+0000] {dagbag.py:537} INFO - Filling up the DagBag from /home/airflow/.local/lib/python3.7/site-packages/airflow/example_dags/example_xcom.py
[2024-12-03T18:27:46.193+0000] {processor.py:766} INFO - DAG(s) dict_keys(['example_xcom']) retrieved from /home/airflow/.local/lib/python3.7/site-packages/airflow/example_dags/example_xcom.py
[2024-12-03T18:27:46.252+0000] {logging_mixin.py:120} INFO - [2024-12-03T18:27:46.252+0000] {dag.py:2585} INFO - Sync 1 DAGs
[2024-12-03T18:27:46.286+0000] {logging_mixin.py:120} INFO - [2024-12-03T18:27:46.286+0000] {dag.py:3340} INFO - Setting next_dagrun for example_xcom to 2021-01-01T00:00:00+00:00, run_after=2021-01-01T00:00:00+00:00
[2024-12-03T18:27:46.313+0000] {processor.py:176} INFO - Processing /home/airflow/.local/lib/python3.7/site-packages/airflow/example_dags/example_xcom.py took 0.159 seconds
[2024-12-03T18:28:16.504+0000] {processor.py:154} INFO - Started process (PID=15072) to work on /home/airflow/.local/lib/python3.7/site-packages/airflow/example_dags/example_xcom.py
[2024-12-03T18:28:16.506+0000] {processor.py:756} INFO - Processing file /home/airflow/.local/lib/python3.7/site-packages/airflow/example_dags/example_xcom.py for tasks to queue
[2024-12-03T18:28:16.507+0000] {logging_mixin.py:120} INFO - [2024-12-03T18:28:16.507+0000] {dagbag.py:537} INFO - Filling up the DagBag from /home/airflow/.local/lib/python3.7/site-packages/airflow/example_dags/example_xcom.py
[2024-12-03T18:28:16.543+0000] {processor.py:766} INFO - DAG(s) dict_keys(['example_xcom']) retrieved from /home/airflow/.local/lib/python3.7/site-packages/airflow/example_dags/example_xcom.py
[2024-12-03T18:28:16.608+0000] {logging_mixin.py:120} INFO - [2024-12-03T18:28:16.608+0000] {dag.py:2585} INFO - Sync 1 DAGs
[2024-12-03T18:28:16.649+0000] {logging_mixin.py:120} INFO - [2024-12-03T18:28:16.649+0000] {dag.py:3340} INFO - Setting next_dagrun for example_xcom to 2021-01-01T00:00:00+00:00, run_after=2021-01-01T00:00:00+00:00
[2024-12-03T18:28:16.699+0000] {processor.py:176} INFO - Processing /home/airflow/.local/lib/python3.7/site-packages/airflow/example_dags/example_xcom.py took 0.199 seconds
[2024-12-03T18:28:46.818+0000] {processor.py:154} INFO - Started process (PID=15136) to work on /home/airflow/.local/lib/python3.7/site-packages/airflow/example_dags/example_xcom.py
[2024-12-03T18:28:46.820+0000] {processor.py:756} INFO - Processing file /home/airflow/.local/lib/python3.7/site-packages/airflow/example_dags/example_xcom.py for tasks to queue
[2024-12-03T18:28:46.821+0000] {logging_mixin.py:120} INFO - [2024-12-03T18:28:46.821+0000] {dagbag.py:537} INFO - Filling up the DagBag from /home/airflow/.local/lib/python3.7/site-packages/airflow/example_dags/example_xcom.py
[2024-12-03T18:28:46.853+0000] {processor.py:766} INFO - DAG(s) dict_keys(['example_xcom']) retrieved from /home/airflow/.local/lib/python3.7/site-packages/airflow/example_dags/example_xcom.py
[2024-12-03T18:28:46.906+0000] {logging_mixin.py:120} INFO - [2024-12-03T18:28:46.906+0000] {dag.py:2585} INFO - Sync 1 DAGs
[2024-12-03T18:28:46.940+0000] {logging_mixin.py:120} INFO - [2024-12-03T18:28:46.940+0000] {dag.py:3340} INFO - Setting next_dagrun for example_xcom to 2021-01-01T00:00:00+00:00, run_after=2021-01-01T00:00:00+00:00
[2024-12-03T18:28:46.966+0000] {processor.py:176} INFO - Processing /home/airflow/.local/lib/python3.7/site-packages/airflow/example_dags/example_xcom.py took 0.153 seconds
[2024-12-03T18:29:17.741+0000] {processor.py:154} INFO - Started process (PID=15201) to work on /home/airflow/.local/lib/python3.7/site-packages/airflow/example_dags/example_xcom.py
[2024-12-03T18:29:17.742+0000] {processor.py:756} INFO - Processing file /home/airflow/.local/lib/python3.7/site-packages/airflow/example_dags/example_xcom.py for tasks to queue
[2024-12-03T18:29:17.743+0000] {logging_mixin.py:120} INFO - [2024-12-03T18:29:17.743+0000] {dagbag.py:537} INFO - Filling up the DagBag from /home/airflow/.local/lib/python3.7/site-packages/airflow/example_dags/example_xcom.py
[2024-12-03T18:29:17.773+0000] {processor.py:766} INFO - DAG(s) dict_keys(['example_xcom']) retrieved from /home/airflow/.local/lib/python3.7/site-packages/airflow/example_dags/example_xcom.py
[2024-12-03T18:29:17.831+0000] {logging_mixin.py:120} INFO - [2024-12-03T18:29:17.831+0000] {dag.py:2585} INFO - Sync 1 DAGs
[2024-12-03T18:29:17.867+0000] {logging_mixin.py:120} INFO - [2024-12-03T18:29:17.867+0000] {dag.py:3340} INFO - Setting next_dagrun for example_xcom to 2021-01-01T00:00:00+00:00, run_after=2021-01-01T00:00:00+00:00
[2024-12-03T18:29:17.897+0000] {processor.py:176} INFO - Processing /home/airflow/.local/lib/python3.7/site-packages/airflow/example_dags/example_xcom.py took 0.161 seconds
[2024-12-03T18:29:48.511+0000] {processor.py:154} INFO - Started process (PID=15256) to work on /home/airflow/.local/lib/python3.7/site-packages/airflow/example_dags/example_xcom.py
[2024-12-03T18:29:48.512+0000] {processor.py:756} INFO - Processing file /home/airflow/.local/lib/python3.7/site-packages/airflow/example_dags/example_xcom.py for tasks to queue
[2024-12-03T18:29:48.513+0000] {logging_mixin.py:120} INFO - [2024-12-03T18:29:48.513+0000] {dagbag.py:537} INFO - Filling up the DagBag from /home/airflow/.local/lib/python3.7/site-packages/airflow/example_dags/example_xcom.py
[2024-12-03T18:29:48.549+0000] {processor.py:766} INFO - DAG(s) dict_keys(['example_xcom']) retrieved from /home/airflow/.local/lib/python3.7/site-packages/airflow/example_dags/example_xcom.py
[2024-12-03T18:29:48.607+0000] {logging_mixin.py:120} INFO - [2024-12-03T18:29:48.607+0000] {dag.py:2585} INFO - Sync 1 DAGs
[2024-12-03T18:29:48.642+0000] {logging_mixin.py:120} INFO - [2024-12-03T18:29:48.641+0000] {dag.py:3340} INFO - Setting next_dagrun for example_xcom to 2021-01-01T00:00:00+00:00, run_after=2021-01-01T00:00:00+00:00
[2024-12-03T18:29:48.672+0000] {processor.py:176} INFO - Processing /home/airflow/.local/lib/python3.7/site-packages/airflow/example_dags/example_xcom.py took 0.166 seconds
