[2024-12-03T18:25:28.372+0000] {processor.py:154} INFO - Started process (PID=14736) to work on /home/airflow/.local/lib/python3.7/site-packages/airflow/example_dags/example_short_circuit_decorator.py
[2024-12-03T18:25:28.373+0000] {processor.py:756} INFO - Processing file /home/airflow/.local/lib/python3.7/site-packages/airflow/example_dags/example_short_circuit_decorator.py for tasks to queue
[2024-12-03T18:25:28.374+0000] {logging_mixin.py:120} INFO - [2024-12-03T18:25:28.374+0000] {dagbag.py:537} INFO - Filling up the DagBag from /home/airflow/.local/lib/python3.7/site-packages/airflow/example_dags/example_short_circuit_decorator.py
[2024-12-03T18:25:28.409+0000] {processor.py:766} INFO - DAG(s) dict_keys(['example_short_circuit_decorator']) retrieved from /home/airflow/.local/lib/python3.7/site-packages/airflow/example_dags/example_short_circuit_decorator.py
[2024-12-03T18:25:28.467+0000] {logging_mixin.py:120} INFO - [2024-12-03T18:25:28.467+0000] {dag.py:2585} INFO - Sync 1 DAGs
[2024-12-03T18:25:28.499+0000] {logging_mixin.py:120} INFO - [2024-12-03T18:25:28.499+0000] {dag.py:3340} INFO - Setting next_dagrun for example_short_circuit_decorator to 2024-12-02T18:25:28.498840+00:00, run_after=2024-12-03T18:25:28.498840+00:00
[2024-12-03T18:25:28.523+0000] {processor.py:176} INFO - Processing /home/airflow/.local/lib/python3.7/site-packages/airflow/example_dags/example_short_circuit_decorator.py took 0.156 seconds
[2024-12-03T18:25:58.764+0000] {processor.py:154} INFO - Started process (PID=14791) to work on /home/airflow/.local/lib/python3.7/site-packages/airflow/example_dags/example_short_circuit_decorator.py
[2024-12-03T18:25:58.765+0000] {processor.py:756} INFO - Processing file /home/airflow/.local/lib/python3.7/site-packages/airflow/example_dags/example_short_circuit_decorator.py for tasks to queue
[2024-12-03T18:25:58.766+0000] {logging_mixin.py:120} INFO - [2024-12-03T18:25:58.766+0000] {dagbag.py:537} INFO - Filling up the DagBag from /home/airflow/.local/lib/python3.7/site-packages/airflow/example_dags/example_short_circuit_decorator.py
[2024-12-03T18:25:58.801+0000] {processor.py:766} INFO - DAG(s) dict_keys(['example_short_circuit_decorator']) retrieved from /home/airflow/.local/lib/python3.7/site-packages/airflow/example_dags/example_short_circuit_decorator.py
[2024-12-03T18:25:58.859+0000] {logging_mixin.py:120} INFO - [2024-12-03T18:25:58.859+0000] {dag.py:2585} INFO - Sync 1 DAGs
[2024-12-03T18:25:58.891+0000] {logging_mixin.py:120} INFO - [2024-12-03T18:25:58.891+0000] {dag.py:3340} INFO - Setting next_dagrun for example_short_circuit_decorator to 2024-12-02T18:25:58.891313+00:00, run_after=2024-12-03T18:25:58.891313+00:00
[2024-12-03T18:25:58.916+0000] {processor.py:176} INFO - Processing /home/airflow/.local/lib/python3.7/site-packages/airflow/example_dags/example_short_circuit_decorator.py took 0.157 seconds
[2024-12-03T18:26:28.984+0000] {processor.py:154} INFO - Started process (PID=14857) to work on /home/airflow/.local/lib/python3.7/site-packages/airflow/example_dags/example_short_circuit_decorator.py
[2024-12-03T18:26:28.985+0000] {processor.py:756} INFO - Processing file /home/airflow/.local/lib/python3.7/site-packages/airflow/example_dags/example_short_circuit_decorator.py for tasks to queue
[2024-12-03T18:26:28.986+0000] {logging_mixin.py:120} INFO - [2024-12-03T18:26:28.986+0000] {dagbag.py:537} INFO - Filling up the DagBag from /home/airflow/.local/lib/python3.7/site-packages/airflow/example_dags/example_short_circuit_decorator.py
[2024-12-03T18:26:29.020+0000] {processor.py:766} INFO - DAG(s) dict_keys(['example_short_circuit_decorator']) retrieved from /home/airflow/.local/lib/python3.7/site-packages/airflow/example_dags/example_short_circuit_decorator.py
[2024-12-03T18:26:29.078+0000] {logging_mixin.py:120} INFO - [2024-12-03T18:26:29.077+0000] {dag.py:2585} INFO - Sync 1 DAGs
[2024-12-03T18:26:29.118+0000] {logging_mixin.py:120} INFO - [2024-12-03T18:26:29.117+0000] {dag.py:3340} INFO - Setting next_dagrun for example_short_circuit_decorator to 2024-12-02T18:26:29.117654+00:00, run_after=2024-12-03T18:26:29.117654+00:00
[2024-12-03T18:26:29.147+0000] {processor.py:176} INFO - Processing /home/airflow/.local/lib/python3.7/site-packages/airflow/example_dags/example_short_circuit_decorator.py took 0.168 seconds
[2024-12-03T18:26:59.340+0000] {processor.py:154} INFO - Started process (PID=14921) to work on /home/airflow/.local/lib/python3.7/site-packages/airflow/example_dags/example_short_circuit_decorator.py
[2024-12-03T18:26:59.342+0000] {processor.py:756} INFO - Processing file /home/airflow/.local/lib/python3.7/site-packages/airflow/example_dags/example_short_circuit_decorator.py for tasks to queue
[2024-12-03T18:26:59.343+0000] {logging_mixin.py:120} INFO - [2024-12-03T18:26:59.342+0000] {dagbag.py:537} INFO - Filling up the DagBag from /home/airflow/.local/lib/python3.7/site-packages/airflow/example_dags/example_short_circuit_decorator.py
[2024-12-03T18:26:59.381+0000] {processor.py:766} INFO - DAG(s) dict_keys(['example_short_circuit_decorator']) retrieved from /home/airflow/.local/lib/python3.7/site-packages/airflow/example_dags/example_short_circuit_decorator.py
[2024-12-03T18:26:59.449+0000] {logging_mixin.py:120} INFO - [2024-12-03T18:26:59.448+0000] {dag.py:2585} INFO - Sync 1 DAGs
[2024-12-03T18:26:59.566+0000] {logging_mixin.py:120} INFO - [2024-12-03T18:26:59.566+0000] {dag.py:3340} INFO - Setting next_dagrun for example_short_circuit_decorator to 2024-12-02T18:26:59.566171+00:00, run_after=2024-12-03T18:26:59.566171+00:00
[2024-12-03T18:26:59.598+0000] {processor.py:176} INFO - Processing /home/airflow/.local/lib/python3.7/site-packages/airflow/example_dags/example_short_circuit_decorator.py took 0.263 seconds
[2024-12-03T18:27:29.972+0000] {processor.py:154} INFO - Started process (PID=14977) to work on /home/airflow/.local/lib/python3.7/site-packages/airflow/example_dags/example_short_circuit_decorator.py
[2024-12-03T18:27:29.973+0000] {processor.py:756} INFO - Processing file /home/airflow/.local/lib/python3.7/site-packages/airflow/example_dags/example_short_circuit_decorator.py for tasks to queue
[2024-12-03T18:27:29.974+0000] {logging_mixin.py:120} INFO - [2024-12-03T18:27:29.974+0000] {dagbag.py:537} INFO - Filling up the DagBag from /home/airflow/.local/lib/python3.7/site-packages/airflow/example_dags/example_short_circuit_decorator.py
[2024-12-03T18:27:30.008+0000] {processor.py:766} INFO - DAG(s) dict_keys(['example_short_circuit_decorator']) retrieved from /home/airflow/.local/lib/python3.7/site-packages/airflow/example_dags/example_short_circuit_decorator.py
[2024-12-03T18:27:30.068+0000] {logging_mixin.py:120} INFO - [2024-12-03T18:27:30.068+0000] {dag.py:2585} INFO - Sync 1 DAGs
[2024-12-03T18:27:30.105+0000] {logging_mixin.py:120} INFO - [2024-12-03T18:27:30.105+0000] {dag.py:3340} INFO - Setting next_dagrun for example_short_circuit_decorator to 2024-12-02T18:27:30.105221+00:00, run_after=2024-12-03T18:27:30.105221+00:00
[2024-12-03T18:27:30.137+0000] {processor.py:176} INFO - Processing /home/airflow/.local/lib/python3.7/site-packages/airflow/example_dags/example_short_circuit_decorator.py took 0.169 seconds
[2024-12-03T18:28:00.391+0000] {processor.py:154} INFO - Started process (PID=15042) to work on /home/airflow/.local/lib/python3.7/site-packages/airflow/example_dags/example_short_circuit_decorator.py
[2024-12-03T18:28:00.392+0000] {processor.py:756} INFO - Processing file /home/airflow/.local/lib/python3.7/site-packages/airflow/example_dags/example_short_circuit_decorator.py for tasks to queue
[2024-12-03T18:28:00.393+0000] {logging_mixin.py:120} INFO - [2024-12-03T18:28:00.393+0000] {dagbag.py:537} INFO - Filling up the DagBag from /home/airflow/.local/lib/python3.7/site-packages/airflow/example_dags/example_short_circuit_decorator.py
[2024-12-03T18:28:00.429+0000] {processor.py:766} INFO - DAG(s) dict_keys(['example_short_circuit_decorator']) retrieved from /home/airflow/.local/lib/python3.7/site-packages/airflow/example_dags/example_short_circuit_decorator.py
[2024-12-03T18:28:00.489+0000] {logging_mixin.py:120} INFO - [2024-12-03T18:28:00.489+0000] {dag.py:2585} INFO - Sync 1 DAGs
[2024-12-03T18:28:00.529+0000] {logging_mixin.py:120} INFO - [2024-12-03T18:28:00.529+0000] {dag.py:3340} INFO - Setting next_dagrun for example_short_circuit_decorator to 2024-12-02T18:28:00.528614+00:00, run_after=2024-12-03T18:28:00.528614+00:00
[2024-12-03T18:28:00.559+0000] {processor.py:176} INFO - Processing /home/airflow/.local/lib/python3.7/site-packages/airflow/example_dags/example_short_circuit_decorator.py took 0.174 seconds
[2024-12-03T18:28:30.911+0000] {processor.py:154} INFO - Started process (PID=15107) to work on /home/airflow/.local/lib/python3.7/site-packages/airflow/example_dags/example_short_circuit_decorator.py
[2024-12-03T18:28:30.912+0000] {processor.py:756} INFO - Processing file /home/airflow/.local/lib/python3.7/site-packages/airflow/example_dags/example_short_circuit_decorator.py for tasks to queue
[2024-12-03T18:28:30.914+0000] {logging_mixin.py:120} INFO - [2024-12-03T18:28:30.913+0000] {dagbag.py:537} INFO - Filling up the DagBag from /home/airflow/.local/lib/python3.7/site-packages/airflow/example_dags/example_short_circuit_decorator.py
[2024-12-03T18:28:30.970+0000] {processor.py:766} INFO - DAG(s) dict_keys(['example_short_circuit_decorator']) retrieved from /home/airflow/.local/lib/python3.7/site-packages/airflow/example_dags/example_short_circuit_decorator.py
[2024-12-03T18:28:31.032+0000] {logging_mixin.py:120} INFO - [2024-12-03T18:28:31.032+0000] {dag.py:2585} INFO - Sync 1 DAGs
[2024-12-03T18:28:31.071+0000] {logging_mixin.py:120} INFO - [2024-12-03T18:28:31.071+0000] {dag.py:3340} INFO - Setting next_dagrun for example_short_circuit_decorator to 2024-12-02T18:28:31.070762+00:00, run_after=2024-12-03T18:28:31.070762+00:00
[2024-12-03T18:28:31.100+0000] {processor.py:176} INFO - Processing /home/airflow/.local/lib/python3.7/site-packages/airflow/example_dags/example_short_circuit_decorator.py took 0.194 seconds
[2024-12-03T18:29:01.666+0000] {processor.py:154} INFO - Started process (PID=15163) to work on /home/airflow/.local/lib/python3.7/site-packages/airflow/example_dags/example_short_circuit_decorator.py
[2024-12-03T18:29:01.667+0000] {processor.py:756} INFO - Processing file /home/airflow/.local/lib/python3.7/site-packages/airflow/example_dags/example_short_circuit_decorator.py for tasks to queue
[2024-12-03T18:29:01.668+0000] {logging_mixin.py:120} INFO - [2024-12-03T18:29:01.668+0000] {dagbag.py:537} INFO - Filling up the DagBag from /home/airflow/.local/lib/python3.7/site-packages/airflow/example_dags/example_short_circuit_decorator.py
[2024-12-03T18:29:01.704+0000] {processor.py:766} INFO - DAG(s) dict_keys(['example_short_circuit_decorator']) retrieved from /home/airflow/.local/lib/python3.7/site-packages/airflow/example_dags/example_short_circuit_decorator.py
[2024-12-03T18:29:01.761+0000] {logging_mixin.py:120} INFO - [2024-12-03T18:29:01.761+0000] {dag.py:2585} INFO - Sync 1 DAGs
[2024-12-03T18:29:01.797+0000] {logging_mixin.py:120} INFO - [2024-12-03T18:29:01.797+0000] {dag.py:3340} INFO - Setting next_dagrun for example_short_circuit_decorator to 2024-12-02T18:29:01.797126+00:00, run_after=2024-12-03T18:29:01.797126+00:00
[2024-12-03T18:29:01.824+0000] {processor.py:176} INFO - Processing /home/airflow/.local/lib/python3.7/site-packages/airflow/example_dags/example_short_circuit_decorator.py took 0.163 seconds
[2024-12-03T18:29:32.392+0000] {processor.py:154} INFO - Started process (PID=15227) to work on /home/airflow/.local/lib/python3.7/site-packages/airflow/example_dags/example_short_circuit_decorator.py
[2024-12-03T18:29:32.394+0000] {processor.py:756} INFO - Processing file /home/airflow/.local/lib/python3.7/site-packages/airflow/example_dags/example_short_circuit_decorator.py for tasks to queue
[2024-12-03T18:29:32.396+0000] {logging_mixin.py:120} INFO - [2024-12-03T18:29:32.395+0000] {dagbag.py:537} INFO - Filling up the DagBag from /home/airflow/.local/lib/python3.7/site-packages/airflow/example_dags/example_short_circuit_decorator.py
[2024-12-03T18:29:32.539+0000] {processor.py:766} INFO - DAG(s) dict_keys(['example_short_circuit_decorator']) retrieved from /home/airflow/.local/lib/python3.7/site-packages/airflow/example_dags/example_short_circuit_decorator.py
[2024-12-03T18:29:32.607+0000] {logging_mixin.py:120} INFO - [2024-12-03T18:29:32.607+0000] {dag.py:2585} INFO - Sync 1 DAGs
[2024-12-03T18:29:32.643+0000] {logging_mixin.py:120} INFO - [2024-12-03T18:29:32.643+0000] {dag.py:3340} INFO - Setting next_dagrun for example_short_circuit_decorator to 2024-12-02T18:29:32.643392+00:00, run_after=2024-12-03T18:29:32.643392+00:00
[2024-12-03T18:29:32.669+0000] {processor.py:176} INFO - Processing /home/airflow/.local/lib/python3.7/site-packages/airflow/example_dags/example_short_circuit_decorator.py took 0.288 seconds
[2024-12-03T18:30:03.166+0000] {processor.py:154} INFO - Started process (PID=15289) to work on /home/airflow/.local/lib/python3.7/site-packages/airflow/example_dags/example_short_circuit_decorator.py
[2024-12-03T18:30:03.170+0000] {processor.py:756} INFO - Processing file /home/airflow/.local/lib/python3.7/site-packages/airflow/example_dags/example_short_circuit_decorator.py for tasks to queue
[2024-12-03T18:30:03.173+0000] {logging_mixin.py:120} INFO - [2024-12-03T18:30:03.173+0000] {dagbag.py:537} INFO - Filling up the DagBag from /home/airflow/.local/lib/python3.7/site-packages/airflow/example_dags/example_short_circuit_decorator.py
[2024-12-03T18:30:03.227+0000] {processor.py:766} INFO - DAG(s) dict_keys(['example_short_circuit_decorator']) retrieved from /home/airflow/.local/lib/python3.7/site-packages/airflow/example_dags/example_short_circuit_decorator.py
[2024-12-03T18:30:03.294+0000] {logging_mixin.py:120} INFO - [2024-12-03T18:30:03.294+0000] {dag.py:2585} INFO - Sync 1 DAGs
[2024-12-03T18:30:03.333+0000] {logging_mixin.py:120} INFO - [2024-12-03T18:30:03.333+0000] {dag.py:3340} INFO - Setting next_dagrun for example_short_circuit_decorator to 2024-12-02T18:30:03.333106+00:00, run_after=2024-12-03T18:30:03.333106+00:00
[2024-12-03T18:30:03.364+0000] {processor.py:176} INFO - Processing /home/airflow/.local/lib/python3.7/site-packages/airflow/example_dags/example_short_circuit_decorator.py took 0.207 seconds
