[2024-12-03T18:25:32.331+0000] {processor.py:154} INFO - Started process (PID=14746) to work on /home/airflow/.local/lib/python3.7/site-packages/airflow/example_dags/example_complex.py
[2024-12-03T18:25:32.332+0000] {processor.py:756} INFO - Processing file /home/airflow/.local/lib/python3.7/site-packages/airflow/example_dags/example_complex.py for tasks to queue
[2024-12-03T18:25:32.335+0000] {logging_mixin.py:120} INFO - [2024-12-03T18:25:32.334+0000] {dagbag.py:537} INFO - Filling up the DagBag from /home/airflow/.local/lib/python3.7/site-packages/airflow/example_dags/example_complex.py
[2024-12-03T18:25:32.352+0000] {logging_mixin.py:120} INFO - [2024-12-03T18:25:32.351+0000] {taskmixin.py:205} WARNING - Dependency <Task(BashOperator): create_entry_group>, delete_entry_group already registered for DAG: example_complex
[2024-12-03T18:25:32.352+0000] {logging_mixin.py:120} INFO - [2024-12-03T18:25:32.352+0000] {taskmixin.py:205} WARNING - Dependency <Task(BashOperator): delete_entry_group>, create_entry_group already registered for DAG: example_complex
[2024-12-03T18:25:32.353+0000] {logging_mixin.py:120} INFO - [2024-12-03T18:25:32.353+0000] {taskmixin.py:205} WARNING - Dependency <Task(BashOperator): create_entry_gcs>, delete_entry already registered for DAG: example_complex
[2024-12-03T18:25:32.353+0000] {logging_mixin.py:120} INFO - [2024-12-03T18:25:32.353+0000] {taskmixin.py:205} WARNING - Dependency <Task(BashOperator): delete_entry>, create_entry_gcs already registered for DAG: example_complex
[2024-12-03T18:25:32.354+0000] {logging_mixin.py:120} INFO - [2024-12-03T18:25:32.354+0000] {taskmixin.py:205} WARNING - Dependency <Task(BashOperator): create_tag>, delete_tag already registered for DAG: example_complex
[2024-12-03T18:25:32.354+0000] {logging_mixin.py:120} INFO - [2024-12-03T18:25:32.354+0000] {taskmixin.py:205} WARNING - Dependency <Task(BashOperator): delete_tag>, create_tag already registered for DAG: example_complex
[2024-12-03T18:25:32.365+0000] {processor.py:766} INFO - DAG(s) dict_keys(['example_complex']) retrieved from /home/airflow/.local/lib/python3.7/site-packages/airflow/example_dags/example_complex.py
[2024-12-03T18:25:32.431+0000] {logging_mixin.py:120} INFO - [2024-12-03T18:25:32.430+0000] {dag.py:2585} INFO - Sync 1 DAGs
[2024-12-03T18:25:32.465+0000] {logging_mixin.py:120} INFO - [2024-12-03T18:25:32.465+0000] {dag.py:3340} INFO - Setting next_dagrun for example_complex to None, run_after=None
[2024-12-03T18:25:32.492+0000] {processor.py:176} INFO - Processing /home/airflow/.local/lib/python3.7/site-packages/airflow/example_dags/example_complex.py took 0.166 seconds
[2024-12-03T18:26:02.560+0000] {processor.py:154} INFO - Started process (PID=14810) to work on /home/airflow/.local/lib/python3.7/site-packages/airflow/example_dags/example_complex.py
[2024-12-03T18:26:02.561+0000] {processor.py:756} INFO - Processing file /home/airflow/.local/lib/python3.7/site-packages/airflow/example_dags/example_complex.py for tasks to queue
[2024-12-03T18:26:02.562+0000] {logging_mixin.py:120} INFO - [2024-12-03T18:26:02.562+0000] {dagbag.py:537} INFO - Filling up the DagBag from /home/airflow/.local/lib/python3.7/site-packages/airflow/example_dags/example_complex.py
[2024-12-03T18:26:02.581+0000] {logging_mixin.py:120} INFO - [2024-12-03T18:26:02.580+0000] {taskmixin.py:205} WARNING - Dependency <Task(BashOperator): create_entry_group>, delete_entry_group already registered for DAG: example_complex
[2024-12-03T18:26:02.581+0000] {logging_mixin.py:120} INFO - [2024-12-03T18:26:02.581+0000] {taskmixin.py:205} WARNING - Dependency <Task(BashOperator): delete_entry_group>, create_entry_group already registered for DAG: example_complex
[2024-12-03T18:26:02.582+0000] {logging_mixin.py:120} INFO - [2024-12-03T18:26:02.582+0000] {taskmixin.py:205} WARNING - Dependency <Task(BashOperator): create_entry_gcs>, delete_entry already registered for DAG: example_complex
[2024-12-03T18:26:02.582+0000] {logging_mixin.py:120} INFO - [2024-12-03T18:26:02.582+0000] {taskmixin.py:205} WARNING - Dependency <Task(BashOperator): delete_entry>, create_entry_gcs already registered for DAG: example_complex
[2024-12-03T18:26:02.583+0000] {logging_mixin.py:120} INFO - [2024-12-03T18:26:02.583+0000] {taskmixin.py:205} WARNING - Dependency <Task(BashOperator): create_tag>, delete_tag already registered for DAG: example_complex
[2024-12-03T18:26:02.584+0000] {logging_mixin.py:120} INFO - [2024-12-03T18:26:02.584+0000] {taskmixin.py:205} WARNING - Dependency <Task(BashOperator): delete_tag>, create_tag already registered for DAG: example_complex
[2024-12-03T18:26:02.594+0000] {processor.py:766} INFO - DAG(s) dict_keys(['example_complex']) retrieved from /home/airflow/.local/lib/python3.7/site-packages/airflow/example_dags/example_complex.py
[2024-12-03T18:26:02.658+0000] {logging_mixin.py:120} INFO - [2024-12-03T18:26:02.658+0000] {dag.py:2585} INFO - Sync 1 DAGs
[2024-12-03T18:26:02.692+0000] {logging_mixin.py:120} INFO - [2024-12-03T18:26:02.692+0000] {dag.py:3340} INFO - Setting next_dagrun for example_complex to None, run_after=None
[2024-12-03T18:26:02.716+0000] {processor.py:176} INFO - Processing /home/airflow/.local/lib/python3.7/site-packages/airflow/example_dags/example_complex.py took 0.161 seconds
[2024-12-03T18:26:33.057+0000] {processor.py:154} INFO - Started process (PID=14867) to work on /home/airflow/.local/lib/python3.7/site-packages/airflow/example_dags/example_complex.py
[2024-12-03T18:26:33.059+0000] {processor.py:756} INFO - Processing file /home/airflow/.local/lib/python3.7/site-packages/airflow/example_dags/example_complex.py for tasks to queue
[2024-12-03T18:26:33.060+0000] {logging_mixin.py:120} INFO - [2024-12-03T18:26:33.060+0000] {dagbag.py:537} INFO - Filling up the DagBag from /home/airflow/.local/lib/python3.7/site-packages/airflow/example_dags/example_complex.py
[2024-12-03T18:26:33.090+0000] {logging_mixin.py:120} INFO - [2024-12-03T18:26:33.090+0000] {taskmixin.py:205} WARNING - Dependency <Task(BashOperator): create_entry_group>, delete_entry_group already registered for DAG: example_complex
[2024-12-03T18:26:33.090+0000] {logging_mixin.py:120} INFO - [2024-12-03T18:26:33.090+0000] {taskmixin.py:205} WARNING - Dependency <Task(BashOperator): delete_entry_group>, create_entry_group already registered for DAG: example_complex
[2024-12-03T18:26:33.091+0000] {logging_mixin.py:120} INFO - [2024-12-03T18:26:33.091+0000] {taskmixin.py:205} WARNING - Dependency <Task(BashOperator): create_entry_gcs>, delete_entry already registered for DAG: example_complex
[2024-12-03T18:26:33.092+0000] {logging_mixin.py:120} INFO - [2024-12-03T18:26:33.091+0000] {taskmixin.py:205} WARNING - Dependency <Task(BashOperator): delete_entry>, create_entry_gcs already registered for DAG: example_complex
[2024-12-03T18:26:33.092+0000] {logging_mixin.py:120} INFO - [2024-12-03T18:26:33.092+0000] {taskmixin.py:205} WARNING - Dependency <Task(BashOperator): create_tag>, delete_tag already registered for DAG: example_complex
[2024-12-03T18:26:33.093+0000] {logging_mixin.py:120} INFO - [2024-12-03T18:26:33.093+0000] {taskmixin.py:205} WARNING - Dependency <Task(BashOperator): delete_tag>, create_tag already registered for DAG: example_complex
[2024-12-03T18:26:33.105+0000] {processor.py:766} INFO - DAG(s) dict_keys(['example_complex']) retrieved from /home/airflow/.local/lib/python3.7/site-packages/airflow/example_dags/example_complex.py
[2024-12-03T18:26:33.184+0000] {logging_mixin.py:120} INFO - [2024-12-03T18:26:33.184+0000] {dag.py:2585} INFO - Sync 1 DAGs
[2024-12-03T18:26:33.221+0000] {logging_mixin.py:120} INFO - [2024-12-03T18:26:33.220+0000] {dag.py:3340} INFO - Setting next_dagrun for example_complex to None, run_after=None
[2024-12-03T18:26:33.250+0000] {processor.py:176} INFO - Processing /home/airflow/.local/lib/python3.7/site-packages/airflow/example_dags/example_complex.py took 0.197 seconds
[2024-12-03T18:27:03.553+0000] {processor.py:154} INFO - Started process (PID=14932) to work on /home/airflow/.local/lib/python3.7/site-packages/airflow/example_dags/example_complex.py
[2024-12-03T18:27:03.554+0000] {processor.py:756} INFO - Processing file /home/airflow/.local/lib/python3.7/site-packages/airflow/example_dags/example_complex.py for tasks to queue
[2024-12-03T18:27:03.556+0000] {logging_mixin.py:120} INFO - [2024-12-03T18:27:03.555+0000] {dagbag.py:537} INFO - Filling up the DagBag from /home/airflow/.local/lib/python3.7/site-packages/airflow/example_dags/example_complex.py
[2024-12-03T18:27:03.573+0000] {logging_mixin.py:120} INFO - [2024-12-03T18:27:03.573+0000] {taskmixin.py:205} WARNING - Dependency <Task(BashOperator): create_entry_group>, delete_entry_group already registered for DAG: example_complex
[2024-12-03T18:27:03.574+0000] {logging_mixin.py:120} INFO - [2024-12-03T18:27:03.574+0000] {taskmixin.py:205} WARNING - Dependency <Task(BashOperator): delete_entry_group>, create_entry_group already registered for DAG: example_complex
[2024-12-03T18:27:03.575+0000] {logging_mixin.py:120} INFO - [2024-12-03T18:27:03.575+0000] {taskmixin.py:205} WARNING - Dependency <Task(BashOperator): create_entry_gcs>, delete_entry already registered for DAG: example_complex
[2024-12-03T18:27:03.575+0000] {logging_mixin.py:120} INFO - [2024-12-03T18:27:03.575+0000] {taskmixin.py:205} WARNING - Dependency <Task(BashOperator): delete_entry>, create_entry_gcs already registered for DAG: example_complex
[2024-12-03T18:27:03.576+0000] {logging_mixin.py:120} INFO - [2024-12-03T18:27:03.576+0000] {taskmixin.py:205} WARNING - Dependency <Task(BashOperator): create_tag>, delete_tag already registered for DAG: example_complex
[2024-12-03T18:27:03.576+0000] {logging_mixin.py:120} INFO - [2024-12-03T18:27:03.576+0000] {taskmixin.py:205} WARNING - Dependency <Task(BashOperator): delete_tag>, create_tag already registered for DAG: example_complex
[2024-12-03T18:27:03.587+0000] {processor.py:766} INFO - DAG(s) dict_keys(['example_complex']) retrieved from /home/airflow/.local/lib/python3.7/site-packages/airflow/example_dags/example_complex.py
[2024-12-03T18:27:03.655+0000] {logging_mixin.py:120} INFO - [2024-12-03T18:27:03.654+0000] {dag.py:2585} INFO - Sync 1 DAGs
[2024-12-03T18:27:03.692+0000] {logging_mixin.py:120} INFO - [2024-12-03T18:27:03.692+0000] {dag.py:3340} INFO - Setting next_dagrun for example_complex to None, run_after=None
[2024-12-03T18:27:03.719+0000] {processor.py:176} INFO - Processing /home/airflow/.local/lib/python3.7/site-packages/airflow/example_dags/example_complex.py took 0.170 seconds
[2024-12-03T18:27:34.181+0000] {processor.py:154} INFO - Started process (PID=14997) to work on /home/airflow/.local/lib/python3.7/site-packages/airflow/example_dags/example_complex.py
[2024-12-03T18:27:34.184+0000] {processor.py:756} INFO - Processing file /home/airflow/.local/lib/python3.7/site-packages/airflow/example_dags/example_complex.py for tasks to queue
[2024-12-03T18:27:34.185+0000] {logging_mixin.py:120} INFO - [2024-12-03T18:27:34.185+0000] {dagbag.py:537} INFO - Filling up the DagBag from /home/airflow/.local/lib/python3.7/site-packages/airflow/example_dags/example_complex.py
[2024-12-03T18:27:34.205+0000] {logging_mixin.py:120} INFO - [2024-12-03T18:27:34.205+0000] {taskmixin.py:205} WARNING - Dependency <Task(BashOperator): create_entry_group>, delete_entry_group already registered for DAG: example_complex
[2024-12-03T18:27:34.206+0000] {logging_mixin.py:120} INFO - [2024-12-03T18:27:34.206+0000] {taskmixin.py:205} WARNING - Dependency <Task(BashOperator): delete_entry_group>, create_entry_group already registered for DAG: example_complex
[2024-12-03T18:27:34.208+0000] {logging_mixin.py:120} INFO - [2024-12-03T18:27:34.207+0000] {taskmixin.py:205} WARNING - Dependency <Task(BashOperator): create_entry_gcs>, delete_entry already registered for DAG: example_complex
[2024-12-03T18:27:34.209+0000] {logging_mixin.py:120} INFO - [2024-12-03T18:27:34.209+0000] {taskmixin.py:205} WARNING - Dependency <Task(BashOperator): delete_entry>, create_entry_gcs already registered for DAG: example_complex
[2024-12-03T18:27:34.211+0000] {logging_mixin.py:120} INFO - [2024-12-03T18:27:34.211+0000] {taskmixin.py:205} WARNING - Dependency <Task(BashOperator): create_tag>, delete_tag already registered for DAG: example_complex
[2024-12-03T18:27:34.212+0000] {logging_mixin.py:120} INFO - [2024-12-03T18:27:34.211+0000] {taskmixin.py:205} WARNING - Dependency <Task(BashOperator): delete_tag>, create_tag already registered for DAG: example_complex
[2024-12-03T18:27:34.224+0000] {processor.py:766} INFO - DAG(s) dict_keys(['example_complex']) retrieved from /home/airflow/.local/lib/python3.7/site-packages/airflow/example_dags/example_complex.py
[2024-12-03T18:27:34.299+0000] {logging_mixin.py:120} INFO - [2024-12-03T18:27:34.299+0000] {dag.py:2585} INFO - Sync 1 DAGs
[2024-12-03T18:27:34.339+0000] {logging_mixin.py:120} INFO - [2024-12-03T18:27:34.339+0000] {dag.py:3340} INFO - Setting next_dagrun for example_complex to None, run_after=None
[2024-12-03T18:27:34.370+0000] {processor.py:176} INFO - Processing /home/airflow/.local/lib/python3.7/site-packages/airflow/example_dags/example_complex.py took 0.196 seconds
[2024-12-03T18:28:04.566+0000] {processor.py:154} INFO - Started process (PID=15053) to work on /home/airflow/.local/lib/python3.7/site-packages/airflow/example_dags/example_complex.py
[2024-12-03T18:28:04.567+0000] {processor.py:756} INFO - Processing file /home/airflow/.local/lib/python3.7/site-packages/airflow/example_dags/example_complex.py for tasks to queue
[2024-12-03T18:28:04.568+0000] {logging_mixin.py:120} INFO - [2024-12-03T18:28:04.568+0000] {dagbag.py:537} INFO - Filling up the DagBag from /home/airflow/.local/lib/python3.7/site-packages/airflow/example_dags/example_complex.py
[2024-12-03T18:28:04.587+0000] {logging_mixin.py:120} INFO - [2024-12-03T18:28:04.587+0000] {taskmixin.py:205} WARNING - Dependency <Task(BashOperator): create_entry_group>, delete_entry_group already registered for DAG: example_complex
[2024-12-03T18:28:04.588+0000] {logging_mixin.py:120} INFO - [2024-12-03T18:28:04.588+0000] {taskmixin.py:205} WARNING - Dependency <Task(BashOperator): delete_entry_group>, create_entry_group already registered for DAG: example_complex
[2024-12-03T18:28:04.588+0000] {logging_mixin.py:120} INFO - [2024-12-03T18:28:04.588+0000] {taskmixin.py:205} WARNING - Dependency <Task(BashOperator): create_entry_gcs>, delete_entry already registered for DAG: example_complex
[2024-12-03T18:28:04.589+0000] {logging_mixin.py:120} INFO - [2024-12-03T18:28:04.589+0000] {taskmixin.py:205} WARNING - Dependency <Task(BashOperator): delete_entry>, create_entry_gcs already registered for DAG: example_complex
[2024-12-03T18:28:04.590+0000] {logging_mixin.py:120} INFO - [2024-12-03T18:28:04.589+0000] {taskmixin.py:205} WARNING - Dependency <Task(BashOperator): create_tag>, delete_tag already registered for DAG: example_complex
[2024-12-03T18:28:04.590+0000] {logging_mixin.py:120} INFO - [2024-12-03T18:28:04.590+0000] {taskmixin.py:205} WARNING - Dependency <Task(BashOperator): delete_tag>, create_tag already registered for DAG: example_complex
[2024-12-03T18:28:04.601+0000] {processor.py:766} INFO - DAG(s) dict_keys(['example_complex']) retrieved from /home/airflow/.local/lib/python3.7/site-packages/airflow/example_dags/example_complex.py
[2024-12-03T18:28:04.673+0000] {logging_mixin.py:120} INFO - [2024-12-03T18:28:04.673+0000] {dag.py:2585} INFO - Sync 1 DAGs
[2024-12-03T18:28:04.708+0000] {logging_mixin.py:120} INFO - [2024-12-03T18:28:04.708+0000] {dag.py:3340} INFO - Setting next_dagrun for example_complex to None, run_after=None
[2024-12-03T18:28:04.812+0000] {processor.py:176} INFO - Processing /home/airflow/.local/lib/python3.7/site-packages/airflow/example_dags/example_complex.py took 0.251 seconds
[2024-12-03T18:28:34.960+0000] {processor.py:154} INFO - Started process (PID=15118) to work on /home/airflow/.local/lib/python3.7/site-packages/airflow/example_dags/example_complex.py
[2024-12-03T18:28:34.962+0000] {processor.py:756} INFO - Processing file /home/airflow/.local/lib/python3.7/site-packages/airflow/example_dags/example_complex.py for tasks to queue
[2024-12-03T18:28:34.963+0000] {logging_mixin.py:120} INFO - [2024-12-03T18:28:34.963+0000] {dagbag.py:537} INFO - Filling up the DagBag from /home/airflow/.local/lib/python3.7/site-packages/airflow/example_dags/example_complex.py
[2024-12-03T18:28:34.981+0000] {logging_mixin.py:120} INFO - [2024-12-03T18:28:34.981+0000] {taskmixin.py:205} WARNING - Dependency <Task(BashOperator): create_entry_group>, delete_entry_group already registered for DAG: example_complex
[2024-12-03T18:28:34.982+0000] {logging_mixin.py:120} INFO - [2024-12-03T18:28:34.981+0000] {taskmixin.py:205} WARNING - Dependency <Task(BashOperator): delete_entry_group>, create_entry_group already registered for DAG: example_complex
[2024-12-03T18:28:34.982+0000] {logging_mixin.py:120} INFO - [2024-12-03T18:28:34.982+0000] {taskmixin.py:205} WARNING - Dependency <Task(BashOperator): create_entry_gcs>, delete_entry already registered for DAG: example_complex
[2024-12-03T18:28:34.983+0000] {logging_mixin.py:120} INFO - [2024-12-03T18:28:34.983+0000] {taskmixin.py:205} WARNING - Dependency <Task(BashOperator): delete_entry>, create_entry_gcs already registered for DAG: example_complex
[2024-12-03T18:28:34.984+0000] {logging_mixin.py:120} INFO - [2024-12-03T18:28:34.983+0000] {taskmixin.py:205} WARNING - Dependency <Task(BashOperator): create_tag>, delete_tag already registered for DAG: example_complex
[2024-12-03T18:28:34.984+0000] {logging_mixin.py:120} INFO - [2024-12-03T18:28:34.984+0000] {taskmixin.py:205} WARNING - Dependency <Task(BashOperator): delete_tag>, create_tag already registered for DAG: example_complex
[2024-12-03T18:28:34.995+0000] {processor.py:766} INFO - DAG(s) dict_keys(['example_complex']) retrieved from /home/airflow/.local/lib/python3.7/site-packages/airflow/example_dags/example_complex.py
[2024-12-03T18:28:35.061+0000] {logging_mixin.py:120} INFO - [2024-12-03T18:28:35.060+0000] {dag.py:2585} INFO - Sync 1 DAGs
[2024-12-03T18:28:35.093+0000] {logging_mixin.py:120} INFO - [2024-12-03T18:28:35.093+0000] {dag.py:3340} INFO - Setting next_dagrun for example_complex to None, run_after=None
[2024-12-03T18:28:35.119+0000] {processor.py:176} INFO - Processing /home/airflow/.local/lib/python3.7/site-packages/airflow/example_dags/example_complex.py took 0.163 seconds
[2024-12-03T18:29:05.807+0000] {processor.py:154} INFO - Started process (PID=15183) to work on /home/airflow/.local/lib/python3.7/site-packages/airflow/example_dags/example_complex.py
[2024-12-03T18:29:05.808+0000] {processor.py:756} INFO - Processing file /home/airflow/.local/lib/python3.7/site-packages/airflow/example_dags/example_complex.py for tasks to queue
[2024-12-03T18:29:05.809+0000] {logging_mixin.py:120} INFO - [2024-12-03T18:29:05.809+0000] {dagbag.py:537} INFO - Filling up the DagBag from /home/airflow/.local/lib/python3.7/site-packages/airflow/example_dags/example_complex.py
[2024-12-03T18:29:05.830+0000] {logging_mixin.py:120} INFO - [2024-12-03T18:29:05.829+0000] {taskmixin.py:205} WARNING - Dependency <Task(BashOperator): create_entry_group>, delete_entry_group already registered for DAG: example_complex
[2024-12-03T18:29:05.830+0000] {logging_mixin.py:120} INFO - [2024-12-03T18:29:05.830+0000] {taskmixin.py:205} WARNING - Dependency <Task(BashOperator): delete_entry_group>, create_entry_group already registered for DAG: example_complex
[2024-12-03T18:29:05.831+0000] {logging_mixin.py:120} INFO - [2024-12-03T18:29:05.831+0000] {taskmixin.py:205} WARNING - Dependency <Task(BashOperator): create_entry_gcs>, delete_entry already registered for DAG: example_complex
[2024-12-03T18:29:05.832+0000] {logging_mixin.py:120} INFO - [2024-12-03T18:29:05.831+0000] {taskmixin.py:205} WARNING - Dependency <Task(BashOperator): delete_entry>, create_entry_gcs already registered for DAG: example_complex
[2024-12-03T18:29:05.833+0000] {logging_mixin.py:120} INFO - [2024-12-03T18:29:05.832+0000] {taskmixin.py:205} WARNING - Dependency <Task(BashOperator): create_tag>, delete_tag already registered for DAG: example_complex
[2024-12-03T18:29:05.833+0000] {logging_mixin.py:120} INFO - [2024-12-03T18:29:05.833+0000] {taskmixin.py:205} WARNING - Dependency <Task(BashOperator): delete_tag>, create_tag already registered for DAG: example_complex
[2024-12-03T18:29:05.845+0000] {processor.py:766} INFO - DAG(s) dict_keys(['example_complex']) retrieved from /home/airflow/.local/lib/python3.7/site-packages/airflow/example_dags/example_complex.py
[2024-12-03T18:29:05.917+0000] {logging_mixin.py:120} INFO - [2024-12-03T18:29:05.916+0000] {dag.py:2585} INFO - Sync 1 DAGs
[2024-12-03T18:29:05.956+0000] {logging_mixin.py:120} INFO - [2024-12-03T18:29:05.956+0000] {dag.py:3340} INFO - Setting next_dagrun for example_complex to None, run_after=None
[2024-12-03T18:29:05.984+0000] {processor.py:176} INFO - Processing /home/airflow/.local/lib/python3.7/site-packages/airflow/example_dags/example_complex.py took 0.182 seconds
[2024-12-03T18:29:36.677+0000] {processor.py:154} INFO - Started process (PID=15238) to work on /home/airflow/.local/lib/python3.7/site-packages/airflow/example_dags/example_complex.py
[2024-12-03T18:29:36.678+0000] {processor.py:756} INFO - Processing file /home/airflow/.local/lib/python3.7/site-packages/airflow/example_dags/example_complex.py for tasks to queue
[2024-12-03T18:29:36.679+0000] {logging_mixin.py:120} INFO - [2024-12-03T18:29:36.679+0000] {dagbag.py:537} INFO - Filling up the DagBag from /home/airflow/.local/lib/python3.7/site-packages/airflow/example_dags/example_complex.py
[2024-12-03T18:29:36.697+0000] {logging_mixin.py:120} INFO - [2024-12-03T18:29:36.697+0000] {taskmixin.py:205} WARNING - Dependency <Task(BashOperator): create_entry_group>, delete_entry_group already registered for DAG: example_complex
[2024-12-03T18:29:36.697+0000] {logging_mixin.py:120} INFO - [2024-12-03T18:29:36.697+0000] {taskmixin.py:205} WARNING - Dependency <Task(BashOperator): delete_entry_group>, create_entry_group already registered for DAG: example_complex
[2024-12-03T18:29:36.700+0000] {logging_mixin.py:120} INFO - [2024-12-03T18:29:36.700+0000] {taskmixin.py:205} WARNING - Dependency <Task(BashOperator): create_entry_gcs>, delete_entry already registered for DAG: example_complex
[2024-12-03T18:29:36.701+0000] {logging_mixin.py:120} INFO - [2024-12-03T18:29:36.701+0000] {taskmixin.py:205} WARNING - Dependency <Task(BashOperator): delete_entry>, create_entry_gcs already registered for DAG: example_complex
[2024-12-03T18:29:36.702+0000] {logging_mixin.py:120} INFO - [2024-12-03T18:29:36.702+0000] {taskmixin.py:205} WARNING - Dependency <Task(BashOperator): create_tag>, delete_tag already registered for DAG: example_complex
[2024-12-03T18:29:36.702+0000] {logging_mixin.py:120} INFO - [2024-12-03T18:29:36.702+0000] {taskmixin.py:205} WARNING - Dependency <Task(BashOperator): delete_tag>, create_tag already registered for DAG: example_complex
[2024-12-03T18:29:36.713+0000] {processor.py:766} INFO - DAG(s) dict_keys(['example_complex']) retrieved from /home/airflow/.local/lib/python3.7/site-packages/airflow/example_dags/example_complex.py
[2024-12-03T18:29:36.779+0000] {logging_mixin.py:120} INFO - [2024-12-03T18:29:36.779+0000] {dag.py:2585} INFO - Sync 1 DAGs
[2024-12-03T18:29:36.812+0000] {logging_mixin.py:120} INFO - [2024-12-03T18:29:36.812+0000] {dag.py:3340} INFO - Setting next_dagrun for example_complex to None, run_after=None
[2024-12-03T18:29:36.839+0000] {processor.py:176} INFO - Processing /home/airflow/.local/lib/python3.7/site-packages/airflow/example_dags/example_complex.py took 0.166 seconds
