[2024-12-03T18:25:30.940+0000] {processor.py:154} INFO - Started process (PID=14742) to work on /home/airflow/.local/lib/python3.7/site-packages/airflow/example_dags/example_skip_dag.py
[2024-12-03T18:25:30.941+0000] {processor.py:756} INFO - Processing file /home/airflow/.local/lib/python3.7/site-packages/airflow/example_dags/example_skip_dag.py for tasks to queue
[2024-12-03T18:25:30.942+0000] {logging_mixin.py:120} INFO - [2024-12-03T18:25:30.941+0000] {dagbag.py:537} INFO - Filling up the DagBag from /home/airflow/.local/lib/python3.7/site-packages/airflow/example_dags/example_skip_dag.py
[2024-12-03T18:25:30.963+0000] {processor.py:766} INFO - DAG(s) dict_keys(['example_skip_dag']) retrieved from /home/airflow/.local/lib/python3.7/site-packages/airflow/example_dags/example_skip_dag.py
[2024-12-03T18:25:31.020+0000] {logging_mixin.py:120} INFO - [2024-12-03T18:25:31.019+0000] {dag.py:2585} INFO - Sync 1 DAGs
[2024-12-03T18:25:31.055+0000] {logging_mixin.py:120} INFO - [2024-12-03T18:25:31.055+0000] {dag.py:3340} INFO - Setting next_dagrun for example_skip_dag to 2024-12-02T18:25:31.054570+00:00, run_after=2024-12-03T18:25:31.054570+00:00
[2024-12-03T18:25:31.082+0000] {processor.py:176} INFO - Processing /home/airflow/.local/lib/python3.7/site-packages/airflow/example_dags/example_skip_dag.py took 0.147 seconds
[2024-12-03T18:26:01.170+0000] {processor.py:154} INFO - Started process (PID=14806) to work on /home/airflow/.local/lib/python3.7/site-packages/airflow/example_dags/example_skip_dag.py
[2024-12-03T18:26:01.171+0000] {processor.py:756} INFO - Processing file /home/airflow/.local/lib/python3.7/site-packages/airflow/example_dags/example_skip_dag.py for tasks to queue
[2024-12-03T18:26:01.172+0000] {logging_mixin.py:120} INFO - [2024-12-03T18:26:01.172+0000] {dagbag.py:537} INFO - Filling up the DagBag from /home/airflow/.local/lib/python3.7/site-packages/airflow/example_dags/example_skip_dag.py
[2024-12-03T18:26:01.193+0000] {processor.py:766} INFO - DAG(s) dict_keys(['example_skip_dag']) retrieved from /home/airflow/.local/lib/python3.7/site-packages/airflow/example_dags/example_skip_dag.py
[2024-12-03T18:26:01.252+0000] {logging_mixin.py:120} INFO - [2024-12-03T18:26:01.252+0000] {dag.py:2585} INFO - Sync 1 DAGs
[2024-12-03T18:26:01.285+0000] {logging_mixin.py:120} INFO - [2024-12-03T18:26:01.285+0000] {dag.py:3340} INFO - Setting next_dagrun for example_skip_dag to 2024-12-02T18:26:01.285159+00:00, run_after=2024-12-03T18:26:01.285159+00:00
[2024-12-03T18:26:01.311+0000] {processor.py:176} INFO - Processing /home/airflow/.local/lib/python3.7/site-packages/airflow/example_dags/example_skip_dag.py took 0.145 seconds
[2024-12-03T18:26:31.658+0000] {processor.py:154} INFO - Started process (PID=14863) to work on /home/airflow/.local/lib/python3.7/site-packages/airflow/example_dags/example_skip_dag.py
[2024-12-03T18:26:31.659+0000] {processor.py:756} INFO - Processing file /home/airflow/.local/lib/python3.7/site-packages/airflow/example_dags/example_skip_dag.py for tasks to queue
[2024-12-03T18:26:31.660+0000] {logging_mixin.py:120} INFO - [2024-12-03T18:26:31.660+0000] {dagbag.py:537} INFO - Filling up the DagBag from /home/airflow/.local/lib/python3.7/site-packages/airflow/example_dags/example_skip_dag.py
[2024-12-03T18:26:31.681+0000] {processor.py:766} INFO - DAG(s) dict_keys(['example_skip_dag']) retrieved from /home/airflow/.local/lib/python3.7/site-packages/airflow/example_dags/example_skip_dag.py
[2024-12-03T18:26:31.737+0000] {logging_mixin.py:120} INFO - [2024-12-03T18:26:31.737+0000] {dag.py:2585} INFO - Sync 1 DAGs
[2024-12-03T18:26:31.775+0000] {logging_mixin.py:120} INFO - [2024-12-03T18:26:31.774+0000] {dag.py:3340} INFO - Setting next_dagrun for example_skip_dag to 2024-12-02T18:26:31.774640+00:00, run_after=2024-12-03T18:26:31.774640+00:00
[2024-12-03T18:26:31.803+0000] {processor.py:176} INFO - Processing /home/airflow/.local/lib/python3.7/site-packages/airflow/example_dags/example_skip_dag.py took 0.150 seconds
[2024-12-03T18:27:02.178+0000] {processor.py:154} INFO - Started process (PID=14928) to work on /home/airflow/.local/lib/python3.7/site-packages/airflow/example_dags/example_skip_dag.py
[2024-12-03T18:27:02.179+0000] {processor.py:756} INFO - Processing file /home/airflow/.local/lib/python3.7/site-packages/airflow/example_dags/example_skip_dag.py for tasks to queue
[2024-12-03T18:27:02.180+0000] {logging_mixin.py:120} INFO - [2024-12-03T18:27:02.180+0000] {dagbag.py:537} INFO - Filling up the DagBag from /home/airflow/.local/lib/python3.7/site-packages/airflow/example_dags/example_skip_dag.py
[2024-12-03T18:27:02.201+0000] {processor.py:766} INFO - DAG(s) dict_keys(['example_skip_dag']) retrieved from /home/airflow/.local/lib/python3.7/site-packages/airflow/example_dags/example_skip_dag.py
[2024-12-03T18:27:02.252+0000] {logging_mixin.py:120} INFO - [2024-12-03T18:27:02.252+0000] {dag.py:2585} INFO - Sync 1 DAGs
[2024-12-03T18:27:02.285+0000] {logging_mixin.py:120} INFO - [2024-12-03T18:27:02.285+0000] {dag.py:3340} INFO - Setting next_dagrun for example_skip_dag to 2024-12-02T18:27:02.284772+00:00, run_after=2024-12-03T18:27:02.284772+00:00
[2024-12-03T18:27:02.304+0000] {processor.py:176} INFO - Processing /home/airflow/.local/lib/python3.7/site-packages/airflow/example_dags/example_skip_dag.py took 0.130 seconds
[2024-12-03T18:27:32.770+0000] {processor.py:154} INFO - Started process (PID=14993) to work on /home/airflow/.local/lib/python3.7/site-packages/airflow/example_dags/example_skip_dag.py
[2024-12-03T18:27:32.771+0000] {processor.py:756} INFO - Processing file /home/airflow/.local/lib/python3.7/site-packages/airflow/example_dags/example_skip_dag.py for tasks to queue
[2024-12-03T18:27:32.773+0000] {logging_mixin.py:120} INFO - [2024-12-03T18:27:32.772+0000] {dagbag.py:537} INFO - Filling up the DagBag from /home/airflow/.local/lib/python3.7/site-packages/airflow/example_dags/example_skip_dag.py
[2024-12-03T18:27:32.794+0000] {processor.py:766} INFO - DAG(s) dict_keys(['example_skip_dag']) retrieved from /home/airflow/.local/lib/python3.7/site-packages/airflow/example_dags/example_skip_dag.py
[2024-12-03T18:27:32.854+0000] {logging_mixin.py:120} INFO - [2024-12-03T18:27:32.854+0000] {dag.py:2585} INFO - Sync 1 DAGs
[2024-12-03T18:27:32.894+0000] {logging_mixin.py:120} INFO - [2024-12-03T18:27:32.893+0000] {dag.py:3340} INFO - Setting next_dagrun for example_skip_dag to 2024-12-02T18:27:32.893533+00:00, run_after=2024-12-03T18:27:32.893533+00:00
[2024-12-03T18:27:32.921+0000] {processor.py:176} INFO - Processing /home/airflow/.local/lib/python3.7/site-packages/airflow/example_dags/example_skip_dag.py took 0.156 seconds
[2024-12-03T18:28:03.170+0000] {processor.py:154} INFO - Started process (PID=15049) to work on /home/airflow/.local/lib/python3.7/site-packages/airflow/example_dags/example_skip_dag.py
[2024-12-03T18:28:03.171+0000] {processor.py:756} INFO - Processing file /home/airflow/.local/lib/python3.7/site-packages/airflow/example_dags/example_skip_dag.py for tasks to queue
[2024-12-03T18:28:03.172+0000] {logging_mixin.py:120} INFO - [2024-12-03T18:28:03.172+0000] {dagbag.py:537} INFO - Filling up the DagBag from /home/airflow/.local/lib/python3.7/site-packages/airflow/example_dags/example_skip_dag.py
[2024-12-03T18:28:03.193+0000] {processor.py:766} INFO - DAG(s) dict_keys(['example_skip_dag']) retrieved from /home/airflow/.local/lib/python3.7/site-packages/airflow/example_dags/example_skip_dag.py
[2024-12-03T18:28:03.255+0000] {logging_mixin.py:120} INFO - [2024-12-03T18:28:03.255+0000] {dag.py:2585} INFO - Sync 1 DAGs
[2024-12-03T18:28:03.295+0000] {logging_mixin.py:120} INFO - [2024-12-03T18:28:03.295+0000] {dag.py:3340} INFO - Setting next_dagrun for example_skip_dag to 2024-12-02T18:28:03.295135+00:00, run_after=2024-12-03T18:28:03.295135+00:00
[2024-12-03T18:28:03.324+0000] {processor.py:176} INFO - Processing /home/airflow/.local/lib/python3.7/site-packages/airflow/example_dags/example_skip_dag.py took 0.159 seconds
[2024-12-03T18:28:33.579+0000] {processor.py:154} INFO - Started process (PID=15114) to work on /home/airflow/.local/lib/python3.7/site-packages/airflow/example_dags/example_skip_dag.py
[2024-12-03T18:28:33.580+0000] {processor.py:756} INFO - Processing file /home/airflow/.local/lib/python3.7/site-packages/airflow/example_dags/example_skip_dag.py for tasks to queue
[2024-12-03T18:28:33.581+0000] {logging_mixin.py:120} INFO - [2024-12-03T18:28:33.581+0000] {dagbag.py:537} INFO - Filling up the DagBag from /home/airflow/.local/lib/python3.7/site-packages/airflow/example_dags/example_skip_dag.py
[2024-12-03T18:28:33.603+0000] {processor.py:766} INFO - DAG(s) dict_keys(['example_skip_dag']) retrieved from /home/airflow/.local/lib/python3.7/site-packages/airflow/example_dags/example_skip_dag.py
[2024-12-03T18:28:33.662+0000] {logging_mixin.py:120} INFO - [2024-12-03T18:28:33.662+0000] {dag.py:2585} INFO - Sync 1 DAGs
[2024-12-03T18:28:33.697+0000] {logging_mixin.py:120} INFO - [2024-12-03T18:28:33.697+0000] {dag.py:3340} INFO - Setting next_dagrun for example_skip_dag to 2024-12-02T18:28:33.696867+00:00, run_after=2024-12-03T18:28:33.696867+00:00
[2024-12-03T18:28:33.727+0000] {processor.py:176} INFO - Processing /home/airflow/.local/lib/python3.7/site-packages/airflow/example_dags/example_skip_dag.py took 0.153 seconds
[2024-12-03T18:29:04.403+0000] {processor.py:154} INFO - Started process (PID=15170) to work on /home/airflow/.local/lib/python3.7/site-packages/airflow/example_dags/example_skip_dag.py
[2024-12-03T18:29:04.404+0000] {processor.py:756} INFO - Processing file /home/airflow/.local/lib/python3.7/site-packages/airflow/example_dags/example_skip_dag.py for tasks to queue
[2024-12-03T18:29:04.405+0000] {logging_mixin.py:120} INFO - [2024-12-03T18:29:04.405+0000] {dagbag.py:537} INFO - Filling up the DagBag from /home/airflow/.local/lib/python3.7/site-packages/airflow/example_dags/example_skip_dag.py
[2024-12-03T18:29:04.427+0000] {processor.py:766} INFO - DAG(s) dict_keys(['example_skip_dag']) retrieved from /home/airflow/.local/lib/python3.7/site-packages/airflow/example_dags/example_skip_dag.py
[2024-12-03T18:29:04.487+0000] {logging_mixin.py:120} INFO - [2024-12-03T18:29:04.486+0000] {dag.py:2585} INFO - Sync 1 DAGs
[2024-12-03T18:29:04.526+0000] {logging_mixin.py:120} INFO - [2024-12-03T18:29:04.525+0000] {dag.py:3340} INFO - Setting next_dagrun for example_skip_dag to 2024-12-02T18:29:04.525566+00:00, run_after=2024-12-03T18:29:04.525566+00:00
[2024-12-03T18:29:04.554+0000] {processor.py:176} INFO - Processing /home/airflow/.local/lib/python3.7/site-packages/airflow/example_dags/example_skip_dag.py took 0.156 seconds
[2024-12-03T18:29:35.281+0000] {processor.py:154} INFO - Started process (PID=15234) to work on /home/airflow/.local/lib/python3.7/site-packages/airflow/example_dags/example_skip_dag.py
[2024-12-03T18:29:35.282+0000] {processor.py:756} INFO - Processing file /home/airflow/.local/lib/python3.7/site-packages/airflow/example_dags/example_skip_dag.py for tasks to queue
[2024-12-03T18:29:35.284+0000] {logging_mixin.py:120} INFO - [2024-12-03T18:29:35.283+0000] {dagbag.py:537} INFO - Filling up the DagBag from /home/airflow/.local/lib/python3.7/site-packages/airflow/example_dags/example_skip_dag.py
[2024-12-03T18:29:35.304+0000] {processor.py:766} INFO - DAG(s) dict_keys(['example_skip_dag']) retrieved from /home/airflow/.local/lib/python3.7/site-packages/airflow/example_dags/example_skip_dag.py
[2024-12-03T18:29:35.367+0000] {logging_mixin.py:120} INFO - [2024-12-03T18:29:35.367+0000] {dag.py:2585} INFO - Sync 1 DAGs
[2024-12-03T18:29:35.402+0000] {logging_mixin.py:120} INFO - [2024-12-03T18:29:35.401+0000] {dag.py:3340} INFO - Setting next_dagrun for example_skip_dag to 2024-12-02T18:29:35.401561+00:00, run_after=2024-12-03T18:29:35.401561+00:00
[2024-12-03T18:29:35.430+0000] {processor.py:176} INFO - Processing /home/airflow/.local/lib/python3.7/site-packages/airflow/example_dags/example_skip_dag.py took 0.153 seconds
[2024-12-03T18:30:06.032+0000] {processor.py:154} INFO - Started process (PID=15299) to work on /home/airflow/.local/lib/python3.7/site-packages/airflow/example_dags/example_skip_dag.py
[2024-12-03T18:30:06.033+0000] {processor.py:756} INFO - Processing file /home/airflow/.local/lib/python3.7/site-packages/airflow/example_dags/example_skip_dag.py for tasks to queue
[2024-12-03T18:30:06.035+0000] {logging_mixin.py:120} INFO - [2024-12-03T18:30:06.035+0000] {dagbag.py:537} INFO - Filling up the DagBag from /home/airflow/.local/lib/python3.7/site-packages/airflow/example_dags/example_skip_dag.py
[2024-12-03T18:30:06.055+0000] {processor.py:766} INFO - DAG(s) dict_keys(['example_skip_dag']) retrieved from /home/airflow/.local/lib/python3.7/site-packages/airflow/example_dags/example_skip_dag.py
[2024-12-03T18:30:06.110+0000] {logging_mixin.py:120} INFO - [2024-12-03T18:30:06.110+0000] {dag.py:2585} INFO - Sync 1 DAGs
[2024-12-03T18:30:06.145+0000] {logging_mixin.py:120} INFO - [2024-12-03T18:30:06.144+0000] {dag.py:3340} INFO - Setting next_dagrun for example_skip_dag to 2024-12-02T18:30:06.144620+00:00, run_after=2024-12-03T18:30:06.144620+00:00
[2024-12-03T18:30:06.172+0000] {processor.py:176} INFO - Processing /home/airflow/.local/lib/python3.7/site-packages/airflow/example_dags/example_skip_dag.py took 0.145 seconds
