[2024-12-03T18:25:28.377+0000] {processor.py:154} INFO - Started process (PID=14737) to work on /home/airflow/.local/lib/python3.7/site-packages/airflow/example_dags/example_short_circuit_operator.py
[2024-12-03T18:25:28.378+0000] {processor.py:756} INFO - Processing file /home/airflow/.local/lib/python3.7/site-packages/airflow/example_dags/example_short_circuit_operator.py for tasks to queue
[2024-12-03T18:25:28.379+0000] {logging_mixin.py:120} INFO - [2024-12-03T18:25:28.379+0000] {dagbag.py:537} INFO - Filling up the DagBag from /home/airflow/.local/lib/python3.7/site-packages/airflow/example_dags/example_short_circuit_operator.py
[2024-12-03T18:25:28.403+0000] {processor.py:766} INFO - DAG(s) dict_keys(['example_short_circuit_operator']) retrieved from /home/airflow/.local/lib/python3.7/site-packages/airflow/example_dags/example_short_circuit_operator.py
[2024-12-03T18:25:28.462+0000] {logging_mixin.py:120} INFO - [2024-12-03T18:25:28.462+0000] {dag.py:2585} INFO - Sync 1 DAGs
[2024-12-03T18:25:28.495+0000] {logging_mixin.py:120} INFO - [2024-12-03T18:25:28.495+0000] {dag.py:3340} INFO - Setting next_dagrun for example_short_circuit_operator to 2024-12-02T18:25:28.494813+00:00, run_after=2024-12-03T18:25:28.494813+00:00
[2024-12-03T18:25:28.523+0000] {processor.py:176} INFO - Processing /home/airflow/.local/lib/python3.7/site-packages/airflow/example_dags/example_short_circuit_operator.py took 0.151 seconds
[2024-12-03T18:25:58.769+0000] {processor.py:154} INFO - Started process (PID=14792) to work on /home/airflow/.local/lib/python3.7/site-packages/airflow/example_dags/example_short_circuit_operator.py
[2024-12-03T18:25:58.770+0000] {processor.py:756} INFO - Processing file /home/airflow/.local/lib/python3.7/site-packages/airflow/example_dags/example_short_circuit_operator.py for tasks to queue
[2024-12-03T18:25:58.774+0000] {logging_mixin.py:120} INFO - [2024-12-03T18:25:58.774+0000] {dagbag.py:537} INFO - Filling up the DagBag from /home/airflow/.local/lib/python3.7/site-packages/airflow/example_dags/example_short_circuit_operator.py
[2024-12-03T18:25:58.797+0000] {processor.py:766} INFO - DAG(s) dict_keys(['example_short_circuit_operator']) retrieved from /home/airflow/.local/lib/python3.7/site-packages/airflow/example_dags/example_short_circuit_operator.py
[2024-12-03T18:25:58.855+0000] {logging_mixin.py:120} INFO - [2024-12-03T18:25:58.854+0000] {dag.py:2585} INFO - Sync 1 DAGs
[2024-12-03T18:25:58.888+0000] {logging_mixin.py:120} INFO - [2024-12-03T18:25:58.888+0000] {dag.py:3340} INFO - Setting next_dagrun for example_short_circuit_operator to 2024-12-02T18:25:58.888020+00:00, run_after=2024-12-03T18:25:58.888020+00:00
[2024-12-03T18:25:58.912+0000] {processor.py:176} INFO - Processing /home/airflow/.local/lib/python3.7/site-packages/airflow/example_dags/example_short_circuit_operator.py took 0.147 seconds
[2024-12-03T18:26:28.988+0000] {processor.py:154} INFO - Started process (PID=14858) to work on /home/airflow/.local/lib/python3.7/site-packages/airflow/example_dags/example_short_circuit_operator.py
[2024-12-03T18:26:28.990+0000] {processor.py:756} INFO - Processing file /home/airflow/.local/lib/python3.7/site-packages/airflow/example_dags/example_short_circuit_operator.py for tasks to queue
[2024-12-03T18:26:28.990+0000] {logging_mixin.py:120} INFO - [2024-12-03T18:26:28.990+0000] {dagbag.py:537} INFO - Filling up the DagBag from /home/airflow/.local/lib/python3.7/site-packages/airflow/example_dags/example_short_circuit_operator.py
[2024-12-03T18:26:29.013+0000] {processor.py:766} INFO - DAG(s) dict_keys(['example_short_circuit_operator']) retrieved from /home/airflow/.local/lib/python3.7/site-packages/airflow/example_dags/example_short_circuit_operator.py
[2024-12-03T18:26:29.071+0000] {logging_mixin.py:120} INFO - [2024-12-03T18:26:29.071+0000] {dag.py:2585} INFO - Sync 1 DAGs
[2024-12-03T18:26:29.107+0000] {logging_mixin.py:120} INFO - [2024-12-03T18:26:29.106+0000] {dag.py:3340} INFO - Setting next_dagrun for example_short_circuit_operator to 2024-12-02T18:26:29.106677+00:00, run_after=2024-12-03T18:26:29.106677+00:00
[2024-12-03T18:26:29.136+0000] {processor.py:176} INFO - Processing /home/airflow/.local/lib/python3.7/site-packages/airflow/example_dags/example_short_circuit_operator.py took 0.152 seconds
[2024-12-03T18:26:59.629+0000] {processor.py:154} INFO - Started process (PID=14923) to work on /home/airflow/.local/lib/python3.7/site-packages/airflow/example_dags/example_short_circuit_operator.py
[2024-12-03T18:26:59.631+0000] {processor.py:756} INFO - Processing file /home/airflow/.local/lib/python3.7/site-packages/airflow/example_dags/example_short_circuit_operator.py for tasks to queue
[2024-12-03T18:26:59.632+0000] {logging_mixin.py:120} INFO - [2024-12-03T18:26:59.632+0000] {dagbag.py:537} INFO - Filling up the DagBag from /home/airflow/.local/lib/python3.7/site-packages/airflow/example_dags/example_short_circuit_operator.py
[2024-12-03T18:26:59.657+0000] {processor.py:766} INFO - DAG(s) dict_keys(['example_short_circuit_operator']) retrieved from /home/airflow/.local/lib/python3.7/site-packages/airflow/example_dags/example_short_circuit_operator.py
[2024-12-03T18:26:59.721+0000] {logging_mixin.py:120} INFO - [2024-12-03T18:26:59.721+0000] {dag.py:2585} INFO - Sync 1 DAGs
[2024-12-03T18:26:59.761+0000] {logging_mixin.py:120} INFO - [2024-12-03T18:26:59.761+0000] {dag.py:3340} INFO - Setting next_dagrun for example_short_circuit_operator to 2024-12-02T18:26:59.760905+00:00, run_after=2024-12-03T18:26:59.760905+00:00
[2024-12-03T18:26:59.787+0000] {processor.py:176} INFO - Processing /home/airflow/.local/lib/python3.7/site-packages/airflow/example_dags/example_short_circuit_operator.py took 0.163 seconds
[2024-12-03T18:27:30.168+0000] {processor.py:154} INFO - Started process (PID=14979) to work on /home/airflow/.local/lib/python3.7/site-packages/airflow/example_dags/example_short_circuit_operator.py
[2024-12-03T18:27:30.169+0000] {processor.py:756} INFO - Processing file /home/airflow/.local/lib/python3.7/site-packages/airflow/example_dags/example_short_circuit_operator.py for tasks to queue
[2024-12-03T18:27:30.170+0000] {logging_mixin.py:120} INFO - [2024-12-03T18:27:30.170+0000] {dagbag.py:537} INFO - Filling up the DagBag from /home/airflow/.local/lib/python3.7/site-packages/airflow/example_dags/example_short_circuit_operator.py
[2024-12-03T18:27:30.195+0000] {processor.py:766} INFO - DAG(s) dict_keys(['example_short_circuit_operator']) retrieved from /home/airflow/.local/lib/python3.7/site-packages/airflow/example_dags/example_short_circuit_operator.py
[2024-12-03T18:27:30.254+0000] {logging_mixin.py:120} INFO - [2024-12-03T18:27:30.253+0000] {dag.py:2585} INFO - Sync 1 DAGs
[2024-12-03T18:27:30.291+0000] {logging_mixin.py:120} INFO - [2024-12-03T18:27:30.291+0000] {dag.py:3340} INFO - Setting next_dagrun for example_short_circuit_operator to 2024-12-02T18:27:30.290631+00:00, run_after=2024-12-03T18:27:30.290631+00:00
[2024-12-03T18:27:30.318+0000] {processor.py:176} INFO - Processing /home/airflow/.local/lib/python3.7/site-packages/airflow/example_dags/example_short_circuit_operator.py took 0.155 seconds
[2024-12-03T18:28:00.588+0000] {processor.py:154} INFO - Started process (PID=15044) to work on /home/airflow/.local/lib/python3.7/site-packages/airflow/example_dags/example_short_circuit_operator.py
[2024-12-03T18:28:00.590+0000] {processor.py:756} INFO - Processing file /home/airflow/.local/lib/python3.7/site-packages/airflow/example_dags/example_short_circuit_operator.py for tasks to queue
[2024-12-03T18:28:00.591+0000] {logging_mixin.py:120} INFO - [2024-12-03T18:28:00.591+0000] {dagbag.py:537} INFO - Filling up the DagBag from /home/airflow/.local/lib/python3.7/site-packages/airflow/example_dags/example_short_circuit_operator.py
[2024-12-03T18:28:00.616+0000] {processor.py:766} INFO - DAG(s) dict_keys(['example_short_circuit_operator']) retrieved from /home/airflow/.local/lib/python3.7/site-packages/airflow/example_dags/example_short_circuit_operator.py
[2024-12-03T18:28:00.675+0000] {logging_mixin.py:120} INFO - [2024-12-03T18:28:00.675+0000] {dag.py:2585} INFO - Sync 1 DAGs
[2024-12-03T18:28:00.712+0000] {logging_mixin.py:120} INFO - [2024-12-03T18:28:00.711+0000] {dag.py:3340} INFO - Setting next_dagrun for example_short_circuit_operator to 2024-12-02T18:28:00.711573+00:00, run_after=2024-12-03T18:28:00.711573+00:00
[2024-12-03T18:28:00.741+0000] {processor.py:176} INFO - Processing /home/airflow/.local/lib/python3.7/site-packages/airflow/example_dags/example_short_circuit_operator.py took 0.157 seconds
[2024-12-03T18:28:31.130+0000] {processor.py:154} INFO - Started process (PID=15109) to work on /home/airflow/.local/lib/python3.7/site-packages/airflow/example_dags/example_short_circuit_operator.py
[2024-12-03T18:28:31.131+0000] {processor.py:756} INFO - Processing file /home/airflow/.local/lib/python3.7/site-packages/airflow/example_dags/example_short_circuit_operator.py for tasks to queue
[2024-12-03T18:28:31.132+0000] {logging_mixin.py:120} INFO - [2024-12-03T18:28:31.132+0000] {dagbag.py:537} INFO - Filling up the DagBag from /home/airflow/.local/lib/python3.7/site-packages/airflow/example_dags/example_short_circuit_operator.py
[2024-12-03T18:28:31.160+0000] {processor.py:766} INFO - DAG(s) dict_keys(['example_short_circuit_operator']) retrieved from /home/airflow/.local/lib/python3.7/site-packages/airflow/example_dags/example_short_circuit_operator.py
[2024-12-03T18:28:31.255+0000] {logging_mixin.py:120} INFO - [2024-12-03T18:28:31.254+0000] {dag.py:2585} INFO - Sync 1 DAGs
[2024-12-03T18:28:31.292+0000] {logging_mixin.py:120} INFO - [2024-12-03T18:28:31.292+0000] {dag.py:3340} INFO - Setting next_dagrun for example_short_circuit_operator to 2024-12-02T18:28:31.291768+00:00, run_after=2024-12-03T18:28:31.291768+00:00
[2024-12-03T18:28:31.320+0000] {processor.py:176} INFO - Processing /home/airflow/.local/lib/python3.7/site-packages/airflow/example_dags/example_short_circuit_operator.py took 0.195 seconds
[2024-12-03T18:29:01.850+0000] {processor.py:154} INFO - Started process (PID=15165) to work on /home/airflow/.local/lib/python3.7/site-packages/airflow/example_dags/example_short_circuit_operator.py
[2024-12-03T18:29:01.852+0000] {processor.py:756} INFO - Processing file /home/airflow/.local/lib/python3.7/site-packages/airflow/example_dags/example_short_circuit_operator.py for tasks to queue
[2024-12-03T18:29:01.853+0000] {logging_mixin.py:120} INFO - [2024-12-03T18:29:01.852+0000] {dagbag.py:537} INFO - Filling up the DagBag from /home/airflow/.local/lib/python3.7/site-packages/airflow/example_dags/example_short_circuit_operator.py
[2024-12-03T18:29:01.876+0000] {processor.py:766} INFO - DAG(s) dict_keys(['example_short_circuit_operator']) retrieved from /home/airflow/.local/lib/python3.7/site-packages/airflow/example_dags/example_short_circuit_operator.py
[2024-12-03T18:29:01.936+0000] {logging_mixin.py:120} INFO - [2024-12-03T18:29:01.936+0000] {dag.py:2585} INFO - Sync 1 DAGs
[2024-12-03T18:29:01.975+0000] {logging_mixin.py:120} INFO - [2024-12-03T18:29:01.975+0000] {dag.py:3340} INFO - Setting next_dagrun for example_short_circuit_operator to 2024-12-02T18:29:01.975444+00:00, run_after=2024-12-03T18:29:01.975444+00:00
[2024-12-03T18:29:01.999+0000] {processor.py:176} INFO - Processing /home/airflow/.local/lib/python3.7/site-packages/airflow/example_dags/example_short_circuit_operator.py took 0.153 seconds
[2024-12-03T18:29:32.709+0000] {processor.py:154} INFO - Started process (PID=15229) to work on /home/airflow/.local/lib/python3.7/site-packages/airflow/example_dags/example_short_circuit_operator.py
[2024-12-03T18:29:32.710+0000] {processor.py:756} INFO - Processing file /home/airflow/.local/lib/python3.7/site-packages/airflow/example_dags/example_short_circuit_operator.py for tasks to queue
[2024-12-03T18:29:32.711+0000] {logging_mixin.py:120} INFO - [2024-12-03T18:29:32.711+0000] {dagbag.py:537} INFO - Filling up the DagBag from /home/airflow/.local/lib/python3.7/site-packages/airflow/example_dags/example_short_circuit_operator.py
[2024-12-03T18:29:32.736+0000] {processor.py:766} INFO - DAG(s) dict_keys(['example_short_circuit_operator']) retrieved from /home/airflow/.local/lib/python3.7/site-packages/airflow/example_dags/example_short_circuit_operator.py
[2024-12-03T18:29:32.795+0000] {logging_mixin.py:120} INFO - [2024-12-03T18:29:32.794+0000] {dag.py:2585} INFO - Sync 1 DAGs
[2024-12-03T18:29:32.834+0000] {logging_mixin.py:120} INFO - [2024-12-03T18:29:32.834+0000] {dag.py:3340} INFO - Setting next_dagrun for example_short_circuit_operator to 2024-12-02T18:29:32.833972+00:00, run_after=2024-12-03T18:29:32.833972+00:00
[2024-12-03T18:29:32.863+0000] {processor.py:176} INFO - Processing /home/airflow/.local/lib/python3.7/site-packages/airflow/example_dags/example_short_circuit_operator.py took 0.158 seconds
[2024-12-03T18:30:03.395+0000] {processor.py:154} INFO - Started process (PID=15292) to work on /home/airflow/.local/lib/python3.7/site-packages/airflow/example_dags/example_short_circuit_operator.py
[2024-12-03T18:30:03.396+0000] {processor.py:756} INFO - Processing file /home/airflow/.local/lib/python3.7/site-packages/airflow/example_dags/example_short_circuit_operator.py for tasks to queue
[2024-12-03T18:30:03.397+0000] {logging_mixin.py:120} INFO - [2024-12-03T18:30:03.397+0000] {dagbag.py:537} INFO - Filling up the DagBag from /home/airflow/.local/lib/python3.7/site-packages/airflow/example_dags/example_short_circuit_operator.py
[2024-12-03T18:30:03.422+0000] {processor.py:766} INFO - DAG(s) dict_keys(['example_short_circuit_operator']) retrieved from /home/airflow/.local/lib/python3.7/site-packages/airflow/example_dags/example_short_circuit_operator.py
[2024-12-03T18:30:03.495+0000] {logging_mixin.py:120} INFO - [2024-12-03T18:30:03.495+0000] {dag.py:2585} INFO - Sync 1 DAGs
[2024-12-03T18:30:03.577+0000] {logging_mixin.py:120} INFO - [2024-12-03T18:30:03.577+0000] {dag.py:3340} INFO - Setting next_dagrun for example_short_circuit_operator to 2024-12-02T18:30:03.576956+00:00, run_after=2024-12-03T18:30:03.576956+00:00
[2024-12-03T18:30:03.610+0000] {processor.py:176} INFO - Processing /home/airflow/.local/lib/python3.7/site-packages/airflow/example_dags/example_short_circuit_operator.py took 0.220 seconds
