[2024-12-03T18:25:29.409+0000] {processor.py:154} INFO - Started process (PID=14738) to work on /home/airflow/.local/lib/python3.7/site-packages/airflow/example_dags/example_time_delta_sensor_async.py
[2024-12-03T18:25:29.411+0000] {processor.py:756} INFO - Processing file /home/airflow/.local/lib/python3.7/site-packages/airflow/example_dags/example_time_delta_sensor_async.py for tasks to queue
[2024-12-03T18:25:29.412+0000] {logging_mixin.py:120} INFO - [2024-12-03T18:25:29.412+0000] {dagbag.py:537} INFO - Filling up the DagBag from /home/airflow/.local/lib/python3.7/site-packages/airflow/example_dags/example_time_delta_sensor_async.py
[2024-12-03T18:25:29.429+0000] {processor.py:766} INFO - DAG(s) dict_keys(['example_time_delta_sensor_async']) retrieved from /home/airflow/.local/lib/python3.7/site-packages/airflow/example_dags/example_time_delta_sensor_async.py
[2024-12-03T18:25:29.652+0000] {logging_mixin.py:120} INFO - [2024-12-03T18:25:29.652+0000] {dag.py:2585} INFO - Sync 1 DAGs
[2024-12-03T18:25:29.675+0000] {logging_mixin.py:120} INFO - [2024-12-03T18:25:29.675+0000] {dag.py:3340} INFO - Setting next_dagrun for example_time_delta_sensor_async to None, run_after=None
[2024-12-03T18:25:29.694+0000] {processor.py:176} INFO - Processing /home/airflow/.local/lib/python3.7/site-packages/airflow/example_dags/example_time_delta_sensor_async.py took 0.290 seconds
[2024-12-03T18:25:59.783+0000] {processor.py:154} INFO - Started process (PID=14800) to work on /home/airflow/.local/lib/python3.7/site-packages/airflow/example_dags/example_time_delta_sensor_async.py
[2024-12-03T18:25:59.784+0000] {processor.py:756} INFO - Processing file /home/airflow/.local/lib/python3.7/site-packages/airflow/example_dags/example_time_delta_sensor_async.py for tasks to queue
[2024-12-03T18:25:59.785+0000] {logging_mixin.py:120} INFO - [2024-12-03T18:25:59.785+0000] {dagbag.py:537} INFO - Filling up the DagBag from /home/airflow/.local/lib/python3.7/site-packages/airflow/example_dags/example_time_delta_sensor_async.py
[2024-12-03T18:25:59.805+0000] {processor.py:766} INFO - DAG(s) dict_keys(['example_time_delta_sensor_async']) retrieved from /home/airflow/.local/lib/python3.7/site-packages/airflow/example_dags/example_time_delta_sensor_async.py
[2024-12-03T18:26:00.060+0000] {logging_mixin.py:120} INFO - [2024-12-03T18:26:00.060+0000] {dag.py:2585} INFO - Sync 1 DAGs
[2024-12-03T18:26:00.095+0000] {logging_mixin.py:120} INFO - [2024-12-03T18:26:00.095+0000] {dag.py:3340} INFO - Setting next_dagrun for example_time_delta_sensor_async to None, run_after=None
[2024-12-03T18:26:00.123+0000] {processor.py:176} INFO - Processing /home/airflow/.local/lib/python3.7/site-packages/airflow/example_dags/example_time_delta_sensor_async.py took 0.346 seconds
[2024-12-03T18:26:30.179+0000] {processor.py:154} INFO - Started process (PID=14859) to work on /home/airflow/.local/lib/python3.7/site-packages/airflow/example_dags/example_time_delta_sensor_async.py
[2024-12-03T18:26:30.181+0000] {processor.py:756} INFO - Processing file /home/airflow/.local/lib/python3.7/site-packages/airflow/example_dags/example_time_delta_sensor_async.py for tasks to queue
[2024-12-03T18:26:30.182+0000] {logging_mixin.py:120} INFO - [2024-12-03T18:26:30.182+0000] {dagbag.py:537} INFO - Filling up the DagBag from /home/airflow/.local/lib/python3.7/site-packages/airflow/example_dags/example_time_delta_sensor_async.py
[2024-12-03T18:26:30.205+0000] {processor.py:766} INFO - DAG(s) dict_keys(['example_time_delta_sensor_async']) retrieved from /home/airflow/.local/lib/python3.7/site-packages/airflow/example_dags/example_time_delta_sensor_async.py
[2024-12-03T18:26:30.643+0000] {logging_mixin.py:120} INFO - [2024-12-03T18:26:30.643+0000] {dag.py:2585} INFO - Sync 1 DAGs
[2024-12-03T18:26:30.689+0000] {logging_mixin.py:120} INFO - [2024-12-03T18:26:30.689+0000] {dag.py:3340} INFO - Setting next_dagrun for example_time_delta_sensor_async to None, run_after=None
[2024-12-03T18:26:30.725+0000] {processor.py:176} INFO - Processing /home/airflow/.local/lib/python3.7/site-packages/airflow/example_dags/example_time_delta_sensor_async.py took 0.553 seconds
[2024-12-03T18:27:00.763+0000] {processor.py:154} INFO - Started process (PID=14924) to work on /home/airflow/.local/lib/python3.7/site-packages/airflow/example_dags/example_time_delta_sensor_async.py
[2024-12-03T18:27:00.764+0000] {processor.py:756} INFO - Processing file /home/airflow/.local/lib/python3.7/site-packages/airflow/example_dags/example_time_delta_sensor_async.py for tasks to queue
[2024-12-03T18:27:00.765+0000] {logging_mixin.py:120} INFO - [2024-12-03T18:27:00.765+0000] {dagbag.py:537} INFO - Filling up the DagBag from /home/airflow/.local/lib/python3.7/site-packages/airflow/example_dags/example_time_delta_sensor_async.py
[2024-12-03T18:27:00.781+0000] {processor.py:766} INFO - DAG(s) dict_keys(['example_time_delta_sensor_async']) retrieved from /home/airflow/.local/lib/python3.7/site-packages/airflow/example_dags/example_time_delta_sensor_async.py
[2024-12-03T18:27:00.998+0000] {logging_mixin.py:120} INFO - [2024-12-03T18:27:00.998+0000] {dag.py:2585} INFO - Sync 1 DAGs
[2024-12-03T18:27:01.023+0000] {logging_mixin.py:120} INFO - [2024-12-03T18:27:01.022+0000] {dag.py:3340} INFO - Setting next_dagrun for example_time_delta_sensor_async to None, run_after=None
[2024-12-03T18:27:01.049+0000] {processor.py:176} INFO - Processing /home/airflow/.local/lib/python3.7/site-packages/airflow/example_dags/example_time_delta_sensor_async.py took 0.292 seconds
[2024-12-03T18:27:31.230+0000] {processor.py:154} INFO - Started process (PID=14980) to work on /home/airflow/.local/lib/python3.7/site-packages/airflow/example_dags/example_time_delta_sensor_async.py
[2024-12-03T18:27:31.232+0000] {processor.py:756} INFO - Processing file /home/airflow/.local/lib/python3.7/site-packages/airflow/example_dags/example_time_delta_sensor_async.py for tasks to queue
[2024-12-03T18:27:31.233+0000] {logging_mixin.py:120} INFO - [2024-12-03T18:27:31.233+0000] {dagbag.py:537} INFO - Filling up the DagBag from /home/airflow/.local/lib/python3.7/site-packages/airflow/example_dags/example_time_delta_sensor_async.py
[2024-12-03T18:27:31.250+0000] {processor.py:766} INFO - DAG(s) dict_keys(['example_time_delta_sensor_async']) retrieved from /home/airflow/.local/lib/python3.7/site-packages/airflow/example_dags/example_time_delta_sensor_async.py
[2024-12-03T18:27:31.492+0000] {logging_mixin.py:120} INFO - [2024-12-03T18:27:31.492+0000] {dag.py:2585} INFO - Sync 1 DAGs
[2024-12-03T18:27:31.526+0000] {logging_mixin.py:120} INFO - [2024-12-03T18:27:31.525+0000] {dag.py:3340} INFO - Setting next_dagrun for example_time_delta_sensor_async to None, run_after=None
[2024-12-03T18:27:31.551+0000] {processor.py:176} INFO - Processing /home/airflow/.local/lib/python3.7/site-packages/airflow/example_dags/example_time_delta_sensor_async.py took 0.326 seconds
[2024-12-03T18:28:01.638+0000] {processor.py:154} INFO - Started process (PID=15045) to work on /home/airflow/.local/lib/python3.7/site-packages/airflow/example_dags/example_time_delta_sensor_async.py
[2024-12-03T18:28:01.639+0000] {processor.py:756} INFO - Processing file /home/airflow/.local/lib/python3.7/site-packages/airflow/example_dags/example_time_delta_sensor_async.py for tasks to queue
[2024-12-03T18:28:01.641+0000] {logging_mixin.py:120} INFO - [2024-12-03T18:28:01.640+0000] {dagbag.py:537} INFO - Filling up the DagBag from /home/airflow/.local/lib/python3.7/site-packages/airflow/example_dags/example_time_delta_sensor_async.py
[2024-12-03T18:28:01.659+0000] {processor.py:766} INFO - DAG(s) dict_keys(['example_time_delta_sensor_async']) retrieved from /home/airflow/.local/lib/python3.7/site-packages/airflow/example_dags/example_time_delta_sensor_async.py
[2024-12-03T18:28:01.923+0000] {logging_mixin.py:120} INFO - [2024-12-03T18:28:01.922+0000] {dag.py:2585} INFO - Sync 1 DAGs
[2024-12-03T18:28:01.954+0000] {logging_mixin.py:120} INFO - [2024-12-03T18:28:01.954+0000] {dag.py:3340} INFO - Setting next_dagrun for example_time_delta_sensor_async to None, run_after=None
[2024-12-03T18:28:01.979+0000] {processor.py:176} INFO - Processing /home/airflow/.local/lib/python3.7/site-packages/airflow/example_dags/example_time_delta_sensor_async.py took 0.346 seconds
[2024-12-03T18:28:32.190+0000] {processor.py:154} INFO - Started process (PID=15110) to work on /home/airflow/.local/lib/python3.7/site-packages/airflow/example_dags/example_time_delta_sensor_async.py
[2024-12-03T18:28:32.191+0000] {processor.py:756} INFO - Processing file /home/airflow/.local/lib/python3.7/site-packages/airflow/example_dags/example_time_delta_sensor_async.py for tasks to queue
[2024-12-03T18:28:32.192+0000] {logging_mixin.py:120} INFO - [2024-12-03T18:28:32.192+0000] {dagbag.py:537} INFO - Filling up the DagBag from /home/airflow/.local/lib/python3.7/site-packages/airflow/example_dags/example_time_delta_sensor_async.py
[2024-12-03T18:28:32.208+0000] {processor.py:766} INFO - DAG(s) dict_keys(['example_time_delta_sensor_async']) retrieved from /home/airflow/.local/lib/python3.7/site-packages/airflow/example_dags/example_time_delta_sensor_async.py
[2024-12-03T18:28:32.430+0000] {logging_mixin.py:120} INFO - [2024-12-03T18:28:32.430+0000] {dag.py:2585} INFO - Sync 1 DAGs
[2024-12-03T18:28:32.456+0000] {logging_mixin.py:120} INFO - [2024-12-03T18:28:32.456+0000] {dag.py:3340} INFO - Setting next_dagrun for example_time_delta_sensor_async to None, run_after=None
[2024-12-03T18:28:32.485+0000] {processor.py:176} INFO - Processing /home/airflow/.local/lib/python3.7/site-packages/airflow/example_dags/example_time_delta_sensor_async.py took 0.299 seconds
[2024-12-03T18:29:02.970+0000] {processor.py:154} INFO - Started process (PID=15166) to work on /home/airflow/.local/lib/python3.7/site-packages/airflow/example_dags/example_time_delta_sensor_async.py
[2024-12-03T18:29:02.971+0000] {processor.py:756} INFO - Processing file /home/airflow/.local/lib/python3.7/site-packages/airflow/example_dags/example_time_delta_sensor_async.py for tasks to queue
[2024-12-03T18:29:02.973+0000] {logging_mixin.py:120} INFO - [2024-12-03T18:29:02.972+0000] {dagbag.py:537} INFO - Filling up the DagBag from /home/airflow/.local/lib/python3.7/site-packages/airflow/example_dags/example_time_delta_sensor_async.py
[2024-12-03T18:29:02.989+0000] {processor.py:766} INFO - DAG(s) dict_keys(['example_time_delta_sensor_async']) retrieved from /home/airflow/.local/lib/python3.7/site-packages/airflow/example_dags/example_time_delta_sensor_async.py
[2024-12-03T18:29:03.212+0000] {logging_mixin.py:120} INFO - [2024-12-03T18:29:03.212+0000] {dag.py:2585} INFO - Sync 1 DAGs
[2024-12-03T18:29:03.243+0000] {logging_mixin.py:120} INFO - [2024-12-03T18:29:03.242+0000] {dag.py:3340} INFO - Setting next_dagrun for example_time_delta_sensor_async to None, run_after=None
[2024-12-03T18:29:03.269+0000] {processor.py:176} INFO - Processing /home/airflow/.local/lib/python3.7/site-packages/airflow/example_dags/example_time_delta_sensor_async.py took 0.304 seconds
[2024-12-03T18:29:33.809+0000] {processor.py:154} INFO - Started process (PID=15230) to work on /home/airflow/.local/lib/python3.7/site-packages/airflow/example_dags/example_time_delta_sensor_async.py
[2024-12-03T18:29:33.810+0000] {processor.py:756} INFO - Processing file /home/airflow/.local/lib/python3.7/site-packages/airflow/example_dags/example_time_delta_sensor_async.py for tasks to queue
[2024-12-03T18:29:33.811+0000] {logging_mixin.py:120} INFO - [2024-12-03T18:29:33.811+0000] {dagbag.py:537} INFO - Filling up the DagBag from /home/airflow/.local/lib/python3.7/site-packages/airflow/example_dags/example_time_delta_sensor_async.py
[2024-12-03T18:29:33.830+0000] {processor.py:766} INFO - DAG(s) dict_keys(['example_time_delta_sensor_async']) retrieved from /home/airflow/.local/lib/python3.7/site-packages/airflow/example_dags/example_time_delta_sensor_async.py
[2024-12-03T18:29:34.136+0000] {logging_mixin.py:120} INFO - [2024-12-03T18:29:34.136+0000] {dag.py:2585} INFO - Sync 1 DAGs
[2024-12-03T18:29:34.168+0000] {logging_mixin.py:120} INFO - [2024-12-03T18:29:34.168+0000] {dag.py:3340} INFO - Setting next_dagrun for example_time_delta_sensor_async to None, run_after=None
[2024-12-03T18:29:34.192+0000] {processor.py:176} INFO - Processing /home/airflow/.local/lib/python3.7/site-packages/airflow/example_dags/example_time_delta_sensor_async.py took 0.387 seconds
[2024-12-03T18:30:04.515+0000] {processor.py:154} INFO - Started process (PID=15295) to work on /home/airflow/.local/lib/python3.7/site-packages/airflow/example_dags/example_time_delta_sensor_async.py
[2024-12-03T18:30:04.517+0000] {processor.py:756} INFO - Processing file /home/airflow/.local/lib/python3.7/site-packages/airflow/example_dags/example_time_delta_sensor_async.py for tasks to queue
[2024-12-03T18:30:04.518+0000] {logging_mixin.py:120} INFO - [2024-12-03T18:30:04.518+0000] {dagbag.py:537} INFO - Filling up the DagBag from /home/airflow/.local/lib/python3.7/site-packages/airflow/example_dags/example_time_delta_sensor_async.py
[2024-12-03T18:30:04.535+0000] {processor.py:766} INFO - DAG(s) dict_keys(['example_time_delta_sensor_async']) retrieved from /home/airflow/.local/lib/python3.7/site-packages/airflow/example_dags/example_time_delta_sensor_async.py
[2024-12-03T18:30:04.822+0000] {logging_mixin.py:120} INFO - [2024-12-03T18:30:04.822+0000] {dag.py:2585} INFO - Sync 1 DAGs
[2024-12-03T18:30:04.868+0000] {logging_mixin.py:120} INFO - [2024-12-03T18:30:04.868+0000] {dag.py:3340} INFO - Setting next_dagrun for example_time_delta_sensor_async to None, run_after=None
[2024-12-03T18:30:04.895+0000] {processor.py:176} INFO - Processing /home/airflow/.local/lib/python3.7/site-packages/airflow/example_dags/example_time_delta_sensor_async.py took 0.384 seconds
