[2024-12-03T18:25:30.759+0000] {processor.py:154} INFO - Started process (PID=14741) to work on /home/airflow/.local/lib/python3.7/site-packages/airflow/example_dags/example_python_operator.py
[2024-12-03T18:25:30.761+0000] {processor.py:756} INFO - Processing file /home/airflow/.local/lib/python3.7/site-packages/airflow/example_dags/example_python_operator.py for tasks to queue
[2024-12-03T18:25:30.762+0000] {logging_mixin.py:120} INFO - [2024-12-03T18:25:30.762+0000] {dagbag.py:537} INFO - Filling up the DagBag from /home/airflow/.local/lib/python3.7/site-packages/airflow/example_dags/example_python_operator.py
[2024-12-03T18:25:30.786+0000] {logging_mixin.py:120} INFO - [2024-12-03T18:25:30.786+0000] {taskmixin.py:205} WARNING - Dependency <Task(_PythonDecoratedOperator): print_the_context>, log_sql_query already registered for DAG: example_python_operator
[2024-12-03T18:25:30.787+0000] {logging_mixin.py:120} INFO - [2024-12-03T18:25:30.786+0000] {taskmixin.py:205} WARNING - Dependency <Task(_PythonDecoratedOperator): log_sql_query>, print_the_context already registered for DAG: example_python_operator
[2024-12-03T18:25:30.788+0000] {logging_mixin.py:120} INFO - [2024-12-03T18:25:30.788+0000] {taskmixin.py:205} WARNING - Dependency <Task(_PythonDecoratedOperator): print_the_context>, log_sql_query already registered for DAG: example_python_operator
[2024-12-03T18:25:30.788+0000] {logging_mixin.py:120} INFO - [2024-12-03T18:25:30.788+0000] {taskmixin.py:205} WARNING - Dependency <Task(_PythonDecoratedOperator): log_sql_query>, print_the_context already registered for DAG: example_python_operator
[2024-12-03T18:25:30.789+0000] {logging_mixin.py:120} INFO - [2024-12-03T18:25:30.789+0000] {taskmixin.py:205} WARNING - Dependency <Task(_PythonDecoratedOperator): print_the_context>, log_sql_query already registered for DAG: example_python_operator
[2024-12-03T18:25:30.789+0000] {logging_mixin.py:120} INFO - [2024-12-03T18:25:30.789+0000] {taskmixin.py:205} WARNING - Dependency <Task(_PythonDecoratedOperator): log_sql_query>, print_the_context already registered for DAG: example_python_operator
[2024-12-03T18:25:30.790+0000] {logging_mixin.py:120} INFO - [2024-12-03T18:25:30.790+0000] {taskmixin.py:205} WARNING - Dependency <Task(_PythonDecoratedOperator): print_the_context>, log_sql_query already registered for DAG: example_python_operator
[2024-12-03T18:25:30.791+0000] {logging_mixin.py:120} INFO - [2024-12-03T18:25:30.791+0000] {taskmixin.py:205} WARNING - Dependency <Task(_PythonDecoratedOperator): log_sql_query>, print_the_context already registered for DAG: example_python_operator
[2024-12-03T18:25:30.802+0000] {processor.py:766} INFO - DAG(s) dict_keys(['example_python_operator']) retrieved from /home/airflow/.local/lib/python3.7/site-packages/airflow/example_dags/example_python_operator.py
[2024-12-03T18:25:30.869+0000] {logging_mixin.py:120} INFO - [2024-12-03T18:25:30.869+0000] {dag.py:2585} INFO - Sync 1 DAGs
[2024-12-03T18:25:30.903+0000] {logging_mixin.py:120} INFO - [2024-12-03T18:25:30.903+0000] {dag.py:3340} INFO - Setting next_dagrun for example_python_operator to None, run_after=None
[2024-12-03T18:25:30.932+0000] {processor.py:176} INFO - Processing /home/airflow/.local/lib/python3.7/site-packages/airflow/example_dags/example_python_operator.py took 0.178 seconds
[2024-12-03T18:26:01.165+0000] {processor.py:154} INFO - Started process (PID=14805) to work on /home/airflow/.local/lib/python3.7/site-packages/airflow/example_dags/example_python_operator.py
[2024-12-03T18:26:01.166+0000] {processor.py:756} INFO - Processing file /home/airflow/.local/lib/python3.7/site-packages/airflow/example_dags/example_python_operator.py for tasks to queue
[2024-12-03T18:26:01.167+0000] {logging_mixin.py:120} INFO - [2024-12-03T18:26:01.167+0000] {dagbag.py:537} INFO - Filling up the DagBag from /home/airflow/.local/lib/python3.7/site-packages/airflow/example_dags/example_python_operator.py
[2024-12-03T18:26:01.189+0000] {logging_mixin.py:120} INFO - [2024-12-03T18:26:01.189+0000] {taskmixin.py:205} WARNING - Dependency <Task(_PythonDecoratedOperator): print_the_context>, log_sql_query already registered for DAG: example_python_operator
[2024-12-03T18:26:01.191+0000] {logging_mixin.py:120} INFO - [2024-12-03T18:26:01.191+0000] {taskmixin.py:205} WARNING - Dependency <Task(_PythonDecoratedOperator): log_sql_query>, print_the_context already registered for DAG: example_python_operator
[2024-12-03T18:26:01.192+0000] {logging_mixin.py:120} INFO - [2024-12-03T18:26:01.192+0000] {taskmixin.py:205} WARNING - Dependency <Task(_PythonDecoratedOperator): print_the_context>, log_sql_query already registered for DAG: example_python_operator
[2024-12-03T18:26:01.193+0000] {logging_mixin.py:120} INFO - [2024-12-03T18:26:01.193+0000] {taskmixin.py:205} WARNING - Dependency <Task(_PythonDecoratedOperator): log_sql_query>, print_the_context already registered for DAG: example_python_operator
[2024-12-03T18:26:01.194+0000] {logging_mixin.py:120} INFO - [2024-12-03T18:26:01.194+0000] {taskmixin.py:205} WARNING - Dependency <Task(_PythonDecoratedOperator): print_the_context>, log_sql_query already registered for DAG: example_python_operator
[2024-12-03T18:26:01.197+0000] {logging_mixin.py:120} INFO - [2024-12-03T18:26:01.197+0000] {taskmixin.py:205} WARNING - Dependency <Task(_PythonDecoratedOperator): log_sql_query>, print_the_context already registered for DAG: example_python_operator
[2024-12-03T18:26:01.198+0000] {logging_mixin.py:120} INFO - [2024-12-03T18:26:01.198+0000] {taskmixin.py:205} WARNING - Dependency <Task(_PythonDecoratedOperator): print_the_context>, log_sql_query already registered for DAG: example_python_operator
[2024-12-03T18:26:01.198+0000] {logging_mixin.py:120} INFO - [2024-12-03T18:26:01.198+0000] {taskmixin.py:205} WARNING - Dependency <Task(_PythonDecoratedOperator): log_sql_query>, print_the_context already registered for DAG: example_python_operator
[2024-12-03T18:26:01.209+0000] {processor.py:766} INFO - DAG(s) dict_keys(['example_python_operator']) retrieved from /home/airflow/.local/lib/python3.7/site-packages/airflow/example_dags/example_python_operator.py
[2024-12-03T18:26:01.268+0000] {logging_mixin.py:120} INFO - [2024-12-03T18:26:01.268+0000] {dag.py:2585} INFO - Sync 1 DAGs
[2024-12-03T18:26:01.302+0000] {logging_mixin.py:120} INFO - [2024-12-03T18:26:01.302+0000] {dag.py:3340} INFO - Setting next_dagrun for example_python_operator to None, run_after=None
[2024-12-03T18:26:01.329+0000] {processor.py:176} INFO - Processing /home/airflow/.local/lib/python3.7/site-packages/airflow/example_dags/example_python_operator.py took 0.168 seconds
[2024-12-03T18:26:31.461+0000] {processor.py:154} INFO - Started process (PID=14862) to work on /home/airflow/.local/lib/python3.7/site-packages/airflow/example_dags/example_python_operator.py
[2024-12-03T18:26:31.462+0000] {processor.py:756} INFO - Processing file /home/airflow/.local/lib/python3.7/site-packages/airflow/example_dags/example_python_operator.py for tasks to queue
[2024-12-03T18:26:31.463+0000] {logging_mixin.py:120} INFO - [2024-12-03T18:26:31.463+0000] {dagbag.py:537} INFO - Filling up the DagBag from /home/airflow/.local/lib/python3.7/site-packages/airflow/example_dags/example_python_operator.py
[2024-12-03T18:26:31.486+0000] {logging_mixin.py:120} INFO - [2024-12-03T18:26:31.486+0000] {taskmixin.py:205} WARNING - Dependency <Task(_PythonDecoratedOperator): print_the_context>, log_sql_query already registered for DAG: example_python_operator
[2024-12-03T18:26:31.486+0000] {logging_mixin.py:120} INFO - [2024-12-03T18:26:31.486+0000] {taskmixin.py:205} WARNING - Dependency <Task(_PythonDecoratedOperator): log_sql_query>, print_the_context already registered for DAG: example_python_operator
[2024-12-03T18:26:31.487+0000] {logging_mixin.py:120} INFO - [2024-12-03T18:26:31.487+0000] {taskmixin.py:205} WARNING - Dependency <Task(_PythonDecoratedOperator): print_the_context>, log_sql_query already registered for DAG: example_python_operator
[2024-12-03T18:26:31.488+0000] {logging_mixin.py:120} INFO - [2024-12-03T18:26:31.488+0000] {taskmixin.py:205} WARNING - Dependency <Task(_PythonDecoratedOperator): log_sql_query>, print_the_context already registered for DAG: example_python_operator
[2024-12-03T18:26:31.489+0000] {logging_mixin.py:120} INFO - [2024-12-03T18:26:31.489+0000] {taskmixin.py:205} WARNING - Dependency <Task(_PythonDecoratedOperator): print_the_context>, log_sql_query already registered for DAG: example_python_operator
[2024-12-03T18:26:31.490+0000] {logging_mixin.py:120} INFO - [2024-12-03T18:26:31.490+0000] {taskmixin.py:205} WARNING - Dependency <Task(_PythonDecoratedOperator): log_sql_query>, print_the_context already registered for DAG: example_python_operator
[2024-12-03T18:26:31.491+0000] {logging_mixin.py:120} INFO - [2024-12-03T18:26:31.491+0000] {taskmixin.py:205} WARNING - Dependency <Task(_PythonDecoratedOperator): print_the_context>, log_sql_query already registered for DAG: example_python_operator
[2024-12-03T18:26:31.491+0000] {logging_mixin.py:120} INFO - [2024-12-03T18:26:31.491+0000] {taskmixin.py:205} WARNING - Dependency <Task(_PythonDecoratedOperator): log_sql_query>, print_the_context already registered for DAG: example_python_operator
[2024-12-03T18:26:31.502+0000] {processor.py:766} INFO - DAG(s) dict_keys(['example_python_operator']) retrieved from /home/airflow/.local/lib/python3.7/site-packages/airflow/example_dags/example_python_operator.py
[2024-12-03T18:26:31.564+0000] {logging_mixin.py:120} INFO - [2024-12-03T18:26:31.564+0000] {dag.py:2585} INFO - Sync 1 DAGs
[2024-12-03T18:26:31.604+0000] {logging_mixin.py:120} INFO - [2024-12-03T18:26:31.604+0000] {dag.py:3340} INFO - Setting next_dagrun for example_python_operator to None, run_after=None
[2024-12-03T18:26:31.631+0000] {processor.py:176} INFO - Processing /home/airflow/.local/lib/python3.7/site-packages/airflow/example_dags/example_python_operator.py took 0.176 seconds
[2024-12-03T18:27:02.010+0000] {processor.py:154} INFO - Started process (PID=14927) to work on /home/airflow/.local/lib/python3.7/site-packages/airflow/example_dags/example_python_operator.py
[2024-12-03T18:27:02.011+0000] {processor.py:756} INFO - Processing file /home/airflow/.local/lib/python3.7/site-packages/airflow/example_dags/example_python_operator.py for tasks to queue
[2024-12-03T18:27:02.012+0000] {logging_mixin.py:120} INFO - [2024-12-03T18:27:02.012+0000] {dagbag.py:537} INFO - Filling up the DagBag from /home/airflow/.local/lib/python3.7/site-packages/airflow/example_dags/example_python_operator.py
[2024-12-03T18:27:02.033+0000] {logging_mixin.py:120} INFO - [2024-12-03T18:27:02.033+0000] {taskmixin.py:205} WARNING - Dependency <Task(_PythonDecoratedOperator): print_the_context>, log_sql_query already registered for DAG: example_python_operator
[2024-12-03T18:27:02.034+0000] {logging_mixin.py:120} INFO - [2024-12-03T18:27:02.034+0000] {taskmixin.py:205} WARNING - Dependency <Task(_PythonDecoratedOperator): log_sql_query>, print_the_context already registered for DAG: example_python_operator
[2024-12-03T18:27:02.035+0000] {logging_mixin.py:120} INFO - [2024-12-03T18:27:02.035+0000] {taskmixin.py:205} WARNING - Dependency <Task(_PythonDecoratedOperator): print_the_context>, log_sql_query already registered for DAG: example_python_operator
[2024-12-03T18:27:02.036+0000] {logging_mixin.py:120} INFO - [2024-12-03T18:27:02.035+0000] {taskmixin.py:205} WARNING - Dependency <Task(_PythonDecoratedOperator): log_sql_query>, print_the_context already registered for DAG: example_python_operator
[2024-12-03T18:27:02.037+0000] {logging_mixin.py:120} INFO - [2024-12-03T18:27:02.036+0000] {taskmixin.py:205} WARNING - Dependency <Task(_PythonDecoratedOperator): print_the_context>, log_sql_query already registered for DAG: example_python_operator
[2024-12-03T18:27:02.037+0000] {logging_mixin.py:120} INFO - [2024-12-03T18:27:02.037+0000] {taskmixin.py:205} WARNING - Dependency <Task(_PythonDecoratedOperator): log_sql_query>, print_the_context already registered for DAG: example_python_operator
[2024-12-03T18:27:02.038+0000] {logging_mixin.py:120} INFO - [2024-12-03T18:27:02.038+0000] {taskmixin.py:205} WARNING - Dependency <Task(_PythonDecoratedOperator): print_the_context>, log_sql_query already registered for DAG: example_python_operator
[2024-12-03T18:27:02.039+0000] {logging_mixin.py:120} INFO - [2024-12-03T18:27:02.039+0000] {taskmixin.py:205} WARNING - Dependency <Task(_PythonDecoratedOperator): log_sql_query>, print_the_context already registered for DAG: example_python_operator
[2024-12-03T18:27:02.048+0000] {processor.py:766} INFO - DAG(s) dict_keys(['example_python_operator']) retrieved from /home/airflow/.local/lib/python3.7/site-packages/airflow/example_dags/example_python_operator.py
[2024-12-03T18:27:02.099+0000] {logging_mixin.py:120} INFO - [2024-12-03T18:27:02.099+0000] {dag.py:2585} INFO - Sync 1 DAGs
[2024-12-03T18:27:02.131+0000] {logging_mixin.py:120} INFO - [2024-12-03T18:27:02.131+0000] {dag.py:3340} INFO - Setting next_dagrun for example_python_operator to None, run_after=None
[2024-12-03T18:27:02.154+0000] {processor.py:176} INFO - Processing /home/airflow/.local/lib/python3.7/site-packages/airflow/example_dags/example_python_operator.py took 0.148 seconds
[2024-12-03T18:27:32.574+0000] {processor.py:154} INFO - Started process (PID=14990) to work on /home/airflow/.local/lib/python3.7/site-packages/airflow/example_dags/example_python_operator.py
[2024-12-03T18:27:32.575+0000] {processor.py:756} INFO - Processing file /home/airflow/.local/lib/python3.7/site-packages/airflow/example_dags/example_python_operator.py for tasks to queue
[2024-12-03T18:27:32.576+0000] {logging_mixin.py:120} INFO - [2024-12-03T18:27:32.576+0000] {dagbag.py:537} INFO - Filling up the DagBag from /home/airflow/.local/lib/python3.7/site-packages/airflow/example_dags/example_python_operator.py
[2024-12-03T18:27:32.598+0000] {logging_mixin.py:120} INFO - [2024-12-03T18:27:32.598+0000] {taskmixin.py:205} WARNING - Dependency <Task(_PythonDecoratedOperator): print_the_context>, log_sql_query already registered for DAG: example_python_operator
[2024-12-03T18:27:32.598+0000] {logging_mixin.py:120} INFO - [2024-12-03T18:27:32.598+0000] {taskmixin.py:205} WARNING - Dependency <Task(_PythonDecoratedOperator): log_sql_query>, print_the_context already registered for DAG: example_python_operator
[2024-12-03T18:27:32.600+0000] {logging_mixin.py:120} INFO - [2024-12-03T18:27:32.600+0000] {taskmixin.py:205} WARNING - Dependency <Task(_PythonDecoratedOperator): print_the_context>, log_sql_query already registered for DAG: example_python_operator
[2024-12-03T18:27:32.600+0000] {logging_mixin.py:120} INFO - [2024-12-03T18:27:32.600+0000] {taskmixin.py:205} WARNING - Dependency <Task(_PythonDecoratedOperator): log_sql_query>, print_the_context already registered for DAG: example_python_operator
[2024-12-03T18:27:32.601+0000] {logging_mixin.py:120} INFO - [2024-12-03T18:27:32.601+0000] {taskmixin.py:205} WARNING - Dependency <Task(_PythonDecoratedOperator): print_the_context>, log_sql_query already registered for DAG: example_python_operator
[2024-12-03T18:27:32.602+0000] {logging_mixin.py:120} INFO - [2024-12-03T18:27:32.602+0000] {taskmixin.py:205} WARNING - Dependency <Task(_PythonDecoratedOperator): log_sql_query>, print_the_context already registered for DAG: example_python_operator
[2024-12-03T18:27:32.603+0000] {logging_mixin.py:120} INFO - [2024-12-03T18:27:32.603+0000] {taskmixin.py:205} WARNING - Dependency <Task(_PythonDecoratedOperator): print_the_context>, log_sql_query already registered for DAG: example_python_operator
[2024-12-03T18:27:32.603+0000] {logging_mixin.py:120} INFO - [2024-12-03T18:27:32.603+0000] {taskmixin.py:205} WARNING - Dependency <Task(_PythonDecoratedOperator): log_sql_query>, print_the_context already registered for DAG: example_python_operator
[2024-12-03T18:27:32.614+0000] {processor.py:766} INFO - DAG(s) dict_keys(['example_python_operator']) retrieved from /home/airflow/.local/lib/python3.7/site-packages/airflow/example_dags/example_python_operator.py
[2024-12-03T18:27:32.677+0000] {logging_mixin.py:120} INFO - [2024-12-03T18:27:32.676+0000] {dag.py:2585} INFO - Sync 1 DAGs
[2024-12-03T18:27:32.712+0000] {logging_mixin.py:120} INFO - [2024-12-03T18:27:32.712+0000] {dag.py:3340} INFO - Setting next_dagrun for example_python_operator to None, run_after=None
[2024-12-03T18:27:32.741+0000] {processor.py:176} INFO - Processing /home/airflow/.local/lib/python3.7/site-packages/airflow/example_dags/example_python_operator.py took 0.172 seconds
[2024-12-03T18:28:02.978+0000] {processor.py:154} INFO - Started process (PID=15048) to work on /home/airflow/.local/lib/python3.7/site-packages/airflow/example_dags/example_python_operator.py
[2024-12-03T18:28:02.980+0000] {processor.py:756} INFO - Processing file /home/airflow/.local/lib/python3.7/site-packages/airflow/example_dags/example_python_operator.py for tasks to queue
[2024-12-03T18:28:02.981+0000] {logging_mixin.py:120} INFO - [2024-12-03T18:28:02.981+0000] {dagbag.py:537} INFO - Filling up the DagBag from /home/airflow/.local/lib/python3.7/site-packages/airflow/example_dags/example_python_operator.py
[2024-12-03T18:28:03.006+0000] {logging_mixin.py:120} INFO - [2024-12-03T18:28:03.006+0000] {taskmixin.py:205} WARNING - Dependency <Task(_PythonDecoratedOperator): print_the_context>, log_sql_query already registered for DAG: example_python_operator
[2024-12-03T18:28:03.006+0000] {logging_mixin.py:120} INFO - [2024-12-03T18:28:03.006+0000] {taskmixin.py:205} WARNING - Dependency <Task(_PythonDecoratedOperator): log_sql_query>, print_the_context already registered for DAG: example_python_operator
[2024-12-03T18:28:03.008+0000] {logging_mixin.py:120} INFO - [2024-12-03T18:28:03.007+0000] {taskmixin.py:205} WARNING - Dependency <Task(_PythonDecoratedOperator): print_the_context>, log_sql_query already registered for DAG: example_python_operator
[2024-12-03T18:28:03.008+0000] {logging_mixin.py:120} INFO - [2024-12-03T18:28:03.008+0000] {taskmixin.py:205} WARNING - Dependency <Task(_PythonDecoratedOperator): log_sql_query>, print_the_context already registered for DAG: example_python_operator
[2024-12-03T18:28:03.009+0000] {logging_mixin.py:120} INFO - [2024-12-03T18:28:03.009+0000] {taskmixin.py:205} WARNING - Dependency <Task(_PythonDecoratedOperator): print_the_context>, log_sql_query already registered for DAG: example_python_operator
[2024-12-03T18:28:03.009+0000] {logging_mixin.py:120} INFO - [2024-12-03T18:28:03.009+0000] {taskmixin.py:205} WARNING - Dependency <Task(_PythonDecoratedOperator): log_sql_query>, print_the_context already registered for DAG: example_python_operator
[2024-12-03T18:28:03.011+0000] {logging_mixin.py:120} INFO - [2024-12-03T18:28:03.011+0000] {taskmixin.py:205} WARNING - Dependency <Task(_PythonDecoratedOperator): print_the_context>, log_sql_query already registered for DAG: example_python_operator
[2024-12-03T18:28:03.011+0000] {logging_mixin.py:120} INFO - [2024-12-03T18:28:03.011+0000] {taskmixin.py:205} WARNING - Dependency <Task(_PythonDecoratedOperator): log_sql_query>, print_the_context already registered for DAG: example_python_operator
[2024-12-03T18:28:03.022+0000] {processor.py:766} INFO - DAG(s) dict_keys(['example_python_operator']) retrieved from /home/airflow/.local/lib/python3.7/site-packages/airflow/example_dags/example_python_operator.py
[2024-12-03T18:28:03.080+0000] {logging_mixin.py:120} INFO - [2024-12-03T18:28:03.080+0000] {dag.py:2585} INFO - Sync 1 DAGs
[2024-12-03T18:28:03.116+0000] {logging_mixin.py:120} INFO - [2024-12-03T18:28:03.116+0000] {dag.py:3340} INFO - Setting next_dagrun for example_python_operator to None, run_after=None
[2024-12-03T18:28:03.143+0000] {processor.py:176} INFO - Processing /home/airflow/.local/lib/python3.7/site-packages/airflow/example_dags/example_python_operator.py took 0.169 seconds
[2024-12-03T18:28:33.558+0000] {processor.py:154} INFO - Started process (PID=15113) to work on /home/airflow/.local/lib/python3.7/site-packages/airflow/example_dags/example_python_operator.py
[2024-12-03T18:28:33.559+0000] {processor.py:756} INFO - Processing file /home/airflow/.local/lib/python3.7/site-packages/airflow/example_dags/example_python_operator.py for tasks to queue
[2024-12-03T18:28:33.560+0000] {logging_mixin.py:120} INFO - [2024-12-03T18:28:33.560+0000] {dagbag.py:537} INFO - Filling up the DagBag from /home/airflow/.local/lib/python3.7/site-packages/airflow/example_dags/example_python_operator.py
[2024-12-03T18:28:33.588+0000] {logging_mixin.py:120} INFO - [2024-12-03T18:28:33.588+0000] {taskmixin.py:205} WARNING - Dependency <Task(_PythonDecoratedOperator): print_the_context>, log_sql_query already registered for DAG: example_python_operator
[2024-12-03T18:28:33.589+0000] {logging_mixin.py:120} INFO - [2024-12-03T18:28:33.589+0000] {taskmixin.py:205} WARNING - Dependency <Task(_PythonDecoratedOperator): log_sql_query>, print_the_context already registered for DAG: example_python_operator
[2024-12-03T18:28:33.590+0000] {logging_mixin.py:120} INFO - [2024-12-03T18:28:33.590+0000] {taskmixin.py:205} WARNING - Dependency <Task(_PythonDecoratedOperator): print_the_context>, log_sql_query already registered for DAG: example_python_operator
[2024-12-03T18:28:33.591+0000] {logging_mixin.py:120} INFO - [2024-12-03T18:28:33.590+0000] {taskmixin.py:205} WARNING - Dependency <Task(_PythonDecoratedOperator): log_sql_query>, print_the_context already registered for DAG: example_python_operator
[2024-12-03T18:28:33.592+0000] {logging_mixin.py:120} INFO - [2024-12-03T18:28:33.591+0000] {taskmixin.py:205} WARNING - Dependency <Task(_PythonDecoratedOperator): print_the_context>, log_sql_query already registered for DAG: example_python_operator
[2024-12-03T18:28:33.592+0000] {logging_mixin.py:120} INFO - [2024-12-03T18:28:33.592+0000] {taskmixin.py:205} WARNING - Dependency <Task(_PythonDecoratedOperator): log_sql_query>, print_the_context already registered for DAG: example_python_operator
[2024-12-03T18:28:33.593+0000] {logging_mixin.py:120} INFO - [2024-12-03T18:28:33.593+0000] {taskmixin.py:205} WARNING - Dependency <Task(_PythonDecoratedOperator): print_the_context>, log_sql_query already registered for DAG: example_python_operator
[2024-12-03T18:28:33.594+0000] {logging_mixin.py:120} INFO - [2024-12-03T18:28:33.593+0000] {taskmixin.py:205} WARNING - Dependency <Task(_PythonDecoratedOperator): log_sql_query>, print_the_context already registered for DAG: example_python_operator
[2024-12-03T18:28:33.604+0000] {processor.py:766} INFO - DAG(s) dict_keys(['example_python_operator']) retrieved from /home/airflow/.local/lib/python3.7/site-packages/airflow/example_dags/example_python_operator.py
[2024-12-03T18:28:33.666+0000] {logging_mixin.py:120} INFO - [2024-12-03T18:28:33.666+0000] {dag.py:2585} INFO - Sync 1 DAGs
[2024-12-03T18:28:33.701+0000] {logging_mixin.py:120} INFO - [2024-12-03T18:28:33.701+0000] {dag.py:3340} INFO - Setting next_dagrun for example_python_operator to None, run_after=None
[2024-12-03T18:28:33.730+0000] {processor.py:176} INFO - Processing /home/airflow/.local/lib/python3.7/site-packages/airflow/example_dags/example_python_operator.py took 0.176 seconds
[2024-12-03T18:29:04.229+0000] {processor.py:154} INFO - Started process (PID=15169) to work on /home/airflow/.local/lib/python3.7/site-packages/airflow/example_dags/example_python_operator.py
[2024-12-03T18:29:04.230+0000] {processor.py:756} INFO - Processing file /home/airflow/.local/lib/python3.7/site-packages/airflow/example_dags/example_python_operator.py for tasks to queue
[2024-12-03T18:29:04.231+0000] {logging_mixin.py:120} INFO - [2024-12-03T18:29:04.231+0000] {dagbag.py:537} INFO - Filling up the DagBag from /home/airflow/.local/lib/python3.7/site-packages/airflow/example_dags/example_python_operator.py
[2024-12-03T18:29:04.253+0000] {logging_mixin.py:120} INFO - [2024-12-03T18:29:04.252+0000] {taskmixin.py:205} WARNING - Dependency <Task(_PythonDecoratedOperator): print_the_context>, log_sql_query already registered for DAG: example_python_operator
[2024-12-03T18:29:04.253+0000] {logging_mixin.py:120} INFO - [2024-12-03T18:29:04.253+0000] {taskmixin.py:205} WARNING - Dependency <Task(_PythonDecoratedOperator): log_sql_query>, print_the_context already registered for DAG: example_python_operator
[2024-12-03T18:29:04.254+0000] {logging_mixin.py:120} INFO - [2024-12-03T18:29:04.254+0000] {taskmixin.py:205} WARNING - Dependency <Task(_PythonDecoratedOperator): print_the_context>, log_sql_query already registered for DAG: example_python_operator
[2024-12-03T18:29:04.255+0000] {logging_mixin.py:120} INFO - [2024-12-03T18:29:04.255+0000] {taskmixin.py:205} WARNING - Dependency <Task(_PythonDecoratedOperator): log_sql_query>, print_the_context already registered for DAG: example_python_operator
[2024-12-03T18:29:04.256+0000] {logging_mixin.py:120} INFO - [2024-12-03T18:29:04.256+0000] {taskmixin.py:205} WARNING - Dependency <Task(_PythonDecoratedOperator): print_the_context>, log_sql_query already registered for DAG: example_python_operator
[2024-12-03T18:29:04.256+0000] {logging_mixin.py:120} INFO - [2024-12-03T18:29:04.256+0000] {taskmixin.py:205} WARNING - Dependency <Task(_PythonDecoratedOperator): log_sql_query>, print_the_context already registered for DAG: example_python_operator
[2024-12-03T18:29:04.257+0000] {logging_mixin.py:120} INFO - [2024-12-03T18:29:04.257+0000] {taskmixin.py:205} WARNING - Dependency <Task(_PythonDecoratedOperator): print_the_context>, log_sql_query already registered for DAG: example_python_operator
[2024-12-03T18:29:04.258+0000] {logging_mixin.py:120} INFO - [2024-12-03T18:29:04.258+0000] {taskmixin.py:205} WARNING - Dependency <Task(_PythonDecoratedOperator): log_sql_query>, print_the_context already registered for DAG: example_python_operator
[2024-12-03T18:29:04.268+0000] {processor.py:766} INFO - DAG(s) dict_keys(['example_python_operator']) retrieved from /home/airflow/.local/lib/python3.7/site-packages/airflow/example_dags/example_python_operator.py
[2024-12-03T18:29:04.326+0000] {logging_mixin.py:120} INFO - [2024-12-03T18:29:04.325+0000] {dag.py:2585} INFO - Sync 1 DAGs
[2024-12-03T18:29:04.357+0000] {logging_mixin.py:120} INFO - [2024-12-03T18:29:04.357+0000] {dag.py:3340} INFO - Setting next_dagrun for example_python_operator to None, run_after=None
[2024-12-03T18:29:04.377+0000] {processor.py:176} INFO - Processing /home/airflow/.local/lib/python3.7/site-packages/airflow/example_dags/example_python_operator.py took 0.153 seconds
[2024-12-03T18:29:35.110+0000] {processor.py:154} INFO - Started process (PID=15233) to work on /home/airflow/.local/lib/python3.7/site-packages/airflow/example_dags/example_python_operator.py
[2024-12-03T18:29:35.111+0000] {processor.py:756} INFO - Processing file /home/airflow/.local/lib/python3.7/site-packages/airflow/example_dags/example_python_operator.py for tasks to queue
[2024-12-03T18:29:35.112+0000] {logging_mixin.py:120} INFO - [2024-12-03T18:29:35.112+0000] {dagbag.py:537} INFO - Filling up the DagBag from /home/airflow/.local/lib/python3.7/site-packages/airflow/example_dags/example_python_operator.py
[2024-12-03T18:29:35.133+0000] {logging_mixin.py:120} INFO - [2024-12-03T18:29:35.133+0000] {taskmixin.py:205} WARNING - Dependency <Task(_PythonDecoratedOperator): print_the_context>, log_sql_query already registered for DAG: example_python_operator
[2024-12-03T18:29:35.133+0000] {logging_mixin.py:120} INFO - [2024-12-03T18:29:35.133+0000] {taskmixin.py:205} WARNING - Dependency <Task(_PythonDecoratedOperator): log_sql_query>, print_the_context already registered for DAG: example_python_operator
[2024-12-03T18:29:35.135+0000] {logging_mixin.py:120} INFO - [2024-12-03T18:29:35.134+0000] {taskmixin.py:205} WARNING - Dependency <Task(_PythonDecoratedOperator): print_the_context>, log_sql_query already registered for DAG: example_python_operator
[2024-12-03T18:29:35.135+0000] {logging_mixin.py:120} INFO - [2024-12-03T18:29:35.135+0000] {taskmixin.py:205} WARNING - Dependency <Task(_PythonDecoratedOperator): log_sql_query>, print_the_context already registered for DAG: example_python_operator
[2024-12-03T18:29:35.136+0000] {logging_mixin.py:120} INFO - [2024-12-03T18:29:35.136+0000] {taskmixin.py:205} WARNING - Dependency <Task(_PythonDecoratedOperator): print_the_context>, log_sql_query already registered for DAG: example_python_operator
[2024-12-03T18:29:35.137+0000] {logging_mixin.py:120} INFO - [2024-12-03T18:29:35.137+0000] {taskmixin.py:205} WARNING - Dependency <Task(_PythonDecoratedOperator): log_sql_query>, print_the_context already registered for DAG: example_python_operator
[2024-12-03T18:29:35.138+0000] {logging_mixin.py:120} INFO - [2024-12-03T18:29:35.138+0000] {taskmixin.py:205} WARNING - Dependency <Task(_PythonDecoratedOperator): print_the_context>, log_sql_query already registered for DAG: example_python_operator
[2024-12-03T18:29:35.138+0000] {logging_mixin.py:120} INFO - [2024-12-03T18:29:35.138+0000] {taskmixin.py:205} WARNING - Dependency <Task(_PythonDecoratedOperator): log_sql_query>, print_the_context already registered for DAG: example_python_operator
[2024-12-03T18:29:35.147+0000] {processor.py:766} INFO - DAG(s) dict_keys(['example_python_operator']) retrieved from /home/airflow/.local/lib/python3.7/site-packages/airflow/example_dags/example_python_operator.py
[2024-12-03T18:29:35.200+0000] {logging_mixin.py:120} INFO - [2024-12-03T18:29:35.199+0000] {dag.py:2585} INFO - Sync 1 DAGs
[2024-12-03T18:29:35.230+0000] {logging_mixin.py:120} INFO - [2024-12-03T18:29:35.230+0000] {dag.py:3340} INFO - Setting next_dagrun for example_python_operator to None, run_after=None
[2024-12-03T18:29:35.254+0000] {processor.py:176} INFO - Processing /home/airflow/.local/lib/python3.7/site-packages/airflow/example_dags/example_python_operator.py took 0.149 seconds
[2024-12-03T18:30:05.850+0000] {processor.py:154} INFO - Started process (PID=15298) to work on /home/airflow/.local/lib/python3.7/site-packages/airflow/example_dags/example_python_operator.py
[2024-12-03T18:30:05.851+0000] {processor.py:756} INFO - Processing file /home/airflow/.local/lib/python3.7/site-packages/airflow/example_dags/example_python_operator.py for tasks to queue
[2024-12-03T18:30:05.852+0000] {logging_mixin.py:120} INFO - [2024-12-03T18:30:05.852+0000] {dagbag.py:537} INFO - Filling up the DagBag from /home/airflow/.local/lib/python3.7/site-packages/airflow/example_dags/example_python_operator.py
[2024-12-03T18:30:05.876+0000] {logging_mixin.py:120} INFO - [2024-12-03T18:30:05.876+0000] {taskmixin.py:205} WARNING - Dependency <Task(_PythonDecoratedOperator): print_the_context>, log_sql_query already registered for DAG: example_python_operator
[2024-12-03T18:30:05.877+0000] {logging_mixin.py:120} INFO - [2024-12-03T18:30:05.877+0000] {taskmixin.py:205} WARNING - Dependency <Task(_PythonDecoratedOperator): log_sql_query>, print_the_context already registered for DAG: example_python_operator
[2024-12-03T18:30:05.878+0000] {logging_mixin.py:120} INFO - [2024-12-03T18:30:05.878+0000] {taskmixin.py:205} WARNING - Dependency <Task(_PythonDecoratedOperator): print_the_context>, log_sql_query already registered for DAG: example_python_operator
[2024-12-03T18:30:05.878+0000] {logging_mixin.py:120} INFO - [2024-12-03T18:30:05.878+0000] {taskmixin.py:205} WARNING - Dependency <Task(_PythonDecoratedOperator): log_sql_query>, print_the_context already registered for DAG: example_python_operator
[2024-12-03T18:30:05.880+0000] {logging_mixin.py:120} INFO - [2024-12-03T18:30:05.880+0000] {taskmixin.py:205} WARNING - Dependency <Task(_PythonDecoratedOperator): print_the_context>, log_sql_query already registered for DAG: example_python_operator
[2024-12-03T18:30:05.880+0000] {logging_mixin.py:120} INFO - [2024-12-03T18:30:05.880+0000] {taskmixin.py:205} WARNING - Dependency <Task(_PythonDecoratedOperator): log_sql_query>, print_the_context already registered for DAG: example_python_operator
[2024-12-03T18:30:05.881+0000] {logging_mixin.py:120} INFO - [2024-12-03T18:30:05.881+0000] {taskmixin.py:205} WARNING - Dependency <Task(_PythonDecoratedOperator): print_the_context>, log_sql_query already registered for DAG: example_python_operator
[2024-12-03T18:30:05.882+0000] {logging_mixin.py:120} INFO - [2024-12-03T18:30:05.882+0000] {taskmixin.py:205} WARNING - Dependency <Task(_PythonDecoratedOperator): log_sql_query>, print_the_context already registered for DAG: example_python_operator
[2024-12-03T18:30:05.892+0000] {processor.py:766} INFO - DAG(s) dict_keys(['example_python_operator']) retrieved from /home/airflow/.local/lib/python3.7/site-packages/airflow/example_dags/example_python_operator.py
[2024-12-03T18:30:05.948+0000] {logging_mixin.py:120} INFO - [2024-12-03T18:30:05.948+0000] {dag.py:2585} INFO - Sync 1 DAGs
[2024-12-03T18:30:05.981+0000] {logging_mixin.py:120} INFO - [2024-12-03T18:30:05.981+0000] {dag.py:3340} INFO - Setting next_dagrun for example_python_operator to None, run_after=None
[2024-12-03T18:30:06.007+0000] {processor.py:176} INFO - Processing /home/airflow/.local/lib/python3.7/site-packages/airflow/example_dags/example_python_operator.py took 0.161 seconds
