[2024-12-03T18:25:44.265+0000] {processor.py:154} INFO - Started process (PID=14765) to work on /home/airflow/.local/lib/python3.7/site-packages/airflow/example_dags/example_latest_only.py
[2024-12-03T18:25:44.266+0000] {processor.py:756} INFO - Processing file /home/airflow/.local/lib/python3.7/site-packages/airflow/example_dags/example_latest_only.py for tasks to queue
[2024-12-03T18:25:44.268+0000] {logging_mixin.py:120} INFO - [2024-12-03T18:25:44.268+0000] {dagbag.py:537} INFO - Filling up the DagBag from /home/airflow/.local/lib/python3.7/site-packages/airflow/example_dags/example_latest_only.py
[2024-12-03T18:25:44.301+0000] {processor.py:766} INFO - DAG(s) dict_keys(['latest_only']) retrieved from /home/airflow/.local/lib/python3.7/site-packages/airflow/example_dags/example_latest_only.py
[2024-12-03T18:25:44.391+0000] {logging_mixin.py:120} INFO - [2024-12-03T18:25:44.391+0000] {dag.py:2585} INFO - Sync 1 DAGs
[2024-12-03T18:25:44.430+0000] {logging_mixin.py:120} INFO - [2024-12-03T18:25:44.430+0000] {dag.py:3340} INFO - Setting next_dagrun for latest_only to 2024-12-03T14:25:44.430178+00:00, run_after=2024-12-03T18:25:44.430178+00:00
[2024-12-03T18:25:44.463+0000] {processor.py:176} INFO - Processing /home/airflow/.local/lib/python3.7/site-packages/airflow/example_dags/example_latest_only.py took 0.203 seconds
[2024-12-03T18:26:14.616+0000] {processor.py:154} INFO - Started process (PID=14830) to work on /home/airflow/.local/lib/python3.7/site-packages/airflow/example_dags/example_latest_only.py
[2024-12-03T18:26:14.617+0000] {processor.py:756} INFO - Processing file /home/airflow/.local/lib/python3.7/site-packages/airflow/example_dags/example_latest_only.py for tasks to queue
[2024-12-03T18:26:14.618+0000] {logging_mixin.py:120} INFO - [2024-12-03T18:26:14.618+0000] {dagbag.py:537} INFO - Filling up the DagBag from /home/airflow/.local/lib/python3.7/site-packages/airflow/example_dags/example_latest_only.py
[2024-12-03T18:26:14.638+0000] {processor.py:766} INFO - DAG(s) dict_keys(['latest_only']) retrieved from /home/airflow/.local/lib/python3.7/site-packages/airflow/example_dags/example_latest_only.py
[2024-12-03T18:26:14.695+0000] {logging_mixin.py:120} INFO - [2024-12-03T18:26:14.695+0000] {dag.py:2585} INFO - Sync 1 DAGs
[2024-12-03T18:26:14.729+0000] {logging_mixin.py:120} INFO - [2024-12-03T18:26:14.728+0000] {dag.py:3340} INFO - Setting next_dagrun for latest_only to 2024-12-03T14:26:14.728555+00:00, run_after=2024-12-03T18:26:14.728555+00:00
[2024-12-03T18:26:14.760+0000] {processor.py:176} INFO - Processing /home/airflow/.local/lib/python3.7/site-packages/airflow/example_dags/example_latest_only.py took 0.149 seconds
[2024-12-03T18:26:45.010+0000] {processor.py:154} INFO - Started process (PID=14886) to work on /home/airflow/.local/lib/python3.7/site-packages/airflow/example_dags/example_latest_only.py
[2024-12-03T18:26:45.011+0000] {processor.py:756} INFO - Processing file /home/airflow/.local/lib/python3.7/site-packages/airflow/example_dags/example_latest_only.py for tasks to queue
[2024-12-03T18:26:45.012+0000] {logging_mixin.py:120} INFO - [2024-12-03T18:26:45.011+0000] {dagbag.py:537} INFO - Filling up the DagBag from /home/airflow/.local/lib/python3.7/site-packages/airflow/example_dags/example_latest_only.py
[2024-12-03T18:26:45.034+0000] {processor.py:766} INFO - DAG(s) dict_keys(['latest_only']) retrieved from /home/airflow/.local/lib/python3.7/site-packages/airflow/example_dags/example_latest_only.py
[2024-12-03T18:26:45.091+0000] {logging_mixin.py:120} INFO - [2024-12-03T18:26:45.091+0000] {dag.py:2585} INFO - Sync 1 DAGs
[2024-12-03T18:26:45.130+0000] {logging_mixin.py:120} INFO - [2024-12-03T18:26:45.130+0000] {dag.py:3340} INFO - Setting next_dagrun for latest_only to 2024-12-03T14:26:45.130017+00:00, run_after=2024-12-03T18:26:45.130017+00:00
[2024-12-03T18:26:45.160+0000] {processor.py:176} INFO - Processing /home/airflow/.local/lib/python3.7/site-packages/airflow/example_dags/example_latest_only.py took 0.154 seconds
[2024-12-03T18:27:15.364+0000] {processor.py:154} INFO - Started process (PID=14951) to work on /home/airflow/.local/lib/python3.7/site-packages/airflow/example_dags/example_latest_only.py
[2024-12-03T18:27:15.365+0000] {processor.py:756} INFO - Processing file /home/airflow/.local/lib/python3.7/site-packages/airflow/example_dags/example_latest_only.py for tasks to queue
[2024-12-03T18:27:15.366+0000] {logging_mixin.py:120} INFO - [2024-12-03T18:27:15.366+0000] {dagbag.py:537} INFO - Filling up the DagBag from /home/airflow/.local/lib/python3.7/site-packages/airflow/example_dags/example_latest_only.py
[2024-12-03T18:27:15.389+0000] {processor.py:766} INFO - DAG(s) dict_keys(['latest_only']) retrieved from /home/airflow/.local/lib/python3.7/site-packages/airflow/example_dags/example_latest_only.py
[2024-12-03T18:27:15.445+0000] {logging_mixin.py:120} INFO - [2024-12-03T18:27:15.444+0000] {dag.py:2585} INFO - Sync 1 DAGs
[2024-12-03T18:27:15.483+0000] {logging_mixin.py:120} INFO - [2024-12-03T18:27:15.482+0000] {dag.py:3340} INFO - Setting next_dagrun for latest_only to 2024-12-03T14:27:15.482569+00:00, run_after=2024-12-03T18:27:15.482569+00:00
[2024-12-03T18:27:15.511+0000] {processor.py:176} INFO - Processing /home/airflow/.local/lib/python3.7/site-packages/airflow/example_dags/example_latest_only.py took 0.152 seconds
[2024-12-03T18:27:46.161+0000] {processor.py:154} INFO - Started process (PID=15016) to work on /home/airflow/.local/lib/python3.7/site-packages/airflow/example_dags/example_latest_only.py
[2024-12-03T18:27:46.162+0000] {processor.py:756} INFO - Processing file /home/airflow/.local/lib/python3.7/site-packages/airflow/example_dags/example_latest_only.py for tasks to queue
[2024-12-03T18:27:46.163+0000] {logging_mixin.py:120} INFO - [2024-12-03T18:27:46.163+0000] {dagbag.py:537} INFO - Filling up the DagBag from /home/airflow/.local/lib/python3.7/site-packages/airflow/example_dags/example_latest_only.py
[2024-12-03T18:27:46.183+0000] {processor.py:766} INFO - DAG(s) dict_keys(['latest_only']) retrieved from /home/airflow/.local/lib/python3.7/site-packages/airflow/example_dags/example_latest_only.py
[2024-12-03T18:27:46.240+0000] {logging_mixin.py:120} INFO - [2024-12-03T18:27:46.240+0000] {dag.py:2585} INFO - Sync 1 DAGs
[2024-12-03T18:27:46.276+0000] {logging_mixin.py:120} INFO - [2024-12-03T18:27:46.275+0000] {dag.py:3340} INFO - Setting next_dagrun for latest_only to 2024-12-03T14:27:46.275526+00:00, run_after=2024-12-03T18:27:46.275526+00:00
[2024-12-03T18:27:46.305+0000] {processor.py:176} INFO - Processing /home/airflow/.local/lib/python3.7/site-packages/airflow/example_dags/example_latest_only.py took 0.149 seconds
[2024-12-03T18:28:16.506+0000] {processor.py:154} INFO - Started process (PID=15073) to work on /home/airflow/.local/lib/python3.7/site-packages/airflow/example_dags/example_latest_only.py
[2024-12-03T18:28:16.508+0000] {processor.py:756} INFO - Processing file /home/airflow/.local/lib/python3.7/site-packages/airflow/example_dags/example_latest_only.py for tasks to queue
[2024-12-03T18:28:16.509+0000] {logging_mixin.py:120} INFO - [2024-12-03T18:28:16.508+0000] {dagbag.py:537} INFO - Filling up the DagBag from /home/airflow/.local/lib/python3.7/site-packages/airflow/example_dags/example_latest_only.py
[2024-12-03T18:28:16.530+0000] {processor.py:766} INFO - DAG(s) dict_keys(['latest_only']) retrieved from /home/airflow/.local/lib/python3.7/site-packages/airflow/example_dags/example_latest_only.py
[2024-12-03T18:28:16.597+0000] {logging_mixin.py:120} INFO - [2024-12-03T18:28:16.597+0000] {dag.py:2585} INFO - Sync 1 DAGs
[2024-12-03T18:28:16.635+0000] {logging_mixin.py:120} INFO - [2024-12-03T18:28:16.635+0000] {dag.py:3340} INFO - Setting next_dagrun for latest_only to 2024-12-03T14:28:16.634912+00:00, run_after=2024-12-03T18:28:16.634912+00:00
[2024-12-03T18:28:16.677+0000] {processor.py:176} INFO - Processing /home/airflow/.local/lib/python3.7/site-packages/airflow/example_dags/example_latest_only.py took 0.175 seconds
[2024-12-03T18:28:46.822+0000] {processor.py:154} INFO - Started process (PID=15137) to work on /home/airflow/.local/lib/python3.7/site-packages/airflow/example_dags/example_latest_only.py
[2024-12-03T18:28:46.825+0000] {processor.py:756} INFO - Processing file /home/airflow/.local/lib/python3.7/site-packages/airflow/example_dags/example_latest_only.py for tasks to queue
[2024-12-03T18:28:46.826+0000] {logging_mixin.py:120} INFO - [2024-12-03T18:28:46.826+0000] {dagbag.py:537} INFO - Filling up the DagBag from /home/airflow/.local/lib/python3.7/site-packages/airflow/example_dags/example_latest_only.py
[2024-12-03T18:28:46.846+0000] {processor.py:766} INFO - DAG(s) dict_keys(['latest_only']) retrieved from /home/airflow/.local/lib/python3.7/site-packages/airflow/example_dags/example_latest_only.py
[2024-12-03T18:28:46.901+0000] {logging_mixin.py:120} INFO - [2024-12-03T18:28:46.901+0000] {dag.py:2585} INFO - Sync 1 DAGs
[2024-12-03T18:28:46.936+0000] {logging_mixin.py:120} INFO - [2024-12-03T18:28:46.936+0000] {dag.py:3340} INFO - Setting next_dagrun for latest_only to 2024-12-03T14:28:46.936225+00:00, run_after=2024-12-03T18:28:46.936225+00:00
[2024-12-03T18:28:46.964+0000] {processor.py:176} INFO - Processing /home/airflow/.local/lib/python3.7/site-packages/airflow/example_dags/example_latest_only.py took 0.145 seconds
[2024-12-03T18:29:17.746+0000] {processor.py:154} INFO - Started process (PID=15202) to work on /home/airflow/.local/lib/python3.7/site-packages/airflow/example_dags/example_latest_only.py
[2024-12-03T18:29:17.747+0000] {processor.py:756} INFO - Processing file /home/airflow/.local/lib/python3.7/site-packages/airflow/example_dags/example_latest_only.py for tasks to queue
[2024-12-03T18:29:17.748+0000] {logging_mixin.py:120} INFO - [2024-12-03T18:29:17.747+0000] {dagbag.py:537} INFO - Filling up the DagBag from /home/airflow/.local/lib/python3.7/site-packages/airflow/example_dags/example_latest_only.py
[2024-12-03T18:29:17.765+0000] {processor.py:766} INFO - DAG(s) dict_keys(['latest_only']) retrieved from /home/airflow/.local/lib/python3.7/site-packages/airflow/example_dags/example_latest_only.py
[2024-12-03T18:29:17.821+0000] {logging_mixin.py:120} INFO - [2024-12-03T18:29:17.820+0000] {dag.py:2585} INFO - Sync 1 DAGs
[2024-12-03T18:29:17.856+0000] {logging_mixin.py:120} INFO - [2024-12-03T18:29:17.856+0000] {dag.py:3340} INFO - Setting next_dagrun for latest_only to 2024-12-03T14:29:17.856277+00:00, run_after=2024-12-03T18:29:17.856277+00:00
[2024-12-03T18:29:17.885+0000] {processor.py:176} INFO - Processing /home/airflow/.local/lib/python3.7/site-packages/airflow/example_dags/example_latest_only.py took 0.144 seconds
[2024-12-03T18:29:48.513+0000] {processor.py:154} INFO - Started process (PID=15257) to work on /home/airflow/.local/lib/python3.7/site-packages/airflow/example_dags/example_latest_only.py
[2024-12-03T18:29:48.514+0000] {processor.py:756} INFO - Processing file /home/airflow/.local/lib/python3.7/site-packages/airflow/example_dags/example_latest_only.py for tasks to queue
[2024-12-03T18:29:48.516+0000] {logging_mixin.py:120} INFO - [2024-12-03T18:29:48.516+0000] {dagbag.py:537} INFO - Filling up the DagBag from /home/airflow/.local/lib/python3.7/site-packages/airflow/example_dags/example_latest_only.py
[2024-12-03T18:29:48.536+0000] {processor.py:766} INFO - DAG(s) dict_keys(['latest_only']) retrieved from /home/airflow/.local/lib/python3.7/site-packages/airflow/example_dags/example_latest_only.py
[2024-12-03T18:29:48.595+0000] {logging_mixin.py:120} INFO - [2024-12-03T18:29:48.595+0000] {dag.py:2585} INFO - Sync 1 DAGs
[2024-12-03T18:29:48.630+0000] {logging_mixin.py:120} INFO - [2024-12-03T18:29:48.629+0000] {dag.py:3340} INFO - Setting next_dagrun for latest_only to 2024-12-03T14:29:48.629478+00:00, run_after=2024-12-03T18:29:48.629478+00:00
[2024-12-03T18:29:48.661+0000] {processor.py:176} INFO - Processing /home/airflow/.local/lib/python3.7/site-packages/airflow/example_dags/example_latest_only.py took 0.153 seconds
