[2024-12-03T18:25:50.418+0000] {processor.py:154} INFO - Started process (PID=14776) to work on /home/airflow/.local/lib/python3.7/site-packages/airflow/example_dags/example_branch_operator_decorator.py
[2024-12-03T18:25:50.420+0000] {processor.py:756} INFO - Processing file /home/airflow/.local/lib/python3.7/site-packages/airflow/example_dags/example_branch_operator_decorator.py for tasks to queue
[2024-12-03T18:25:50.421+0000] {logging_mixin.py:120} INFO - [2024-12-03T18:25:50.420+0000] {dagbag.py:537} INFO - Filling up the DagBag from /home/airflow/.local/lib/python3.7/site-packages/airflow/example_dags/example_branch_operator_decorator.py
[2024-12-03T18:25:50.456+0000] {processor.py:766} INFO - DAG(s) dict_keys(['example_branch_python_operator_decorator']) retrieved from /home/airflow/.local/lib/python3.7/site-packages/airflow/example_dags/example_branch_operator_decorator.py
[2024-12-03T18:25:50.520+0000] {logging_mixin.py:120} INFO - [2024-12-03T18:25:50.520+0000] {dag.py:2585} INFO - Sync 1 DAGs
[2024-12-03T18:25:50.556+0000] {logging_mixin.py:120} INFO - [2024-12-03T18:25:50.556+0000] {dag.py:3340} INFO - Setting next_dagrun for example_branch_python_operator_decorator to 2024-12-02T00:00:00+00:00, run_after=2024-12-03T00:00:00+00:00
[2024-12-03T18:25:50.585+0000] {processor.py:176} INFO - Processing /home/airflow/.local/lib/python3.7/site-packages/airflow/example_dags/example_branch_operator_decorator.py took 0.171 seconds
[2024-12-03T18:26:20.837+0000] {processor.py:154} INFO - Started process (PID=14832) to work on /home/airflow/.local/lib/python3.7/site-packages/airflow/example_dags/example_branch_operator_decorator.py
[2024-12-03T18:26:20.838+0000] {processor.py:756} INFO - Processing file /home/airflow/.local/lib/python3.7/site-packages/airflow/example_dags/example_branch_operator_decorator.py for tasks to queue
[2024-12-03T18:26:20.839+0000] {logging_mixin.py:120} INFO - [2024-12-03T18:26:20.839+0000] {dagbag.py:537} INFO - Filling up the DagBag from /home/airflow/.local/lib/python3.7/site-packages/airflow/example_dags/example_branch_operator_decorator.py
[2024-12-03T18:26:20.883+0000] {processor.py:766} INFO - DAG(s) dict_keys(['example_branch_python_operator_decorator']) retrieved from /home/airflow/.local/lib/python3.7/site-packages/airflow/example_dags/example_branch_operator_decorator.py
[2024-12-03T18:26:20.952+0000] {logging_mixin.py:120} INFO - [2024-12-03T18:26:20.952+0000] {dag.py:2585} INFO - Sync 1 DAGs
[2024-12-03T18:26:20.998+0000] {logging_mixin.py:120} INFO - [2024-12-03T18:26:20.997+0000] {dag.py:3340} INFO - Setting next_dagrun for example_branch_python_operator_decorator to 2024-12-02T00:00:00+00:00, run_after=2024-12-03T00:00:00+00:00
[2024-12-03T18:26:21.035+0000] {processor.py:176} INFO - Processing /home/airflow/.local/lib/python3.7/site-packages/airflow/example_dags/example_branch_operator_decorator.py took 0.202 seconds
[2024-12-03T18:26:51.228+0000] {processor.py:154} INFO - Started process (PID=14896) to work on /home/airflow/.local/lib/python3.7/site-packages/airflow/example_dags/example_branch_operator_decorator.py
[2024-12-03T18:26:51.230+0000] {processor.py:756} INFO - Processing file /home/airflow/.local/lib/python3.7/site-packages/airflow/example_dags/example_branch_operator_decorator.py for tasks to queue
[2024-12-03T18:26:51.230+0000] {logging_mixin.py:120} INFO - [2024-12-03T18:26:51.230+0000] {dagbag.py:537} INFO - Filling up the DagBag from /home/airflow/.local/lib/python3.7/site-packages/airflow/example_dags/example_branch_operator_decorator.py
[2024-12-03T18:26:51.266+0000] {processor.py:766} INFO - DAG(s) dict_keys(['example_branch_python_operator_decorator']) retrieved from /home/airflow/.local/lib/python3.7/site-packages/airflow/example_dags/example_branch_operator_decorator.py
[2024-12-03T18:26:51.320+0000] {logging_mixin.py:120} INFO - [2024-12-03T18:26:51.320+0000] {dag.py:2585} INFO - Sync 1 DAGs
[2024-12-03T18:26:51.358+0000] {logging_mixin.py:120} INFO - [2024-12-03T18:26:51.357+0000] {dag.py:3340} INFO - Setting next_dagrun for example_branch_python_operator_decorator to 2024-12-02T00:00:00+00:00, run_after=2024-12-03T00:00:00+00:00
[2024-12-03T18:26:51.383+0000] {processor.py:176} INFO - Processing /home/airflow/.local/lib/python3.7/site-packages/airflow/example_dags/example_branch_operator_decorator.py took 0.159 seconds
[2024-12-03T18:27:21.404+0000] {processor.py:154} INFO - Started process (PID=14961) to work on /home/airflow/.local/lib/python3.7/site-packages/airflow/example_dags/example_branch_operator_decorator.py
[2024-12-03T18:27:21.405+0000] {processor.py:756} INFO - Processing file /home/airflow/.local/lib/python3.7/site-packages/airflow/example_dags/example_branch_operator_decorator.py for tasks to queue
[2024-12-03T18:27:21.406+0000] {logging_mixin.py:120} INFO - [2024-12-03T18:27:21.406+0000] {dagbag.py:537} INFO - Filling up the DagBag from /home/airflow/.local/lib/python3.7/site-packages/airflow/example_dags/example_branch_operator_decorator.py
[2024-12-03T18:27:21.434+0000] {processor.py:766} INFO - DAG(s) dict_keys(['example_branch_python_operator_decorator']) retrieved from /home/airflow/.local/lib/python3.7/site-packages/airflow/example_dags/example_branch_operator_decorator.py
[2024-12-03T18:27:21.484+0000] {logging_mixin.py:120} INFO - [2024-12-03T18:27:21.484+0000] {dag.py:2585} INFO - Sync 1 DAGs
[2024-12-03T18:27:21.522+0000] {logging_mixin.py:120} INFO - [2024-12-03T18:27:21.521+0000] {dag.py:3340} INFO - Setting next_dagrun for example_branch_python_operator_decorator to 2024-12-02T00:00:00+00:00, run_after=2024-12-03T00:00:00+00:00
[2024-12-03T18:27:21.548+0000] {processor.py:176} INFO - Processing /home/airflow/.local/lib/python3.7/site-packages/airflow/example_dags/example_branch_operator_decorator.py took 0.148 seconds
[2024-12-03T18:27:52.373+0000] {processor.py:154} INFO - Started process (PID=15017) to work on /home/airflow/.local/lib/python3.7/site-packages/airflow/example_dags/example_branch_operator_decorator.py
[2024-12-03T18:27:52.375+0000] {processor.py:756} INFO - Processing file /home/airflow/.local/lib/python3.7/site-packages/airflow/example_dags/example_branch_operator_decorator.py for tasks to queue
[2024-12-03T18:27:52.376+0000] {logging_mixin.py:120} INFO - [2024-12-03T18:27:52.375+0000] {dagbag.py:537} INFO - Filling up the DagBag from /home/airflow/.local/lib/python3.7/site-packages/airflow/example_dags/example_branch_operator_decorator.py
[2024-12-03T18:27:52.415+0000] {processor.py:766} INFO - DAG(s) dict_keys(['example_branch_python_operator_decorator']) retrieved from /home/airflow/.local/lib/python3.7/site-packages/airflow/example_dags/example_branch_operator_decorator.py
[2024-12-03T18:27:52.478+0000] {logging_mixin.py:120} INFO - [2024-12-03T18:27:52.477+0000] {dag.py:2585} INFO - Sync 1 DAGs
[2024-12-03T18:27:52.518+0000] {logging_mixin.py:120} INFO - [2024-12-03T18:27:52.518+0000] {dag.py:3340} INFO - Setting next_dagrun for example_branch_python_operator_decorator to 2024-12-02T00:00:00+00:00, run_after=2024-12-03T00:00:00+00:00
[2024-12-03T18:27:52.543+0000] {processor.py:176} INFO - Processing /home/airflow/.local/lib/python3.7/site-packages/airflow/example_dags/example_branch_operator_decorator.py took 0.174 seconds
[2024-12-03T18:28:22.753+0000] {processor.py:154} INFO - Started process (PID=15082) to work on /home/airflow/.local/lib/python3.7/site-packages/airflow/example_dags/example_branch_operator_decorator.py
[2024-12-03T18:28:22.754+0000] {processor.py:756} INFO - Processing file /home/airflow/.local/lib/python3.7/site-packages/airflow/example_dags/example_branch_operator_decorator.py for tasks to queue
[2024-12-03T18:28:22.756+0000] {logging_mixin.py:120} INFO - [2024-12-03T18:28:22.755+0000] {dagbag.py:537} INFO - Filling up the DagBag from /home/airflow/.local/lib/python3.7/site-packages/airflow/example_dags/example_branch_operator_decorator.py
[2024-12-03T18:28:22.790+0000] {processor.py:766} INFO - DAG(s) dict_keys(['example_branch_python_operator_decorator']) retrieved from /home/airflow/.local/lib/python3.7/site-packages/airflow/example_dags/example_branch_operator_decorator.py
[2024-12-03T18:28:22.845+0000] {logging_mixin.py:120} INFO - [2024-12-03T18:28:22.845+0000] {dag.py:2585} INFO - Sync 1 DAGs
[2024-12-03T18:28:22.881+0000] {logging_mixin.py:120} INFO - [2024-12-03T18:28:22.881+0000] {dag.py:3340} INFO - Setting next_dagrun for example_branch_python_operator_decorator to 2024-12-02T00:00:00+00:00, run_after=2024-12-03T00:00:00+00:00
[2024-12-03T18:28:22.910+0000] {processor.py:176} INFO - Processing /home/airflow/.local/lib/python3.7/site-packages/airflow/example_dags/example_branch_operator_decorator.py took 0.161 seconds
[2024-12-03T18:28:53.027+0000] {processor.py:154} INFO - Started process (PID=15138) to work on /home/airflow/.local/lib/python3.7/site-packages/airflow/example_dags/example_branch_operator_decorator.py
[2024-12-03T18:28:53.028+0000] {processor.py:756} INFO - Processing file /home/airflow/.local/lib/python3.7/site-packages/airflow/example_dags/example_branch_operator_decorator.py for tasks to queue
[2024-12-03T18:28:53.030+0000] {logging_mixin.py:120} INFO - [2024-12-03T18:28:53.029+0000] {dagbag.py:537} INFO - Filling up the DagBag from /home/airflow/.local/lib/python3.7/site-packages/airflow/example_dags/example_branch_operator_decorator.py
[2024-12-03T18:28:53.066+0000] {processor.py:766} INFO - DAG(s) dict_keys(['example_branch_python_operator_decorator']) retrieved from /home/airflow/.local/lib/python3.7/site-packages/airflow/example_dags/example_branch_operator_decorator.py
[2024-12-03T18:28:53.126+0000] {logging_mixin.py:120} INFO - [2024-12-03T18:28:53.126+0000] {dag.py:2585} INFO - Sync 1 DAGs
[2024-12-03T18:28:53.165+0000] {logging_mixin.py:120} INFO - [2024-12-03T18:28:53.165+0000] {dag.py:3340} INFO - Setting next_dagrun for example_branch_python_operator_decorator to 2024-12-02T00:00:00+00:00, run_after=2024-12-03T00:00:00+00:00
[2024-12-03T18:28:53.193+0000] {processor.py:176} INFO - Processing /home/airflow/.local/lib/python3.7/site-packages/airflow/example_dags/example_branch_operator_decorator.py took 0.171 seconds
[2024-12-03T18:29:23.954+0000] {processor.py:154} INFO - Started process (PID=15203) to work on /home/airflow/.local/lib/python3.7/site-packages/airflow/example_dags/example_branch_operator_decorator.py
[2024-12-03T18:29:23.955+0000] {processor.py:756} INFO - Processing file /home/airflow/.local/lib/python3.7/site-packages/airflow/example_dags/example_branch_operator_decorator.py for tasks to queue
[2024-12-03T18:29:23.956+0000] {logging_mixin.py:120} INFO - [2024-12-03T18:29:23.956+0000] {dagbag.py:537} INFO - Filling up the DagBag from /home/airflow/.local/lib/python3.7/site-packages/airflow/example_dags/example_branch_operator_decorator.py
[2024-12-03T18:29:23.989+0000] {processor.py:766} INFO - DAG(s) dict_keys(['example_branch_python_operator_decorator']) retrieved from /home/airflow/.local/lib/python3.7/site-packages/airflow/example_dags/example_branch_operator_decorator.py
[2024-12-03T18:29:24.045+0000] {logging_mixin.py:120} INFO - [2024-12-03T18:29:24.045+0000] {dag.py:2585} INFO - Sync 1 DAGs
[2024-12-03T18:29:24.081+0000] {logging_mixin.py:120} INFO - [2024-12-03T18:29:24.081+0000] {dag.py:3340} INFO - Setting next_dagrun for example_branch_python_operator_decorator to 2024-12-02T00:00:00+00:00, run_after=2024-12-03T00:00:00+00:00
[2024-12-03T18:29:24.107+0000] {processor.py:176} INFO - Processing /home/airflow/.local/lib/python3.7/site-packages/airflow/example_dags/example_branch_operator_decorator.py took 0.158 seconds
[2024-12-03T18:29:54.730+0000] {processor.py:154} INFO - Started process (PID=15267) to work on /home/airflow/.local/lib/python3.7/site-packages/airflow/example_dags/example_branch_operator_decorator.py
[2024-12-03T18:29:54.731+0000] {processor.py:756} INFO - Processing file /home/airflow/.local/lib/python3.7/site-packages/airflow/example_dags/example_branch_operator_decorator.py for tasks to queue
[2024-12-03T18:29:54.732+0000] {logging_mixin.py:120} INFO - [2024-12-03T18:29:54.732+0000] {dagbag.py:537} INFO - Filling up the DagBag from /home/airflow/.local/lib/python3.7/site-packages/airflow/example_dags/example_branch_operator_decorator.py
[2024-12-03T18:29:54.772+0000] {processor.py:766} INFO - DAG(s) dict_keys(['example_branch_python_operator_decorator']) retrieved from /home/airflow/.local/lib/python3.7/site-packages/airflow/example_dags/example_branch_operator_decorator.py
[2024-12-03T18:29:54.840+0000] {logging_mixin.py:120} INFO - [2024-12-03T18:29:54.840+0000] {dag.py:2585} INFO - Sync 1 DAGs
[2024-12-03T18:29:54.878+0000] {logging_mixin.py:120} INFO - [2024-12-03T18:29:54.878+0000] {dag.py:3340} INFO - Setting next_dagrun for example_branch_python_operator_decorator to 2024-12-02T00:00:00+00:00, run_after=2024-12-03T00:00:00+00:00
[2024-12-03T18:29:54.905+0000] {processor.py:176} INFO - Processing /home/airflow/.local/lib/python3.7/site-packages/airflow/example_dags/example_branch_operator_decorator.py took 0.181 seconds
