[2024-12-03T18:25:26.972+0000] {processor.py:154} INFO - Started process (PID=14733) to work on /home/airflow/.local/lib/python3.7/site-packages/airflow/example_dags/example_branch_operator.py
[2024-12-03T18:25:26.973+0000] {processor.py:756} INFO - Processing file /home/airflow/.local/lib/python3.7/site-packages/airflow/example_dags/example_branch_operator.py for tasks to queue
[2024-12-03T18:25:26.974+0000] {logging_mixin.py:120} INFO - [2024-12-03T18:25:26.974+0000] {dagbag.py:537} INFO - Filling up the DagBag from /home/airflow/.local/lib/python3.7/site-packages/airflow/example_dags/example_branch_operator.py
[2024-12-03T18:25:27.000+0000] {processor.py:766} INFO - DAG(s) dict_keys(['example_branch_operator']) retrieved from /home/airflow/.local/lib/python3.7/site-packages/airflow/example_dags/example_branch_operator.py
[2024-12-03T18:25:27.061+0000] {logging_mixin.py:120} INFO - [2024-12-03T18:25:27.061+0000] {dag.py:2585} INFO - Sync 1 DAGs
[2024-12-03T18:25:27.099+0000] {logging_mixin.py:120} INFO - [2024-12-03T18:25:27.099+0000] {dag.py:3340} INFO - Setting next_dagrun for example_branch_operator to 2024-12-02T00:00:00+00:00, run_after=2024-12-03T00:00:00+00:00
[2024-12-03T18:25:27.126+0000] {processor.py:176} INFO - Processing /home/airflow/.local/lib/python3.7/site-packages/airflow/example_dags/example_branch_operator.py took 0.159 seconds
[2024-12-03T18:25:57.362+0000] {processor.py:154} INFO - Started process (PID=14788) to work on /home/airflow/.local/lib/python3.7/site-packages/airflow/example_dags/example_branch_operator.py
[2024-12-03T18:25:57.363+0000] {processor.py:756} INFO - Processing file /home/airflow/.local/lib/python3.7/site-packages/airflow/example_dags/example_branch_operator.py for tasks to queue
[2024-12-03T18:25:57.364+0000] {logging_mixin.py:120} INFO - [2024-12-03T18:25:57.364+0000] {dagbag.py:537} INFO - Filling up the DagBag from /home/airflow/.local/lib/python3.7/site-packages/airflow/example_dags/example_branch_operator.py
[2024-12-03T18:25:57.388+0000] {processor.py:766} INFO - DAG(s) dict_keys(['example_branch_operator']) retrieved from /home/airflow/.local/lib/python3.7/site-packages/airflow/example_dags/example_branch_operator.py
[2024-12-03T18:25:57.449+0000] {logging_mixin.py:120} INFO - [2024-12-03T18:25:57.449+0000] {dag.py:2585} INFO - Sync 1 DAGs
[2024-12-03T18:25:57.488+0000] {logging_mixin.py:120} INFO - [2024-12-03T18:25:57.488+0000] {dag.py:3340} INFO - Setting next_dagrun for example_branch_operator to 2024-12-02T00:00:00+00:00, run_after=2024-12-03T00:00:00+00:00
[2024-12-03T18:25:57.515+0000] {processor.py:176} INFO - Processing /home/airflow/.local/lib/python3.7/site-packages/airflow/example_dags/example_branch_operator.py took 0.159 seconds
[2024-12-03T18:26:28.567+0000] {processor.py:154} INFO - Started process (PID=14855) to work on /home/airflow/.local/lib/python3.7/site-packages/airflow/example_dags/example_branch_operator.py
[2024-12-03T18:26:28.568+0000] {processor.py:756} INFO - Processing file /home/airflow/.local/lib/python3.7/site-packages/airflow/example_dags/example_branch_operator.py for tasks to queue
[2024-12-03T18:26:28.569+0000] {logging_mixin.py:120} INFO - [2024-12-03T18:26:28.569+0000] {dagbag.py:537} INFO - Filling up the DagBag from /home/airflow/.local/lib/python3.7/site-packages/airflow/example_dags/example_branch_operator.py
[2024-12-03T18:26:28.592+0000] {processor.py:766} INFO - DAG(s) dict_keys(['example_branch_operator']) retrieved from /home/airflow/.local/lib/python3.7/site-packages/airflow/example_dags/example_branch_operator.py
[2024-12-03T18:26:28.652+0000] {logging_mixin.py:120} INFO - [2024-12-03T18:26:28.652+0000] {dag.py:2585} INFO - Sync 1 DAGs
[2024-12-03T18:26:28.688+0000] {logging_mixin.py:120} INFO - [2024-12-03T18:26:28.687+0000] {dag.py:3340} INFO - Setting next_dagrun for example_branch_operator to 2024-12-02T00:00:00+00:00, run_after=2024-12-03T00:00:00+00:00
[2024-12-03T18:26:28.716+0000] {processor.py:176} INFO - Processing /home/airflow/.local/lib/python3.7/site-packages/airflow/example_dags/example_branch_operator.py took 0.155 seconds
[2024-12-03T18:26:59.124+0000] {processor.py:154} INFO - Started process (PID=14920) to work on /home/airflow/.local/lib/python3.7/site-packages/airflow/example_dags/example_branch_operator.py
[2024-12-03T18:26:59.126+0000] {processor.py:756} INFO - Processing file /home/airflow/.local/lib/python3.7/site-packages/airflow/example_dags/example_branch_operator.py for tasks to queue
[2024-12-03T18:26:59.127+0000] {logging_mixin.py:120} INFO - [2024-12-03T18:26:59.127+0000] {dagbag.py:537} INFO - Filling up the DagBag from /home/airflow/.local/lib/python3.7/site-packages/airflow/example_dags/example_branch_operator.py
[2024-12-03T18:26:59.161+0000] {processor.py:766} INFO - DAG(s) dict_keys(['example_branch_operator']) retrieved from /home/airflow/.local/lib/python3.7/site-packages/airflow/example_dags/example_branch_operator.py
[2024-12-03T18:26:59.238+0000] {logging_mixin.py:120} INFO - [2024-12-03T18:26:59.238+0000] {dag.py:2585} INFO - Sync 1 DAGs
[2024-12-03T18:26:59.284+0000] {logging_mixin.py:120} INFO - [2024-12-03T18:26:59.283+0000] {dag.py:3340} INFO - Setting next_dagrun for example_branch_operator to 2024-12-02T00:00:00+00:00, run_after=2024-12-03T00:00:00+00:00
[2024-12-03T18:26:59.312+0000] {processor.py:176} INFO - Processing /home/airflow/.local/lib/python3.7/site-packages/airflow/example_dags/example_branch_operator.py took 0.193 seconds
[2024-12-03T18:27:29.411+0000] {processor.py:154} INFO - Started process (PID=14975) to work on /home/airflow/.local/lib/python3.7/site-packages/airflow/example_dags/example_branch_operator.py
[2024-12-03T18:27:29.415+0000] {processor.py:756} INFO - Processing file /home/airflow/.local/lib/python3.7/site-packages/airflow/example_dags/example_branch_operator.py for tasks to queue
[2024-12-03T18:27:29.416+0000] {logging_mixin.py:120} INFO - [2024-12-03T18:27:29.416+0000] {dagbag.py:537} INFO - Filling up the DagBag from /home/airflow/.local/lib/python3.7/site-packages/airflow/example_dags/example_branch_operator.py
[2024-12-03T18:27:29.441+0000] {processor.py:766} INFO - DAG(s) dict_keys(['example_branch_operator']) retrieved from /home/airflow/.local/lib/python3.7/site-packages/airflow/example_dags/example_branch_operator.py
[2024-12-03T18:27:29.501+0000] {logging_mixin.py:120} INFO - [2024-12-03T18:27:29.501+0000] {dag.py:2585} INFO - Sync 1 DAGs
[2024-12-03T18:27:29.537+0000] {logging_mixin.py:120} INFO - [2024-12-03T18:27:29.537+0000] {dag.py:3340} INFO - Setting next_dagrun for example_branch_operator to 2024-12-02T00:00:00+00:00, run_after=2024-12-03T00:00:00+00:00
[2024-12-03T18:27:29.563+0000] {processor.py:176} INFO - Processing /home/airflow/.local/lib/python3.7/site-packages/airflow/example_dags/example_branch_operator.py took 0.157 seconds
[2024-12-03T18:27:59.837+0000] {processor.py:154} INFO - Started process (PID=15040) to work on /home/airflow/.local/lib/python3.7/site-packages/airflow/example_dags/example_branch_operator.py
[2024-12-03T18:27:59.838+0000] {processor.py:756} INFO - Processing file /home/airflow/.local/lib/python3.7/site-packages/airflow/example_dags/example_branch_operator.py for tasks to queue
[2024-12-03T18:27:59.839+0000] {logging_mixin.py:120} INFO - [2024-12-03T18:27:59.839+0000] {dagbag.py:537} INFO - Filling up the DagBag from /home/airflow/.local/lib/python3.7/site-packages/airflow/example_dags/example_branch_operator.py
[2024-12-03T18:27:59.865+0000] {processor.py:766} INFO - DAG(s) dict_keys(['example_branch_operator']) retrieved from /home/airflow/.local/lib/python3.7/site-packages/airflow/example_dags/example_branch_operator.py
[2024-12-03T18:27:59.925+0000] {logging_mixin.py:120} INFO - [2024-12-03T18:27:59.925+0000] {dag.py:2585} INFO - Sync 1 DAGs
[2024-12-03T18:27:59.962+0000] {logging_mixin.py:120} INFO - [2024-12-03T18:27:59.962+0000] {dag.py:3340} INFO - Setting next_dagrun for example_branch_operator to 2024-12-02T00:00:00+00:00, run_after=2024-12-03T00:00:00+00:00
[2024-12-03T18:27:59.988+0000] {processor.py:176} INFO - Processing /home/airflow/.local/lib/python3.7/site-packages/airflow/example_dags/example_branch_operator.py took 0.156 seconds
[2024-12-03T18:28:30.335+0000] {processor.py:154} INFO - Started process (PID=15096) to work on /home/airflow/.local/lib/python3.7/site-packages/airflow/example_dags/example_branch_operator.py
[2024-12-03T18:28:30.337+0000] {processor.py:756} INFO - Processing file /home/airflow/.local/lib/python3.7/site-packages/airflow/example_dags/example_branch_operator.py for tasks to queue
[2024-12-03T18:28:30.338+0000] {logging_mixin.py:120} INFO - [2024-12-03T18:28:30.338+0000] {dagbag.py:537} INFO - Filling up the DagBag from /home/airflow/.local/lib/python3.7/site-packages/airflow/example_dags/example_branch_operator.py
[2024-12-03T18:28:30.363+0000] {processor.py:766} INFO - DAG(s) dict_keys(['example_branch_operator']) retrieved from /home/airflow/.local/lib/python3.7/site-packages/airflow/example_dags/example_branch_operator.py
[2024-12-03T18:28:30.432+0000] {logging_mixin.py:120} INFO - [2024-12-03T18:28:30.432+0000] {dag.py:2585} INFO - Sync 1 DAGs
[2024-12-03T18:28:30.479+0000] {logging_mixin.py:120} INFO - [2024-12-03T18:28:30.479+0000] {dag.py:3340} INFO - Setting next_dagrun for example_branch_operator to 2024-12-02T00:00:00+00:00, run_after=2024-12-03T00:00:00+00:00
[2024-12-03T18:28:30.514+0000] {processor.py:176} INFO - Processing /home/airflow/.local/lib/python3.7/site-packages/airflow/example_dags/example_branch_operator.py took 0.184 seconds
[2024-12-03T18:29:01.522+0000] {processor.py:154} INFO - Started process (PID=15162) to work on /home/airflow/.local/lib/python3.7/site-packages/airflow/example_dags/example_branch_operator.py
[2024-12-03T18:29:01.523+0000] {processor.py:756} INFO - Processing file /home/airflow/.local/lib/python3.7/site-packages/airflow/example_dags/example_branch_operator.py for tasks to queue
[2024-12-03T18:29:01.524+0000] {logging_mixin.py:120} INFO - [2024-12-03T18:29:01.524+0000] {dagbag.py:537} INFO - Filling up the DagBag from /home/airflow/.local/lib/python3.7/site-packages/airflow/example_dags/example_branch_operator.py
[2024-12-03T18:29:01.546+0000] {processor.py:766} INFO - DAG(s) dict_keys(['example_branch_operator']) retrieved from /home/airflow/.local/lib/python3.7/site-packages/airflow/example_dags/example_branch_operator.py
[2024-12-03T18:29:01.588+0000] {logging_mixin.py:120} INFO - [2024-12-03T18:29:01.588+0000] {dag.py:2585} INFO - Sync 1 DAGs
[2024-12-03T18:29:01.616+0000] {logging_mixin.py:120} INFO - [2024-12-03T18:29:01.615+0000] {dag.py:3340} INFO - Setting next_dagrun for example_branch_operator to 2024-12-02T00:00:00+00:00, run_after=2024-12-03T00:00:00+00:00
[2024-12-03T18:29:01.642+0000] {processor.py:176} INFO - Processing /home/airflow/.local/lib/python3.7/site-packages/airflow/example_dags/example_branch_operator.py took 0.125 seconds
[2024-12-03T18:29:32.210+0000] {processor.py:154} INFO - Started process (PID=15226) to work on /home/airflow/.local/lib/python3.7/site-packages/airflow/example_dags/example_branch_operator.py
[2024-12-03T18:29:32.211+0000] {processor.py:756} INFO - Processing file /home/airflow/.local/lib/python3.7/site-packages/airflow/example_dags/example_branch_operator.py for tasks to queue
[2024-12-03T18:29:32.212+0000] {logging_mixin.py:120} INFO - [2024-12-03T18:29:32.212+0000] {dagbag.py:537} INFO - Filling up the DagBag from /home/airflow/.local/lib/python3.7/site-packages/airflow/example_dags/example_branch_operator.py
[2024-12-03T18:29:32.234+0000] {processor.py:766} INFO - DAG(s) dict_keys(['example_branch_operator']) retrieved from /home/airflow/.local/lib/python3.7/site-packages/airflow/example_dags/example_branch_operator.py
[2024-12-03T18:29:32.279+0000] {logging_mixin.py:120} INFO - [2024-12-03T18:29:32.279+0000] {dag.py:2585} INFO - Sync 1 DAGs
[2024-12-03T18:29:32.309+0000] {logging_mixin.py:120} INFO - [2024-12-03T18:29:32.309+0000] {dag.py:3340} INFO - Setting next_dagrun for example_branch_operator to 2024-12-02T00:00:00+00:00, run_after=2024-12-03T00:00:00+00:00
[2024-12-03T18:29:32.340+0000] {processor.py:176} INFO - Processing /home/airflow/.local/lib/python3.7/site-packages/airflow/example_dags/example_branch_operator.py took 0.135 seconds
[2024-12-03T18:30:02.933+0000] {processor.py:154} INFO - Started process (PID=15282) to work on /home/airflow/.local/lib/python3.7/site-packages/airflow/example_dags/example_branch_operator.py
[2024-12-03T18:30:02.934+0000] {processor.py:756} INFO - Processing file /home/airflow/.local/lib/python3.7/site-packages/airflow/example_dags/example_branch_operator.py for tasks to queue
[2024-12-03T18:30:02.935+0000] {logging_mixin.py:120} INFO - [2024-12-03T18:30:02.935+0000] {dagbag.py:537} INFO - Filling up the DagBag from /home/airflow/.local/lib/python3.7/site-packages/airflow/example_dags/example_branch_operator.py
[2024-12-03T18:30:02.958+0000] {processor.py:766} INFO - DAG(s) dict_keys(['example_branch_operator']) retrieved from /home/airflow/.local/lib/python3.7/site-packages/airflow/example_dags/example_branch_operator.py
[2024-12-03T18:30:03.010+0000] {logging_mixin.py:120} INFO - [2024-12-03T18:30:03.009+0000] {dag.py:2585} INFO - Sync 1 DAGs
[2024-12-03T18:30:03.047+0000] {logging_mixin.py:120} INFO - [2024-12-03T18:30:03.047+0000] {dag.py:3340} INFO - Setting next_dagrun for example_branch_operator to 2024-12-02T00:00:00+00:00, run_after=2024-12-03T00:00:00+00:00
[2024-12-03T18:30:03.081+0000] {processor.py:176} INFO - Processing /home/airflow/.local/lib/python3.7/site-packages/airflow/example_dags/example_branch_operator.py took 0.152 seconds
