[2024-12-03T18:25:23.364+0000] {processor.py:154} INFO - Started process (PID=14716) to work on /home/airflow/.local/lib/python3.7/site-packages/airflow/example_dags/example_xcomargs.py
[2024-12-03T18:25:23.365+0000] {processor.py:756} INFO - Processing file /home/airflow/.local/lib/python3.7/site-packages/airflow/example_dags/example_xcomargs.py for tasks to queue
[2024-12-03T18:25:23.366+0000] {logging_mixin.py:120} INFO - [2024-12-03T18:25:23.366+0000] {dagbag.py:537} INFO - Filling up the DagBag from /home/airflow/.local/lib/python3.7/site-packages/airflow/example_dags/example_xcomargs.py
[2024-12-03T18:25:23.401+0000] {processor.py:766} INFO - DAG(s) dict_keys(['example_xcom_args_with_operators', 'example_xcom_args']) retrieved from /home/airflow/.local/lib/python3.7/site-packages/airflow/example_dags/example_xcomargs.py
[2024-12-03T18:25:23.477+0000] {logging_mixin.py:120} INFO - [2024-12-03T18:25:23.476+0000] {dag.py:2585} INFO - Sync 2 DAGs
[2024-12-03T18:25:23.513+0000] {logging_mixin.py:120} INFO - [2024-12-03T18:25:23.513+0000] {dag.py:3340} INFO - Setting next_dagrun for example_xcom_args to None, run_after=None
[2024-12-03T18:25:23.519+0000] {logging_mixin.py:120} INFO - [2024-12-03T18:25:23.519+0000] {dag.py:3340} INFO - Setting next_dagrun for example_xcom_args_with_operators to None, run_after=None
[2024-12-03T18:25:23.547+0000] {processor.py:176} INFO - Processing /home/airflow/.local/lib/python3.7/site-packages/airflow/example_dags/example_xcomargs.py took 0.186 seconds
[2024-12-03T18:25:53.799+0000] {processor.py:154} INFO - Started process (PID=14780) to work on /home/airflow/.local/lib/python3.7/site-packages/airflow/example_dags/example_xcomargs.py
[2024-12-03T18:25:53.801+0000] {processor.py:756} INFO - Processing file /home/airflow/.local/lib/python3.7/site-packages/airflow/example_dags/example_xcomargs.py for tasks to queue
[2024-12-03T18:25:53.802+0000] {logging_mixin.py:120} INFO - [2024-12-03T18:25:53.802+0000] {dagbag.py:537} INFO - Filling up the DagBag from /home/airflow/.local/lib/python3.7/site-packages/airflow/example_dags/example_xcomargs.py
[2024-12-03T18:25:53.842+0000] {processor.py:766} INFO - DAG(s) dict_keys(['example_xcom_args_with_operators', 'example_xcom_args']) retrieved from /home/airflow/.local/lib/python3.7/site-packages/airflow/example_dags/example_xcomargs.py
[2024-12-03T18:25:53.910+0000] {logging_mixin.py:120} INFO - [2024-12-03T18:25:53.910+0000] {dag.py:2585} INFO - Sync 2 DAGs
[2024-12-03T18:25:53.945+0000] {logging_mixin.py:120} INFO - [2024-12-03T18:25:53.945+0000] {dag.py:3340} INFO - Setting next_dagrun for example_xcom_args to None, run_after=None
[2024-12-03T18:25:53.949+0000] {logging_mixin.py:120} INFO - [2024-12-03T18:25:53.949+0000] {dag.py:3340} INFO - Setting next_dagrun for example_xcom_args_with_operators to None, run_after=None
[2024-12-03T18:25:53.975+0000] {processor.py:176} INFO - Processing /home/airflow/.local/lib/python3.7/site-packages/airflow/example_dags/example_xcomargs.py took 0.180 seconds
[2024-12-03T18:26:24.558+0000] {processor.py:154} INFO - Started process (PID=14846) to work on /home/airflow/.local/lib/python3.7/site-packages/airflow/example_dags/example_xcomargs.py
[2024-12-03T18:26:24.566+0000] {processor.py:756} INFO - Processing file /home/airflow/.local/lib/python3.7/site-packages/airflow/example_dags/example_xcomargs.py for tasks to queue
[2024-12-03T18:26:24.569+0000] {logging_mixin.py:120} INFO - [2024-12-03T18:26:24.568+0000] {dagbag.py:537} INFO - Filling up the DagBag from /home/airflow/.local/lib/python3.7/site-packages/airflow/example_dags/example_xcomargs.py
[2024-12-03T18:26:24.605+0000] {processor.py:766} INFO - DAG(s) dict_keys(['example_xcom_args', 'example_xcom_args_with_operators']) retrieved from /home/airflow/.local/lib/python3.7/site-packages/airflow/example_dags/example_xcomargs.py
[2024-12-03T18:26:24.670+0000] {logging_mixin.py:120} INFO - [2024-12-03T18:26:24.670+0000] {dag.py:2585} INFO - Sync 2 DAGs
[2024-12-03T18:26:24.727+0000] {logging_mixin.py:120} INFO - [2024-12-03T18:26:24.727+0000] {dag.py:3340} INFO - Setting next_dagrun for example_xcom_args to None, run_after=None
[2024-12-03T18:26:24.734+0000] {logging_mixin.py:120} INFO - [2024-12-03T18:26:24.734+0000] {dag.py:3340} INFO - Setting next_dagrun for example_xcom_args_with_operators to None, run_after=None
[2024-12-03T18:26:24.760+0000] {processor.py:176} INFO - Processing /home/airflow/.local/lib/python3.7/site-packages/airflow/example_dags/example_xcomargs.py took 0.207 seconds
[2024-12-03T18:26:54.887+0000] {processor.py:154} INFO - Started process (PID=14902) to work on /home/airflow/.local/lib/python3.7/site-packages/airflow/example_dags/example_xcomargs.py
[2024-12-03T18:26:54.888+0000] {processor.py:756} INFO - Processing file /home/airflow/.local/lib/python3.7/site-packages/airflow/example_dags/example_xcomargs.py for tasks to queue
[2024-12-03T18:26:54.889+0000] {logging_mixin.py:120} INFO - [2024-12-03T18:26:54.889+0000] {dagbag.py:537} INFO - Filling up the DagBag from /home/airflow/.local/lib/python3.7/site-packages/airflow/example_dags/example_xcomargs.py
[2024-12-03T18:26:54.921+0000] {processor.py:766} INFO - DAG(s) dict_keys(['example_xcom_args', 'example_xcom_args_with_operators']) retrieved from /home/airflow/.local/lib/python3.7/site-packages/airflow/example_dags/example_xcomargs.py
[2024-12-03T18:26:54.985+0000] {logging_mixin.py:120} INFO - [2024-12-03T18:26:54.985+0000] {dag.py:2585} INFO - Sync 2 DAGs
[2024-12-03T18:26:55.020+0000] {logging_mixin.py:120} INFO - [2024-12-03T18:26:55.020+0000] {dag.py:3340} INFO - Setting next_dagrun for example_xcom_args to None, run_after=None
[2024-12-03T18:26:55.025+0000] {logging_mixin.py:120} INFO - [2024-12-03T18:26:55.025+0000] {dag.py:3340} INFO - Setting next_dagrun for example_xcom_args_with_operators to None, run_after=None
[2024-12-03T18:26:55.048+0000] {processor.py:176} INFO - Processing /home/airflow/.local/lib/python3.7/site-packages/airflow/example_dags/example_xcomargs.py took 0.166 seconds
[2024-12-03T18:27:25.523+0000] {processor.py:154} INFO - Started process (PID=14967) to work on /home/airflow/.local/lib/python3.7/site-packages/airflow/example_dags/example_xcomargs.py
[2024-12-03T18:27:25.524+0000] {processor.py:756} INFO - Processing file /home/airflow/.local/lib/python3.7/site-packages/airflow/example_dags/example_xcomargs.py for tasks to queue
[2024-12-03T18:27:25.525+0000] {logging_mixin.py:120} INFO - [2024-12-03T18:27:25.525+0000] {dagbag.py:537} INFO - Filling up the DagBag from /home/airflow/.local/lib/python3.7/site-packages/airflow/example_dags/example_xcomargs.py
[2024-12-03T18:27:25.557+0000] {processor.py:766} INFO - DAG(s) dict_keys(['example_xcom_args', 'example_xcom_args_with_operators']) retrieved from /home/airflow/.local/lib/python3.7/site-packages/airflow/example_dags/example_xcomargs.py
[2024-12-03T18:27:25.618+0000] {logging_mixin.py:120} INFO - [2024-12-03T18:27:25.618+0000] {dag.py:2585} INFO - Sync 2 DAGs
[2024-12-03T18:27:25.651+0000] {logging_mixin.py:120} INFO - [2024-12-03T18:27:25.651+0000] {dag.py:3340} INFO - Setting next_dagrun for example_xcom_args to None, run_after=None
[2024-12-03T18:27:25.656+0000] {logging_mixin.py:120} INFO - [2024-12-03T18:27:25.656+0000] {dag.py:3340} INFO - Setting next_dagrun for example_xcom_args_with_operators to None, run_after=None
[2024-12-03T18:27:25.677+0000] {processor.py:176} INFO - Processing /home/airflow/.local/lib/python3.7/site-packages/airflow/example_dags/example_xcomargs.py took 0.160 seconds
[2024-12-03T18:27:55.965+0000] {processor.py:154} INFO - Started process (PID=15032) to work on /home/airflow/.local/lib/python3.7/site-packages/airflow/example_dags/example_xcomargs.py
[2024-12-03T18:27:55.966+0000] {processor.py:756} INFO - Processing file /home/airflow/.local/lib/python3.7/site-packages/airflow/example_dags/example_xcomargs.py for tasks to queue
[2024-12-03T18:27:55.967+0000] {logging_mixin.py:120} INFO - [2024-12-03T18:27:55.967+0000] {dagbag.py:537} INFO - Filling up the DagBag from /home/airflow/.local/lib/python3.7/site-packages/airflow/example_dags/example_xcomargs.py
[2024-12-03T18:27:56.001+0000] {processor.py:766} INFO - DAG(s) dict_keys(['example_xcom_args_with_operators', 'example_xcom_args']) retrieved from /home/airflow/.local/lib/python3.7/site-packages/airflow/example_dags/example_xcomargs.py
[2024-12-03T18:27:56.071+0000] {logging_mixin.py:120} INFO - [2024-12-03T18:27:56.071+0000] {dag.py:2585} INFO - Sync 2 DAGs
[2024-12-03T18:27:56.137+0000] {logging_mixin.py:120} INFO - [2024-12-03T18:27:56.137+0000] {dag.py:3340} INFO - Setting next_dagrun for example_xcom_args to None, run_after=None
[2024-12-03T18:27:56.144+0000] {logging_mixin.py:120} INFO - [2024-12-03T18:27:56.144+0000] {dag.py:3340} INFO - Setting next_dagrun for example_xcom_args_with_operators to None, run_after=None
[2024-12-03T18:27:56.174+0000] {processor.py:176} INFO - Processing /home/airflow/.local/lib/python3.7/site-packages/airflow/example_dags/example_xcomargs.py took 0.214 seconds
[2024-12-03T18:28:26.371+0000] {processor.py:154} INFO - Started process (PID=15089) to work on /home/airflow/.local/lib/python3.7/site-packages/airflow/example_dags/example_xcomargs.py
[2024-12-03T18:28:26.372+0000] {processor.py:756} INFO - Processing file /home/airflow/.local/lib/python3.7/site-packages/airflow/example_dags/example_xcomargs.py for tasks to queue
[2024-12-03T18:28:26.373+0000] {logging_mixin.py:120} INFO - [2024-12-03T18:28:26.373+0000] {dagbag.py:537} INFO - Filling up the DagBag from /home/airflow/.local/lib/python3.7/site-packages/airflow/example_dags/example_xcomargs.py
[2024-12-03T18:28:26.406+0000] {processor.py:766} INFO - DAG(s) dict_keys(['example_xcom_args_with_operators', 'example_xcom_args']) retrieved from /home/airflow/.local/lib/python3.7/site-packages/airflow/example_dags/example_xcomargs.py
[2024-12-03T18:28:26.470+0000] {logging_mixin.py:120} INFO - [2024-12-03T18:28:26.470+0000] {dag.py:2585} INFO - Sync 2 DAGs
[2024-12-03T18:28:26.508+0000] {logging_mixin.py:120} INFO - [2024-12-03T18:28:26.508+0000] {dag.py:3340} INFO - Setting next_dagrun for example_xcom_args to None, run_after=None
[2024-12-03T18:28:26.513+0000] {logging_mixin.py:120} INFO - [2024-12-03T18:28:26.513+0000] {dag.py:3340} INFO - Setting next_dagrun for example_xcom_args_with_operators to None, run_after=None
[2024-12-03T18:28:26.537+0000] {processor.py:176} INFO - Processing /home/airflow/.local/lib/python3.7/site-packages/airflow/example_dags/example_xcomargs.py took 0.172 seconds
[2024-12-03T18:28:56.638+0000] {processor.py:154} INFO - Started process (PID=15152) to work on /home/airflow/.local/lib/python3.7/site-packages/airflow/example_dags/example_xcomargs.py
[2024-12-03T18:28:56.639+0000] {processor.py:756} INFO - Processing file /home/airflow/.local/lib/python3.7/site-packages/airflow/example_dags/example_xcomargs.py for tasks to queue
[2024-12-03T18:28:56.640+0000] {logging_mixin.py:120} INFO - [2024-12-03T18:28:56.640+0000] {dagbag.py:537} INFO - Filling up the DagBag from /home/airflow/.local/lib/python3.7/site-packages/airflow/example_dags/example_xcomargs.py
[2024-12-03T18:28:56.673+0000] {processor.py:766} INFO - DAG(s) dict_keys(['example_xcom_args', 'example_xcom_args_with_operators']) retrieved from /home/airflow/.local/lib/python3.7/site-packages/airflow/example_dags/example_xcomargs.py
[2024-12-03T18:28:56.732+0000] {logging_mixin.py:120} INFO - [2024-12-03T18:28:56.732+0000] {dag.py:2585} INFO - Sync 2 DAGs
[2024-12-03T18:28:56.766+0000] {logging_mixin.py:120} INFO - [2024-12-03T18:28:56.766+0000] {dag.py:3340} INFO - Setting next_dagrun for example_xcom_args to None, run_after=None
[2024-12-03T18:28:56.770+0000] {logging_mixin.py:120} INFO - [2024-12-03T18:28:56.770+0000] {dag.py:3340} INFO - Setting next_dagrun for example_xcom_args_with_operators to None, run_after=None
[2024-12-03T18:28:56.793+0000] {processor.py:176} INFO - Processing /home/airflow/.local/lib/python3.7/site-packages/airflow/example_dags/example_xcomargs.py took 0.160 seconds
[2024-12-03T18:29:27.325+0000] {processor.py:154} INFO - Started process (PID=15207) to work on /home/airflow/.local/lib/python3.7/site-packages/airflow/example_dags/example_xcomargs.py
[2024-12-03T18:29:27.326+0000] {processor.py:756} INFO - Processing file /home/airflow/.local/lib/python3.7/site-packages/airflow/example_dags/example_xcomargs.py for tasks to queue
[2024-12-03T18:29:27.327+0000] {logging_mixin.py:120} INFO - [2024-12-03T18:29:27.327+0000] {dagbag.py:537} INFO - Filling up the DagBag from /home/airflow/.local/lib/python3.7/site-packages/airflow/example_dags/example_xcomargs.py
[2024-12-03T18:29:27.360+0000] {processor.py:766} INFO - DAG(s) dict_keys(['example_xcom_args', 'example_xcom_args_with_operators']) retrieved from /home/airflow/.local/lib/python3.7/site-packages/airflow/example_dags/example_xcomargs.py
[2024-12-03T18:29:27.419+0000] {logging_mixin.py:120} INFO - [2024-12-03T18:29:27.419+0000] {dag.py:2585} INFO - Sync 2 DAGs
[2024-12-03T18:29:27.455+0000] {logging_mixin.py:120} INFO - [2024-12-03T18:29:27.455+0000] {dag.py:3340} INFO - Setting next_dagrun for example_xcom_args to None, run_after=None
[2024-12-03T18:29:27.460+0000] {logging_mixin.py:120} INFO - [2024-12-03T18:29:27.460+0000] {dag.py:3340} INFO - Setting next_dagrun for example_xcom_args_with_operators to None, run_after=None
[2024-12-03T18:29:27.483+0000] {processor.py:176} INFO - Processing /home/airflow/.local/lib/python3.7/site-packages/airflow/example_dags/example_xcomargs.py took 0.163 seconds
[2024-12-03T18:29:57.992+0000] {processor.py:154} INFO - Started process (PID=15271) to work on /home/airflow/.local/lib/python3.7/site-packages/airflow/example_dags/example_xcomargs.py
[2024-12-03T18:29:57.993+0000] {processor.py:756} INFO - Processing file /home/airflow/.local/lib/python3.7/site-packages/airflow/example_dags/example_xcomargs.py for tasks to queue
[2024-12-03T18:29:57.994+0000] {logging_mixin.py:120} INFO - [2024-12-03T18:29:57.994+0000] {dagbag.py:537} INFO - Filling up the DagBag from /home/airflow/.local/lib/python3.7/site-packages/airflow/example_dags/example_xcomargs.py
[2024-12-03T18:29:58.026+0000] {processor.py:766} INFO - DAG(s) dict_keys(['example_xcom_args', 'example_xcom_args_with_operators']) retrieved from /home/airflow/.local/lib/python3.7/site-packages/airflow/example_dags/example_xcomargs.py
[2024-12-03T18:29:58.091+0000] {logging_mixin.py:120} INFO - [2024-12-03T18:29:58.091+0000] {dag.py:2585} INFO - Sync 2 DAGs
[2024-12-03T18:29:58.125+0000] {logging_mixin.py:120} INFO - [2024-12-03T18:29:58.125+0000] {dag.py:3340} INFO - Setting next_dagrun for example_xcom_args to None, run_after=None
[2024-12-03T18:29:58.129+0000] {logging_mixin.py:120} INFO - [2024-12-03T18:29:58.129+0000] {dag.py:3340} INFO - Setting next_dagrun for example_xcom_args_with_operators to None, run_after=None
[2024-12-03T18:29:58.152+0000] {processor.py:176} INFO - Processing /home/airflow/.local/lib/python3.7/site-packages/airflow/example_dags/example_xcomargs.py took 0.166 seconds
