[2024-12-03T18:25:50.424+0000] {processor.py:154} INFO - Started process (PID=14777) to work on /home/airflow/.local/lib/python3.7/site-packages/airflow/example_dags/example_bash_operator.py
[2024-12-03T18:25:50.425+0000] {processor.py:756} INFO - Processing file /home/airflow/.local/lib/python3.7/site-packages/airflow/example_dags/example_bash_operator.py for tasks to queue
[2024-12-03T18:25:50.428+0000] {logging_mixin.py:120} INFO - [2024-12-03T18:25:50.428+0000] {dagbag.py:537} INFO - Filling up the DagBag from /home/airflow/.local/lib/python3.7/site-packages/airflow/example_dags/example_bash_operator.py
[2024-12-03T18:25:50.460+0000] {processor.py:766} INFO - DAG(s) dict_keys(['example_bash_operator']) retrieved from /home/airflow/.local/lib/python3.7/site-packages/airflow/example_dags/example_bash_operator.py
[2024-12-03T18:25:50.527+0000] {logging_mixin.py:120} INFO - [2024-12-03T18:25:50.527+0000] {dag.py:2585} INFO - Sync 1 DAGs
[2024-12-03T18:25:50.566+0000] {logging_mixin.py:120} INFO - [2024-12-03T18:25:50.565+0000] {dag.py:3340} INFO - Setting next_dagrun for example_bash_operator to 2024-12-02T00:00:00+00:00, run_after=2024-12-03T00:00:00+00:00
[2024-12-03T18:25:50.593+0000] {processor.py:176} INFO - Processing /home/airflow/.local/lib/python3.7/site-packages/airflow/example_dags/example_bash_operator.py took 0.174 seconds
[2024-12-03T18:26:21.062+0000] {processor.py:154} INFO - Started process (PID=14834) to work on /home/airflow/.local/lib/python3.7/site-packages/airflow/example_dags/example_bash_operator.py
[2024-12-03T18:26:21.063+0000] {processor.py:756} INFO - Processing file /home/airflow/.local/lib/python3.7/site-packages/airflow/example_dags/example_bash_operator.py for tasks to queue
[2024-12-03T18:26:21.064+0000] {logging_mixin.py:120} INFO - [2024-12-03T18:26:21.064+0000] {dagbag.py:537} INFO - Filling up the DagBag from /home/airflow/.local/lib/python3.7/site-packages/airflow/example_dags/example_bash_operator.py
[2024-12-03T18:26:21.103+0000] {processor.py:766} INFO - DAG(s) dict_keys(['example_bash_operator']) retrieved from /home/airflow/.local/lib/python3.7/site-packages/airflow/example_dags/example_bash_operator.py
[2024-12-03T18:26:21.184+0000] {logging_mixin.py:120} INFO - [2024-12-03T18:26:21.184+0000] {dag.py:2585} INFO - Sync 1 DAGs
[2024-12-03T18:26:21.227+0000] {logging_mixin.py:120} INFO - [2024-12-03T18:26:21.227+0000] {dag.py:3340} INFO - Setting next_dagrun for example_bash_operator to 2024-12-02T00:00:00+00:00, run_after=2024-12-03T00:00:00+00:00
[2024-12-03T18:26:21.255+0000] {processor.py:176} INFO - Processing /home/airflow/.local/lib/python3.7/site-packages/airflow/example_dags/example_bash_operator.py took 0.198 seconds
[2024-12-03T18:26:51.411+0000] {processor.py:154} INFO - Started process (PID=14897) to work on /home/airflow/.local/lib/python3.7/site-packages/airflow/example_dags/example_bash_operator.py
[2024-12-03T18:26:51.413+0000] {processor.py:756} INFO - Processing file /home/airflow/.local/lib/python3.7/site-packages/airflow/example_dags/example_bash_operator.py for tasks to queue
[2024-12-03T18:26:51.414+0000] {logging_mixin.py:120} INFO - [2024-12-03T18:26:51.414+0000] {dagbag.py:537} INFO - Filling up the DagBag from /home/airflow/.local/lib/python3.7/site-packages/airflow/example_dags/example_bash_operator.py
[2024-12-03T18:26:51.443+0000] {processor.py:766} INFO - DAG(s) dict_keys(['example_bash_operator']) retrieved from /home/airflow/.local/lib/python3.7/site-packages/airflow/example_dags/example_bash_operator.py
[2024-12-03T18:26:51.511+0000] {logging_mixin.py:120} INFO - [2024-12-03T18:26:51.511+0000] {dag.py:2585} INFO - Sync 1 DAGs
[2024-12-03T18:26:51.554+0000] {logging_mixin.py:120} INFO - [2024-12-03T18:26:51.554+0000] {dag.py:3340} INFO - Setting next_dagrun for example_bash_operator to 2024-12-02T00:00:00+00:00, run_after=2024-12-03T00:00:00+00:00
[2024-12-03T18:26:51.581+0000] {processor.py:176} INFO - Processing /home/airflow/.local/lib/python3.7/site-packages/airflow/example_dags/example_bash_operator.py took 0.176 seconds
[2024-12-03T18:27:22.414+0000] {processor.py:154} INFO - Started process (PID=14962) to work on /home/airflow/.local/lib/python3.7/site-packages/airflow/example_dags/example_bash_operator.py
[2024-12-03T18:27:22.415+0000] {processor.py:756} INFO - Processing file /home/airflow/.local/lib/python3.7/site-packages/airflow/example_dags/example_bash_operator.py for tasks to queue
[2024-12-03T18:27:22.416+0000] {logging_mixin.py:120} INFO - [2024-12-03T18:27:22.416+0000] {dagbag.py:537} INFO - Filling up the DagBag from /home/airflow/.local/lib/python3.7/site-packages/airflow/example_dags/example_bash_operator.py
[2024-12-03T18:27:22.446+0000] {processor.py:766} INFO - DAG(s) dict_keys(['example_bash_operator']) retrieved from /home/airflow/.local/lib/python3.7/site-packages/airflow/example_dags/example_bash_operator.py
[2024-12-03T18:27:22.507+0000] {logging_mixin.py:120} INFO - [2024-12-03T18:27:22.507+0000] {dag.py:2585} INFO - Sync 1 DAGs
[2024-12-03T18:27:22.534+0000] {logging_mixin.py:120} INFO - [2024-12-03T18:27:22.533+0000] {dag.py:3340} INFO - Setting next_dagrun for example_bash_operator to 2024-12-02T00:00:00+00:00, run_after=2024-12-03T00:00:00+00:00
[2024-12-03T18:27:22.586+0000] {processor.py:176} INFO - Processing /home/airflow/.local/lib/python3.7/site-packages/airflow/example_dags/example_bash_operator.py took 0.176 seconds
[2024-12-03T18:27:53.410+0000] {processor.py:154} INFO - Started process (PID=15018) to work on /home/airflow/.local/lib/python3.7/site-packages/airflow/example_dags/example_bash_operator.py
[2024-12-03T18:27:53.411+0000] {processor.py:756} INFO - Processing file /home/airflow/.local/lib/python3.7/site-packages/airflow/example_dags/example_bash_operator.py for tasks to queue
[2024-12-03T18:27:53.412+0000] {logging_mixin.py:120} INFO - [2024-12-03T18:27:53.412+0000] {dagbag.py:537} INFO - Filling up the DagBag from /home/airflow/.local/lib/python3.7/site-packages/airflow/example_dags/example_bash_operator.py
[2024-12-03T18:27:53.442+0000] {processor.py:766} INFO - DAG(s) dict_keys(['example_bash_operator']) retrieved from /home/airflow/.local/lib/python3.7/site-packages/airflow/example_dags/example_bash_operator.py
[2024-12-03T18:27:53.511+0000] {logging_mixin.py:120} INFO - [2024-12-03T18:27:53.511+0000] {dag.py:2585} INFO - Sync 1 DAGs
[2024-12-03T18:27:53.550+0000] {logging_mixin.py:120} INFO - [2024-12-03T18:27:53.549+0000] {dag.py:3340} INFO - Setting next_dagrun for example_bash_operator to 2024-12-02T00:00:00+00:00, run_after=2024-12-03T00:00:00+00:00
[2024-12-03T18:27:53.578+0000] {processor.py:176} INFO - Processing /home/airflow/.local/lib/python3.7/site-packages/airflow/example_dags/example_bash_operator.py took 0.173 seconds
[2024-12-03T18:28:23.777+0000] {processor.py:154} INFO - Started process (PID=15083) to work on /home/airflow/.local/lib/python3.7/site-packages/airflow/example_dags/example_bash_operator.py
[2024-12-03T18:28:23.778+0000] {processor.py:756} INFO - Processing file /home/airflow/.local/lib/python3.7/site-packages/airflow/example_dags/example_bash_operator.py for tasks to queue
[2024-12-03T18:28:23.779+0000] {logging_mixin.py:120} INFO - [2024-12-03T18:28:23.779+0000] {dagbag.py:537} INFO - Filling up the DagBag from /home/airflow/.local/lib/python3.7/site-packages/airflow/example_dags/example_bash_operator.py
[2024-12-03T18:28:23.810+0000] {processor.py:766} INFO - DAG(s) dict_keys(['example_bash_operator']) retrieved from /home/airflow/.local/lib/python3.7/site-packages/airflow/example_dags/example_bash_operator.py
[2024-12-03T18:28:23.875+0000] {logging_mixin.py:120} INFO - [2024-12-03T18:28:23.875+0000] {dag.py:2585} INFO - Sync 1 DAGs
[2024-12-03T18:28:23.912+0000] {logging_mixin.py:120} INFO - [2024-12-03T18:28:23.912+0000] {dag.py:3340} INFO - Setting next_dagrun for example_bash_operator to 2024-12-02T00:00:00+00:00, run_after=2024-12-03T00:00:00+00:00
[2024-12-03T18:28:23.941+0000] {processor.py:176} INFO - Processing /home/airflow/.local/lib/python3.7/site-packages/airflow/example_dags/example_bash_operator.py took 0.169 seconds
[2024-12-03T18:28:54.039+0000] {processor.py:154} INFO - Started process (PID=15148) to work on /home/airflow/.local/lib/python3.7/site-packages/airflow/example_dags/example_bash_operator.py
[2024-12-03T18:28:54.042+0000] {processor.py:756} INFO - Processing file /home/airflow/.local/lib/python3.7/site-packages/airflow/example_dags/example_bash_operator.py for tasks to queue
[2024-12-03T18:28:54.043+0000] {logging_mixin.py:120} INFO - [2024-12-03T18:28:54.043+0000] {dagbag.py:537} INFO - Filling up the DagBag from /home/airflow/.local/lib/python3.7/site-packages/airflow/example_dags/example_bash_operator.py
[2024-12-03T18:28:54.084+0000] {processor.py:766} INFO - DAG(s) dict_keys(['example_bash_operator']) retrieved from /home/airflow/.local/lib/python3.7/site-packages/airflow/example_dags/example_bash_operator.py
[2024-12-03T18:28:54.172+0000] {logging_mixin.py:120} INFO - [2024-12-03T18:28:54.172+0000] {dag.py:2585} INFO - Sync 1 DAGs
[2024-12-03T18:28:54.217+0000] {logging_mixin.py:120} INFO - [2024-12-03T18:28:54.216+0000] {dag.py:3340} INFO - Setting next_dagrun for example_bash_operator to 2024-12-02T00:00:00+00:00, run_after=2024-12-03T00:00:00+00:00
[2024-12-03T18:28:54.252+0000] {processor.py:176} INFO - Processing /home/airflow/.local/lib/python3.7/site-packages/airflow/example_dags/example_bash_operator.py took 0.218 seconds
[2024-12-03T18:29:24.974+0000] {processor.py:154} INFO - Started process (PID=15204) to work on /home/airflow/.local/lib/python3.7/site-packages/airflow/example_dags/example_bash_operator.py
[2024-12-03T18:29:24.975+0000] {processor.py:756} INFO - Processing file /home/airflow/.local/lib/python3.7/site-packages/airflow/example_dags/example_bash_operator.py for tasks to queue
[2024-12-03T18:29:24.976+0000] {logging_mixin.py:120} INFO - [2024-12-03T18:29:24.976+0000] {dagbag.py:537} INFO - Filling up the DagBag from /home/airflow/.local/lib/python3.7/site-packages/airflow/example_dags/example_bash_operator.py
[2024-12-03T18:29:25.008+0000] {processor.py:766} INFO - DAG(s) dict_keys(['example_bash_operator']) retrieved from /home/airflow/.local/lib/python3.7/site-packages/airflow/example_dags/example_bash_operator.py
[2024-12-03T18:29:25.074+0000] {logging_mixin.py:120} INFO - [2024-12-03T18:29:25.074+0000] {dag.py:2585} INFO - Sync 1 DAGs
[2024-12-03T18:29:25.112+0000] {logging_mixin.py:120} INFO - [2024-12-03T18:29:25.112+0000] {dag.py:3340} INFO - Setting next_dagrun for example_bash_operator to 2024-12-02T00:00:00+00:00, run_after=2024-12-03T00:00:00+00:00
[2024-12-03T18:29:25.138+0000] {processor.py:176} INFO - Processing /home/airflow/.local/lib/python3.7/site-packages/airflow/example_dags/example_bash_operator.py took 0.168 seconds
[2024-12-03T18:29:55.761+0000] {processor.py:154} INFO - Started process (PID=15268) to work on /home/airflow/.local/lib/python3.7/site-packages/airflow/example_dags/example_bash_operator.py
[2024-12-03T18:29:55.762+0000] {processor.py:756} INFO - Processing file /home/airflow/.local/lib/python3.7/site-packages/airflow/example_dags/example_bash_operator.py for tasks to queue
[2024-12-03T18:29:55.763+0000] {logging_mixin.py:120} INFO - [2024-12-03T18:29:55.763+0000] {dagbag.py:537} INFO - Filling up the DagBag from /home/airflow/.local/lib/python3.7/site-packages/airflow/example_dags/example_bash_operator.py
[2024-12-03T18:29:55.801+0000] {processor.py:766} INFO - DAG(s) dict_keys(['example_bash_operator']) retrieved from /home/airflow/.local/lib/python3.7/site-packages/airflow/example_dags/example_bash_operator.py
[2024-12-03T18:29:55.872+0000] {logging_mixin.py:120} INFO - [2024-12-03T18:29:55.872+0000] {dag.py:2585} INFO - Sync 1 DAGs
[2024-12-03T18:29:55.913+0000] {logging_mixin.py:120} INFO - [2024-12-03T18:29:55.913+0000] {dag.py:3340} INFO - Setting next_dagrun for example_bash_operator to 2024-12-02T00:00:00+00:00, run_after=2024-12-03T00:00:00+00:00
[2024-12-03T18:29:55.943+0000] {processor.py:176} INFO - Processing /home/airflow/.local/lib/python3.7/site-packages/airflow/example_dags/example_bash_operator.py took 0.187 seconds
