[2024-12-03T18:25:43.111+0000] {processor.py:154} INFO - Started process (PID=14763) to work on /home/airflow/.local/lib/python3.7/site-packages/airflow/example_dags/example_branch_datetime_operator.py
[2024-12-03T18:25:43.112+0000] {processor.py:756} INFO - Processing file /home/airflow/.local/lib/python3.7/site-packages/airflow/example_dags/example_branch_datetime_operator.py for tasks to queue
[2024-12-03T18:25:43.113+0000] {logging_mixin.py:120} INFO - [2024-12-03T18:25:43.113+0000] {dagbag.py:537} INFO - Filling up the DagBag from /home/airflow/.local/lib/python3.7/site-packages/airflow/example_dags/example_branch_datetime_operator.py
[2024-12-03T18:25:43.146+0000] {processor.py:766} INFO - DAG(s) dict_keys(['example_branch_datetime_operator', 'example_branch_datetime_operator_2', 'example_branch_datetime_operator_3']) retrieved from /home/airflow/.local/lib/python3.7/site-packages/airflow/example_dags/example_branch_datetime_operator.py
[2024-12-03T18:25:43.264+0000] {logging_mixin.py:120} INFO - [2024-12-03T18:25:43.263+0000] {dag.py:2585} INFO - Sync 3 DAGs
[2024-12-03T18:25:43.367+0000] {logging_mixin.py:120} INFO - [2024-12-03T18:25:43.366+0000] {dag.py:3340} INFO - Setting next_dagrun for example_branch_datetime_operator to 2024-12-02T00:00:00+00:00, run_after=2024-12-03T00:00:00+00:00
[2024-12-03T18:25:43.392+0000] {logging_mixin.py:120} INFO - [2024-12-03T18:25:43.392+0000] {dag.py:3340} INFO - Setting next_dagrun for example_branch_datetime_operator_2 to 2024-12-02T00:00:00+00:00, run_after=2024-12-03T00:00:00+00:00
[2024-12-03T18:25:43.402+0000] {logging_mixin.py:120} INFO - [2024-12-03T18:25:43.401+0000] {dag.py:3340} INFO - Setting next_dagrun for example_branch_datetime_operator_3 to 2024-12-02T00:00:00+00:00, run_after=2024-12-03T00:00:00+00:00
[2024-12-03T18:25:43.440+0000] {processor.py:176} INFO - Processing /home/airflow/.local/lib/python3.7/site-packages/airflow/example_dags/example_branch_datetime_operator.py took 0.334 seconds
[2024-12-03T18:26:13.600+0000] {processor.py:154} INFO - Started process (PID=14828) to work on /home/airflow/.local/lib/python3.7/site-packages/airflow/example_dags/example_branch_datetime_operator.py
[2024-12-03T18:26:13.601+0000] {processor.py:756} INFO - Processing file /home/airflow/.local/lib/python3.7/site-packages/airflow/example_dags/example_branch_datetime_operator.py for tasks to queue
[2024-12-03T18:26:13.602+0000] {logging_mixin.py:120} INFO - [2024-12-03T18:26:13.602+0000] {dagbag.py:537} INFO - Filling up the DagBag from /home/airflow/.local/lib/python3.7/site-packages/airflow/example_dags/example_branch_datetime_operator.py
[2024-12-03T18:26:13.627+0000] {processor.py:766} INFO - DAG(s) dict_keys(['example_branch_datetime_operator', 'example_branch_datetime_operator_2', 'example_branch_datetime_operator_3']) retrieved from /home/airflow/.local/lib/python3.7/site-packages/airflow/example_dags/example_branch_datetime_operator.py
[2024-12-03T18:26:13.690+0000] {logging_mixin.py:120} INFO - [2024-12-03T18:26:13.689+0000] {dag.py:2585} INFO - Sync 3 DAGs
[2024-12-03T18:26:13.726+0000] {logging_mixin.py:120} INFO - [2024-12-03T18:26:13.725+0000] {dag.py:3340} INFO - Setting next_dagrun for example_branch_datetime_operator to 2024-12-02T00:00:00+00:00, run_after=2024-12-03T00:00:00+00:00
[2024-12-03T18:26:13.732+0000] {logging_mixin.py:120} INFO - [2024-12-03T18:26:13.732+0000] {dag.py:3340} INFO - Setting next_dagrun for example_branch_datetime_operator_2 to 2024-12-02T00:00:00+00:00, run_after=2024-12-03T00:00:00+00:00
[2024-12-03T18:26:13.736+0000] {logging_mixin.py:120} INFO - [2024-12-03T18:26:13.736+0000] {dag.py:3340} INFO - Setting next_dagrun for example_branch_datetime_operator_3 to 2024-12-02T00:00:00+00:00, run_after=2024-12-03T00:00:00+00:00
[2024-12-03T18:26:13.759+0000] {processor.py:176} INFO - Processing /home/airflow/.local/lib/python3.7/site-packages/airflow/example_dags/example_branch_datetime_operator.py took 0.164 seconds
[2024-12-03T18:26:43.812+0000] {processor.py:154} INFO - Started process (PID=14884) to work on /home/airflow/.local/lib/python3.7/site-packages/airflow/example_dags/example_branch_datetime_operator.py
[2024-12-03T18:26:43.813+0000] {processor.py:756} INFO - Processing file /home/airflow/.local/lib/python3.7/site-packages/airflow/example_dags/example_branch_datetime_operator.py for tasks to queue
[2024-12-03T18:26:43.814+0000] {logging_mixin.py:120} INFO - [2024-12-03T18:26:43.814+0000] {dagbag.py:537} INFO - Filling up the DagBag from /home/airflow/.local/lib/python3.7/site-packages/airflow/example_dags/example_branch_datetime_operator.py
[2024-12-03T18:26:43.841+0000] {processor.py:766} INFO - DAG(s) dict_keys(['example_branch_datetime_operator', 'example_branch_datetime_operator_3', 'example_branch_datetime_operator_2']) retrieved from /home/airflow/.local/lib/python3.7/site-packages/airflow/example_dags/example_branch_datetime_operator.py
[2024-12-03T18:26:43.908+0000] {logging_mixin.py:120} INFO - [2024-12-03T18:26:43.908+0000] {dag.py:2585} INFO - Sync 3 DAGs
[2024-12-03T18:26:43.948+0000] {logging_mixin.py:120} INFO - [2024-12-03T18:26:43.948+0000] {dag.py:3340} INFO - Setting next_dagrun for example_branch_datetime_operator to 2024-12-02T00:00:00+00:00, run_after=2024-12-03T00:00:00+00:00
[2024-12-03T18:26:43.956+0000] {logging_mixin.py:120} INFO - [2024-12-03T18:26:43.955+0000] {dag.py:3340} INFO - Setting next_dagrun for example_branch_datetime_operator_2 to 2024-12-02T00:00:00+00:00, run_after=2024-12-03T00:00:00+00:00
[2024-12-03T18:26:43.959+0000] {logging_mixin.py:120} INFO - [2024-12-03T18:26:43.959+0000] {dag.py:3340} INFO - Setting next_dagrun for example_branch_datetime_operator_3 to 2024-12-02T00:00:00+00:00, run_after=2024-12-03T00:00:00+00:00
[2024-12-03T18:26:43.984+0000] {processor.py:176} INFO - Processing /home/airflow/.local/lib/python3.7/site-packages/airflow/example_dags/example_branch_datetime_operator.py took 0.177 seconds
[2024-12-03T18:27:14.322+0000] {processor.py:154} INFO - Started process (PID=14949) to work on /home/airflow/.local/lib/python3.7/site-packages/airflow/example_dags/example_branch_datetime_operator.py
[2024-12-03T18:27:14.323+0000] {processor.py:756} INFO - Processing file /home/airflow/.local/lib/python3.7/site-packages/airflow/example_dags/example_branch_datetime_operator.py for tasks to queue
[2024-12-03T18:27:14.325+0000] {logging_mixin.py:120} INFO - [2024-12-03T18:27:14.324+0000] {dagbag.py:537} INFO - Filling up the DagBag from /home/airflow/.local/lib/python3.7/site-packages/airflow/example_dags/example_branch_datetime_operator.py
[2024-12-03T18:27:14.350+0000] {processor.py:766} INFO - DAG(s) dict_keys(['example_branch_datetime_operator', 'example_branch_datetime_operator_3', 'example_branch_datetime_operator_2']) retrieved from /home/airflow/.local/lib/python3.7/site-packages/airflow/example_dags/example_branch_datetime_operator.py
[2024-12-03T18:27:14.412+0000] {logging_mixin.py:120} INFO - [2024-12-03T18:27:14.412+0000] {dag.py:2585} INFO - Sync 3 DAGs
[2024-12-03T18:27:14.467+0000] {logging_mixin.py:120} INFO - [2024-12-03T18:27:14.467+0000] {dag.py:3340} INFO - Setting next_dagrun for example_branch_datetime_operator to 2024-12-02T00:00:00+00:00, run_after=2024-12-03T00:00:00+00:00
[2024-12-03T18:27:14.476+0000] {logging_mixin.py:120} INFO - [2024-12-03T18:27:14.476+0000] {dag.py:3340} INFO - Setting next_dagrun for example_branch_datetime_operator_2 to 2024-12-02T00:00:00+00:00, run_after=2024-12-03T00:00:00+00:00
[2024-12-03T18:27:14.481+0000] {logging_mixin.py:120} INFO - [2024-12-03T18:27:14.481+0000] {dag.py:3340} INFO - Setting next_dagrun for example_branch_datetime_operator_3 to 2024-12-02T00:00:00+00:00, run_after=2024-12-03T00:00:00+00:00
[2024-12-03T18:27:14.509+0000] {processor.py:176} INFO - Processing /home/airflow/.local/lib/python3.7/site-packages/airflow/example_dags/example_branch_datetime_operator.py took 0.191 seconds
[2024-12-03T18:27:45.075+0000] {processor.py:154} INFO - Started process (PID=15014) to work on /home/airflow/.local/lib/python3.7/site-packages/airflow/example_dags/example_branch_datetime_operator.py
[2024-12-03T18:27:45.076+0000] {processor.py:756} INFO - Processing file /home/airflow/.local/lib/python3.7/site-packages/airflow/example_dags/example_branch_datetime_operator.py for tasks to queue
[2024-12-03T18:27:45.077+0000] {logging_mixin.py:120} INFO - [2024-12-03T18:27:45.077+0000] {dagbag.py:537} INFO - Filling up the DagBag from /home/airflow/.local/lib/python3.7/site-packages/airflow/example_dags/example_branch_datetime_operator.py
[2024-12-03T18:27:45.102+0000] {processor.py:766} INFO - DAG(s) dict_keys(['example_branch_datetime_operator', 'example_branch_datetime_operator_2', 'example_branch_datetime_operator_3']) retrieved from /home/airflow/.local/lib/python3.7/site-packages/airflow/example_dags/example_branch_datetime_operator.py
[2024-12-03T18:27:45.176+0000] {logging_mixin.py:120} INFO - [2024-12-03T18:27:45.176+0000] {dag.py:2585} INFO - Sync 3 DAGs
[2024-12-03T18:27:45.223+0000] {logging_mixin.py:120} INFO - [2024-12-03T18:27:45.223+0000] {dag.py:3340} INFO - Setting next_dagrun for example_branch_datetime_operator to 2024-12-02T00:00:00+00:00, run_after=2024-12-03T00:00:00+00:00
[2024-12-03T18:27:45.235+0000] {logging_mixin.py:120} INFO - [2024-12-03T18:27:45.235+0000] {dag.py:3340} INFO - Setting next_dagrun for example_branch_datetime_operator_2 to 2024-12-02T00:00:00+00:00, run_after=2024-12-03T00:00:00+00:00
[2024-12-03T18:27:45.241+0000] {logging_mixin.py:120} INFO - [2024-12-03T18:27:45.240+0000] {dag.py:3340} INFO - Setting next_dagrun for example_branch_datetime_operator_3 to 2024-12-02T00:00:00+00:00, run_after=2024-12-03T00:00:00+00:00
[2024-12-03T18:27:45.281+0000] {processor.py:176} INFO - Processing /home/airflow/.local/lib/python3.7/site-packages/airflow/example_dags/example_branch_datetime_operator.py took 0.211 seconds
[2024-12-03T18:28:15.341+0000] {processor.py:154} INFO - Started process (PID=15071) to work on /home/airflow/.local/lib/python3.7/site-packages/airflow/example_dags/example_branch_datetime_operator.py
[2024-12-03T18:28:15.342+0000] {processor.py:756} INFO - Processing file /home/airflow/.local/lib/python3.7/site-packages/airflow/example_dags/example_branch_datetime_operator.py for tasks to queue
[2024-12-03T18:28:15.343+0000] {logging_mixin.py:120} INFO - [2024-12-03T18:28:15.343+0000] {dagbag.py:537} INFO - Filling up the DagBag from /home/airflow/.local/lib/python3.7/site-packages/airflow/example_dags/example_branch_datetime_operator.py
[2024-12-03T18:28:15.368+0000] {processor.py:766} INFO - DAG(s) dict_keys(['example_branch_datetime_operator', 'example_branch_datetime_operator_2', 'example_branch_datetime_operator_3']) retrieved from /home/airflow/.local/lib/python3.7/site-packages/airflow/example_dags/example_branch_datetime_operator.py
[2024-12-03T18:28:15.432+0000] {logging_mixin.py:120} INFO - [2024-12-03T18:28:15.432+0000] {dag.py:2585} INFO - Sync 3 DAGs
[2024-12-03T18:28:15.467+0000] {logging_mixin.py:120} INFO - [2024-12-03T18:28:15.467+0000] {dag.py:3340} INFO - Setting next_dagrun for example_branch_datetime_operator to 2024-12-02T00:00:00+00:00, run_after=2024-12-03T00:00:00+00:00
[2024-12-03T18:28:15.473+0000] {logging_mixin.py:120} INFO - [2024-12-03T18:28:15.473+0000] {dag.py:3340} INFO - Setting next_dagrun for example_branch_datetime_operator_2 to 2024-12-02T00:00:00+00:00, run_after=2024-12-03T00:00:00+00:00
[2024-12-03T18:28:15.476+0000] {logging_mixin.py:120} INFO - [2024-12-03T18:28:15.476+0000] {dag.py:3340} INFO - Setting next_dagrun for example_branch_datetime_operator_3 to 2024-12-02T00:00:00+00:00, run_after=2024-12-03T00:00:00+00:00
[2024-12-03T18:28:15.498+0000] {processor.py:176} INFO - Processing /home/airflow/.local/lib/python3.7/site-packages/airflow/example_dags/example_branch_datetime_operator.py took 0.162 seconds
[2024-12-03T18:28:45.633+0000] {processor.py:154} INFO - Started process (PID=15135) to work on /home/airflow/.local/lib/python3.7/site-packages/airflow/example_dags/example_branch_datetime_operator.py
[2024-12-03T18:28:45.635+0000] {processor.py:756} INFO - Processing file /home/airflow/.local/lib/python3.7/site-packages/airflow/example_dags/example_branch_datetime_operator.py for tasks to queue
[2024-12-03T18:28:45.636+0000] {logging_mixin.py:120} INFO - [2024-12-03T18:28:45.636+0000] {dagbag.py:537} INFO - Filling up the DagBag from /home/airflow/.local/lib/python3.7/site-packages/airflow/example_dags/example_branch_datetime_operator.py
[2024-12-03T18:28:45.663+0000] {processor.py:766} INFO - DAG(s) dict_keys(['example_branch_datetime_operator_3', 'example_branch_datetime_operator_2', 'example_branch_datetime_operator']) retrieved from /home/airflow/.local/lib/python3.7/site-packages/airflow/example_dags/example_branch_datetime_operator.py
[2024-12-03T18:28:45.728+0000] {logging_mixin.py:120} INFO - [2024-12-03T18:28:45.728+0000] {dag.py:2585} INFO - Sync 3 DAGs
[2024-12-03T18:28:45.765+0000] {logging_mixin.py:120} INFO - [2024-12-03T18:28:45.765+0000] {dag.py:3340} INFO - Setting next_dagrun for example_branch_datetime_operator to 2024-12-02T00:00:00+00:00, run_after=2024-12-03T00:00:00+00:00
[2024-12-03T18:28:45.774+0000] {logging_mixin.py:120} INFO - [2024-12-03T18:28:45.773+0000] {dag.py:3340} INFO - Setting next_dagrun for example_branch_datetime_operator_2 to 2024-12-02T00:00:00+00:00, run_after=2024-12-03T00:00:00+00:00
[2024-12-03T18:28:45.777+0000] {logging_mixin.py:120} INFO - [2024-12-03T18:28:45.777+0000] {dag.py:3340} INFO - Setting next_dagrun for example_branch_datetime_operator_3 to 2024-12-02T00:00:00+00:00, run_after=2024-12-03T00:00:00+00:00
[2024-12-03T18:28:45.802+0000] {processor.py:176} INFO - Processing /home/airflow/.local/lib/python3.7/site-packages/airflow/example_dags/example_branch_datetime_operator.py took 0.173 seconds
[2024-12-03T18:29:16.592+0000] {processor.py:154} INFO - Started process (PID=15191) to work on /home/airflow/.local/lib/python3.7/site-packages/airflow/example_dags/example_branch_datetime_operator.py
[2024-12-03T18:29:16.593+0000] {processor.py:756} INFO - Processing file /home/airflow/.local/lib/python3.7/site-packages/airflow/example_dags/example_branch_datetime_operator.py for tasks to queue
[2024-12-03T18:29:16.594+0000] {logging_mixin.py:120} INFO - [2024-12-03T18:29:16.594+0000] {dagbag.py:537} INFO - Filling up the DagBag from /home/airflow/.local/lib/python3.7/site-packages/airflow/example_dags/example_branch_datetime_operator.py
[2024-12-03T18:29:16.619+0000] {processor.py:766} INFO - DAG(s) dict_keys(['example_branch_datetime_operator', 'example_branch_datetime_operator_3', 'example_branch_datetime_operator_2']) retrieved from /home/airflow/.local/lib/python3.7/site-packages/airflow/example_dags/example_branch_datetime_operator.py
[2024-12-03T18:29:16.682+0000] {logging_mixin.py:120} INFO - [2024-12-03T18:29:16.682+0000] {dag.py:2585} INFO - Sync 3 DAGs
[2024-12-03T18:29:16.717+0000] {logging_mixin.py:120} INFO - [2024-12-03T18:29:16.717+0000] {dag.py:3340} INFO - Setting next_dagrun for example_branch_datetime_operator to 2024-12-02T00:00:00+00:00, run_after=2024-12-03T00:00:00+00:00
[2024-12-03T18:29:16.722+0000] {logging_mixin.py:120} INFO - [2024-12-03T18:29:16.722+0000] {dag.py:3340} INFO - Setting next_dagrun for example_branch_datetime_operator_2 to 2024-12-02T00:00:00+00:00, run_after=2024-12-03T00:00:00+00:00
[2024-12-03T18:29:16.725+0000] {logging_mixin.py:120} INFO - [2024-12-03T18:29:16.725+0000] {dag.py:3340} INFO - Setting next_dagrun for example_branch_datetime_operator_3 to 2024-12-02T00:00:00+00:00, run_after=2024-12-03T00:00:00+00:00
[2024-12-03T18:29:16.742+0000] {processor.py:176} INFO - Processing /home/airflow/.local/lib/python3.7/site-packages/airflow/example_dags/example_branch_datetime_operator.py took 0.154 seconds
[2024-12-03T18:29:47.472+0000] {processor.py:154} INFO - Started process (PID=15255) to work on /home/airflow/.local/lib/python3.7/site-packages/airflow/example_dags/example_branch_datetime_operator.py
[2024-12-03T18:29:47.474+0000] {processor.py:756} INFO - Processing file /home/airflow/.local/lib/python3.7/site-packages/airflow/example_dags/example_branch_datetime_operator.py for tasks to queue
[2024-12-03T18:29:47.475+0000] {logging_mixin.py:120} INFO - [2024-12-03T18:29:47.475+0000] {dagbag.py:537} INFO - Filling up the DagBag from /home/airflow/.local/lib/python3.7/site-packages/airflow/example_dags/example_branch_datetime_operator.py
[2024-12-03T18:29:47.502+0000] {processor.py:766} INFO - DAG(s) dict_keys(['example_branch_datetime_operator_3', 'example_branch_datetime_operator_2', 'example_branch_datetime_operator']) retrieved from /home/airflow/.local/lib/python3.7/site-packages/airflow/example_dags/example_branch_datetime_operator.py
[2024-12-03T18:29:47.568+0000] {logging_mixin.py:120} INFO - [2024-12-03T18:29:47.567+0000] {dag.py:2585} INFO - Sync 3 DAGs
[2024-12-03T18:29:47.605+0000] {logging_mixin.py:120} INFO - [2024-12-03T18:29:47.605+0000] {dag.py:3340} INFO - Setting next_dagrun for example_branch_datetime_operator to 2024-12-02T00:00:00+00:00, run_after=2024-12-03T00:00:00+00:00
[2024-12-03T18:29:47.612+0000] {logging_mixin.py:120} INFO - [2024-12-03T18:29:47.612+0000] {dag.py:3340} INFO - Setting next_dagrun for example_branch_datetime_operator_2 to 2024-12-02T00:00:00+00:00, run_after=2024-12-03T00:00:00+00:00
[2024-12-03T18:29:47.615+0000] {logging_mixin.py:120} INFO - [2024-12-03T18:29:47.615+0000] {dag.py:3340} INFO - Setting next_dagrun for example_branch_datetime_operator_3 to 2024-12-02T00:00:00+00:00, run_after=2024-12-03T00:00:00+00:00
[2024-12-03T18:29:47.639+0000] {processor.py:176} INFO - Processing /home/airflow/.local/lib/python3.7/site-packages/airflow/example_dags/example_branch_datetime_operator.py took 0.171 seconds
