[2024-12-03T18:25:30.564+0000] {processor.py:154} INFO - Started process (PID=14739) to work on /home/airflow/.local/lib/python3.7/site-packages/airflow/example_dags/example_branch_python_dop_operator_3.py
[2024-12-03T18:25:30.565+0000] {processor.py:756} INFO - Processing file /home/airflow/.local/lib/python3.7/site-packages/airflow/example_dags/example_branch_python_dop_operator_3.py for tasks to queue
[2024-12-03T18:25:30.566+0000] {logging_mixin.py:120} INFO - [2024-12-03T18:25:30.566+0000] {dagbag.py:537} INFO - Filling up the DagBag from /home/airflow/.local/lib/python3.7/site-packages/airflow/example_dags/example_branch_python_dop_operator_3.py
[2024-12-03T18:25:30.599+0000] {processor.py:766} INFO - DAG(s) dict_keys(['example_branch_dop_operator_v3']) retrieved from /home/airflow/.local/lib/python3.7/site-packages/airflow/example_dags/example_branch_python_dop_operator_3.py
[2024-12-03T18:25:30.653+0000] {logging_mixin.py:120} INFO - [2024-12-03T18:25:30.653+0000] {dag.py:2585} INFO - Sync 1 DAGs
[2024-12-03T18:25:30.695+0000] {logging_mixin.py:120} INFO - [2024-12-03T18:25:30.695+0000] {dag.py:3340} INFO - Setting next_dagrun for example_branch_dop_operator_v3 to 2024-12-03T18:24:00+00:00, run_after=2024-12-03T18:25:00+00:00
[2024-12-03T18:25:30.725+0000] {processor.py:176} INFO - Processing /home/airflow/.local/lib/python3.7/site-packages/airflow/example_dags/example_branch_python_dop_operator_3.py took 0.166 seconds
[2024-12-03T18:26:00.954+0000] {processor.py:154} INFO - Started process (PID=14803) to work on /home/airflow/.local/lib/python3.7/site-packages/airflow/example_dags/example_branch_python_dop_operator_3.py
[2024-12-03T18:26:00.956+0000] {processor.py:756} INFO - Processing file /home/airflow/.local/lib/python3.7/site-packages/airflow/example_dags/example_branch_python_dop_operator_3.py for tasks to queue
[2024-12-03T18:26:00.957+0000] {logging_mixin.py:120} INFO - [2024-12-03T18:26:00.957+0000] {dagbag.py:537} INFO - Filling up the DagBag from /home/airflow/.local/lib/python3.7/site-packages/airflow/example_dags/example_branch_python_dop_operator_3.py
[2024-12-03T18:26:00.992+0000] {processor.py:766} INFO - DAG(s) dict_keys(['example_branch_dop_operator_v3']) retrieved from /home/airflow/.local/lib/python3.7/site-packages/airflow/example_dags/example_branch_python_dop_operator_3.py
[2024-12-03T18:26:01.055+0000] {logging_mixin.py:120} INFO - [2024-12-03T18:26:01.055+0000] {dag.py:2585} INFO - Sync 1 DAGs
[2024-12-03T18:26:01.101+0000] {logging_mixin.py:120} INFO - [2024-12-03T18:26:01.101+0000] {dag.py:3340} INFO - Setting next_dagrun for example_branch_dop_operator_v3 to 2024-12-03T18:25:00+00:00, run_after=2024-12-03T18:26:00+00:00
[2024-12-03T18:26:01.134+0000] {processor.py:176} INFO - Processing /home/airflow/.local/lib/python3.7/site-packages/airflow/example_dags/example_branch_python_dop_operator_3.py took 0.185 seconds
[2024-12-03T18:26:31.212+0000] {processor.py:154} INFO - Started process (PID=14860) to work on /home/airflow/.local/lib/python3.7/site-packages/airflow/example_dags/example_branch_python_dop_operator_3.py
[2024-12-03T18:26:31.213+0000] {processor.py:756} INFO - Processing file /home/airflow/.local/lib/python3.7/site-packages/airflow/example_dags/example_branch_python_dop_operator_3.py for tasks to queue
[2024-12-03T18:26:31.214+0000] {logging_mixin.py:120} INFO - [2024-12-03T18:26:31.214+0000] {dagbag.py:537} INFO - Filling up the DagBag from /home/airflow/.local/lib/python3.7/site-packages/airflow/example_dags/example_branch_python_dop_operator_3.py
[2024-12-03T18:26:31.257+0000] {processor.py:766} INFO - DAG(s) dict_keys(['example_branch_dop_operator_v3']) retrieved from /home/airflow/.local/lib/python3.7/site-packages/airflow/example_dags/example_branch_python_dop_operator_3.py
[2024-12-03T18:26:31.321+0000] {logging_mixin.py:120} INFO - [2024-12-03T18:26:31.321+0000] {dag.py:2585} INFO - Sync 1 DAGs
[2024-12-03T18:26:31.379+0000] {logging_mixin.py:120} INFO - [2024-12-03T18:26:31.378+0000] {dag.py:3340} INFO - Setting next_dagrun for example_branch_dop_operator_v3 to 2024-12-03T18:25:00+00:00, run_after=2024-12-03T18:26:00+00:00
[2024-12-03T18:26:31.414+0000] {processor.py:176} INFO - Processing /home/airflow/.local/lib/python3.7/site-packages/airflow/example_dags/example_branch_python_dop_operator_3.py took 0.211 seconds
[2024-12-03T18:27:01.827+0000] {processor.py:154} INFO - Started process (PID=14925) to work on /home/airflow/.local/lib/python3.7/site-packages/airflow/example_dags/example_branch_python_dop_operator_3.py
[2024-12-03T18:27:01.828+0000] {processor.py:756} INFO - Processing file /home/airflow/.local/lib/python3.7/site-packages/airflow/example_dags/example_branch_python_dop_operator_3.py for tasks to queue
[2024-12-03T18:27:01.829+0000] {logging_mixin.py:120} INFO - [2024-12-03T18:27:01.829+0000] {dagbag.py:537} INFO - Filling up the DagBag from /home/airflow/.local/lib/python3.7/site-packages/airflow/example_dags/example_branch_python_dop_operator_3.py
[2024-12-03T18:27:01.860+0000] {processor.py:766} INFO - DAG(s) dict_keys(['example_branch_dop_operator_v3']) retrieved from /home/airflow/.local/lib/python3.7/site-packages/airflow/example_dags/example_branch_python_dop_operator_3.py
[2024-12-03T18:27:01.915+0000] {logging_mixin.py:120} INFO - [2024-12-03T18:27:01.915+0000] {dag.py:2585} INFO - Sync 1 DAGs
[2024-12-03T18:27:01.957+0000] {logging_mixin.py:120} INFO - [2024-12-03T18:27:01.957+0000] {dag.py:3340} INFO - Setting next_dagrun for example_branch_dop_operator_v3 to 2024-12-03T18:26:00+00:00, run_after=2024-12-03T18:27:00+00:00
[2024-12-03T18:27:01.983+0000] {processor.py:176} INFO - Processing /home/airflow/.local/lib/python3.7/site-packages/airflow/example_dags/example_branch_python_dop_operator_3.py took 0.160 seconds
[2024-12-03T18:27:32.360+0000] {processor.py:154} INFO - Started process (PID=14988) to work on /home/airflow/.local/lib/python3.7/site-packages/airflow/example_dags/example_branch_python_dop_operator_3.py
[2024-12-03T18:27:32.361+0000] {processor.py:756} INFO - Processing file /home/airflow/.local/lib/python3.7/site-packages/airflow/example_dags/example_branch_python_dop_operator_3.py for tasks to queue
[2024-12-03T18:27:32.362+0000] {logging_mixin.py:120} INFO - [2024-12-03T18:27:32.362+0000] {dagbag.py:537} INFO - Filling up the DagBag from /home/airflow/.local/lib/python3.7/site-packages/airflow/example_dags/example_branch_python_dop_operator_3.py
[2024-12-03T18:27:32.398+0000] {processor.py:766} INFO - DAG(s) dict_keys(['example_branch_dop_operator_v3']) retrieved from /home/airflow/.local/lib/python3.7/site-packages/airflow/example_dags/example_branch_python_dop_operator_3.py
[2024-12-03T18:27:32.466+0000] {logging_mixin.py:120} INFO - [2024-12-03T18:27:32.465+0000] {dag.py:2585} INFO - Sync 1 DAGs
[2024-12-03T18:27:32.510+0000] {logging_mixin.py:120} INFO - [2024-12-03T18:27:32.510+0000] {dag.py:3340} INFO - Setting next_dagrun for example_branch_dop_operator_v3 to 2024-12-03T18:26:00+00:00, run_after=2024-12-03T18:27:00+00:00
[2024-12-03T18:27:32.542+0000] {processor.py:176} INFO - Processing /home/airflow/.local/lib/python3.7/site-packages/airflow/example_dags/example_branch_python_dop_operator_3.py took 0.188 seconds
[2024-12-03T18:28:02.778+0000] {processor.py:154} INFO - Started process (PID=15046) to work on /home/airflow/.local/lib/python3.7/site-packages/airflow/example_dags/example_branch_python_dop_operator_3.py
[2024-12-03T18:28:02.779+0000] {processor.py:756} INFO - Processing file /home/airflow/.local/lib/python3.7/site-packages/airflow/example_dags/example_branch_python_dop_operator_3.py for tasks to queue
[2024-12-03T18:28:02.780+0000] {logging_mixin.py:120} INFO - [2024-12-03T18:28:02.780+0000] {dagbag.py:537} INFO - Filling up the DagBag from /home/airflow/.local/lib/python3.7/site-packages/airflow/example_dags/example_branch_python_dop_operator_3.py
[2024-12-03T18:28:02.812+0000] {processor.py:766} INFO - DAG(s) dict_keys(['example_branch_dop_operator_v3']) retrieved from /home/airflow/.local/lib/python3.7/site-packages/airflow/example_dags/example_branch_python_dop_operator_3.py
[2024-12-03T18:28:02.870+0000] {logging_mixin.py:120} INFO - [2024-12-03T18:28:02.870+0000] {dag.py:2585} INFO - Sync 1 DAGs
[2024-12-03T18:28:02.920+0000] {logging_mixin.py:120} INFO - [2024-12-03T18:28:02.920+0000] {dag.py:3340} INFO - Setting next_dagrun for example_branch_dop_operator_v3 to 2024-12-03T18:27:00+00:00, run_after=2024-12-03T18:28:00+00:00
[2024-12-03T18:28:02.950+0000] {processor.py:176} INFO - Processing /home/airflow/.local/lib/python3.7/site-packages/airflow/example_dags/example_branch_python_dop_operator_3.py took 0.177 seconds
[2024-12-03T18:28:33.358+0000] {processor.py:154} INFO - Started process (PID=15111) to work on /home/airflow/.local/lib/python3.7/site-packages/airflow/example_dags/example_branch_python_dop_operator_3.py
[2024-12-03T18:28:33.360+0000] {processor.py:756} INFO - Processing file /home/airflow/.local/lib/python3.7/site-packages/airflow/example_dags/example_branch_python_dop_operator_3.py for tasks to queue
[2024-12-03T18:28:33.361+0000] {logging_mixin.py:120} INFO - [2024-12-03T18:28:33.360+0000] {dagbag.py:537} INFO - Filling up the DagBag from /home/airflow/.local/lib/python3.7/site-packages/airflow/example_dags/example_branch_python_dop_operator_3.py
[2024-12-03T18:28:33.394+0000] {processor.py:766} INFO - DAG(s) dict_keys(['example_branch_dop_operator_v3']) retrieved from /home/airflow/.local/lib/python3.7/site-packages/airflow/example_dags/example_branch_python_dop_operator_3.py
[2024-12-03T18:28:33.456+0000] {logging_mixin.py:120} INFO - [2024-12-03T18:28:33.456+0000] {dag.py:2585} INFO - Sync 1 DAGs
[2024-12-03T18:28:33.501+0000] {logging_mixin.py:120} INFO - [2024-12-03T18:28:33.501+0000] {dag.py:3340} INFO - Setting next_dagrun for example_branch_dop_operator_v3 to 2024-12-03T18:27:00+00:00, run_after=2024-12-03T18:28:00+00:00
[2024-12-03T18:28:33.530+0000] {processor.py:176} INFO - Processing /home/airflow/.local/lib/python3.7/site-packages/airflow/example_dags/example_branch_python_dop_operator_3.py took 0.176 seconds
[2024-12-03T18:29:04.040+0000] {processor.py:154} INFO - Started process (PID=15167) to work on /home/airflow/.local/lib/python3.7/site-packages/airflow/example_dags/example_branch_python_dop_operator_3.py
[2024-12-03T18:29:04.041+0000] {processor.py:756} INFO - Processing file /home/airflow/.local/lib/python3.7/site-packages/airflow/example_dags/example_branch_python_dop_operator_3.py for tasks to queue
[2024-12-03T18:29:04.042+0000] {logging_mixin.py:120} INFO - [2024-12-03T18:29:04.042+0000] {dagbag.py:537} INFO - Filling up the DagBag from /home/airflow/.local/lib/python3.7/site-packages/airflow/example_dags/example_branch_python_dop_operator_3.py
[2024-12-03T18:29:04.076+0000] {processor.py:766} INFO - DAG(s) dict_keys(['example_branch_dop_operator_v3']) retrieved from /home/airflow/.local/lib/python3.7/site-packages/airflow/example_dags/example_branch_python_dop_operator_3.py
[2024-12-03T18:29:04.131+0000] {logging_mixin.py:120} INFO - [2024-12-03T18:29:04.131+0000] {dag.py:2585} INFO - Sync 1 DAGs
[2024-12-03T18:29:04.172+0000] {logging_mixin.py:120} INFO - [2024-12-03T18:29:04.172+0000] {dag.py:3340} INFO - Setting next_dagrun for example_branch_dop_operator_v3 to 2024-12-03T18:28:00+00:00, run_after=2024-12-03T18:29:00+00:00
[2024-12-03T18:29:04.202+0000] {processor.py:176} INFO - Processing /home/airflow/.local/lib/python3.7/site-packages/airflow/example_dags/example_branch_python_dop_operator_3.py took 0.167 seconds
[2024-12-03T18:29:34.910+0000] {processor.py:154} INFO - Started process (PID=15231) to work on /home/airflow/.local/lib/python3.7/site-packages/airflow/example_dags/example_branch_python_dop_operator_3.py
[2024-12-03T18:29:34.911+0000] {processor.py:756} INFO - Processing file /home/airflow/.local/lib/python3.7/site-packages/airflow/example_dags/example_branch_python_dop_operator_3.py for tasks to queue
[2024-12-03T18:29:34.912+0000] {logging_mixin.py:120} INFO - [2024-12-03T18:29:34.912+0000] {dagbag.py:537} INFO - Filling up the DagBag from /home/airflow/.local/lib/python3.7/site-packages/airflow/example_dags/example_branch_python_dop_operator_3.py
[2024-12-03T18:29:34.946+0000] {processor.py:766} INFO - DAG(s) dict_keys(['example_branch_dop_operator_v3']) retrieved from /home/airflow/.local/lib/python3.7/site-packages/airflow/example_dags/example_branch_python_dop_operator_3.py
[2024-12-03T18:29:35.004+0000] {logging_mixin.py:120} INFO - [2024-12-03T18:29:35.004+0000] {dag.py:2585} INFO - Sync 1 DAGs
[2024-12-03T18:29:35.044+0000] {logging_mixin.py:120} INFO - [2024-12-03T18:29:35.044+0000] {dag.py:3340} INFO - Setting next_dagrun for example_branch_dop_operator_v3 to 2024-12-03T18:28:00+00:00, run_after=2024-12-03T18:29:00+00:00
[2024-12-03T18:29:35.070+0000] {processor.py:176} INFO - Processing /home/airflow/.local/lib/python3.7/site-packages/airflow/example_dags/example_branch_python_dop_operator_3.py took 0.165 seconds
[2024-12-03T18:30:05.646+0000] {processor.py:154} INFO - Started process (PID=15296) to work on /home/airflow/.local/lib/python3.7/site-packages/airflow/example_dags/example_branch_python_dop_operator_3.py
[2024-12-03T18:30:05.647+0000] {processor.py:756} INFO - Processing file /home/airflow/.local/lib/python3.7/site-packages/airflow/example_dags/example_branch_python_dop_operator_3.py for tasks to queue
[2024-12-03T18:30:05.648+0000] {logging_mixin.py:120} INFO - [2024-12-03T18:30:05.648+0000] {dagbag.py:537} INFO - Filling up the DagBag from /home/airflow/.local/lib/python3.7/site-packages/airflow/example_dags/example_branch_python_dop_operator_3.py
[2024-12-03T18:30:05.678+0000] {processor.py:766} INFO - DAG(s) dict_keys(['example_branch_dop_operator_v3']) retrieved from /home/airflow/.local/lib/python3.7/site-packages/airflow/example_dags/example_branch_python_dop_operator_3.py
[2024-12-03T18:30:05.745+0000] {logging_mixin.py:120} INFO - [2024-12-03T18:30:05.744+0000] {dag.py:2585} INFO - Sync 1 DAGs
[2024-12-03T18:30:05.792+0000] {logging_mixin.py:120} INFO - [2024-12-03T18:30:05.792+0000] {dag.py:3340} INFO - Setting next_dagrun for example_branch_dop_operator_v3 to 2024-12-03T18:29:00+00:00, run_after=2024-12-03T18:30:00+00:00
[2024-12-03T18:30:05.822+0000] {processor.py:176} INFO - Processing /home/airflow/.local/lib/python3.7/site-packages/airflow/example_dags/example_branch_python_dop_operator_3.py took 0.180 seconds
