[2024-12-03T18:25:31.109+0000] {processor.py:154} INFO - Started process (PID=14743) to work on /home/airflow/.local/lib/python3.7/site-packages/airflow/example_dags/example_local_kubernetes_executor.py
[2024-12-03T18:25:31.111+0000] {processor.py:756} INFO - Processing file /home/airflow/.local/lib/python3.7/site-packages/airflow/example_dags/example_local_kubernetes_executor.py for tasks to queue
[2024-12-03T18:25:31.112+0000] {logging_mixin.py:120} INFO - [2024-12-03T18:25:31.111+0000] {dagbag.py:537} INFO - Filling up the DagBag from /home/airflow/.local/lib/python3.7/site-packages/airflow/example_dags/example_local_kubernetes_executor.py
[2024-12-03T18:25:31.145+0000] {processor.py:766} INFO - DAG(s) dict_keys(['example_local_kubernetes_executor']) retrieved from /home/airflow/.local/lib/python3.7/site-packages/airflow/example_dags/example_local_kubernetes_executor.py
[2024-12-03T18:25:31.233+0000] {logging_mixin.py:120} INFO - [2024-12-03T18:25:31.233+0000] {dag.py:2585} INFO - Sync 1 DAGs
[2024-12-03T18:25:31.268+0000] {logging_mixin.py:120} INFO - [2024-12-03T18:25:31.267+0000] {dag.py:3340} INFO - Setting next_dagrun for example_local_kubernetes_executor to None, run_after=None
[2024-12-03T18:25:31.296+0000] {processor.py:176} INFO - Processing /home/airflow/.local/lib/python3.7/site-packages/airflow/example_dags/example_local_kubernetes_executor.py took 0.191 seconds
[2024-12-03T18:26:01.338+0000] {processor.py:154} INFO - Started process (PID=14807) to work on /home/airflow/.local/lib/python3.7/site-packages/airflow/example_dags/example_local_kubernetes_executor.py
[2024-12-03T18:26:01.339+0000] {processor.py:756} INFO - Processing file /home/airflow/.local/lib/python3.7/site-packages/airflow/example_dags/example_local_kubernetes_executor.py for tasks to queue
[2024-12-03T18:26:01.341+0000] {logging_mixin.py:120} INFO - [2024-12-03T18:26:01.340+0000] {dagbag.py:537} INFO - Filling up the DagBag from /home/airflow/.local/lib/python3.7/site-packages/airflow/example_dags/example_local_kubernetes_executor.py
[2024-12-03T18:26:01.370+0000] {processor.py:766} INFO - DAG(s) dict_keys(['example_local_kubernetes_executor']) retrieved from /home/airflow/.local/lib/python3.7/site-packages/airflow/example_dags/example_local_kubernetes_executor.py
[2024-12-03T18:26:01.419+0000] {logging_mixin.py:120} INFO - [2024-12-03T18:26:01.419+0000] {dag.py:2585} INFO - Sync 1 DAGs
[2024-12-03T18:26:01.447+0000] {logging_mixin.py:120} INFO - [2024-12-03T18:26:01.447+0000] {dag.py:3340} INFO - Setting next_dagrun for example_local_kubernetes_executor to None, run_after=None
[2024-12-03T18:26:01.472+0000] {processor.py:176} INFO - Processing /home/airflow/.local/lib/python3.7/site-packages/airflow/example_dags/example_local_kubernetes_executor.py took 0.138 seconds
[2024-12-03T18:26:31.830+0000] {processor.py:154} INFO - Started process (PID=14864) to work on /home/airflow/.local/lib/python3.7/site-packages/airflow/example_dags/example_local_kubernetes_executor.py
[2024-12-03T18:26:31.831+0000] {processor.py:756} INFO - Processing file /home/airflow/.local/lib/python3.7/site-packages/airflow/example_dags/example_local_kubernetes_executor.py for tasks to queue
[2024-12-03T18:26:31.832+0000] {logging_mixin.py:120} INFO - [2024-12-03T18:26:31.832+0000] {dagbag.py:537} INFO - Filling up the DagBag from /home/airflow/.local/lib/python3.7/site-packages/airflow/example_dags/example_local_kubernetes_executor.py
[2024-12-03T18:26:31.865+0000] {processor.py:766} INFO - DAG(s) dict_keys(['example_local_kubernetes_executor']) retrieved from /home/airflow/.local/lib/python3.7/site-packages/airflow/example_dags/example_local_kubernetes_executor.py
[2024-12-03T18:26:31.920+0000] {logging_mixin.py:120} INFO - [2024-12-03T18:26:31.920+0000] {dag.py:2585} INFO - Sync 1 DAGs
[2024-12-03T18:26:31.957+0000] {logging_mixin.py:120} INFO - [2024-12-03T18:26:31.956+0000] {dag.py:3340} INFO - Setting next_dagrun for example_local_kubernetes_executor to None, run_after=None
[2024-12-03T18:26:31.983+0000] {processor.py:176} INFO - Processing /home/airflow/.local/lib/python3.7/site-packages/airflow/example_dags/example_local_kubernetes_executor.py took 0.158 seconds
[2024-12-03T18:27:02.327+0000] {processor.py:154} INFO - Started process (PID=14929) to work on /home/airflow/.local/lib/python3.7/site-packages/airflow/example_dags/example_local_kubernetes_executor.py
[2024-12-03T18:27:02.328+0000] {processor.py:756} INFO - Processing file /home/airflow/.local/lib/python3.7/site-packages/airflow/example_dags/example_local_kubernetes_executor.py for tasks to queue
[2024-12-03T18:27:02.329+0000] {logging_mixin.py:120} INFO - [2024-12-03T18:27:02.329+0000] {dagbag.py:537} INFO - Filling up the DagBag from /home/airflow/.local/lib/python3.7/site-packages/airflow/example_dags/example_local_kubernetes_executor.py
[2024-12-03T18:27:02.358+0000] {processor.py:766} INFO - DAG(s) dict_keys(['example_local_kubernetes_executor']) retrieved from /home/airflow/.local/lib/python3.7/site-packages/airflow/example_dags/example_local_kubernetes_executor.py
[2024-12-03T18:27:02.409+0000] {logging_mixin.py:120} INFO - [2024-12-03T18:27:02.408+0000] {dag.py:2585} INFO - Sync 1 DAGs
[2024-12-03T18:27:02.440+0000] {logging_mixin.py:120} INFO - [2024-12-03T18:27:02.440+0000] {dag.py:3340} INFO - Setting next_dagrun for example_local_kubernetes_executor to None, run_after=None
[2024-12-03T18:27:02.460+0000] {processor.py:176} INFO - Processing /home/airflow/.local/lib/python3.7/site-packages/airflow/example_dags/example_local_kubernetes_executor.py took 0.138 seconds
[2024-12-03T18:27:32.962+0000] {processor.py:154} INFO - Started process (PID=14994) to work on /home/airflow/.local/lib/python3.7/site-packages/airflow/example_dags/example_local_kubernetes_executor.py
[2024-12-03T18:27:32.965+0000] {processor.py:756} INFO - Processing file /home/airflow/.local/lib/python3.7/site-packages/airflow/example_dags/example_local_kubernetes_executor.py for tasks to queue
[2024-12-03T18:27:32.966+0000] {logging_mixin.py:120} INFO - [2024-12-03T18:27:32.966+0000] {dagbag.py:537} INFO - Filling up the DagBag from /home/airflow/.local/lib/python3.7/site-packages/airflow/example_dags/example_local_kubernetes_executor.py
[2024-12-03T18:27:33.001+0000] {processor.py:766} INFO - DAG(s) dict_keys(['example_local_kubernetes_executor']) retrieved from /home/airflow/.local/lib/python3.7/site-packages/airflow/example_dags/example_local_kubernetes_executor.py
[2024-12-03T18:27:33.059+0000] {logging_mixin.py:120} INFO - [2024-12-03T18:27:33.059+0000] {dag.py:2585} INFO - Sync 1 DAGs
[2024-12-03T18:27:33.097+0000] {logging_mixin.py:120} INFO - [2024-12-03T18:27:33.097+0000] {dag.py:3340} INFO - Setting next_dagrun for example_local_kubernetes_executor to None, run_after=None
[2024-12-03T18:27:33.127+0000] {processor.py:176} INFO - Processing /home/airflow/.local/lib/python3.7/site-packages/airflow/example_dags/example_local_kubernetes_executor.py took 0.172 seconds
[2024-12-03T18:28:03.176+0000] {processor.py:154} INFO - Started process (PID=15050) to work on /home/airflow/.local/lib/python3.7/site-packages/airflow/example_dags/example_local_kubernetes_executor.py
[2024-12-03T18:28:03.177+0000] {processor.py:756} INFO - Processing file /home/airflow/.local/lib/python3.7/site-packages/airflow/example_dags/example_local_kubernetes_executor.py for tasks to queue
[2024-12-03T18:28:03.178+0000] {logging_mixin.py:120} INFO - [2024-12-03T18:28:03.178+0000] {dagbag.py:537} INFO - Filling up the DagBag from /home/airflow/.local/lib/python3.7/site-packages/airflow/example_dags/example_local_kubernetes_executor.py
[2024-12-03T18:28:03.211+0000] {processor.py:766} INFO - DAG(s) dict_keys(['example_local_kubernetes_executor']) retrieved from /home/airflow/.local/lib/python3.7/site-packages/airflow/example_dags/example_local_kubernetes_executor.py
[2024-12-03T18:28:03.270+0000] {logging_mixin.py:120} INFO - [2024-12-03T18:28:03.270+0000] {dag.py:2585} INFO - Sync 1 DAGs
[2024-12-03T18:28:03.309+0000] {logging_mixin.py:120} INFO - [2024-12-03T18:28:03.309+0000] {dag.py:3340} INFO - Setting next_dagrun for example_local_kubernetes_executor to None, run_after=None
[2024-12-03T18:28:03.340+0000] {processor.py:176} INFO - Processing /home/airflow/.local/lib/python3.7/site-packages/airflow/example_dags/example_local_kubernetes_executor.py took 0.169 seconds
[2024-12-03T18:28:33.758+0000] {processor.py:154} INFO - Started process (PID=15115) to work on /home/airflow/.local/lib/python3.7/site-packages/airflow/example_dags/example_local_kubernetes_executor.py
[2024-12-03T18:28:33.760+0000] {processor.py:756} INFO - Processing file /home/airflow/.local/lib/python3.7/site-packages/airflow/example_dags/example_local_kubernetes_executor.py for tasks to queue
[2024-12-03T18:28:33.761+0000] {logging_mixin.py:120} INFO - [2024-12-03T18:28:33.761+0000] {dagbag.py:537} INFO - Filling up the DagBag from /home/airflow/.local/lib/python3.7/site-packages/airflow/example_dags/example_local_kubernetes_executor.py
[2024-12-03T18:28:33.792+0000] {processor.py:766} INFO - DAG(s) dict_keys(['example_local_kubernetes_executor']) retrieved from /home/airflow/.local/lib/python3.7/site-packages/airflow/example_dags/example_local_kubernetes_executor.py
[2024-12-03T18:28:33.845+0000] {logging_mixin.py:120} INFO - [2024-12-03T18:28:33.845+0000] {dag.py:2585} INFO - Sync 1 DAGs
[2024-12-03T18:28:33.878+0000] {logging_mixin.py:120} INFO - [2024-12-03T18:28:33.878+0000] {dag.py:3340} INFO - Setting next_dagrun for example_local_kubernetes_executor to None, run_after=None
[2024-12-03T18:28:33.903+0000] {processor.py:176} INFO - Processing /home/airflow/.local/lib/python3.7/site-packages/airflow/example_dags/example_local_kubernetes_executor.py took 0.149 seconds
[2024-12-03T18:29:04.408+0000] {processor.py:154} INFO - Started process (PID=15171) to work on /home/airflow/.local/lib/python3.7/site-packages/airflow/example_dags/example_local_kubernetes_executor.py
[2024-12-03T18:29:04.409+0000] {processor.py:756} INFO - Processing file /home/airflow/.local/lib/python3.7/site-packages/airflow/example_dags/example_local_kubernetes_executor.py for tasks to queue
[2024-12-03T18:29:04.411+0000] {logging_mixin.py:120} INFO - [2024-12-03T18:29:04.411+0000] {dagbag.py:537} INFO - Filling up the DagBag from /home/airflow/.local/lib/python3.7/site-packages/airflow/example_dags/example_local_kubernetes_executor.py
[2024-12-03T18:29:04.443+0000] {processor.py:766} INFO - DAG(s) dict_keys(['example_local_kubernetes_executor']) retrieved from /home/airflow/.local/lib/python3.7/site-packages/airflow/example_dags/example_local_kubernetes_executor.py
[2024-12-03T18:29:04.501+0000] {logging_mixin.py:120} INFO - [2024-12-03T18:29:04.500+0000] {dag.py:2585} INFO - Sync 1 DAGs
[2024-12-03T18:29:04.539+0000] {logging_mixin.py:120} INFO - [2024-12-03T18:29:04.539+0000] {dag.py:3340} INFO - Setting next_dagrun for example_local_kubernetes_executor to None, run_after=None
[2024-12-03T18:29:04.566+0000] {processor.py:176} INFO - Processing /home/airflow/.local/lib/python3.7/site-packages/airflow/example_dags/example_local_kubernetes_executor.py took 0.162 seconds
[2024-12-03T18:29:35.286+0000] {processor.py:154} INFO - Started process (PID=15235) to work on /home/airflow/.local/lib/python3.7/site-packages/airflow/example_dags/example_local_kubernetes_executor.py
[2024-12-03T18:29:35.288+0000] {processor.py:756} INFO - Processing file /home/airflow/.local/lib/python3.7/site-packages/airflow/example_dags/example_local_kubernetes_executor.py for tasks to queue
[2024-12-03T18:29:35.289+0000] {logging_mixin.py:120} INFO - [2024-12-03T18:29:35.288+0000] {dagbag.py:537} INFO - Filling up the DagBag from /home/airflow/.local/lib/python3.7/site-packages/airflow/example_dags/example_local_kubernetes_executor.py
[2024-12-03T18:29:35.321+0000] {processor.py:766} INFO - DAG(s) dict_keys(['example_local_kubernetes_executor']) retrieved from /home/airflow/.local/lib/python3.7/site-packages/airflow/example_dags/example_local_kubernetes_executor.py
[2024-12-03T18:29:35.379+0000] {logging_mixin.py:120} INFO - [2024-12-03T18:29:35.379+0000] {dag.py:2585} INFO - Sync 1 DAGs
[2024-12-03T18:29:35.413+0000] {logging_mixin.py:120} INFO - [2024-12-03T18:29:35.413+0000] {dag.py:3340} INFO - Setting next_dagrun for example_local_kubernetes_executor to None, run_after=None
[2024-12-03T18:29:35.441+0000] {processor.py:176} INFO - Processing /home/airflow/.local/lib/python3.7/site-packages/airflow/example_dags/example_local_kubernetes_executor.py took 0.160 seconds
[2024-12-03T18:30:06.037+0000] {processor.py:154} INFO - Started process (PID=15300) to work on /home/airflow/.local/lib/python3.7/site-packages/airflow/example_dags/example_local_kubernetes_executor.py
[2024-12-03T18:30:06.039+0000] {processor.py:756} INFO - Processing file /home/airflow/.local/lib/python3.7/site-packages/airflow/example_dags/example_local_kubernetes_executor.py for tasks to queue
[2024-12-03T18:30:06.040+0000] {logging_mixin.py:120} INFO - [2024-12-03T18:30:06.039+0000] {dagbag.py:537} INFO - Filling up the DagBag from /home/airflow/.local/lib/python3.7/site-packages/airflow/example_dags/example_local_kubernetes_executor.py
[2024-12-03T18:30:06.070+0000] {processor.py:766} INFO - DAG(s) dict_keys(['example_local_kubernetes_executor']) retrieved from /home/airflow/.local/lib/python3.7/site-packages/airflow/example_dags/example_local_kubernetes_executor.py
[2024-12-03T18:30:06.125+0000] {logging_mixin.py:120} INFO - [2024-12-03T18:30:06.125+0000] {dag.py:2585} INFO - Sync 1 DAGs
[2024-12-03T18:30:06.159+0000] {logging_mixin.py:120} INFO - [2024-12-03T18:30:06.159+0000] {dag.py:3340} INFO - Setting next_dagrun for example_local_kubernetes_executor to None, run_after=None
[2024-12-03T18:30:06.186+0000] {processor.py:176} INFO - Processing /home/airflow/.local/lib/python3.7/site-packages/airflow/example_dags/example_local_kubernetes_executor.py took 0.153 seconds
