[2024-12-03T18:25:42.074+0000] {processor.py:154} INFO - Started process (PID=14762) to work on /home/airflow/.local/lib/python3.7/site-packages/airflow/example_dags/tutorial.py
[2024-12-03T18:25:42.075+0000] {processor.py:756} INFO - Processing file /home/airflow/.local/lib/python3.7/site-packages/airflow/example_dags/tutorial.py for tasks to queue
[2024-12-03T18:25:42.077+0000] {logging_mixin.py:120} INFO - [2024-12-03T18:25:42.076+0000] {dagbag.py:537} INFO - Filling up the DagBag from /home/airflow/.local/lib/python3.7/site-packages/airflow/example_dags/tutorial.py
[2024-12-03T18:25:42.096+0000] {processor.py:766} INFO - DAG(s) dict_keys(['tutorial']) retrieved from /home/airflow/.local/lib/python3.7/site-packages/airflow/example_dags/tutorial.py
[2024-12-03T18:25:42.152+0000] {logging_mixin.py:120} INFO - [2024-12-03T18:25:42.152+0000] {dag.py:2585} INFO - Sync 1 DAGs
[2024-12-03T18:25:42.185+0000] {logging_mixin.py:120} INFO - [2024-12-03T18:25:42.185+0000] {dag.py:3340} INFO - Setting next_dagrun for tutorial to 2024-12-02T18:25:42.185385+00:00, run_after=2024-12-03T18:25:42.185385+00:00
[2024-12-03T18:25:42.213+0000] {processor.py:176} INFO - Processing /home/airflow/.local/lib/python3.7/site-packages/airflow/example_dags/tutorial.py took 0.143 seconds
[2024-12-03T18:26:12.396+0000] {processor.py:154} INFO - Started process (PID=14827) to work on /home/airflow/.local/lib/python3.7/site-packages/airflow/example_dags/tutorial.py
[2024-12-03T18:26:12.398+0000] {processor.py:756} INFO - Processing file /home/airflow/.local/lib/python3.7/site-packages/airflow/example_dags/tutorial.py for tasks to queue
[2024-12-03T18:26:12.399+0000] {logging_mixin.py:120} INFO - [2024-12-03T18:26:12.399+0000] {dagbag.py:537} INFO - Filling up the DagBag from /home/airflow/.local/lib/python3.7/site-packages/airflow/example_dags/tutorial.py
[2024-12-03T18:26:12.424+0000] {processor.py:766} INFO - DAG(s) dict_keys(['tutorial']) retrieved from /home/airflow/.local/lib/python3.7/site-packages/airflow/example_dags/tutorial.py
[2024-12-03T18:26:12.491+0000] {logging_mixin.py:120} INFO - [2024-12-03T18:26:12.491+0000] {dag.py:2585} INFO - Sync 1 DAGs
[2024-12-03T18:26:12.533+0000] {logging_mixin.py:120} INFO - [2024-12-03T18:26:12.533+0000] {dag.py:3340} INFO - Setting next_dagrun for tutorial to 2024-12-02T18:26:12.532955+00:00, run_after=2024-12-03T18:26:12.532955+00:00
[2024-12-03T18:26:12.565+0000] {processor.py:176} INFO - Processing /home/airflow/.local/lib/python3.7/site-packages/airflow/example_dags/tutorial.py took 0.174 seconds
[2024-12-03T18:26:42.810+0000] {processor.py:154} INFO - Started process (PID=14883) to work on /home/airflow/.local/lib/python3.7/site-packages/airflow/example_dags/tutorial.py
[2024-12-03T18:26:42.811+0000] {processor.py:756} INFO - Processing file /home/airflow/.local/lib/python3.7/site-packages/airflow/example_dags/tutorial.py for tasks to queue
[2024-12-03T18:26:42.812+0000] {logging_mixin.py:120} INFO - [2024-12-03T18:26:42.812+0000] {dagbag.py:537} INFO - Filling up the DagBag from /home/airflow/.local/lib/python3.7/site-packages/airflow/example_dags/tutorial.py
[2024-12-03T18:26:42.835+0000] {processor.py:766} INFO - DAG(s) dict_keys(['tutorial']) retrieved from /home/airflow/.local/lib/python3.7/site-packages/airflow/example_dags/tutorial.py
[2024-12-03T18:26:42.893+0000] {logging_mixin.py:120} INFO - [2024-12-03T18:26:42.892+0000] {dag.py:2585} INFO - Sync 1 DAGs
[2024-12-03T18:26:42.930+0000] {logging_mixin.py:120} INFO - [2024-12-03T18:26:42.930+0000] {dag.py:3340} INFO - Setting next_dagrun for tutorial to 2024-12-02T18:26:42.929853+00:00, run_after=2024-12-03T18:26:42.929853+00:00
[2024-12-03T18:26:42.957+0000] {processor.py:176} INFO - Processing /home/airflow/.local/lib/python3.7/site-packages/airflow/example_dags/tutorial.py took 0.152 seconds
[2024-12-03T18:27:13.178+0000] {processor.py:154} INFO - Started process (PID=14948) to work on /home/airflow/.local/lib/python3.7/site-packages/airflow/example_dags/tutorial.py
[2024-12-03T18:27:13.179+0000] {processor.py:756} INFO - Processing file /home/airflow/.local/lib/python3.7/site-packages/airflow/example_dags/tutorial.py for tasks to queue
[2024-12-03T18:27:13.180+0000] {logging_mixin.py:120} INFO - [2024-12-03T18:27:13.180+0000] {dagbag.py:537} INFO - Filling up the DagBag from /home/airflow/.local/lib/python3.7/site-packages/airflow/example_dags/tutorial.py
[2024-12-03T18:27:13.200+0000] {processor.py:766} INFO - DAG(s) dict_keys(['tutorial']) retrieved from /home/airflow/.local/lib/python3.7/site-packages/airflow/example_dags/tutorial.py
[2024-12-03T18:27:13.255+0000] {logging_mixin.py:120} INFO - [2024-12-03T18:27:13.255+0000] {dag.py:2585} INFO - Sync 1 DAGs
[2024-12-03T18:27:13.289+0000] {logging_mixin.py:120} INFO - [2024-12-03T18:27:13.289+0000] {dag.py:3340} INFO - Setting next_dagrun for tutorial to 2024-12-02T18:27:13.289118+00:00, run_after=2024-12-03T18:27:13.289118+00:00
[2024-12-03T18:27:13.315+0000] {processor.py:176} INFO - Processing /home/airflow/.local/lib/python3.7/site-packages/airflow/example_dags/tutorial.py took 0.142 seconds
[2024-12-03T18:27:43.934+0000] {processor.py:154} INFO - Started process (PID=15004) to work on /home/airflow/.local/lib/python3.7/site-packages/airflow/example_dags/tutorial.py
[2024-12-03T18:27:43.935+0000] {processor.py:756} INFO - Processing file /home/airflow/.local/lib/python3.7/site-packages/airflow/example_dags/tutorial.py for tasks to queue
[2024-12-03T18:27:43.937+0000] {logging_mixin.py:120} INFO - [2024-12-03T18:27:43.936+0000] {dagbag.py:537} INFO - Filling up the DagBag from /home/airflow/.local/lib/python3.7/site-packages/airflow/example_dags/tutorial.py
[2024-12-03T18:27:43.960+0000] {processor.py:766} INFO - DAG(s) dict_keys(['tutorial']) retrieved from /home/airflow/.local/lib/python3.7/site-packages/airflow/example_dags/tutorial.py
[2024-12-03T18:27:44.021+0000] {logging_mixin.py:120} INFO - [2024-12-03T18:27:44.020+0000] {dag.py:2585} INFO - Sync 1 DAGs
[2024-12-03T18:27:44.071+0000] {logging_mixin.py:120} INFO - [2024-12-03T18:27:44.071+0000] {dag.py:3340} INFO - Setting next_dagrun for tutorial to 2024-12-02T18:27:44.071068+00:00, run_after=2024-12-03T18:27:44.071068+00:00
[2024-12-03T18:27:44.104+0000] {processor.py:176} INFO - Processing /home/airflow/.local/lib/python3.7/site-packages/airflow/example_dags/tutorial.py took 0.177 seconds
[2024-12-03T18:28:14.329+0000] {processor.py:154} INFO - Started process (PID=15070) to work on /home/airflow/.local/lib/python3.7/site-packages/airflow/example_dags/tutorial.py
[2024-12-03T18:28:14.330+0000] {processor.py:756} INFO - Processing file /home/airflow/.local/lib/python3.7/site-packages/airflow/example_dags/tutorial.py for tasks to queue
[2024-12-03T18:28:14.331+0000] {logging_mixin.py:120} INFO - [2024-12-03T18:28:14.331+0000] {dagbag.py:537} INFO - Filling up the DagBag from /home/airflow/.local/lib/python3.7/site-packages/airflow/example_dags/tutorial.py
[2024-12-03T18:28:14.351+0000] {processor.py:766} INFO - DAG(s) dict_keys(['tutorial']) retrieved from /home/airflow/.local/lib/python3.7/site-packages/airflow/example_dags/tutorial.py
[2024-12-03T18:28:14.406+0000] {logging_mixin.py:120} INFO - [2024-12-03T18:28:14.406+0000] {dag.py:2585} INFO - Sync 1 DAGs
[2024-12-03T18:28:14.439+0000] {logging_mixin.py:120} INFO - [2024-12-03T18:28:14.438+0000] {dag.py:3340} INFO - Setting next_dagrun for tutorial to 2024-12-02T18:28:14.438631+00:00, run_after=2024-12-03T18:28:14.438631+00:00
[2024-12-03T18:28:14.463+0000] {processor.py:176} INFO - Processing /home/airflow/.local/lib/python3.7/site-packages/airflow/example_dags/tutorial.py took 0.139 seconds
[2024-12-03T18:28:44.622+0000] {processor.py:154} INFO - Started process (PID=15134) to work on /home/airflow/.local/lib/python3.7/site-packages/airflow/example_dags/tutorial.py
[2024-12-03T18:28:44.623+0000] {processor.py:756} INFO - Processing file /home/airflow/.local/lib/python3.7/site-packages/airflow/example_dags/tutorial.py for tasks to queue
[2024-12-03T18:28:44.624+0000] {logging_mixin.py:120} INFO - [2024-12-03T18:28:44.624+0000] {dagbag.py:537} INFO - Filling up the DagBag from /home/airflow/.local/lib/python3.7/site-packages/airflow/example_dags/tutorial.py
[2024-12-03T18:28:44.647+0000] {processor.py:766} INFO - DAG(s) dict_keys(['tutorial']) retrieved from /home/airflow/.local/lib/python3.7/site-packages/airflow/example_dags/tutorial.py
[2024-12-03T18:28:44.707+0000] {logging_mixin.py:120} INFO - [2024-12-03T18:28:44.707+0000] {dag.py:2585} INFO - Sync 1 DAGs
[2024-12-03T18:28:44.746+0000] {logging_mixin.py:120} INFO - [2024-12-03T18:28:44.745+0000] {dag.py:3340} INFO - Setting next_dagrun for tutorial to 2024-12-02T18:28:44.745492+00:00, run_after=2024-12-03T18:28:44.745492+00:00
[2024-12-03T18:28:44.774+0000] {processor.py:176} INFO - Processing /home/airflow/.local/lib/python3.7/site-packages/airflow/example_dags/tutorial.py took 0.157 seconds
[2024-12-03T18:29:15.580+0000] {processor.py:154} INFO - Started process (PID=15190) to work on /home/airflow/.local/lib/python3.7/site-packages/airflow/example_dags/tutorial.py
[2024-12-03T18:29:15.581+0000] {processor.py:756} INFO - Processing file /home/airflow/.local/lib/python3.7/site-packages/airflow/example_dags/tutorial.py for tasks to queue
[2024-12-03T18:29:15.582+0000] {logging_mixin.py:120} INFO - [2024-12-03T18:29:15.582+0000] {dagbag.py:537} INFO - Filling up the DagBag from /home/airflow/.local/lib/python3.7/site-packages/airflow/example_dags/tutorial.py
[2024-12-03T18:29:15.602+0000] {processor.py:766} INFO - DAG(s) dict_keys(['tutorial']) retrieved from /home/airflow/.local/lib/python3.7/site-packages/airflow/example_dags/tutorial.py
[2024-12-03T18:29:15.656+0000] {logging_mixin.py:120} INFO - [2024-12-03T18:29:15.656+0000] {dag.py:2585} INFO - Sync 1 DAGs
[2024-12-03T18:29:15.689+0000] {logging_mixin.py:120} INFO - [2024-12-03T18:29:15.688+0000] {dag.py:3340} INFO - Setting next_dagrun for tutorial to 2024-12-02T18:29:15.688746+00:00, run_after=2024-12-03T18:29:15.688746+00:00
[2024-12-03T18:29:15.707+0000] {processor.py:176} INFO - Processing /home/airflow/.local/lib/python3.7/site-packages/airflow/example_dags/tutorial.py took 0.132 seconds
[2024-12-03T18:29:46.311+0000] {processor.py:154} INFO - Started process (PID=15254) to work on /home/airflow/.local/lib/python3.7/site-packages/airflow/example_dags/tutorial.py
[2024-12-03T18:29:46.312+0000] {processor.py:756} INFO - Processing file /home/airflow/.local/lib/python3.7/site-packages/airflow/example_dags/tutorial.py for tasks to queue
[2024-12-03T18:29:46.314+0000] {logging_mixin.py:120} INFO - [2024-12-03T18:29:46.313+0000] {dagbag.py:537} INFO - Filling up the DagBag from /home/airflow/.local/lib/python3.7/site-packages/airflow/example_dags/tutorial.py
[2024-12-03T18:29:46.336+0000] {processor.py:766} INFO - DAG(s) dict_keys(['tutorial']) retrieved from /home/airflow/.local/lib/python3.7/site-packages/airflow/example_dags/tutorial.py
[2024-12-03T18:29:46.395+0000] {logging_mixin.py:120} INFO - [2024-12-03T18:29:46.394+0000] {dag.py:2585} INFO - Sync 1 DAGs
[2024-12-03T18:29:46.431+0000] {logging_mixin.py:120} INFO - [2024-12-03T18:29:46.431+0000] {dag.py:3340} INFO - Setting next_dagrun for tutorial to 2024-12-02T18:29:46.430892+00:00, run_after=2024-12-03T18:29:46.430892+00:00
[2024-12-03T18:29:46.459+0000] {processor.py:176} INFO - Processing /home/airflow/.local/lib/python3.7/site-packages/airflow/example_dags/tutorial.py took 0.154 seconds
