[2024-12-03T18:25:52.633+0000] {processor.py:154} INFO - Started process (PID=14779) to work on /home/airflow/.local/lib/python3.7/site-packages/airflow/example_dags/tutorial_taskflow_api.py
[2024-12-03T18:25:52.634+0000] {processor.py:756} INFO - Processing file /home/airflow/.local/lib/python3.7/site-packages/airflow/example_dags/tutorial_taskflow_api.py for tasks to queue
[2024-12-03T18:25:52.635+0000] {logging_mixin.py:120} INFO - [2024-12-03T18:25:52.634+0000] {dagbag.py:537} INFO - Filling up the DagBag from /home/airflow/.local/lib/python3.7/site-packages/airflow/example_dags/tutorial_taskflow_api.py
[2024-12-03T18:25:52.664+0000] {processor.py:766} INFO - DAG(s) dict_keys(['tutorial_taskflow_api']) retrieved from /home/airflow/.local/lib/python3.7/site-packages/airflow/example_dags/tutorial_taskflow_api.py
[2024-12-03T18:25:52.721+0000] {logging_mixin.py:120} INFO - [2024-12-03T18:25:52.721+0000] {dag.py:2585} INFO - Sync 1 DAGs
[2024-12-03T18:25:52.755+0000] {logging_mixin.py:120} INFO - [2024-12-03T18:25:52.755+0000] {dag.py:3340} INFO - Setting next_dagrun for tutorial_taskflow_api to None, run_after=None
[2024-12-03T18:25:52.779+0000] {processor.py:176} INFO - Processing /home/airflow/.local/lib/python3.7/site-packages/airflow/example_dags/tutorial_taskflow_api.py took 0.151 seconds
[2024-12-03T18:26:23.299+0000] {processor.py:154} INFO - Started process (PID=14845) to work on /home/airflow/.local/lib/python3.7/site-packages/airflow/example_dags/tutorial_taskflow_api.py
[2024-12-03T18:26:23.301+0000] {processor.py:756} INFO - Processing file /home/airflow/.local/lib/python3.7/site-packages/airflow/example_dags/tutorial_taskflow_api.py for tasks to queue
[2024-12-03T18:26:23.305+0000] {logging_mixin.py:120} INFO - [2024-12-03T18:26:23.304+0000] {dagbag.py:537} INFO - Filling up the DagBag from /home/airflow/.local/lib/python3.7/site-packages/airflow/example_dags/tutorial_taskflow_api.py
[2024-12-03T18:26:23.339+0000] {processor.py:766} INFO - DAG(s) dict_keys(['tutorial_taskflow_api']) retrieved from /home/airflow/.local/lib/python3.7/site-packages/airflow/example_dags/tutorial_taskflow_api.py
[2024-12-03T18:26:23.406+0000] {logging_mixin.py:120} INFO - [2024-12-03T18:26:23.406+0000] {dag.py:2585} INFO - Sync 1 DAGs
[2024-12-03T18:26:23.448+0000] {logging_mixin.py:120} INFO - [2024-12-03T18:26:23.448+0000] {dag.py:3340} INFO - Setting next_dagrun for tutorial_taskflow_api to None, run_after=None
[2024-12-03T18:26:23.478+0000] {processor.py:176} INFO - Processing /home/airflow/.local/lib/python3.7/site-packages/airflow/example_dags/tutorial_taskflow_api.py took 0.184 seconds
[2024-12-03T18:26:53.672+0000] {processor.py:154} INFO - Started process (PID=14901) to work on /home/airflow/.local/lib/python3.7/site-packages/airflow/example_dags/tutorial_taskflow_api.py
[2024-12-03T18:26:53.674+0000] {processor.py:756} INFO - Processing file /home/airflow/.local/lib/python3.7/site-packages/airflow/example_dags/tutorial_taskflow_api.py for tasks to queue
[2024-12-03T18:26:53.677+0000] {logging_mixin.py:120} INFO - [2024-12-03T18:26:53.676+0000] {dagbag.py:537} INFO - Filling up the DagBag from /home/airflow/.local/lib/python3.7/site-packages/airflow/example_dags/tutorial_taskflow_api.py
[2024-12-03T18:26:53.720+0000] {processor.py:766} INFO - DAG(s) dict_keys(['tutorial_taskflow_api']) retrieved from /home/airflow/.local/lib/python3.7/site-packages/airflow/example_dags/tutorial_taskflow_api.py
[2024-12-03T18:26:53.782+0000] {logging_mixin.py:120} INFO - [2024-12-03T18:26:53.782+0000] {dag.py:2585} INFO - Sync 1 DAGs
[2024-12-03T18:26:53.832+0000] {logging_mixin.py:120} INFO - [2024-12-03T18:26:53.831+0000] {dag.py:3340} INFO - Setting next_dagrun for tutorial_taskflow_api to None, run_after=None
[2024-12-03T18:26:53.861+0000] {processor.py:176} INFO - Processing /home/airflow/.local/lib/python3.7/site-packages/airflow/example_dags/tutorial_taskflow_api.py took 0.201 seconds
[2024-12-03T18:27:24.353+0000] {processor.py:154} INFO - Started process (PID=14966) to work on /home/airflow/.local/lib/python3.7/site-packages/airflow/example_dags/tutorial_taskflow_api.py
[2024-12-03T18:27:24.354+0000] {processor.py:756} INFO - Processing file /home/airflow/.local/lib/python3.7/site-packages/airflow/example_dags/tutorial_taskflow_api.py for tasks to queue
[2024-12-03T18:27:24.355+0000] {logging_mixin.py:120} INFO - [2024-12-03T18:27:24.355+0000] {dagbag.py:537} INFO - Filling up the DagBag from /home/airflow/.local/lib/python3.7/site-packages/airflow/example_dags/tutorial_taskflow_api.py
[2024-12-03T18:27:24.384+0000] {processor.py:766} INFO - DAG(s) dict_keys(['tutorial_taskflow_api']) retrieved from /home/airflow/.local/lib/python3.7/site-packages/airflow/example_dags/tutorial_taskflow_api.py
[2024-12-03T18:27:24.441+0000] {logging_mixin.py:120} INFO - [2024-12-03T18:27:24.441+0000] {dag.py:2585} INFO - Sync 1 DAGs
[2024-12-03T18:27:24.475+0000] {logging_mixin.py:120} INFO - [2024-12-03T18:27:24.474+0000] {dag.py:3340} INFO - Setting next_dagrun for tutorial_taskflow_api to None, run_after=None
[2024-12-03T18:27:24.500+0000] {processor.py:176} INFO - Processing /home/airflow/.local/lib/python3.7/site-packages/airflow/example_dags/tutorial_taskflow_api.py took 0.154 seconds
[2024-12-03T18:27:54.771+0000] {processor.py:154} INFO - Started process (PID=15021) to work on /home/airflow/.local/lib/python3.7/site-packages/airflow/example_dags/tutorial_taskflow_api.py
[2024-12-03T18:27:54.773+0000] {processor.py:756} INFO - Processing file /home/airflow/.local/lib/python3.7/site-packages/airflow/example_dags/tutorial_taskflow_api.py for tasks to queue
[2024-12-03T18:27:54.774+0000] {logging_mixin.py:120} INFO - [2024-12-03T18:27:54.774+0000] {dagbag.py:537} INFO - Filling up the DagBag from /home/airflow/.local/lib/python3.7/site-packages/airflow/example_dags/tutorial_taskflow_api.py
[2024-12-03T18:27:54.806+0000] {processor.py:766} INFO - DAG(s) dict_keys(['tutorial_taskflow_api']) retrieved from /home/airflow/.local/lib/python3.7/site-packages/airflow/example_dags/tutorial_taskflow_api.py
[2024-12-03T18:27:54.869+0000] {logging_mixin.py:120} INFO - [2024-12-03T18:27:54.869+0000] {dag.py:2585} INFO - Sync 1 DAGs
[2024-12-03T18:27:54.905+0000] {logging_mixin.py:120} INFO - [2024-12-03T18:27:54.905+0000] {dag.py:3340} INFO - Setting next_dagrun for tutorial_taskflow_api to None, run_after=None
[2024-12-03T18:27:54.933+0000] {processor.py:176} INFO - Processing /home/airflow/.local/lib/python3.7/site-packages/airflow/example_dags/tutorial_taskflow_api.py took 0.168 seconds
[2024-12-03T18:28:24.979+0000] {processor.py:154} INFO - Started process (PID=15085) to work on /home/airflow/.local/lib/python3.7/site-packages/airflow/example_dags/tutorial_taskflow_api.py
[2024-12-03T18:28:24.980+0000] {processor.py:756} INFO - Processing file /home/airflow/.local/lib/python3.7/site-packages/airflow/example_dags/tutorial_taskflow_api.py for tasks to queue
[2024-12-03T18:28:24.981+0000] {logging_mixin.py:120} INFO - [2024-12-03T18:28:24.981+0000] {dagbag.py:537} INFO - Filling up the DagBag from /home/airflow/.local/lib/python3.7/site-packages/airflow/example_dags/tutorial_taskflow_api.py
[2024-12-03T18:28:25.012+0000] {processor.py:766} INFO - DAG(s) dict_keys(['tutorial_taskflow_api']) retrieved from /home/airflow/.local/lib/python3.7/site-packages/airflow/example_dags/tutorial_taskflow_api.py
[2024-12-03T18:28:25.086+0000] {logging_mixin.py:120} INFO - [2024-12-03T18:28:25.086+0000] {dag.py:2585} INFO - Sync 1 DAGs
[2024-12-03T18:28:25.128+0000] {logging_mixin.py:120} INFO - [2024-12-03T18:28:25.128+0000] {dag.py:3340} INFO - Setting next_dagrun for tutorial_taskflow_api to None, run_after=None
[2024-12-03T18:28:25.158+0000] {processor.py:176} INFO - Processing /home/airflow/.local/lib/python3.7/site-packages/airflow/example_dags/tutorial_taskflow_api.py took 0.184 seconds
[2024-12-03T18:28:55.275+0000] {processor.py:154} INFO - Started process (PID=15150) to work on /home/airflow/.local/lib/python3.7/site-packages/airflow/example_dags/tutorial_taskflow_api.py
[2024-12-03T18:28:55.277+0000] {processor.py:756} INFO - Processing file /home/airflow/.local/lib/python3.7/site-packages/airflow/example_dags/tutorial_taskflow_api.py for tasks to queue
[2024-12-03T18:28:55.279+0000] {logging_mixin.py:120} INFO - [2024-12-03T18:28:55.279+0000] {dagbag.py:537} INFO - Filling up the DagBag from /home/airflow/.local/lib/python3.7/site-packages/airflow/example_dags/tutorial_taskflow_api.py
[2024-12-03T18:28:55.324+0000] {processor.py:766} INFO - DAG(s) dict_keys(['tutorial_taskflow_api']) retrieved from /home/airflow/.local/lib/python3.7/site-packages/airflow/example_dags/tutorial_taskflow_api.py
[2024-12-03T18:28:55.386+0000] {logging_mixin.py:120} INFO - [2024-12-03T18:28:55.386+0000] {dag.py:2585} INFO - Sync 1 DAGs
[2024-12-03T18:28:55.426+0000] {logging_mixin.py:120} INFO - [2024-12-03T18:28:55.426+0000] {dag.py:3340} INFO - Setting next_dagrun for tutorial_taskflow_api to None, run_after=None
[2024-12-03T18:28:55.463+0000] {processor.py:176} INFO - Processing /home/airflow/.local/lib/python3.7/site-packages/airflow/example_dags/tutorial_taskflow_api.py took 0.202 seconds
[2024-12-03T18:29:26.153+0000] {processor.py:154} INFO - Started process (PID=15206) to work on /home/airflow/.local/lib/python3.7/site-packages/airflow/example_dags/tutorial_taskflow_api.py
[2024-12-03T18:29:26.154+0000] {processor.py:756} INFO - Processing file /home/airflow/.local/lib/python3.7/site-packages/airflow/example_dags/tutorial_taskflow_api.py for tasks to queue
[2024-12-03T18:29:26.155+0000] {logging_mixin.py:120} INFO - [2024-12-03T18:29:26.155+0000] {dagbag.py:537} INFO - Filling up the DagBag from /home/airflow/.local/lib/python3.7/site-packages/airflow/example_dags/tutorial_taskflow_api.py
[2024-12-03T18:29:26.184+0000] {processor.py:766} INFO - DAG(s) dict_keys(['tutorial_taskflow_api']) retrieved from /home/airflow/.local/lib/python3.7/site-packages/airflow/example_dags/tutorial_taskflow_api.py
[2024-12-03T18:29:26.241+0000] {logging_mixin.py:120} INFO - [2024-12-03T18:29:26.240+0000] {dag.py:2585} INFO - Sync 1 DAGs
[2024-12-03T18:29:26.276+0000] {logging_mixin.py:120} INFO - [2024-12-03T18:29:26.275+0000] {dag.py:3340} INFO - Setting next_dagrun for tutorial_taskflow_api to None, run_after=None
[2024-12-03T18:29:26.302+0000] {processor.py:176} INFO - Processing /home/airflow/.local/lib/python3.7/site-packages/airflow/example_dags/tutorial_taskflow_api.py took 0.154 seconds
[2024-12-03T18:29:56.963+0000] {processor.py:154} INFO - Started process (PID=15270) to work on /home/airflow/.local/lib/python3.7/site-packages/airflow/example_dags/tutorial_taskflow_api.py
[2024-12-03T18:29:56.965+0000] {processor.py:756} INFO - Processing file /home/airflow/.local/lib/python3.7/site-packages/airflow/example_dags/tutorial_taskflow_api.py for tasks to queue
[2024-12-03T18:29:56.966+0000] {logging_mixin.py:120} INFO - [2024-12-03T18:29:56.965+0000] {dagbag.py:537} INFO - Filling up the DagBag from /home/airflow/.local/lib/python3.7/site-packages/airflow/example_dags/tutorial_taskflow_api.py
[2024-12-03T18:29:56.994+0000] {processor.py:766} INFO - DAG(s) dict_keys(['tutorial_taskflow_api']) retrieved from /home/airflow/.local/lib/python3.7/site-packages/airflow/example_dags/tutorial_taskflow_api.py
[2024-12-03T18:29:57.048+0000] {logging_mixin.py:120} INFO - [2024-12-03T18:29:57.048+0000] {dag.py:2585} INFO - Sync 1 DAGs
[2024-12-03T18:29:57.080+0000] {logging_mixin.py:120} INFO - [2024-12-03T18:29:57.080+0000] {dag.py:3340} INFO - Setting next_dagrun for tutorial_taskflow_api to None, run_after=None
[2024-12-03T18:29:57.105+0000] {processor.py:176} INFO - Processing /home/airflow/.local/lib/python3.7/site-packages/airflow/example_dags/tutorial_taskflow_api.py took 0.147 seconds
