[2024-12-03T18:25:52.628+0000] {processor.py:154} INFO - Started process (PID=14778) to work on /home/airflow/.local/lib/python3.7/site-packages/airflow/example_dags/tutorial_dag.py
[2024-12-03T18:25:52.630+0000] {processor.py:756} INFO - Processing file /home/airflow/.local/lib/python3.7/site-packages/airflow/example_dags/tutorial_dag.py for tasks to queue
[2024-12-03T18:25:52.631+0000] {logging_mixin.py:120} INFO - [2024-12-03T18:25:52.631+0000] {dagbag.py:537} INFO - Filling up the DagBag from /home/airflow/.local/lib/python3.7/site-packages/airflow/example_dags/tutorial_dag.py
[2024-12-03T18:25:52.650+0000] {processor.py:766} INFO - DAG(s) dict_keys(['tutorial_dag']) retrieved from /home/airflow/.local/lib/python3.7/site-packages/airflow/example_dags/tutorial_dag.py
[2024-12-03T18:25:52.712+0000] {logging_mixin.py:120} INFO - [2024-12-03T18:25:52.712+0000] {dag.py:2585} INFO - Sync 1 DAGs
[2024-12-03T18:25:52.745+0000] {logging_mixin.py:120} INFO - [2024-12-03T18:25:52.745+0000] {dag.py:3340} INFO - Setting next_dagrun for tutorial_dag to None, run_after=None
[2024-12-03T18:25:52.769+0000] {processor.py:176} INFO - Processing /home/airflow/.local/lib/python3.7/site-packages/airflow/example_dags/tutorial_dag.py took 0.146 seconds
[2024-12-03T18:26:23.294+0000] {processor.py:154} INFO - Started process (PID=14844) to work on /home/airflow/.local/lib/python3.7/site-packages/airflow/example_dags/tutorial_dag.py
[2024-12-03T18:26:23.295+0000] {processor.py:756} INFO - Processing file /home/airflow/.local/lib/python3.7/site-packages/airflow/example_dags/tutorial_dag.py for tasks to queue
[2024-12-03T18:26:23.296+0000] {logging_mixin.py:120} INFO - [2024-12-03T18:26:23.296+0000] {dagbag.py:537} INFO - Filling up the DagBag from /home/airflow/.local/lib/python3.7/site-packages/airflow/example_dags/tutorial_dag.py
[2024-12-03T18:26:23.319+0000] {processor.py:766} INFO - DAG(s) dict_keys(['tutorial_dag']) retrieved from /home/airflow/.local/lib/python3.7/site-packages/airflow/example_dags/tutorial_dag.py
[2024-12-03T18:26:23.386+0000] {logging_mixin.py:120} INFO - [2024-12-03T18:26:23.386+0000] {dag.py:2585} INFO - Sync 1 DAGs
[2024-12-03T18:26:23.427+0000] {logging_mixin.py:120} INFO - [2024-12-03T18:26:23.427+0000] {dag.py:3340} INFO - Setting next_dagrun for tutorial_dag to None, run_after=None
[2024-12-03T18:26:23.464+0000] {processor.py:176} INFO - Processing /home/airflow/.local/lib/python3.7/site-packages/airflow/example_dags/tutorial_dag.py took 0.176 seconds
[2024-12-03T18:26:53.667+0000] {processor.py:154} INFO - Started process (PID=14900) to work on /home/airflow/.local/lib/python3.7/site-packages/airflow/example_dags/tutorial_dag.py
[2024-12-03T18:26:53.669+0000] {processor.py:756} INFO - Processing file /home/airflow/.local/lib/python3.7/site-packages/airflow/example_dags/tutorial_dag.py for tasks to queue
[2024-12-03T18:26:53.672+0000] {logging_mixin.py:120} INFO - [2024-12-03T18:26:53.672+0000] {dagbag.py:537} INFO - Filling up the DagBag from /home/airflow/.local/lib/python3.7/site-packages/airflow/example_dags/tutorial_dag.py
[2024-12-03T18:26:53.705+0000] {processor.py:766} INFO - DAG(s) dict_keys(['tutorial_dag']) retrieved from /home/airflow/.local/lib/python3.7/site-packages/airflow/example_dags/tutorial_dag.py
[2024-12-03T18:26:53.767+0000] {logging_mixin.py:120} INFO - [2024-12-03T18:26:53.767+0000] {dag.py:2585} INFO - Sync 1 DAGs
[2024-12-03T18:26:53.818+0000] {logging_mixin.py:120} INFO - [2024-12-03T18:26:53.818+0000] {dag.py:3340} INFO - Setting next_dagrun for tutorial_dag to None, run_after=None
[2024-12-03T18:26:53.850+0000] {processor.py:176} INFO - Processing /home/airflow/.local/lib/python3.7/site-packages/airflow/example_dags/tutorial_dag.py took 0.194 seconds
[2024-12-03T18:27:24.346+0000] {processor.py:154} INFO - Started process (PID=14965) to work on /home/airflow/.local/lib/python3.7/site-packages/airflow/example_dags/tutorial_dag.py
[2024-12-03T18:27:24.348+0000] {processor.py:756} INFO - Processing file /home/airflow/.local/lib/python3.7/site-packages/airflow/example_dags/tutorial_dag.py for tasks to queue
[2024-12-03T18:27:24.349+0000] {logging_mixin.py:120} INFO - [2024-12-03T18:27:24.349+0000] {dagbag.py:537} INFO - Filling up the DagBag from /home/airflow/.local/lib/python3.7/site-packages/airflow/example_dags/tutorial_dag.py
[2024-12-03T18:27:24.367+0000] {processor.py:766} INFO - DAG(s) dict_keys(['tutorial_dag']) retrieved from /home/airflow/.local/lib/python3.7/site-packages/airflow/example_dags/tutorial_dag.py
[2024-12-03T18:27:24.427+0000] {logging_mixin.py:120} INFO - [2024-12-03T18:27:24.426+0000] {dag.py:2585} INFO - Sync 1 DAGs
[2024-12-03T18:27:24.463+0000] {logging_mixin.py:120} INFO - [2024-12-03T18:27:24.462+0000] {dag.py:3340} INFO - Setting next_dagrun for tutorial_dag to None, run_after=None
[2024-12-03T18:27:24.488+0000] {processor.py:176} INFO - Processing /home/airflow/.local/lib/python3.7/site-packages/airflow/example_dags/tutorial_dag.py took 0.146 seconds
[2024-12-03T18:27:54.589+0000] {processor.py:154} INFO - Started process (PID=15020) to work on /home/airflow/.local/lib/python3.7/site-packages/airflow/example_dags/tutorial_dag.py
[2024-12-03T18:27:54.591+0000] {processor.py:756} INFO - Processing file /home/airflow/.local/lib/python3.7/site-packages/airflow/example_dags/tutorial_dag.py for tasks to queue
[2024-12-03T18:27:54.592+0000] {logging_mixin.py:120} INFO - [2024-12-03T18:27:54.592+0000] {dagbag.py:537} INFO - Filling up the DagBag from /home/airflow/.local/lib/python3.7/site-packages/airflow/example_dags/tutorial_dag.py
[2024-12-03T18:27:54.615+0000] {processor.py:766} INFO - DAG(s) dict_keys(['tutorial_dag']) retrieved from /home/airflow/.local/lib/python3.7/site-packages/airflow/example_dags/tutorial_dag.py
[2024-12-03T18:27:54.673+0000] {logging_mixin.py:120} INFO - [2024-12-03T18:27:54.673+0000] {dag.py:2585} INFO - Sync 1 DAGs
[2024-12-03T18:27:54.710+0000] {logging_mixin.py:120} INFO - [2024-12-03T18:27:54.709+0000] {dag.py:3340} INFO - Setting next_dagrun for tutorial_dag to None, run_after=None
[2024-12-03T18:27:54.737+0000] {processor.py:176} INFO - Processing /home/airflow/.local/lib/python3.7/site-packages/airflow/example_dags/tutorial_dag.py took 0.153 seconds
[2024-12-03T18:28:24.953+0000] {processor.py:154} INFO - Started process (PID=15084) to work on /home/airflow/.local/lib/python3.7/site-packages/airflow/example_dags/tutorial_dag.py
[2024-12-03T18:28:24.954+0000] {processor.py:756} INFO - Processing file /home/airflow/.local/lib/python3.7/site-packages/airflow/example_dags/tutorial_dag.py for tasks to queue
[2024-12-03T18:28:24.955+0000] {logging_mixin.py:120} INFO - [2024-12-03T18:28:24.955+0000] {dagbag.py:537} INFO - Filling up the DagBag from /home/airflow/.local/lib/python3.7/site-packages/airflow/example_dags/tutorial_dag.py
[2024-12-03T18:28:24.978+0000] {processor.py:766} INFO - DAG(s) dict_keys(['tutorial_dag']) retrieved from /home/airflow/.local/lib/python3.7/site-packages/airflow/example_dags/tutorial_dag.py
[2024-12-03T18:28:25.042+0000] {logging_mixin.py:120} INFO - [2024-12-03T18:28:25.041+0000] {dag.py:2585} INFO - Sync 1 DAGs
[2024-12-03T18:28:25.081+0000] {logging_mixin.py:120} INFO - [2024-12-03T18:28:25.081+0000] {dag.py:3340} INFO - Setting next_dagrun for tutorial_dag to None, run_after=None
[2024-12-03T18:28:25.112+0000] {processor.py:176} INFO - Processing /home/airflow/.local/lib/python3.7/site-packages/airflow/example_dags/tutorial_dag.py took 0.164 seconds
[2024-12-03T18:28:55.265+0000] {processor.py:154} INFO - Started process (PID=15149) to work on /home/airflow/.local/lib/python3.7/site-packages/airflow/example_dags/tutorial_dag.py
[2024-12-03T18:28:55.275+0000] {processor.py:756} INFO - Processing file /home/airflow/.local/lib/python3.7/site-packages/airflow/example_dags/tutorial_dag.py for tasks to queue
[2024-12-03T18:28:55.276+0000] {logging_mixin.py:120} INFO - [2024-12-03T18:28:55.276+0000] {dagbag.py:537} INFO - Filling up the DagBag from /home/airflow/.local/lib/python3.7/site-packages/airflow/example_dags/tutorial_dag.py
[2024-12-03T18:28:55.311+0000] {processor.py:766} INFO - DAG(s) dict_keys(['tutorial_dag']) retrieved from /home/airflow/.local/lib/python3.7/site-packages/airflow/example_dags/tutorial_dag.py
[2024-12-03T18:28:55.377+0000] {logging_mixin.py:120} INFO - [2024-12-03T18:28:55.376+0000] {dag.py:2585} INFO - Sync 1 DAGs
[2024-12-03T18:28:55.417+0000] {logging_mixin.py:120} INFO - [2024-12-03T18:28:55.417+0000] {dag.py:3340} INFO - Setting next_dagrun for tutorial_dag to None, run_after=None
[2024-12-03T18:28:55.449+0000] {processor.py:176} INFO - Processing /home/airflow/.local/lib/python3.7/site-packages/airflow/example_dags/tutorial_dag.py took 0.193 seconds
[2024-12-03T18:29:26.147+0000] {processor.py:154} INFO - Started process (PID=15205) to work on /home/airflow/.local/lib/python3.7/site-packages/airflow/example_dags/tutorial_dag.py
[2024-12-03T18:29:26.149+0000] {processor.py:756} INFO - Processing file /home/airflow/.local/lib/python3.7/site-packages/airflow/example_dags/tutorial_dag.py for tasks to queue
[2024-12-03T18:29:26.150+0000] {logging_mixin.py:120} INFO - [2024-12-03T18:29:26.149+0000] {dagbag.py:537} INFO - Filling up the DagBag from /home/airflow/.local/lib/python3.7/site-packages/airflow/example_dags/tutorial_dag.py
[2024-12-03T18:29:26.169+0000] {processor.py:766} INFO - DAG(s) dict_keys(['tutorial_dag']) retrieved from /home/airflow/.local/lib/python3.7/site-packages/airflow/example_dags/tutorial_dag.py
[2024-12-03T18:29:26.228+0000] {logging_mixin.py:120} INFO - [2024-12-03T18:29:26.228+0000] {dag.py:2585} INFO - Sync 1 DAGs
[2024-12-03T18:29:26.264+0000] {logging_mixin.py:120} INFO - [2024-12-03T18:29:26.264+0000] {dag.py:3340} INFO - Setting next_dagrun for tutorial_dag to None, run_after=None
[2024-12-03T18:29:26.291+0000] {processor.py:176} INFO - Processing /home/airflow/.local/lib/python3.7/site-packages/airflow/example_dags/tutorial_dag.py took 0.148 seconds
[2024-12-03T18:29:56.961+0000] {processor.py:154} INFO - Started process (PID=15269) to work on /home/airflow/.local/lib/python3.7/site-packages/airflow/example_dags/tutorial_dag.py
[2024-12-03T18:29:56.962+0000] {processor.py:756} INFO - Processing file /home/airflow/.local/lib/python3.7/site-packages/airflow/example_dags/tutorial_dag.py for tasks to queue
[2024-12-03T18:29:56.963+0000] {logging_mixin.py:120} INFO - [2024-12-03T18:29:56.963+0000] {dagbag.py:537} INFO - Filling up the DagBag from /home/airflow/.local/lib/python3.7/site-packages/airflow/example_dags/tutorial_dag.py
[2024-12-03T18:29:56.982+0000] {processor.py:766} INFO - DAG(s) dict_keys(['tutorial_dag']) retrieved from /home/airflow/.local/lib/python3.7/site-packages/airflow/example_dags/tutorial_dag.py
[2024-12-03T18:29:57.039+0000] {logging_mixin.py:120} INFO - [2024-12-03T18:29:57.039+0000] {dag.py:2585} INFO - Sync 1 DAGs
[2024-12-03T18:29:57.072+0000] {logging_mixin.py:120} INFO - [2024-12-03T18:29:57.072+0000] {dag.py:3340} INFO - Setting next_dagrun for tutorial_dag to None, run_after=None
[2024-12-03T18:29:57.100+0000] {processor.py:176} INFO - Processing /home/airflow/.local/lib/python3.7/site-packages/airflow/example_dags/tutorial_dag.py took 0.145 seconds
