[2024-12-03T18:25:32.711+0000] {processor.py:154} INFO - Started process (PID=14749) to work on /home/airflow/.local/lib/python3.7/site-packages/airflow/example_dags/tutorial_taskflow_api_virtualenv.py
[2024-12-03T18:25:32.713+0000] {processor.py:756} INFO - Processing file /home/airflow/.local/lib/python3.7/site-packages/airflow/example_dags/tutorial_taskflow_api_virtualenv.py for tasks to queue
[2024-12-03T18:25:32.714+0000] {logging_mixin.py:120} INFO - [2024-12-03T18:25:32.714+0000] {dagbag.py:537} INFO - Filling up the DagBag from /home/airflow/.local/lib/python3.7/site-packages/airflow/example_dags/tutorial_taskflow_api_virtualenv.py
[2024-12-03T18:25:32.742+0000] {processor.py:766} INFO - DAG(s) dict_keys(['tutorial_taskflow_api_virtualenv']) retrieved from /home/airflow/.local/lib/python3.7/site-packages/airflow/example_dags/tutorial_taskflow_api_virtualenv.py
[2024-12-03T18:25:32.802+0000] {logging_mixin.py:120} INFO - [2024-12-03T18:25:32.802+0000] {dag.py:2585} INFO - Sync 1 DAGs
[2024-12-03T18:25:32.838+0000] {logging_mixin.py:120} INFO - [2024-12-03T18:25:32.837+0000] {dag.py:3340} INFO - Setting next_dagrun for tutorial_taskflow_api_virtualenv to None, run_after=None
[2024-12-03T18:25:32.867+0000] {processor.py:176} INFO - Processing /home/airflow/.local/lib/python3.7/site-packages/airflow/example_dags/tutorial_taskflow_api_virtualenv.py took 0.162 seconds
[2024-12-03T18:26:02.906+0000] {processor.py:154} INFO - Started process (PID=14813) to work on /home/airflow/.local/lib/python3.7/site-packages/airflow/example_dags/tutorial_taskflow_api_virtualenv.py
[2024-12-03T18:26:02.907+0000] {processor.py:756} INFO - Processing file /home/airflow/.local/lib/python3.7/site-packages/airflow/example_dags/tutorial_taskflow_api_virtualenv.py for tasks to queue
[2024-12-03T18:26:02.908+0000] {logging_mixin.py:120} INFO - [2024-12-03T18:26:02.908+0000] {dagbag.py:537} INFO - Filling up the DagBag from /home/airflow/.local/lib/python3.7/site-packages/airflow/example_dags/tutorial_taskflow_api_virtualenv.py
[2024-12-03T18:26:02.938+0000] {processor.py:766} INFO - DAG(s) dict_keys(['tutorial_taskflow_api_virtualenv']) retrieved from /home/airflow/.local/lib/python3.7/site-packages/airflow/example_dags/tutorial_taskflow_api_virtualenv.py
[2024-12-03T18:26:02.994+0000] {logging_mixin.py:120} INFO - [2024-12-03T18:26:02.993+0000] {dag.py:2585} INFO - Sync 1 DAGs
[2024-12-03T18:26:03.029+0000] {logging_mixin.py:120} INFO - [2024-12-03T18:26:03.028+0000] {dag.py:3340} INFO - Setting next_dagrun for tutorial_taskflow_api_virtualenv to None, run_after=None
[2024-12-03T18:26:03.061+0000] {processor.py:176} INFO - Processing /home/airflow/.local/lib/python3.7/site-packages/airflow/example_dags/tutorial_taskflow_api_virtualenv.py took 0.160 seconds
[2024-12-03T18:26:33.473+0000] {processor.py:154} INFO - Started process (PID=14870) to work on /home/airflow/.local/lib/python3.7/site-packages/airflow/example_dags/tutorial_taskflow_api_virtualenv.py
[2024-12-03T18:26:33.474+0000] {processor.py:756} INFO - Processing file /home/airflow/.local/lib/python3.7/site-packages/airflow/example_dags/tutorial_taskflow_api_virtualenv.py for tasks to queue
[2024-12-03T18:26:33.475+0000] {logging_mixin.py:120} INFO - [2024-12-03T18:26:33.475+0000] {dagbag.py:537} INFO - Filling up the DagBag from /home/airflow/.local/lib/python3.7/site-packages/airflow/example_dags/tutorial_taskflow_api_virtualenv.py
[2024-12-03T18:26:33.507+0000] {processor.py:766} INFO - DAG(s) dict_keys(['tutorial_taskflow_api_virtualenv']) retrieved from /home/airflow/.local/lib/python3.7/site-packages/airflow/example_dags/tutorial_taskflow_api_virtualenv.py
[2024-12-03T18:26:33.564+0000] {logging_mixin.py:120} INFO - [2024-12-03T18:26:33.564+0000] {dag.py:2585} INFO - Sync 1 DAGs
[2024-12-03T18:26:33.601+0000] {logging_mixin.py:120} INFO - [2024-12-03T18:26:33.600+0000] {dag.py:3340} INFO - Setting next_dagrun for tutorial_taskflow_api_virtualenv to None, run_after=None
[2024-12-03T18:26:33.627+0000] {processor.py:176} INFO - Processing /home/airflow/.local/lib/python3.7/site-packages/airflow/example_dags/tutorial_taskflow_api_virtualenv.py took 0.159 seconds
[2024-12-03T18:27:03.937+0000] {processor.py:154} INFO - Started process (PID=14935) to work on /home/airflow/.local/lib/python3.7/site-packages/airflow/example_dags/tutorial_taskflow_api_virtualenv.py
[2024-12-03T18:27:03.938+0000] {processor.py:756} INFO - Processing file /home/airflow/.local/lib/python3.7/site-packages/airflow/example_dags/tutorial_taskflow_api_virtualenv.py for tasks to queue
[2024-12-03T18:27:03.939+0000] {logging_mixin.py:120} INFO - [2024-12-03T18:27:03.938+0000] {dagbag.py:537} INFO - Filling up the DagBag from /home/airflow/.local/lib/python3.7/site-packages/airflow/example_dags/tutorial_taskflow_api_virtualenv.py
[2024-12-03T18:27:03.969+0000] {processor.py:766} INFO - DAG(s) dict_keys(['tutorial_taskflow_api_virtualenv']) retrieved from /home/airflow/.local/lib/python3.7/site-packages/airflow/example_dags/tutorial_taskflow_api_virtualenv.py
[2024-12-03T18:27:04.032+0000] {logging_mixin.py:120} INFO - [2024-12-03T18:27:04.031+0000] {dag.py:2585} INFO - Sync 1 DAGs
[2024-12-03T18:27:04.070+0000] {logging_mixin.py:120} INFO - [2024-12-03T18:27:04.069+0000] {dag.py:3340} INFO - Setting next_dagrun for tutorial_taskflow_api_virtualenv to None, run_after=None
[2024-12-03T18:27:04.096+0000] {processor.py:176} INFO - Processing /home/airflow/.local/lib/python3.7/site-packages/airflow/example_dags/tutorial_taskflow_api_virtualenv.py took 0.164 seconds
[2024-12-03T18:27:34.609+0000] {processor.py:154} INFO - Started process (PID=15000) to work on /home/airflow/.local/lib/python3.7/site-packages/airflow/example_dags/tutorial_taskflow_api_virtualenv.py
[2024-12-03T18:27:34.610+0000] {processor.py:756} INFO - Processing file /home/airflow/.local/lib/python3.7/site-packages/airflow/example_dags/tutorial_taskflow_api_virtualenv.py for tasks to queue
[2024-12-03T18:27:34.611+0000] {logging_mixin.py:120} INFO - [2024-12-03T18:27:34.611+0000] {dagbag.py:537} INFO - Filling up the DagBag from /home/airflow/.local/lib/python3.7/site-packages/airflow/example_dags/tutorial_taskflow_api_virtualenv.py
[2024-12-03T18:27:34.648+0000] {processor.py:766} INFO - DAG(s) dict_keys(['tutorial_taskflow_api_virtualenv']) retrieved from /home/airflow/.local/lib/python3.7/site-packages/airflow/example_dags/tutorial_taskflow_api_virtualenv.py
[2024-12-03T18:27:34.721+0000] {logging_mixin.py:120} INFO - [2024-12-03T18:27:34.721+0000] {dag.py:2585} INFO - Sync 1 DAGs
[2024-12-03T18:27:34.784+0000] {logging_mixin.py:120} INFO - [2024-12-03T18:27:34.784+0000] {dag.py:3340} INFO - Setting next_dagrun for tutorial_taskflow_api_virtualenv to None, run_after=None
[2024-12-03T18:27:34.829+0000] {processor.py:176} INFO - Processing /home/airflow/.local/lib/python3.7/site-packages/airflow/example_dags/tutorial_taskflow_api_virtualenv.py took 0.226 seconds
[2024-12-03T18:28:05.018+0000] {processor.py:154} INFO - Started process (PID=15056) to work on /home/airflow/.local/lib/python3.7/site-packages/airflow/example_dags/tutorial_taskflow_api_virtualenv.py
[2024-12-03T18:28:05.019+0000] {processor.py:756} INFO - Processing file /home/airflow/.local/lib/python3.7/site-packages/airflow/example_dags/tutorial_taskflow_api_virtualenv.py for tasks to queue
[2024-12-03T18:28:05.020+0000] {logging_mixin.py:120} INFO - [2024-12-03T18:28:05.020+0000] {dagbag.py:537} INFO - Filling up the DagBag from /home/airflow/.local/lib/python3.7/site-packages/airflow/example_dags/tutorial_taskflow_api_virtualenv.py
[2024-12-03T18:28:05.049+0000] {processor.py:766} INFO - DAG(s) dict_keys(['tutorial_taskflow_api_virtualenv']) retrieved from /home/airflow/.local/lib/python3.7/site-packages/airflow/example_dags/tutorial_taskflow_api_virtualenv.py
[2024-12-03T18:28:05.107+0000] {logging_mixin.py:120} INFO - [2024-12-03T18:28:05.107+0000] {dag.py:2585} INFO - Sync 1 DAGs
[2024-12-03T18:28:05.144+0000] {logging_mixin.py:120} INFO - [2024-12-03T18:28:05.144+0000] {dag.py:3340} INFO - Setting next_dagrun for tutorial_taskflow_api_virtualenv to None, run_after=None
[2024-12-03T18:28:05.171+0000] {processor.py:176} INFO - Processing /home/airflow/.local/lib/python3.7/site-packages/airflow/example_dags/tutorial_taskflow_api_virtualenv.py took 0.159 seconds
[2024-12-03T18:28:35.321+0000] {processor.py:154} INFO - Started process (PID=15121) to work on /home/airflow/.local/lib/python3.7/site-packages/airflow/example_dags/tutorial_taskflow_api_virtualenv.py
[2024-12-03T18:28:35.322+0000] {processor.py:756} INFO - Processing file /home/airflow/.local/lib/python3.7/site-packages/airflow/example_dags/tutorial_taskflow_api_virtualenv.py for tasks to queue
[2024-12-03T18:28:35.326+0000] {logging_mixin.py:120} INFO - [2024-12-03T18:28:35.326+0000] {dagbag.py:537} INFO - Filling up the DagBag from /home/airflow/.local/lib/python3.7/site-packages/airflow/example_dags/tutorial_taskflow_api_virtualenv.py
[2024-12-03T18:28:35.354+0000] {processor.py:766} INFO - DAG(s) dict_keys(['tutorial_taskflow_api_virtualenv']) retrieved from /home/airflow/.local/lib/python3.7/site-packages/airflow/example_dags/tutorial_taskflow_api_virtualenv.py
[2024-12-03T18:28:35.408+0000] {logging_mixin.py:120} INFO - [2024-12-03T18:28:35.408+0000] {dag.py:2585} INFO - Sync 1 DAGs
[2024-12-03T18:28:35.442+0000] {logging_mixin.py:120} INFO - [2024-12-03T18:28:35.442+0000] {dag.py:3340} INFO - Setting next_dagrun for tutorial_taskflow_api_virtualenv to None, run_after=None
[2024-12-03T18:28:35.468+0000] {processor.py:176} INFO - Processing /home/airflow/.local/lib/python3.7/site-packages/airflow/example_dags/tutorial_taskflow_api_virtualenv.py took 0.152 seconds
[2024-12-03T18:29:06.206+0000] {processor.py:154} INFO - Started process (PID=15186) to work on /home/airflow/.local/lib/python3.7/site-packages/airflow/example_dags/tutorial_taskflow_api_virtualenv.py
[2024-12-03T18:29:06.207+0000] {processor.py:756} INFO - Processing file /home/airflow/.local/lib/python3.7/site-packages/airflow/example_dags/tutorial_taskflow_api_virtualenv.py for tasks to queue
[2024-12-03T18:29:06.208+0000] {logging_mixin.py:120} INFO - [2024-12-03T18:29:06.208+0000] {dagbag.py:537} INFO - Filling up the DagBag from /home/airflow/.local/lib/python3.7/site-packages/airflow/example_dags/tutorial_taskflow_api_virtualenv.py
[2024-12-03T18:29:06.237+0000] {processor.py:766} INFO - DAG(s) dict_keys(['tutorial_taskflow_api_virtualenv']) retrieved from /home/airflow/.local/lib/python3.7/site-packages/airflow/example_dags/tutorial_taskflow_api_virtualenv.py
[2024-12-03T18:29:06.285+0000] {logging_mixin.py:120} INFO - [2024-12-03T18:29:06.285+0000] {dag.py:2585} INFO - Sync 1 DAGs
[2024-12-03T18:29:06.324+0000] {logging_mixin.py:120} INFO - [2024-12-03T18:29:06.324+0000] {dag.py:3340} INFO - Setting next_dagrun for tutorial_taskflow_api_virtualenv to None, run_after=None
[2024-12-03T18:29:06.351+0000] {processor.py:176} INFO - Processing /home/airflow/.local/lib/python3.7/site-packages/airflow/example_dags/tutorial_taskflow_api_virtualenv.py took 0.150 seconds
[2024-12-03T18:29:37.033+0000] {processor.py:154} INFO - Started process (PID=15241) to work on /home/airflow/.local/lib/python3.7/site-packages/airflow/example_dags/tutorial_taskflow_api_virtualenv.py
[2024-12-03T18:29:37.034+0000] {processor.py:756} INFO - Processing file /home/airflow/.local/lib/python3.7/site-packages/airflow/example_dags/tutorial_taskflow_api_virtualenv.py for tasks to queue
[2024-12-03T18:29:37.035+0000] {logging_mixin.py:120} INFO - [2024-12-03T18:29:37.035+0000] {dagbag.py:537} INFO - Filling up the DagBag from /home/airflow/.local/lib/python3.7/site-packages/airflow/example_dags/tutorial_taskflow_api_virtualenv.py
[2024-12-03T18:29:37.071+0000] {processor.py:766} INFO - DAG(s) dict_keys(['tutorial_taskflow_api_virtualenv']) retrieved from /home/airflow/.local/lib/python3.7/site-packages/airflow/example_dags/tutorial_taskflow_api_virtualenv.py
[2024-12-03T18:29:37.126+0000] {logging_mixin.py:120} INFO - [2024-12-03T18:29:37.126+0000] {dag.py:2585} INFO - Sync 1 DAGs
[2024-12-03T18:29:37.163+0000] {logging_mixin.py:120} INFO - [2024-12-03T18:29:37.163+0000] {dag.py:3340} INFO - Setting next_dagrun for tutorial_taskflow_api_virtualenv to None, run_after=None
[2024-12-03T18:29:37.189+0000] {processor.py:176} INFO - Processing /home/airflow/.local/lib/python3.7/site-packages/airflow/example_dags/tutorial_taskflow_api_virtualenv.py took 0.161 seconds
