[2024-12-03T17:50:23.856+0000] {taskinstance.py:1165} INFO - Dependencies all met for <TaskInstance: practicional_etl.list_data_files scheduled__2024-12-02T00:00:00+00:00 [queued]>
[2024-12-03T17:50:23.868+0000] {taskinstance.py:1165} INFO - Dependencies all met for <TaskInstance: practicional_etl.list_data_files scheduled__2024-12-02T00:00:00+00:00 [queued]>
[2024-12-03T17:50:23.869+0000] {taskinstance.py:1362} INFO - 
--------------------------------------------------------------------------------
[2024-12-03T17:50:23.869+0000] {taskinstance.py:1363} INFO - Starting attempt 1 of 1
[2024-12-03T17:50:23.869+0000] {taskinstance.py:1364} INFO - 
--------------------------------------------------------------------------------
[2024-12-03T17:50:23.886+0000] {taskinstance.py:1383} INFO - Executing <Task(PythonOperator): list_data_files> on 2024-12-02 00:00:00+00:00
[2024-12-03T17:50:23.891+0000] {standard_task_runner.py:55} INFO - Started process 4059 to run task
[2024-12-03T17:50:23.896+0000] {standard_task_runner.py:82} INFO - Running: ['***', 'tasks', 'run', 'practicional_etl', 'list_data_files', 'scheduled__2024-12-02T00:00:00+00:00', '--job-id', '18', '--raw', '--subdir', 'DAGS_FOLDER/user_processing.py', '--cfg-path', '/tmp/tmpre81xdcp']
[2024-12-03T17:50:23.899+0000] {standard_task_runner.py:83} INFO - Job 18: Subtask list_data_files
[2024-12-03T17:50:23.985+0000] {task_command.py:376} INFO - Running <TaskInstance: practicional_etl.list_data_files scheduled__2024-12-02T00:00:00+00:00 [running]> on host 305bd4985967
[2024-12-03T17:50:24.072+0000] {taskinstance.py:1592} INFO - Exporting the following env vars:
AIRFLOW_CTX_DAG_OWNER=***
AIRFLOW_CTX_DAG_ID=practicional_etl
AIRFLOW_CTX_TASK_ID=list_data_files
AIRFLOW_CTX_EXECUTION_DATE=2024-12-02T00:00:00+00:00
AIRFLOW_CTX_TRY_NUMBER=1
AIRFLOW_CTX_DAG_RUN_ID=scheduled__2024-12-02T00:00:00+00:00
[2024-12-03T17:50:24.075+0000] {logging_mixin.py:120} INFO - Archivos en el directorio:
[2024-12-03T17:50:24.076+0000] {logging_mixin.py:120} INFO - trades_BTC_2024-02-12.zip
[2024-12-03T17:50:24.076+0000] {logging_mixin.py:120} INFO - trades_BTC_2024-02-12.jsonl
[2024-12-03T17:50:24.076+0000] {python.py:177} INFO - Done. Returned value was: None
[2024-12-03T17:50:24.090+0000] {taskinstance.py:1406} INFO - Marking task as SUCCESS. dag_id=practicional_etl, task_id=list_data_files, execution_date=20241202T000000, start_date=20241203T175023, end_date=20241203T175024
[2024-12-03T17:50:24.118+0000] {local_task_job.py:164} INFO - Task exited with return code 0
[2024-12-03T17:50:24.147+0000] {local_task_job.py:273} INFO - 1 downstream tasks scheduled from follow-on schedule check
