[2024-12-03T18:25:49.560+0000] {processor.py:154} INFO - Started process (PID=14774) to work on /opt/airflow/dags/user_processing.py
[2024-12-03T18:25:49.562+0000] {processor.py:756} INFO - Processing file /opt/airflow/dags/user_processing.py for tasks to queue
[2024-12-03T18:25:49.563+0000] {logging_mixin.py:120} INFO - [2024-12-03T18:25:49.563+0000] {dagbag.py:537} INFO - Filling up the DagBag from /opt/airflow/dags/user_processing.py
[2024-12-03T18:25:50.121+0000] {processor.py:766} INFO - DAG(s) dict_keys(['practicional_dag']) retrieved from /opt/airflow/dags/user_processing.py
[2024-12-03T18:25:50.337+0000] {logging_mixin.py:120} INFO - [2024-12-03T18:25:50.337+0000] {dag.py:2585} INFO - Sync 1 DAGs
[2024-12-03T18:25:50.361+0000] {logging_mixin.py:120} INFO - [2024-12-03T18:25:50.361+0000] {dag.py:3340} INFO - Setting next_dagrun for practicional_dag to 2024-12-03T00:00:00+00:00, run_after=2024-12-04T00:00:00+00:00
[2024-12-03T18:25:50.385+0000] {processor.py:176} INFO - Processing /opt/airflow/dags/user_processing.py took 0.830 seconds
[2024-12-03T18:26:20.832+0000] {processor.py:154} INFO - Started process (PID=14831) to work on /opt/airflow/dags/user_processing.py
[2024-12-03T18:26:20.833+0000] {processor.py:756} INFO - Processing file /opt/airflow/dags/user_processing.py for tasks to queue
[2024-12-03T18:26:20.834+0000] {logging_mixin.py:120} INFO - [2024-12-03T18:26:20.834+0000] {dagbag.py:537} INFO - Filling up the DagBag from /opt/airflow/dags/user_processing.py
[2024-12-03T18:26:21.448+0000] {processor.py:766} INFO - DAG(s) dict_keys(['practicional_dag']) retrieved from /opt/airflow/dags/user_processing.py
[2024-12-03T18:26:21.670+0000] {logging_mixin.py:120} INFO - [2024-12-03T18:26:21.669+0000] {dag.py:2585} INFO - Sync 1 DAGs
[2024-12-03T18:26:21.700+0000] {logging_mixin.py:120} INFO - [2024-12-03T18:26:21.700+0000] {dag.py:3340} INFO - Setting next_dagrun for practicional_dag to 2024-12-03T00:00:00+00:00, run_after=2024-12-04T00:00:00+00:00
[2024-12-03T18:26:21.722+0000] {processor.py:176} INFO - Processing /opt/airflow/dags/user_processing.py took 0.895 seconds
[2024-12-03T18:26:52.422+0000] {processor.py:154} INFO - Started process (PID=14898) to work on /opt/airflow/dags/user_processing.py
[2024-12-03T18:26:52.423+0000] {processor.py:756} INFO - Processing file /opt/airflow/dags/user_processing.py for tasks to queue
[2024-12-03T18:26:52.424+0000] {logging_mixin.py:120} INFO - [2024-12-03T18:26:52.424+0000] {dagbag.py:537} INFO - Filling up the DagBag from /opt/airflow/dags/user_processing.py
[2024-12-03T18:26:52.949+0000] {processor.py:766} INFO - DAG(s) dict_keys(['practicional_dag']) retrieved from /opt/airflow/dags/user_processing.py
[2024-12-03T18:26:53.148+0000] {logging_mixin.py:120} INFO - [2024-12-03T18:26:53.147+0000] {dag.py:2585} INFO - Sync 1 DAGs
[2024-12-03T18:26:53.171+0000] {logging_mixin.py:120} INFO - [2024-12-03T18:26:53.171+0000] {dag.py:3340} INFO - Setting next_dagrun for practicional_dag to 2024-12-03T00:00:00+00:00, run_after=2024-12-04T00:00:00+00:00
[2024-12-03T18:26:53.188+0000] {processor.py:176} INFO - Processing /opt/airflow/dags/user_processing.py took 0.773 seconds
[2024-12-03T18:27:23.587+0000] {processor.py:154} INFO - Started process (PID=14963) to work on /opt/airflow/dags/user_processing.py
[2024-12-03T18:27:23.588+0000] {processor.py:756} INFO - Processing file /opt/airflow/dags/user_processing.py for tasks to queue
[2024-12-03T18:27:23.590+0000] {logging_mixin.py:120} INFO - [2024-12-03T18:27:23.589+0000] {dagbag.py:537} INFO - Filling up the DagBag from /opt/airflow/dags/user_processing.py
[2024-12-03T18:27:24.080+0000] {processor.py:766} INFO - DAG(s) dict_keys(['practicional_dag']) retrieved from /opt/airflow/dags/user_processing.py
[2024-12-03T18:27:24.274+0000] {logging_mixin.py:120} INFO - [2024-12-03T18:27:24.274+0000] {dag.py:2585} INFO - Sync 1 DAGs
[2024-12-03T18:27:24.296+0000] {logging_mixin.py:120} INFO - [2024-12-03T18:27:24.296+0000] {dag.py:3340} INFO - Setting next_dagrun for practicional_dag to 2024-12-03T00:00:00+00:00, run_after=2024-12-04T00:00:00+00:00
[2024-12-03T18:27:24.316+0000] {processor.py:176} INFO - Processing /opt/airflow/dags/user_processing.py took 0.733 seconds
[2024-12-03T18:27:54.587+0000] {processor.py:154} INFO - Started process (PID=15019) to work on /opt/airflow/dags/user_processing.py
[2024-12-03T18:27:54.589+0000] {processor.py:756} INFO - Processing file /opt/airflow/dags/user_processing.py for tasks to queue
[2024-12-03T18:27:54.590+0000] {logging_mixin.py:120} INFO - [2024-12-03T18:27:54.590+0000] {dagbag.py:537} INFO - Filling up the DagBag from /opt/airflow/dags/user_processing.py
[2024-12-03T18:27:55.237+0000] {processor.py:766} INFO - DAG(s) dict_keys(['practicional_dag']) retrieved from /opt/airflow/dags/user_processing.py
[2024-12-03T18:27:55.447+0000] {logging_mixin.py:120} INFO - [2024-12-03T18:27:55.447+0000] {dag.py:2585} INFO - Sync 1 DAGs
[2024-12-03T18:27:55.481+0000] {logging_mixin.py:120} INFO - [2024-12-03T18:27:55.480+0000] {dag.py:3340} INFO - Setting next_dagrun for practicional_dag to 2024-12-03T00:00:00+00:00, run_after=2024-12-04T00:00:00+00:00
[2024-12-03T18:27:55.527+0000] {processor.py:176} INFO - Processing /opt/airflow/dags/user_processing.py took 0.946 seconds
[2024-12-03T18:28:26.150+0000] {processor.py:154} INFO - Started process (PID=15086) to work on /opt/airflow/dags/user_processing.py
[2024-12-03T18:28:26.151+0000] {processor.py:756} INFO - Processing file /opt/airflow/dags/user_processing.py for tasks to queue
[2024-12-03T18:28:26.152+0000] {logging_mixin.py:120} INFO - [2024-12-03T18:28:26.152+0000] {dagbag.py:537} INFO - Filling up the DagBag from /opt/airflow/dags/user_processing.py
[2024-12-03T18:28:26.688+0000] {processor.py:766} INFO - DAG(s) dict_keys(['practicional_dag']) retrieved from /opt/airflow/dags/user_processing.py
[2024-12-03T18:28:26.905+0000] {logging_mixin.py:120} INFO - [2024-12-03T18:28:26.905+0000] {dag.py:2585} INFO - Sync 1 DAGs
[2024-12-03T18:28:26.929+0000] {logging_mixin.py:120} INFO - [2024-12-03T18:28:26.929+0000] {dag.py:3340} INFO - Setting next_dagrun for practicional_dag to 2024-12-03T00:00:00+00:00, run_after=2024-12-04T00:00:00+00:00
[2024-12-03T18:28:26.945+0000] {processor.py:176} INFO - Processing /opt/airflow/dags/user_processing.py took 0.800 seconds
[2024-12-03T18:28:57.009+0000] {processor.py:154} INFO - Started process (PID=15154) to work on /opt/airflow/dags/user_processing.py
[2024-12-03T18:28:57.011+0000] {processor.py:756} INFO - Processing file /opt/airflow/dags/user_processing.py for tasks to queue
[2024-12-03T18:28:57.012+0000] {logging_mixin.py:120} INFO - [2024-12-03T18:28:57.011+0000] {dagbag.py:537} INFO - Filling up the DagBag from /opt/airflow/dags/user_processing.py
[2024-12-03T18:28:57.488+0000] {processor.py:766} INFO - DAG(s) dict_keys(['practicional_dag']) retrieved from /opt/airflow/dags/user_processing.py
[2024-12-03T18:28:57.674+0000] {logging_mixin.py:120} INFO - [2024-12-03T18:28:57.673+0000] {dag.py:2585} INFO - Sync 1 DAGs
[2024-12-03T18:28:57.696+0000] {logging_mixin.py:120} INFO - [2024-12-03T18:28:57.696+0000] {dag.py:3340} INFO - Setting next_dagrun for practicional_dag to 2024-12-03T00:00:00+00:00, run_after=2024-12-04T00:00:00+00:00
[2024-12-03T18:28:57.713+0000] {processor.py:176} INFO - Processing /opt/airflow/dags/user_processing.py took 0.708 seconds
[2024-12-03T18:29:28.528+0000] {processor.py:154} INFO - Started process (PID=15216) to work on /opt/airflow/dags/user_processing.py
[2024-12-03T18:29:28.531+0000] {processor.py:756} INFO - Processing file /opt/airflow/dags/user_processing.py for tasks to queue
[2024-12-03T18:29:28.533+0000] {logging_mixin.py:120} INFO - [2024-12-03T18:29:28.533+0000] {dagbag.py:537} INFO - Filling up the DagBag from /opt/airflow/dags/user_processing.py
[2024-12-03T18:29:29.124+0000] {processor.py:766} INFO - DAG(s) dict_keys(['practicional_dag']) retrieved from /opt/airflow/dags/user_processing.py
[2024-12-03T18:29:29.331+0000] {logging_mixin.py:120} INFO - [2024-12-03T18:29:29.330+0000] {dag.py:2585} INFO - Sync 1 DAGs
[2024-12-03T18:29:29.356+0000] {logging_mixin.py:120} INFO - [2024-12-03T18:29:29.356+0000] {dag.py:3340} INFO - Setting next_dagrun for practicional_dag to 2024-12-03T00:00:00+00:00, run_after=2024-12-04T00:00:00+00:00
[2024-12-03T18:29:29.375+0000] {processor.py:176} INFO - Processing /opt/airflow/dags/user_processing.py took 0.851 seconds
[2024-12-03T18:30:00.213+0000] {processor.py:154} INFO - Started process (PID=15275) to work on /opt/airflow/dags/user_processing.py
[2024-12-03T18:30:00.215+0000] {processor.py:756} INFO - Processing file /opt/airflow/dags/user_processing.py for tasks to queue
[2024-12-03T18:30:00.216+0000] {logging_mixin.py:120} INFO - [2024-12-03T18:30:00.216+0000] {dagbag.py:537} INFO - Filling up the DagBag from /opt/airflow/dags/user_processing.py
[2024-12-03T18:30:00.849+0000] {processor.py:766} INFO - DAG(s) dict_keys(['practicional_dag']) retrieved from /opt/airflow/dags/user_processing.py
[2024-12-03T18:30:01.219+0000] {logging_mixin.py:120} INFO - [2024-12-03T18:30:01.218+0000] {dag.py:2585} INFO - Sync 1 DAGs
[2024-12-03T18:30:01.263+0000] {logging_mixin.py:120} INFO - [2024-12-03T18:30:01.263+0000] {dag.py:3340} INFO - Setting next_dagrun for practicional_dag to 2024-12-03T00:00:00+00:00, run_after=2024-12-04T00:00:00+00:00
[2024-12-03T18:30:01.377+0000] {processor.py:176} INFO - Processing /opt/airflow/dags/user_processing.py took 1.171 seconds
