[2024-12-03T17:50:25.515+0000] {taskinstance.py:1165} INFO - Dependencies all met for <TaskInstance: practicional_etl.read_jsonl scheduled__2024-12-02T00:00:00+00:00 [queued]>
[2024-12-03T17:50:25.528+0000] {taskinstance.py:1165} INFO - Dependencies all met for <TaskInstance: practicional_etl.read_jsonl scheduled__2024-12-02T00:00:00+00:00 [queued]>
[2024-12-03T17:50:25.528+0000] {taskinstance.py:1362} INFO - 
--------------------------------------------------------------------------------
[2024-12-03T17:50:25.528+0000] {taskinstance.py:1363} INFO - Starting attempt 1 of 1
[2024-12-03T17:50:25.529+0000] {taskinstance.py:1364} INFO - 
--------------------------------------------------------------------------------
[2024-12-03T17:50:25.545+0000] {taskinstance.py:1383} INFO - Executing <Task(PythonOperator): read_jsonl> on 2024-12-02 00:00:00+00:00
[2024-12-03T17:50:25.551+0000] {standard_task_runner.py:55} INFO - Started process 4064 to run task
[2024-12-03T17:50:25.555+0000] {standard_task_runner.py:82} INFO - Running: ['***', 'tasks', 'run', 'practicional_etl', 'read_jsonl', 'scheduled__2024-12-02T00:00:00+00:00', '--job-id', '19', '--raw', '--subdir', 'DAGS_FOLDER/user_processing.py', '--cfg-path', '/tmp/tmpzn7swjg4']
[2024-12-03T17:50:25.558+0000] {standard_task_runner.py:83} INFO - Job 19: Subtask read_jsonl
[2024-12-03T17:50:25.643+0000] {task_command.py:376} INFO - Running <TaskInstance: practicional_etl.read_jsonl scheduled__2024-12-02T00:00:00+00:00 [running]> on host 305bd4985967
[2024-12-03T17:50:25.726+0000] {taskinstance.py:1592} INFO - Exporting the following env vars:
AIRFLOW_CTX_DAG_OWNER=***
AIRFLOW_CTX_DAG_ID=practicional_etl
AIRFLOW_CTX_TASK_ID=read_jsonl
AIRFLOW_CTX_EXECUTION_DATE=2024-12-02T00:00:00+00:00
AIRFLOW_CTX_TRY_NUMBER=1
AIRFLOW_CTX_DAG_RUN_ID=scheduled__2024-12-02T00:00:00+00:00
[2024-12-03T17:50:31.345+0000] {logging_mixin.py:120} INFO - Primeras filas del DataFrame:
[2024-12-03T17:50:31.400+0000] {logging_mixin.py:120} INFO -                t                                                  d
0  1707755825000  [{'T': 1707755823978, 's': 'BTCUSDT', 'S': 'Se...
1  1707755826000  [{'T': 1707755824966, 's': 'BTCUSDT', 'S': 'Bu...
2  1707755827000  [{'T': 1707755825959, 's': 'BTCUSDT', 'S': 'Se...
3  1707755827999  [{'T': 1707755826925, 's': 'BTCUSDT', 'S': 'Se...
4  1707755828999  [{'T': 1707755828276, 's': 'BTCUSDT', 'S': 'Se...
[2024-12-03T17:50:31.602+0000] {python.py:177} INFO - Done. Returned value was: None
[2024-12-03T17:50:31.615+0000] {taskinstance.py:1406} INFO - Marking task as SUCCESS. dag_id=practicional_etl, task_id=read_jsonl, execution_date=20241202T000000, start_date=20241203T175025, end_date=20241203T175031
[2024-12-03T17:50:31.649+0000] {local_task_job.py:164} INFO - Task exited with return code 0
[2024-12-03T17:50:31.670+0000] {local_task_job.py:273} INFO - 0 downstream tasks scheduled from follow-on schedule check
