[2024-12-03T17:21:44.553+0000] {taskinstance.py:1165} INFO - Dependencies all met for <TaskInstance: practicional_dag.store_user scheduled__2024-12-02T00:00:00+00:00 [queued]>
[2024-12-03T17:21:44.567+0000] {taskinstance.py:1165} INFO - Dependencies all met for <TaskInstance: practicional_dag.store_user scheduled__2024-12-02T00:00:00+00:00 [queued]>
[2024-12-03T17:21:44.568+0000] {taskinstance.py:1362} INFO - 
--------------------------------------------------------------------------------
[2024-12-03T17:21:44.569+0000] {taskinstance.py:1363} INFO - Starting attempt 1 of 1
[2024-12-03T17:21:44.569+0000] {taskinstance.py:1364} INFO - 
--------------------------------------------------------------------------------
[2024-12-03T17:21:44.584+0000] {taskinstance.py:1383} INFO - Executing <Task(PythonOperator): store_user> on 2024-12-02 00:00:00+00:00
[2024-12-03T17:21:44.594+0000] {standard_task_runner.py:55} INFO - Started process 2713 to run task
[2024-12-03T17:21:44.602+0000] {standard_task_runner.py:82} INFO - Running: ['***', 'tasks', 'run', 'practicional_dag', 'store_user', 'scheduled__2024-12-02T00:00:00+00:00', '--job-id', '5', '--raw', '--subdir', 'DAGS_FOLDER/user_processing.py', '--cfg-path', '/tmp/tmpn8beio_g']
[2024-12-03T17:21:44.606+0000] {standard_task_runner.py:83} INFO - Job 5: Subtask store_user
[2024-12-03T17:21:44.732+0000] {task_command.py:376} INFO - Running <TaskInstance: practicional_dag.store_user scheduled__2024-12-02T00:00:00+00:00 [running]> on host 305bd4985967
[2024-12-03T17:21:44.823+0000] {taskinstance.py:1592} INFO - Exporting the following env vars:
AIRFLOW_CTX_DAG_OWNER=***
AIRFLOW_CTX_DAG_ID=practicional_dag
AIRFLOW_CTX_TASK_ID=store_user
AIRFLOW_CTX_EXECUTION_DATE=2024-12-02T00:00:00+00:00
AIRFLOW_CTX_TRY_NUMBER=1
AIRFLOW_CTX_DAG_RUN_ID=scheduled__2024-12-02T00:00:00+00:00
[2024-12-03T17:21:44.828+0000] {postgres.py:129} INFO - Running copy expert: COPY users FROM stdin WITH DELIMITER as ',', filename: /tmp/processed_user.csv
[2024-12-03T17:21:44.839+0000] {base.py:71} INFO - Using connection ID 'postgres' for task execution.
[2024-12-03T17:21:44.847+0000] {python.py:177} INFO - Done. Returned value was: None
[2024-12-03T17:21:44.857+0000] {taskinstance.py:1406} INFO - Marking task as SUCCESS. dag_id=practicional_dag, task_id=store_user, execution_date=20241202T000000, start_date=20241203T172144, end_date=20241203T172144
[2024-12-03T17:21:44.902+0000] {local_task_job.py:164} INFO - Task exited with return code 0
[2024-12-03T17:21:44.925+0000] {local_task_job.py:273} INFO - 0 downstream tasks scheduled from follow-on schedule check
[2024-12-03T17:34:11.955+0000] {taskinstance.py:1165} INFO - Dependencies all met for <TaskInstance: practicional_dag.store_user scheduled__2024-12-02T00:00:00+00:00 [queued]>
[2024-12-03T17:34:11.966+0000] {taskinstance.py:1165} INFO - Dependencies all met for <TaskInstance: practicional_dag.store_user scheduled__2024-12-02T00:00:00+00:00 [queued]>
[2024-12-03T17:34:11.967+0000] {taskinstance.py:1362} INFO - 
--------------------------------------------------------------------------------
[2024-12-03T17:34:11.967+0000] {taskinstance.py:1363} INFO - Starting attempt 1 of 1
[2024-12-03T17:34:11.967+0000] {taskinstance.py:1364} INFO - 
--------------------------------------------------------------------------------
[2024-12-03T17:34:11.983+0000] {taskinstance.py:1383} INFO - Executing <Task(PythonOperator): store_user> on 2024-12-02 00:00:00+00:00
[2024-12-03T17:34:11.988+0000] {standard_task_runner.py:55} INFO - Started process 3303 to run task
[2024-12-03T17:34:11.992+0000] {standard_task_runner.py:82} INFO - Running: ['***', 'tasks', 'run', 'practicional_dag', 'store_user', 'scheduled__2024-12-02T00:00:00+00:00', '--job-id', '14', '--raw', '--subdir', 'DAGS_FOLDER/user_processing.py', '--cfg-path', '/tmp/tmpx7odcjeo']
[2024-12-03T17:34:11.994+0000] {standard_task_runner.py:83} INFO - Job 14: Subtask store_user
[2024-12-03T17:34:12.079+0000] {task_command.py:376} INFO - Running <TaskInstance: practicional_dag.store_user scheduled__2024-12-02T00:00:00+00:00 [running]> on host 305bd4985967
[2024-12-03T17:34:12.157+0000] {taskinstance.py:1592} INFO - Exporting the following env vars:
AIRFLOW_CTX_DAG_OWNER=***
AIRFLOW_CTX_DAG_ID=practicional_dag
AIRFLOW_CTX_TASK_ID=store_user
AIRFLOW_CTX_EXECUTION_DATE=2024-12-02T00:00:00+00:00
AIRFLOW_CTX_TRY_NUMBER=1
AIRFLOW_CTX_DAG_RUN_ID=scheduled__2024-12-02T00:00:00+00:00
[2024-12-03T17:34:12.159+0000] {postgres.py:129} INFO - Running copy expert: COPY users FROM stdin WITH DELIMITER as ',', filename: /tmp/processed_user.csv
[2024-12-03T17:34:12.171+0000] {base.py:71} INFO - Using connection ID 'postgres' for task execution.
[2024-12-03T17:34:12.181+0000] {python.py:177} INFO - Done. Returned value was: None
[2024-12-03T17:34:12.195+0000] {taskinstance.py:1406} INFO - Marking task as SUCCESS. dag_id=practicional_dag, task_id=store_user, execution_date=20241202T000000, start_date=20241203T173411, end_date=20241203T173412
[2024-12-03T17:34:12.252+0000] {local_task_job.py:164} INFO - Task exited with return code 0
[2024-12-03T17:34:12.277+0000] {local_task_job.py:273} INFO - 0 downstream tasks scheduled from follow-on schedule check
